
============ 2017-03-09 10:05:19================
registrationKey: APA91bEnixNxO_viEyBe1obB9bapAF5UmywRCjhrSmsos7H2FcsiJKui9qsY58O1YRMK8ny53Lp_Zt2RAbohaZGIgEGZ8hJcLa6w4h-EK_o-TVjIMSPXFrYEPdOZaH_rqz_ZanS5-T4N
userMessage: message
pushStatus: [ messageId=0:1489021522838465%83057c2c66d6cf16 ]
============ 2017-03-09 10:05:19================
============ 2017-03-09 10:05:19================
registrationKey: APA91bEnixNxO_viEyBe1obB9bapAF5UmywRCjhrSmsos7H2FcsiJKui9qsY58O1YRMK8ny53Lp_Zt2RAbohaZGIgEGZ8hJcLa6w4h-EK_o-TVjIMSPXFrYEPdOZaH_rqz_ZanS5-T4N
userMessage: message
pushStatus: [ messageId=0:1489021522838571%83057c2c66d6cf16 ]
============ 2017-03-09 10:05:19================
============ 2017-03-09 10:05:19================
registrationKey: APA91bF0OGl3giKDoqNtCfdu78nQEIOVlDPBD67P_H7GZyPwHgctSpWatYAB4UEt_cB0ceTuO1Eq3NY79rZOBNuaVclOIO4ZIeX90q3m8hsDbMTziBwN2Ls50QsZfAWn0Hbh_tUz6oCv
userMessage: message
pushStatus: [ messageId=0:1489021522845210%83057c2c66d6cf16 ]
============ 2017-03-09 10:05:19================
============ 2017-03-09 10:05:24================
registrationKey: APA91bEnixNxO_viEyBe1obB9bapAF5UmywRCjhrSmsos7H2FcsiJKui9qsY58O1YRMK8ny53Lp_Zt2RAbohaZGIgEGZ8hJcLa6w4h-EK_o-TVjIMSPXFrYEPdOZaH_rqz_ZanS5-T4N
userMessage: message
pushStatus: [ messageId=0:1489021527840006%83057c2c66d6cf16 ]
============ 2017-03-09 10:05:24================
============ 2017-03-09 10:05:25================
registrationKey: APA91bF0OGl3giKDoqNtCfdu78nQEIOVlDPBD67P_H7GZyPwHgctSpWatYAB4UEt_cB0ceTuO1Eq3NY79rZOBNuaVclOIO4ZIeX90q3m8hsDbMTziBwN2Ls50QsZfAWn0Hbh_tUz6oCv
userMessage: message
pushStatus: [ messageId=0:1489021527917932%83057c2c66d6cf16 ]
============ 2017-03-09 10:05:25================
============ 2017-03-09 10:05:25================
registrationKey: APA91bEnixNxO_viEyBe1obB9bapAF5UmywRCjhrSmsos7H2FcsiJKui9qsY58O1YRMK8ny53Lp_Zt2RAbohaZGIgEGZ8hJcLa6w4h-EK_o-TVjIMSPXFrYEPdOZaH_rqz_ZanS5-T4N
userMessage: message
pushStatus: [ messageId=0:1489021527948893%83057c2c66d6cf16 ]
============ 2017-03-09 10:05:25================
============ 2017-03-09 10:12:58================
registrationKey: APA91bF0OGl3giKDoqNtCfdu78nQEIOVlDPBD67P_H7GZyPwHgctSpWatYAB4UEt_cB0ceTuO1Eq3NY79rZOBNuaVclOIO4ZIeX90q3m8hsDbMTziBwN2Ls50QsZfAWn0Hbh_tUz6oCv
userMessage: message
pushStatus: [ messageId=0:1489021981525192%83057c2c66d6cf16 ]
============ 2017-03-09 10:12:58================
============ 2017-03-09 10:12:58================
registrationKey: APA91bEnixNxO_viEyBe1obB9bapAF5UmywRCjhrSmsos7H2FcsiJKui9qsY58O1YRMK8ny53Lp_Zt2RAbohaZGIgEGZ8hJcLa6w4h-EK_o-TVjIMSPXFrYEPdOZaH_rqz_ZanS5-T4N
userMessage: message
pushStatus: [ messageId=0:1489021981546634%83057c2c66d6cf16 ]
============ 2017-03-09 10:12:58================
============ 2017-03-09 10:12:58================
registrationKey: APA91bEnixNxO_viEyBe1obB9bapAF5UmywRCjhrSmsos7H2FcsiJKui9qsY58O1YRMK8ny53Lp_Zt2RAbohaZGIgEGZ8hJcLa6w4h-EK_o-TVjIMSPXFrYEPdOZaH_rqz_ZanS5-T4N
userMessage: message
pushStatus: [ messageId=0:1489021981616622%83057c2c66d6cf16 ]
============ 2017-03-09 10:12:58================
============ 2017-03-09 10:56:38================
registrationKey: APA91bEnixNxO_viEyBe1obB9bapAF5UmywRCjhrSmsos7H2FcsiJKui9qsY58O1YRMK8ny53Lp_Zt2RAbohaZGIgEGZ8hJcLa6w4h-EK_o-TVjIMSPXFrYEPdOZaH_rqz_ZanS5-T4N
userMessage: message
pushStatus: [ messageId=0:1489024601757898%83057c2c66d6cf16 ]
============ 2017-03-09 10:56:38================
============ 2017-03-09 10:56:38================
registrationKey: APA91bEnixNxO_viEyBe1obB9bapAF5UmywRCjhrSmsos7H2FcsiJKui9qsY58O1YRMK8ny53Lp_Zt2RAbohaZGIgEGZ8hJcLa6w4h-EK_o-TVjIMSPXFrYEPdOZaH_rqz_ZanS5-T4N
userMessage: message
pushStatus: [ messageId=0:1489024601755788%83057c2c66d6cf16 ]
============ 2017-03-09 10:56:38================
============ 2017-03-09 10:56:38================
registrationKey: APA91bF0OGl3giKDoqNtCfdu78nQEIOVlDPBD67P_H7GZyPwHgctSpWatYAB4UEt_cB0ceTuO1Eq3NY79rZOBNuaVclOIO4ZIeX90q3m8hsDbMTziBwN2Ls50QsZfAWn0Hbh_tUz6oCv
userMessage: message
pushStatus: [ messageId=0:1489024601765085%83057c2c66d6cf16 ]
============ 2017-03-09 10:56:38================
============ 2017-03-09 10:58:04================
registrationKey: APA91bF0OGl3giKDoqNtCfdu78nQEIOVlDPBD67P_H7GZyPwHgctSpWatYAB4UEt_cB0ceTuO1Eq3NY79rZOBNuaVclOIO4ZIeX90q3m8hsDbMTziBwN2Ls50QsZfAWn0Hbh_tUz6oCv
userMessage: message
pushStatus: [ messageId=0:1489024687103872%83057c2c66d6cf16 ]
============ 2017-03-09 10:58:04================
============ 2017-03-09 10:58:04================
registrationKey: APA91bEnixNxO_viEyBe1obB9bapAF5UmywRCjhrSmsos7H2FcsiJKui9qsY58O1YRMK8ny53Lp_Zt2RAbohaZGIgEGZ8hJcLa6w4h-EK_o-TVjIMSPXFrYEPdOZaH_rqz_ZanS5-T4N
userMessage: message
pushStatus: [ messageId=0:1489024687106487%83057c2c66d6cf16 ]
============ 2017-03-09 10:58:04================
============ 2017-03-09 10:58:04================
registrationKey: APA91bEnixNxO_viEyBe1obB9bapAF5UmywRCjhrSmsos7H2FcsiJKui9qsY58O1YRMK8ny53Lp_Zt2RAbohaZGIgEGZ8hJcLa6w4h-EK_o-TVjIMSPXFrYEPdOZaH_rqz_ZanS5-T4N
userMessage: message
pushStatus: [ messageId=0:1489024687130534%83057c2c66d6cf16 ]
============ 2017-03-09 10:58:04================
============ 2017-03-09 10:59:44================
registrationKey: APA91bF0OGl3giKDoqNtCfdu78nQEIOVlDPBD67P_H7GZyPwHgctSpWatYAB4UEt_cB0ceTuO1Eq3NY79rZOBNuaVclOIO4ZIeX90q3m8hsDbMTziBwN2Ls50QsZfAWn0Hbh_tUz6oCv
userMessage: message
pushStatus: [ messageId=0:1489024786966622%83057c2c66d6cf16 ]
============ 2017-03-09 10:59:44================
============ 2017-03-09 10:59:44================
registrationKey: APA91bEnixNxO_viEyBe1obB9bapAF5UmywRCjhrSmsos7H2FcsiJKui9qsY58O1YRMK8ny53Lp_Zt2RAbohaZGIgEGZ8hJcLa6w4h-EK_o-TVjIMSPXFrYEPdOZaH_rqz_ZanS5-T4N
userMessage: message
pushStatus: [ messageId=0:1489024786989799%83057c2c66d6cf16 ]
============ 2017-03-09 10:59:44================
============ 2017-03-09 10:59:44================
registrationKey: APA91bEnixNxO_viEyBe1obB9bapAF5UmywRCjhrSmsos7H2FcsiJKui9qsY58O1YRMK8ny53Lp_Zt2RAbohaZGIgEGZ8hJcLa6w4h-EK_o-TVjIMSPXFrYEPdOZaH_rqz_ZanS5-T4N
userMessage: message
pushStatus: [ messageId=0:1489024786996311%83057c2c66d6cf16 ]
============ 2017-03-09 10:59:44================
============ 2017-03-09 11:01:13================
registrationKey: APA91bEnixNxO_viEyBe1obB9bapAF5UmywRCjhrSmsos7H2FcsiJKui9qsY58O1YRMK8ny53Lp_Zt2RAbohaZGIgEGZ8hJcLa6w4h-EK_o-TVjIMSPXFrYEPdOZaH_rqz_ZanS5-T4N
userMessage: msg
pushStatus: [ messageId=0:1489024876131852%83057c2c66d6cf16 ]
============ 2017-03-09 11:01:13================
============ 2017-03-09 11:01:13================
registrationKey: APA91bEnixNxO_viEyBe1obB9bapAF5UmywRCjhrSmsos7H2FcsiJKui9qsY58O1YRMK8ny53Lp_Zt2RAbohaZGIgEGZ8hJcLa6w4h-EK_o-TVjIMSPXFrYEPdOZaH_rqz_ZanS5-T4N
userMessage: msg
pushStatus: [ messageId=0:1489024876141719%83057c2c66d6cf16 ]
============ 2017-03-09 11:01:13================
============ 2017-03-09 11:01:13================
registrationKey: APA91bF0OGl3giKDoqNtCfdu78nQEIOVlDPBD67P_H7GZyPwHgctSpWatYAB4UEt_cB0ceTuO1Eq3NY79rZOBNuaVclOIO4ZIeX90q3m8hsDbMTziBwN2Ls50QsZfAWn0Hbh_tUz6oCv
userMessage: msg
pushStatus: [ messageId=0:1489024876146509%83057c2c66d6cf16 ]
============ 2017-03-09 11:01:13================
============ 2017-03-09 11:01:13================
registrationKey: APA91bEnixNxO_viEyBe1obB9bapAF5UmywRCjhrSmsos7H2FcsiJKui9qsY58O1YRMK8ny53Lp_Zt2RAbohaZGIgEGZ8hJcLa6w4h-EK_o-TVjIMSPXFrYEPdOZaH_rqz_ZanS5-T4N
userMessage: msg
pushStatus: [ messageId=0:1489024876158064%83057c2c66d6cf16 ]
============ 2017-03-09 11:01:13================
============ 2017-03-09 15:39:07================
registrationKey: APA91bEnixNxO_viEyBe1obB9bapAF5UmywRCjhrSmsos7H2FcsiJKui9qsY58O1YRMK8ny53Lp_Zt2RAbohaZGIgEGZ8hJcLa6w4h-EK_o-TVjIMSPXFrYEPdOZaH_rqz_ZanS5-T4N
userMessage: msg
pushStatus: [ messageId=0:1489041547754852%83057c2c66d6cf16 ]
============ 2017-03-09 15:39:07================
============ 2017-03-09 15:39:33================
registrationKey: APA91bEnixNxO_viEyBe1obB9bapAF5UmywRCjhrSmsos7H2FcsiJKui9qsY58O1YRMK8ny53Lp_Zt2RAbohaZGIgEGZ8hJcLa6w4h-EK_o-TVjIMSPXFrYEPdOZaH_rqz_ZanS5-T4N
userMessage: msg
pushStatus: [ messageId=0:1489041573608891%83057c2c66d6cf16 ]
============ 2017-03-09 15:39:33================
============ 2017-03-09 15:40:19================
registrationKey: APA91bEnixNxO_viEyBe1obB9bapAF5UmywRCjhrSmsos7H2FcsiJKui9qsY58O1YRMK8ny53Lp_Zt2RAbohaZGIgEGZ8hJcLa6w4h-EK_o-TVjIMSPXFrYEPdOZaH_rqz_ZanS5-T4N
userMessage: {"msg":"7ㄱㄹ77ㄹ","msg_type":0,"msg_meta":{"image":[],"binary":[],"location":[],"room":{"title":"","member":[],"extra":{}},"user":{"name":"","remote_path":"","extra":{}}}}
pushStatus: [ messageId=0:1489041619625536%83057c2c66d6cf16 ]
============ 2017-03-09 15:40:19================
============ 2017-03-09 15:57:01================
registrationKey: APA91bEnixNxO_viEyBe1obB9bapAF5UmywRCjhrSmsos7H2FcsiJKui9qsY58O1YRMK8ny53Lp_Zt2RAbohaZGIgEGZ8hJcLa6w4h-EK_o-TVjIMSPXFrYEPdOZaH_rqz_ZanS5-T4N
userMessage: {"msg":"ㄱ쇼ㅠㅊ","msg_type":0,"msg_meta":{"image":[],"binary":[],"location":[],"room":{"title":"","member":[],"extra":{}},"user":{"name":"","remote_path":"","extra":{}}}}
pushStatus: [ messageId=0:1489042621822917%83057c2c66d6cf16 ]
============ 2017-03-09 15:57:01================
============ 2017-03-09 17:12:15================
registrationKey: APA91bEnixNxO_viEyBe1obB9bapAF5UmywRCjhrSmsos7H2FcsiJKui9qsY58O1YRMK8ny53Lp_Zt2RAbohaZGIgEGZ8hJcLa6w4h-EK_o-TVjIMSPXFrYEPdOZaH_rqz_ZanS5-T4N
userMessage: {"msg":"로로로고곧","msg_type":0,"msg_meta":{"image":[],"binary":[],"location":[],"room":{"title":"","member":[],"extra":{}},"user":{"name":"","remote_path":"","extra":{}}}}
pushStatus: [ messageId=0:1489047135528391%83057c2c66d6cf16 ]
============ 2017-03-09 17:12:15================
============ 2017-03-09 17:21:43================
registrationKey: APA91bEnixNxO_viEyBe1obB9bapAF5UmywRCjhrSmsos7H2FcsiJKui9qsY58O1YRMK8ny53Lp_Zt2RAbohaZGIgEGZ8hJcLa6w4h-EK_o-TVjIMSPXFrYEPdOZaH_rqz_ZanS5-T4N
userMessage: {"msg":"뉴노너너","msg_type":0,"msg_meta":{"image":[],"binary":[],"location":[],"room":{"title":"","member":[],"extra":{}},"user":{"name":"","remote_path":"","extra":{}}}}
pushStatus: [ messageId=0:1489047703574372%83057c2c66d6cf16 ]
============ 2017-03-09 17:21:43================
============ 2017-03-09 17:21:49================
registrationKey: APA91bEnixNxO_viEyBe1obB9bapAF5UmywRCjhrSmsos7H2FcsiJKui9qsY58O1YRMK8ny53Lp_Zt2RAbohaZGIgEGZ8hJcLa6w4h-EK_o-TVjIMSPXFrYEPdOZaH_rqz_ZanS5-T4N
userMessage: {"msg":"거거라야","msg_type":0,"msg_meta":{"image":[],"binary":[],"location":[],"room":{"title":"","member":[],"extra":{}},"user":{"name":"","remote_path":"","extra":{}}}}
pushStatus: [ messageId=0:1489047709422479%83057c2c66d6cf16 ]
============ 2017-03-09 17:21:49================
============ 2017-03-09 17:22:03================
registrationKey: APA91bEnixNxO_viEyBe1obB9bapAF5UmywRCjhrSmsos7H2FcsiJKui9qsY58O1YRMK8ny53Lp_Zt2RAbohaZGIgEGZ8hJcLa6w4h-EK_o-TVjIMSPXFrYEPdOZaH_rqz_ZanS5-T4N
userMessage: {"msg":"노도오","msg_type":0,"msg_meta":{"image":[],"binary":[],"location":[],"room":{"title":"","member":[],"extra":{}},"user":{"name":"","remote_path":"","extra":{}}}}
pushStatus: [ messageId=0:1489047723455656%83057c2c66d6cf16 ]
============ 2017-03-09 17:22:03================
============ 2017-03-09 17:41:13================
registrationKey: APA91bEnixNxO_viEyBe1obB9bapAF5UmywRCjhrSmsos7H2FcsiJKui9qsY58O1YRMK8ny53Lp_Zt2RAbohaZGIgEGZ8hJcLa6w4h-EK_o-TVjIMSPXFrYEPdOZaH_rqz_ZanS5-T4N
userMessage: {"msg":"ㅎ","msg_type":0,"msg_meta":{"image":[],"binary":[],"location":[],"room":{"title":"","member":[],"extra":{}},"user":{"name":"","remote_path":"","extra":{}}}}
pushStatus: [ messageId=0:1489048873842057%83057c2c66d6cf16 ]
============ 2017-03-09 17:41:13================
============ 2017-03-09 17:43:21================
registrationKey: APA91bEnixNxO_viEyBe1obB9bapAF5UmywRCjhrSmsos7H2FcsiJKui9qsY58O1YRMK8ny53Lp_Zt2RAbohaZGIgEGZ8hJcLa6w4h-EK_o-TVjIMSPXFrYEPdOZaH_rqz_ZanS5-T4N
userMessage: {"msg":"ㅊ","msg_type":0,"msg_meta":{"image":[],"binary":[],"location":[],"room":{"title":"","member":[],"extra":{}},"user":{"name":"","remote_path":"","extra":{}}}}
pushStatus: [ messageId=0:1489049001761753%83057c2c66d6cf16 ]
============ 2017-03-09 17:43:21================
============ 2017-03-09 18:17:22================
registrationKey: APA91bEnixNxO_viEyBe1obB9bapAF5UmywRCjhrSmsos7H2FcsiJKui9qsY58O1YRMK8ny53Lp_Zt2RAbohaZGIgEGZ8hJcLa6w4h-EK_o-TVjIMSPXFrYEPdOZaH_rqz_ZanS5-T4N
userMessage: {"msg":"ㅠㅓㅓㅓㅓ","msg_type":0,"msg_meta":{"image":[],"binary":[],"location":[],"room":{"title":"","member":[],"extra":{}},"user":{"name":"","remote_path":"","extra":{}}}}
pushStatus: [ messageId=0:1489051042207247%83057c2c66d6cf16 ]
============ 2017-03-09 18:17:22================
============ 2017-03-09 18:55:35================
registrationKey: APA91bEnixNxO_viEyBe1obB9bapAF5UmywRCjhrSmsos7H2FcsiJKui9qsY58O1YRMK8ny53Lp_Zt2RAbohaZGIgEGZ8hJcLa6w4h-EK_o-TVjIMSPXFrYEPdOZaH_rqz_ZanS5-T4N
userMessage: {"msg":"ㄷ로ㅗ","msg_type":0,"msg_meta":{"image":[],"binary":[],"location":[],"room":{"title":"","member":[],"extra":{}},"user":{"name":"","remote_path":"","extra":{}}}}
pushStatus: [ messageId=0:1489053336896810%83057c2c66d6cf16 ]
============ 2017-03-09 18:55:35================
============ 2017-03-09 19:50:10================
registrationKey: APA91bEnixNxO_viEyBe1obB9bapAF5UmywRCjhrSmsos7H2FcsiJKui9qsY58O1YRMK8ny53Lp_Zt2RAbohaZGIgEGZ8hJcLa6w4h-EK_o-TVjIMSPXFrYEPdOZaH_rqz_ZanS5-T4N
userMessage: {"msg":"ㅎ혀","msg_type":0,"msg_meta":{"image":[],"binary":[],"location":[],"room":{"title":"","member":[],"extra":{}},"user":{"name":"","remote_path":"","extra":{}}}}
pushStatus: [ messageId=0:1489056611516509%83057c2c66d6cf16 ]
============ 2017-03-09 19:50:10================
============ 2017-03-09 19:50:30================
registrationKey: APA91bEnixNxO_viEyBe1obB9bapAF5UmywRCjhrSmsos7H2FcsiJKui9qsY58O1YRMK8ny53Lp_Zt2RAbohaZGIgEGZ8hJcLa6w4h-EK_o-TVjIMSPXFrYEPdOZaH_rqz_ZanS5-T4N
userMessage: {"msg":"ㅎㅎ","msg_type":0,"msg_meta":{"image":[],"binary":[],"location":[],"room":{"title":"","member":[],"extra":{}},"user":{"name":"","remote_path":"","extra":{}}}}
pushStatus: [ messageId=0:1489056631315165%83057c2c66d6cf16 ]
============ 2017-03-09 19:50:30================
============ 2017-03-09 19:50:36================
registrationKey: APA91bEnixNxO_viEyBe1obB9bapAF5UmywRCjhrSmsos7H2FcsiJKui9qsY58O1YRMK8ny53Lp_Zt2RAbohaZGIgEGZ8hJcLa6w4h-EK_o-TVjIMSPXFrYEPdOZaH_rqz_ZanS5-T4N
userMessage: {"msg":"ㅗㅕㅑ","msg_type":0,"msg_meta":{"image":[],"binary":[],"location":[],"room":{"title":"","member":[],"extra":{}},"user":{"name":"","remote_path":"","extra":{}}}}
pushStatus: [ messageId=0:1489056637321864%83057c2c66d6cf16 ]
============ 2017-03-09 19:50:36================
============ 2017-03-09 19:51:12================
registrationKey: APA91bEnixNxO_viEyBe1obB9bapAF5UmywRCjhrSmsos7H2FcsiJKui9qsY58O1YRMK8ny53Lp_Zt2RAbohaZGIgEGZ8hJcLa6w4h-EK_o-TVjIMSPXFrYEPdOZaH_rqz_ZanS5-T4N
userMessage: {"msg":"ㅗㅑ","msg_type":0,"msg_meta":{"image":[],"binary":[],"location":[],"room":{"title":"","member":[],"extra":{}},"user":{"name":"","remote_path":"","extra":{}}}}
pushStatus: [ messageId=0:1489056673313837%83057c2c66d6cf16 ]
============ 2017-03-09 19:51:12================
============ 2017-03-09 19:51:16================
registrationKey: APA91bEnixNxO_viEyBe1obB9bapAF5UmywRCjhrSmsos7H2FcsiJKui9qsY58O1YRMK8ny53Lp_Zt2RAbohaZGIgEGZ8hJcLa6w4h-EK_o-TVjIMSPXFrYEPdOZaH_rqz_ZanS5-T4N
userMessage: {"msg":"ㅗㅕㅑㅎ","msg_type":0,"msg_meta":{"image":[],"binary":[],"location":[],"room":{"title":"","member":[],"extra":{}},"user":{"name":"","remote_path":"","extra":{}}}}
pushStatus: [ messageId=0:1489056677167975%83057c2c66d6cf16 ]
============ 2017-03-09 19:51:16================
============ 2017-03-09 19:51:44================
registrationKey: APA91bEnixNxO_viEyBe1obB9bapAF5UmywRCjhrSmsos7H2FcsiJKui9qsY58O1YRMK8ny53Lp_Zt2RAbohaZGIgEGZ8hJcLa6w4h-EK_o-TVjIMSPXFrYEPdOZaH_rqz_ZanS5-T4N
userMessage: {"msg":"ㅗㅗㅕ","msg_type":0,"msg_meta":{"image":[],"binary":[],"location":[],"room":{"title":"","member":[],"extra":{}},"user":{"name":"","remote_path":"","extra":{}}}}
pushStatus: [ messageId=0:1489056705308966%83057c2c66d6cf16 ]
============ 2017-03-09 19:51:44================
============ 2017-03-09 19:51:48================
registrationKey: APA91bEnixNxO_viEyBe1obB9bapAF5UmywRCjhrSmsos7H2FcsiJKui9qsY58O1YRMK8ny53Lp_Zt2RAbohaZGIgEGZ8hJcLa6w4h-EK_o-TVjIMSPXFrYEPdOZaH_rqz_ZanS5-T4N
userMessage: {"msg":"ㅗㅗㅓ","msg_type":0,"msg_meta":{"image":[],"binary":[],"location":[],"room":{"title":"","member":[],"extra":{}},"user":{"name":"","remote_path":"","extra":{}}}}
pushStatus: [ messageId=0:1489056709159093%83057c2c66d6cf16 ]
============ 2017-03-09 19:51:48================
============ 2017-03-09 20:00:20================
registrationKey: APA91bEnixNxO_viEyBe1obB9bapAF5UmywRCjhrSmsos7H2FcsiJKui9qsY58O1YRMK8ny53Lp_Zt2RAbohaZGIgEGZ8hJcLa6w4h-EK_o-TVjIMSPXFrYEPdOZaH_rqz_ZanS5-T4N
userMessage: {"msg":"ㅗㅗㅓㅓㄹㄹ","msg_type":0,"msg_meta":{"image":[],"binary":[],"location":[],"room":{"title":"","member":[],"extra":{}},"user":{"name":"","remote_path":"","extra":{}}}}
pushStatus: [ messageId=0:1489057221414957%83057c2c66d6cf16 ]
============ 2017-03-09 20:00:20================