
============ 2017-03-10 08:57:31================
registrationKey: APA91bEnixNxO_viEyBe1obB9bapAF5UmywRCjhrSmsos7H2FcsiJKui9qsY58O1YRMK8ny53Lp_Zt2RAbohaZGIgEGZ8hJcLa6w4h-EK_o-TVjIMSPXFrYEPdOZaH_rqz_ZanS5-T4N
userMessage: {"msg":"ㅛ렬여ㅓㄹ","msg_type":0,"msg_meta":{"image":[],"binary":[],"location":[],"room":{"title":"","member":[],"extra":{}},"user":{"name":"","remote_path":"","extra":{}}}}
pushStatus: [ messageId=0:1489103853098424%83057c2c66d6cf16 ]
============ 2017-03-10 08:57:31================
============ 2017-03-10 08:57:45================
registrationKey: APA91bEnixNxO_viEyBe1obB9bapAF5UmywRCjhrSmsos7H2FcsiJKui9qsY58O1YRMK8ny53Lp_Zt2RAbohaZGIgEGZ8hJcLa6w4h-EK_o-TVjIMSPXFrYEPdOZaH_rqz_ZanS5-T4N
userMessage: {"msg":"ㅕ려뤁풑풑푸토ㅡ촤촤와롸러ㅏ초차ㅓㅣ뢏","msg_type":0,"msg_meta":{"image":[],"binary":[],"location":[],"room":{"title":"","member":[],"extra":{}},"user":{"name":"","remote_path":"","extra":{}}}}
pushStatus: [ messageId=0:1489103866983734%83057c2c66d6cf16 ]
============ 2017-03-10 08:57:45================
============ 2017-03-10 08:58:06================
registrationKey: APA91bEnixNxO_viEyBe1obB9bapAF5UmywRCjhrSmsos7H2FcsiJKui9qsY58O1YRMK8ny53Lp_Zt2RAbohaZGIgEGZ8hJcLa6w4h-EK_o-TVjIMSPXFrYEPdOZaH_rqz_ZanS5-T4N
userMessage: {"msg":"ㅗ ㅓ퍄ㅗ","msg_type":0,"msg_meta":{"image":[],"binary":[],"location":[],"room":{"title":"","member":[],"extra":{}},"user":{"name":"","remote_path":"","extra":{}}}}
pushStatus: [ messageId=0:1489103888933995%83057c2c66d6cf16 ]
============ 2017-03-10 08:58:06================
============ 2017-03-10 09:30:21================
registrationKey: APA91bHhOentIpyz9KkNV66zEq2yv3RdM93LdF2zHSKcZmsh6Xrej8e7OGc-1DFT_Aon6qKG_piShKDBjppDptdNYHqmTcCiVlIxpQLmz-Wq_kI8VV50jaWG2F56i009l7woDM94Hhcx
userMessage: {"msg":"나는 안드로이드닷","msg_type":"0","msg_meta":{"room":{},"binary":[],"image":[],"location":[],"user":{}}}
pushStatus: [ messageId=0:1489105823313659%83057c2c66d6cf16 ]
============ 2017-03-10 09:30:21================
============ 2017-03-10 10:33:34================
registrationKey: APA91bHhOentIpyz9KkNV66zEq2yv3RdM93LdF2zHSKcZmsh6Xrej8e7OGc-1DFT_Aon6qKG_piShKDBjppDptdNYHqmTcCiVlIxpQLmz-Wq_kI8VV50jaWG2F56i009l7woDM94Hhcx
userMessage: {"msg":"ㅍ퓨ㅓ","msg_type":"0","msg_meta":{"room":{},"binary":[],"image":[],"location":[],"user":{}}}
pushStatus: [ messageId=0:1489109616226805%83057c2c66d6cf16 ]
============ 2017-03-10 10:33:34================
============ 2017-03-10 10:33:54================
registrationKey: APA91bHhOentIpyz9KkNV66zEq2yv3RdM93LdF2zHSKcZmsh6Xrej8e7OGc-1DFT_Aon6qKG_piShKDBjppDptdNYHqmTcCiVlIxpQLmz-Wq_kI8VV50jaWG2F56i009l7woDM94Hhcx
userMessage: {"msg":"ㅇ호","msg_type":"0","msg_meta":{"room":{},"binary":[],"image":[],"location":[],"user":{}}}
pushStatus: [ messageId=0:1489109636056679%83057c2c66d6cf16 ]
============ 2017-03-10 10:33:54================
============ 2017-03-10 10:34:06================
registrationKey: APA91bHhOentIpyz9KkNV66zEq2yv3RdM93LdF2zHSKcZmsh6Xrej8e7OGc-1DFT_Aon6qKG_piShKDBjppDptdNYHqmTcCiVlIxpQLmz-Wq_kI8VV50jaWG2F56i009l7woDM94Hhcx
userMessage: {"msg":"로","msg_type":"0","msg_meta":{"room":{},"binary":[],"image":[],"location":[],"user":{}}}
pushStatus: [ messageId=0:1489109648100512%83057c2c66d6cf16 ]
============ 2017-03-10 10:34:06================
============ 2017-03-10 10:34:16================
registrationKey: APA91bHhOentIpyz9KkNV66zEq2yv3RdM93LdF2zHSKcZmsh6Xrej8e7OGc-1DFT_Aon6qKG_piShKDBjppDptdNYHqmTcCiVlIxpQLmz-Wq_kI8VV50jaWG2F56i009l7woDM94Hhcx
userMessage: {"msg":"초ㅓ","msg_type":"0","msg_meta":{"room":{},"binary":[],"image":[],"location":[],"user":{}}}
pushStatus: [ messageId=0:1489109658142660%83057c2c66d6cf16 ]
============ 2017-03-10 10:34:16================
============ 2017-03-10 10:34:26================
registrationKey: APA91bHhOentIpyz9KkNV66zEq2yv3RdM93LdF2zHSKcZmsh6Xrej8e7OGc-1DFT_Aon6qKG_piShKDBjppDptdNYHqmTcCiVlIxpQLmz-Wq_kI8VV50jaWG2F56i009l7woDM94Hhcx
userMessage: {"msg":"ㅅ호ㅗ","msg_type":"0","msg_meta":{"room":{},"binary":[],"image":[],"location":[],"user":{}}}
pushStatus: [ messageId=0:1489109668166308%83057c2c66d6cf16 ]
============ 2017-03-10 10:34:26================
============ 2017-03-10 10:34:36================
registrationKey: APA91bHhOentIpyz9KkNV66zEq2yv3RdM93LdF2zHSKcZmsh6Xrej8e7OGc-1DFT_Aon6qKG_piShKDBjppDptdNYHqmTcCiVlIxpQLmz-Wq_kI8VV50jaWG2F56i009l7woDM94Hhcx
userMessage: {"msg":"로ㅑㅓㅓㄹㄹ","msg_type":"0","msg_meta":{"room":{},"binary":[],"image":[],"location":[],"user":{}}}
pushStatus: [ messageId=0:1489109678128327%83057c2c66d6cf16 ]
============ 2017-03-10 10:34:36================
============ 2017-03-10 10:35:10================
registrationKey: APA91bHhOentIpyz9KkNV66zEq2yv3RdM93LdF2zHSKcZmsh6Xrej8e7OGc-1DFT_Aon6qKG_piShKDBjppDptdNYHqmTcCiVlIxpQLmz-Wq_kI8VV50jaWG2F56i009l7woDM94Hhcx
userMessage: {"msg":"ㅇㅊㅍ","msg_type":"0","msg_meta":{"room":{},"binary":[],"image":[],"location":[],"user":{}}}
pushStatus: [ messageId=0:1489109712140738%83057c2c66d6cf16 ]
============ 2017-03-10 10:35:10================
============ 2017-03-10 10:37:34================
registrationKey: APA91bHhOentIpyz9KkNV66zEq2yv3RdM93LdF2zHSKcZmsh6Xrej8e7OGc-1DFT_Aon6qKG_piShKDBjppDptdNYHqmTcCiVlIxpQLmz-Wq_kI8VV50jaWG2F56i009l7woDM94Hhcx
userMessage: {"msg":"ㅊㅊ허ㅓㅓㅓㅗㅗㅗㅎㅎㅎ","msg_type":"0","msg_meta":{"room":{},"binary":[],"image":[],"location":[],"user":{}}}
pushStatus: [ messageId=0:1489109856102944%83057c2c66d6cf16 ]
============ 2017-03-10 10:37:34================
============ 2017-03-10 10:37:46================
registrationKey: APA91bHhOentIpyz9KkNV66zEq2yv3RdM93LdF2zHSKcZmsh6Xrej8e7OGc-1DFT_Aon6qKG_piShKDBjppDptdNYHqmTcCiVlIxpQLmz-Wq_kI8VV50jaWG2F56i009l7woDM94Hhcx
userMessage: {"msg":"ㅎ호ㅗㅠ","msg_type":"0","msg_meta":{"room":{},"binary":[],"image":[],"location":[],"user":{}}}
pushStatus: [ messageId=0:1489109868152715%83057c2c66d6cf16 ]
============ 2017-03-10 10:37:46================
============ 2017-03-10 10:37:52================
registrationKey: APA91bHhOentIpyz9KkNV66zEq2yv3RdM93LdF2zHSKcZmsh6Xrej8e7OGc-1DFT_Aon6qKG_piShKDBjppDptdNYHqmTcCiVlIxpQLmz-Wq_kI8VV50jaWG2F56i009l7woDM94Hhcx
userMessage: {"msg":"ㅊㅊㅍ","msg_type":"0","msg_meta":{"room":{},"binary":[],"image":[],"location":[],"user":{}}}
pushStatus: [ messageId=0:1489109874199830%83057c2c66d6cf16 ]
============ 2017-03-10 10:37:52================
============ 2017-03-10 10:38:02================
registrationKey: APA91bHhOentIpyz9KkNV66zEq2yv3RdM93LdF2zHSKcZmsh6Xrej8e7OGc-1DFT_Aon6qKG_piShKDBjppDptdNYHqmTcCiVlIxpQLmz-Wq_kI8VV50jaWG2F56i009l7woDM94Hhcx
userMessage: {"msg":"포ㅓ","msg_type":"0","msg_meta":{"room":{},"binary":[],"image":[],"location":[],"user":{}}}
pushStatus: [ messageId=0:1489109884164748%83057c2c66d6cf16 ]
============ 2017-03-10 10:38:02================
============ 2017-03-10 10:38:12================
registrationKey: APA91bHhOentIpyz9KkNV66zEq2yv3RdM93LdF2zHSKcZmsh6Xrej8e7OGc-1DFT_Aon6qKG_piShKDBjppDptdNYHqmTcCiVlIxpQLmz-Wq_kI8VV50jaWG2F56i009l7woDM94Hhcx
userMessage: {"msg":"호ㅗㅗ","msg_type":"0","msg_meta":{"room":{},"binary":[],"image":[],"location":[],"user":{}}}
pushStatus: [ messageId=0:1489109894142004%83057c2c66d6cf16 ]
============ 2017-03-10 10:38:12================
============ 2017-03-10 10:38:16================
registrationKey: APA91bHhOentIpyz9KkNV66zEq2yv3RdM93LdF2zHSKcZmsh6Xrej8e7OGc-1DFT_Aon6qKG_piShKDBjppDptdNYHqmTcCiVlIxpQLmz-Wq_kI8VV50jaWG2F56i009l7woDM94Hhcx
userMessage: {"msg":"\u001e(null)\u001e","msg_type":"0","msg_meta":{"room":{},"binary":[],"image":[],"location":[],"user":{}}}
pushStatus: [ messageId=0:1489109898066531%83057c2c66d6cf16 ]
============ 2017-03-10 10:38:16================
============ 2017-03-10 10:38:18================
registrationKey: APA91bFR0RgkiA4iLVwpXFoVYMtdljkZRkt9r73VMMYaWAsaQjCm6QlWC7ZdSKG690oP9CXTejYb3JmhlFNqGLq3gP8fnWFaq8JArdhMhWv4pIEEsWru1yExrTUjXlJFXE9aMYjNizGk
userMessage: {"msg":"ㅎ호ㅗ","msg_type":"0","msg_meta":{"room":{},"binary":[],"image":[],"location":[],"user":{}}}
pushStatus: [ messageId=0:1489109900102063%83057c2c66d6cf16 ]
============ 2017-03-10 10:38:18================
============ 2017-03-10 10:38:18================
registrationKey: APA91bHhOentIpyz9KkNV66zEq2yv3RdM93LdF2zHSKcZmsh6Xrej8e7OGc-1DFT_Aon6qKG_piShKDBjppDptdNYHqmTcCiVlIxpQLmz-Wq_kI8VV50jaWG2F56i009l7woDM94Hhcx
userMessage: {"msg":"호ㅗ","msg_type":"0","msg_meta":{"room":{},"binary":[],"image":[],"location":[],"user":{}}}
pushStatus: [ messageId=0:1489109900217433%83057c2c66d6cf16 ]
============ 2017-03-10 10:38:18================
============ 2017-03-10 10:38:28================
registrationKey: APA91bHhOentIpyz9KkNV66zEq2yv3RdM93LdF2zHSKcZmsh6Xrej8e7OGc-1DFT_Aon6qKG_piShKDBjppDptdNYHqmTcCiVlIxpQLmz-Wq_kI8VV50jaWG2F56i009l7woDM94Hhcx
userMessage: {"msg":"풔ㅗㅊ","msg_type":"0","msg_meta":{"room":{},"binary":[],"image":[],"location":[],"user":{}}}
pushStatus: [ messageId=0:1489109910223051%83057c2c66d6cf16 ]
============ 2017-03-10 10:38:28================
============ 2017-03-10 10:38:38================
registrationKey: APA91bHhOentIpyz9KkNV66zEq2yv3RdM93LdF2zHSKcZmsh6Xrej8e7OGc-1DFT_Aon6qKG_piShKDBjppDptdNYHqmTcCiVlIxpQLmz-Wq_kI8VV50jaWG2F56i009l7woDM94Hhcx
userMessage: {"msg":"ㄹㅎ","msg_type":"0","msg_meta":{"room":{},"binary":[],"image":[],"location":[],"user":{}}}
pushStatus: [ messageId=0:1489109920223204%83057c2c66d6cf16 ]
============ 2017-03-10 10:38:38================
============ 2017-03-10 10:38:42================
registrationKey: APA91bHhOentIpyz9KkNV66zEq2yv3RdM93LdF2zHSKcZmsh6Xrej8e7OGc-1DFT_Aon6qKG_piShKDBjppDptdNYHqmTcCiVlIxpQLmz-Wq_kI8VV50jaWG2F56i009l7woDM94Hhcx
userMessage: {"msg":"ㅕㅗㅎㅎ","msg_type":"0","msg_meta":{"room":{},"binary":[],"image":[],"location":[],"user":{}}}
pushStatus: [ messageId=0:1489109924137623%83057c2c66d6cf16 ]
============ 2017-03-10 10:38:42================
============ 2017-03-10 10:38:44================
registrationKey: APA91bHhOentIpyz9KkNV66zEq2yv3RdM93LdF2zHSKcZmsh6Xrej8e7OGc-1DFT_Aon6qKG_piShKDBjppDptdNYHqmTcCiVlIxpQLmz-Wq_kI8VV50jaWG2F56i009l7woDM94Hhcx
userMessage: {"msg":"ㅎ","msg_type":"0","msg_meta":{"room":{},"binary":[],"image":[],"location":[],"user":{}}}
pushStatus: [ messageId=0:1489109926123954%83057c2c66d6cf16 ]
============ 2017-03-10 10:38:44================
============ 2017-03-10 10:38:46================
registrationKey: APA91bFR0RgkiA4iLVwpXFoVYMtdljkZRkt9r73VMMYaWAsaQjCm6QlWC7ZdSKG690oP9CXTejYb3JmhlFNqGLq3gP8fnWFaq8JArdhMhWv4pIEEsWru1yExrTUjXlJFXE9aMYjNizGk
userMessage: {"msg":"ㅎ","msg_type":"0","msg_meta":{"room":{},"binary":[],"image":[],"location":[],"user":{}}}
pushStatus: [ messageId=0:1489109928100709%83057c2c66d6cf16 ]
============ 2017-03-10 10:38:46================
============ 2017-03-10 10:38:46================
registrationKey: APA91bHhOentIpyz9KkNV66zEq2yv3RdM93LdF2zHSKcZmsh6Xrej8e7OGc-1DFT_Aon6qKG_piShKDBjppDptdNYHqmTcCiVlIxpQLmz-Wq_kI8VV50jaWG2F56i009l7woDM94Hhcx
userMessage: {"msg":"ㅎ","msg_type":"0","msg_meta":{"room":{},"binary":[],"image":[],"location":[],"user":{}}}
pushStatus: [ messageId=0:1489109928227442%83057c2c66d6cf16 ]
============ 2017-03-10 10:38:46================
============ 2017-03-10 10:38:52================
registrationKey: APA91bHhOentIpyz9KkNV66zEq2yv3RdM93LdF2zHSKcZmsh6Xrej8e7OGc-1DFT_Aon6qKG_piShKDBjppDptdNYHqmTcCiVlIxpQLmz-Wq_kI8VV50jaWG2F56i009l7woDM94Hhcx
userMessage: {"msg":"ㅍ","msg_type":"0","msg_meta":{"room":{},"binary":[],"image":[],"location":[],"user":{}}}
pushStatus: [ messageId=0:1489109934672456%83057c2c66d6cf16 ]
============ 2017-03-10 10:38:52================
============ 2017-03-10 10:39:14================
registrationKey: APA91bHhOentIpyz9KkNV66zEq2yv3RdM93LdF2zHSKcZmsh6Xrej8e7OGc-1DFT_Aon6qKG_piShKDBjppDptdNYHqmTcCiVlIxpQLmz-Wq_kI8VV50jaWG2F56i009l7woDM94Hhcx
userMessage: {"msg":"ㅎ호ㅗ","msg_type":"0","msg_meta":{"room":{},"binary":[],"image":[],"location":[],"user":{}}}
pushStatus: [ messageId=0:1489109956680876%83057c2c66d6cf16 ]
============ 2017-03-10 10:39:14================
============ 2017-03-10 11:25:37================
registrationKey: APA91bFR0RgkiA4iLVwpXFoVYMtdljkZRkt9r73VMMYaWAsaQjCm6QlWC7ZdSKG690oP9CXTejYb3JmhlFNqGLq3gP8fnWFaq8JArdhMhWv4pIEEsWru1yExrTUjXlJFXE9aMYjNizGk
userMessage: {"msg":"로ㅓ러럴","msg_type":0,"msg_meta":{"image":[],"binary":[],"location":[],"room":{"title":"","member":[],"extra":{}},"user":{"name":"","remote_path":"","extra":{}}}}
pushStatus: [ messageId=0:1489112739295729%83057c2c66d6cf16 ]
============ 2017-03-10 11:25:37================