
============ 2017-03-29 14:23:10================
registrationKey: APA91bFlBWlnKxZcpRI7itb27fkycOt7-i-uN2P8eVxGCDqMZDTELGY_eurJYMAJUo67R93N1MSGkPdB9_lMH7D1wxA-jhsYsGohoESr38KjKAGXUC1PIYuSekP0B77sNRsDm6ghYjAL
userMessage: 출결알림
pushStatus: [ messageId=0:1490764992767601%83057c2c66d6cf16 ]
============ 2017-03-29 14:23:10================
============ 2017-03-29 14:23:11================
registrationKey: APA91bG5vZscmZFom0vjU90J-xmhgW-vrzYAxSu8KoPpZgcsQlm7OMNLpOIMsOva8PtdVW9H5VQ-mb2KIOAOiSvziOy4jzjue6-JrPYN5_Udj-hw3-11VcrEQv3YhXOOa2j3cQQzUir1
userMessage: 출결알림
pushStatus: [ errorCode=NotRegistered ]
============ 2017-03-29 14:23:11================
============ 2017-03-29 14:23:11================
registrationKey: APA91bGvPyfHClUxZpAG5ZC4yfrtxooTDecWVLTNo9PCCD4yiosPOrrXrt8TVqqTWX2IQZY4e_Lo98fmCWRGF-phVi_6pYbibZpxkX-nI0A9i1KUnrMJbsErKI0xER3qVchwhBviyrvD
userMessage: 출결알림
pushStatus: [ messageId=0:1490764993129342%83057c2c66d6cf16 ]
============ 2017-03-29 14:23:11================
============ 2017-03-29 14:23:11================
registrationKey: APA91bHIKCukoAzr_HyZiIaE8CkJOmuxBSlYK4tK7a0ZCS6AVcNeLKOusv9278dRlxu7F7esmmx4Ir0uyBpYGRhKfMGDrjlEBHClnp7QV5-0GLQ_PWTnymGtOeRlb_cAva3VnQn4RtFN
userMessage: 출결알림
pushStatus: [ messageId=0:1490764993395523%83057c2c66d6cf16 ]
============ 2017-03-29 14:23:11================
============ 2017-03-29 14:23:51================
registrationKey: APA91bFS3JubQg5rPFwiJpouAC8KP0C7QfBLTV9qY6sVe9IU4qoQhJddEeMJxYynzu8pfH3QKd8kmpQMXLe8ypPFBTH0ghgMg9JKl9l_vCRZgfqwmQzuHOs0NbXhPdf6z3TgamkM7tHy
userMessage: 사이버보안 진단의 날
pushStatus: [ errorCode=NotRegistered ]
============ 2017-03-29 14:23:51================
============ 2017-03-29 14:23:51================
registrationKey: APA91bFzVZ08njDJ43RDb_vKesIGqOOat3PzgMXMkQPK5-034bTrSnyIGrMxs0AZ90cjgg1nRM0kHmZYOkUtpDwygenId6ABloGLh5zob08x3xMOD5XfwZR2GwOeomLuNnTQG0m4llVg
userMessage: 사이버보안 진단의 날
pushStatus: [ messageId=0:1490765033725477%83057c2c66d6cf16 ]
============ 2017-03-29 14:23:51================
============ 2017-03-29 14:23:51================
registrationKey: APA91bGogcxKULgpavYuQT9vVrEmj9r8j9wC7pUDf0k14Yk9MQljmqZF1WmKKWQep-eTXV2yPGsW0A8b62FuXYWi3ZP94okpSxfAjbd3_hIhyVtC_eY1yUbA_Nf-7ReZxf3LXu-Bjvq5
userMessage: 사이버보안 진단의 날
pushStatus: [ messageId=0:1490765033729009%83057c2c66d6cf16 ]
============ 2017-03-29 14:23:51================
============ 2017-03-29 14:23:51================
registrationKey: APA91bGogcxKULgpavYuQT9vVrEmj9r8j9wC7pUDf0k14Yk9MQljmqZF1WmKKWQep-eTXV2yPGsW0A8b62FuXYWi3ZP94okpSxfAjbd3_hIhyVtC_eY1yUbA_Nf-7ReZxf3LXu-Bjvq5
userMessage: 사이버보안 진단의 날
pushStatus: [ messageId=0:1490765033729955%83057c2c66d6cf16 ]
============ 2017-03-29 14:23:51================
============ 2017-03-29 14:23:51================
registrationKey: APA91bGogcxKULgpavYuQT9vVrEmj9r8j9wC7pUDf0k14Yk9MQljmqZF1WmKKWQep-eTXV2yPGsW0A8b62FuXYWi3ZP94okpSxfAjbd3_hIhyVtC_eY1yUbA_Nf-7ReZxf3LXu-Bjvq5
userMessage: 사이버보안 진단의 날
pushStatus: [ messageId=0:1490765033740848%83057c2c66d6cf16 ]
============ 2017-03-29 14:23:51================
============ 2017-03-29 14:23:51================
registrationKey: APA91bGogcxKULgpavYuQT9vVrEmj9r8j9wC7pUDf0k14Yk9MQljmqZF1WmKKWQep-eTXV2yPGsW0A8b62FuXYWi3ZP94okpSxfAjbd3_hIhyVtC_eY1yUbA_Nf-7ReZxf3LXu-Bjvq5
userMessage: 사이버보안 진단의 날
pushStatus: [ messageId=0:1490765033742699%83057c2c66d6cf16 ]
============ 2017-03-29 14:23:51================
============ 2017-03-29 14:23:51================
registrationKey: APA91bFCM-CgdWMBIIxy5Y-0YXiDshYJ2oXwh22kTRwkrK2WOPoLsjRPuEkTKWbgrQMHRlyyu0QVK3oyYWmg3H1ISdyeFyukLrJ1K_BBCZUYmJtt1waPJRX2tbykJ90Uq1jf2JBCJF0Z
userMessage: 사이버보안 진단의 날
pushStatus: [ messageId=0:1490765033742086%83057c2c66d6cf16 ]
============ 2017-03-29 14:23:51================
============ 2017-03-29 14:23:51================
registrationKey: APA91bG5vZscmZFom0vjU90J-xmhgW-vrzYAxSu8KoPpZgcsQlm7OMNLpOIMsOva8PtdVW9H5VQ-mb2KIOAOiSvziOy4jzjue6-JrPYN5_Udj-hw3-11VcrEQv3YhXOOa2j3cQQzUir1
userMessage: 사이버보안 진단의 날
pushStatus: [ errorCode=NotRegistered ]
============ 2017-03-29 14:23:51================
============ 2017-03-29 14:23:51================
registrationKey: APA91bGNRWaNW8KvEZfRoabmT484rCECHDxnGnlemQ5p514rCTM5V_0uaYLJb1x9MsuO7wSvUjDprinnsvXc5BKOyKhPYtDconhXWB_RSw1pOzYBTv6fgvdfDy69wRkliKXm2NvierTu
userMessage: 사이버보안 진단의 날
pushStatus: [ messageId=0:1490765033746151%83057c2c66d6cf16 ]
============ 2017-03-29 14:23:51================
============ 2017-03-29 14:23:51================
registrationKey: APA91bEpSn6mlUOB-J2_fMSQtk5f2Qj2QyAT65ItZiqE0bAKCaXkoKDKNnsMaFnb_xq_5bOuAo002eguWinHHjEzTDiyt5DffTltgtt-i8IeitRaCu9Hqaft05nbNjD2gIeHVY7FO5B4
userMessage: 사이버보안 진단의 날
pushStatus: [ errorCode=NotRegistered ]
============ 2017-03-29 14:23:51================
============ 2017-03-29 14:23:51================
registrationKey: APA91bFlBWlnKxZcpRI7itb27fkycOt7-i-uN2P8eVxGCDqMZDTELGY_eurJYMAJUo67R93N1MSGkPdB9_lMH7D1wxA-jhsYsGohoESr38KjKAGXUC1PIYuSekP0B77sNRsDm6ghYjAL
userMessage: 사이버보안 진단의 날
pushStatus: [ messageId=0:1490765033750458%83057c2c66d6cf16 ]
============ 2017-03-29 14:23:51================
============ 2017-03-29 14:23:51================
registrationKey: APA91bGvPyfHClUxZpAG5ZC4yfrtxooTDecWVLTNo9PCCD4yiosPOrrXrt8TVqqTWX2IQZY4e_Lo98fmCWRGF-phVi_6pYbibZpxkX-nI0A9i1KUnrMJbsErKI0xER3qVchwhBviyrvD
userMessage: 사이버보안 진단의 날
pushStatus: [ messageId=0:1490765033742034%83057c2c66d6cf16 ]
============ 2017-03-29 14:23:51================
============ 2017-03-29 14:23:51================
registrationKey: APA91bGogcxKULgpavYuQT9vVrEmj9r8j9wC7pUDf0k14Yk9MQljmqZF1WmKKWQep-eTXV2yPGsW0A8b62FuXYWi3ZP94okpSxfAjbd3_hIhyVtC_eY1yUbA_Nf-7ReZxf3LXu-Bjvq5
userMessage: 사이버보안 진단의 날
pushStatus: [ messageId=0:1490765033740566%83057c2c66d6cf16 ]
============ 2017-03-29 14:23:51================
============ 2017-03-29 14:23:51================
registrationKey: APA91bHIKCukoAzr_HyZiIaE8CkJOmuxBSlYK4tK7a0ZCS6AVcNeLKOusv9278dRlxu7F7esmmx4Ir0uyBpYGRhKfMGDrjlEBHClnp7QV5-0GLQ_PWTnymGtOeRlb_cAva3VnQn4RtFN
userMessage: 사이버보안 진단의 날
pushStatus: [ messageId=0:1490765033755350%83057c2c66d6cf16 ]
============ 2017-03-29 14:23:51================
============ 2017-03-29 14:23:51================
registrationKey: APA91bGogcxKULgpavYuQT9vVrEmj9r8j9wC7pUDf0k14Yk9MQljmqZF1WmKKWQep-eTXV2yPGsW0A8b62FuXYWi3ZP94okpSxfAjbd3_hIhyVtC_eY1yUbA_Nf-7ReZxf3LXu-Bjvq5
userMessage: 사이버보안 진단의 날
pushStatus: [ messageId=0:1490765033755326%83057c2c66d6cf16 ]
============ 2017-03-29 14:23:51================
============ 2017-03-29 14:23:51================
registrationKey: APA91bGogcxKULgpavYuQT9vVrEmj9r8j9wC7pUDf0k14Yk9MQljmqZF1WmKKWQep-eTXV2yPGsW0A8b62FuXYWi3ZP94okpSxfAjbd3_hIhyVtC_eY1yUbA_Nf-7ReZxf3LXu-Bjvq5
userMessage: 사이버보안 진단의 날
pushStatus: [ messageId=0:1490765033755074%83057c2c66d6cf16 ]
============ 2017-03-29 14:23:51================
============ 2017-03-29 14:23:51================
registrationKey: APA91bENHTfsYkMjsXuC6h1AahHdpUam8cN-OIHmSaCiZ_w9XGjCeTcqLaL7B_IZ70zyRXrSZpPlhzROagVOW5n1ezi_sEBP2MGVIZkr3AZjlzmaaU8XcDnIDzZjC_yEiceO5izhSplr
userMessage: 사이버보안 진단의 날
pushStatus: [ messageId=0:1490765033761467%83057c2c66d6cf16 ]
============ 2017-03-29 14:23:51================
============ 2017-03-29 14:23:51================
registrationKey: APA91bEPf_kOqvKm87D_en-vhwzsu9O3yFiHvbM5YfHR2HW3N8JyVAXVCuzZRFMu9KbaAgWPsoMyeXCbk1tUJ8hZbdpgn_YDtau12aa-HnhZoiJvEuc85E9VYsvDKJrwBaepus1-mZhX
userMessage: 사이버보안 진단의 날
pushStatus: [ messageId=0:1490765033760557%83057c2c66d6cf16 ]
============ 2017-03-29 14:23:51================
============ 2017-03-29 14:23:51================
registrationKey: APA91bEU5-8Y-B9EhbcxumxBqidtJoSSKtl9FsTIjKwY_gky55j1u0Q6tb5eeNIwc1WSOmICBjUlgoS8_HIV7uZKZc2CVrJ5D0kqzVPKy7b1JPkwnqp4Fj-5CLlWayky2FJgK5BNMU2P
userMessage: 사이버보안 진단의 날
pushStatus: [ messageId=0:1490765033763725%83057c2c66d6cf16 canonicalRegistrationId=APA91bFwbuN8CnbG_hT2qK7XQoAji7TVPk-C_SwvkWng3Q-n4Tc71kMrOKVoWHg7Eh1AOIf2IJsvVH_x_yodcOx5nLDOXZ4WqYSTucIQUjgCIsq24rT-Fjon4_o9Y147sxK-Byf8Xaoy ]
============ 2017-03-29 14:23:51================
============ 2017-03-29 14:23:51================
registrationKey: APA91bEkyW-h8lOmYqJBE2Yf65_wkRS8Etp7DMfUfKUO1hkwSFYTlOLfAvSzzNg-pdu821KKXXLBDj5oVdXVW56D2lufH1tLDVbtUCEP89KKQMnRpJIbGm_Me9HHeJeis6g4MqO0hQP4
userMessage: 사이버보안 진단의 날
pushStatus: [ messageId=0:1490765033760458%83057c2c66d6cf16 ]
============ 2017-03-29 14:23:51================
============ 2017-03-29 14:23:51================
registrationKey: APA91bG1DyJesGvsbD4mqRyPVj2MBuH2qHmEHHM8Zgbn6EM43j7cV-xclUkKaKac0f-ToBEgbmFkvaTOVZadHOVMP-OtG-OnST46jRlQYLh75AEwMVrz33csxXTvIKK9zANQ3Qk7QWFz
userMessage: 사이버보안 진단의 날
pushStatus: [ messageId=0:1490765033764716%83057c2c66d6cf16 ]
============ 2017-03-29 14:23:51================
============ 2017-03-29 14:23:52================
registrationKey: APA91bGJI_VxcJ6FMzaFY4d4CBw9TOxAzYWYnmMEN_kwJ11yy56IS6FGIifFG5b4p3wW_GmKWbCdYbKFB3fK1I9EV9JYmgs3-Hhly46uTGkxje_ke4YLo1STb16GRBS4dIfXuJShc1Y4
userMessage: 사이버보안 진단의 날
pushStatus: [ errorCode=NotRegistered ]
============ 2017-03-29 14:23:52================
============ 2017-03-29 14:23:52================
registrationKey: APA91bFwbuN8CnbG_hT2qK7XQoAji7TVPk-C_SwvkWng3Q-n4Tc71kMrOKVoWHg7Eh1AOIf2IJsvVH_x_yodcOx5nLDOXZ4WqYSTucIQUjgCIsq24rT-Fjon4_o9Y147sxK-Byf8Xaoy
userMessage: 사이버보안 진단의 날
pushStatus: [ messageId=0:1490765033782241%83057c2c66d6cf16 ]
============ 2017-03-29 14:23:52================
============ 2017-03-29 14:23:52================
registrationKey: APA91bGogcxKULgpavYuQT9vVrEmj9r8j9wC7pUDf0k14Yk9MQljmqZF1WmKKWQep-eTXV2yPGsW0A8b62FuXYWi3ZP94okpSxfAjbd3_hIhyVtC_eY1yUbA_Nf-7ReZxf3LXu-Bjvq5
userMessage: 사이버보안 진단의 날
pushStatus: [ messageId=0:1490765034322724%83057c2c66d6cf16 ]
============ 2017-03-29 14:23:52================
============ 2017-03-29 15:49:58================
registrationKey: dyuM2qNuJgY:APA91bE3HNmDoclnEghRHoUjCTwgBC77Lqczk30g5tSXYfJ4-1D8uph7Yg2ALCr9Q-Yl0iHmqPMupsBwt7DyQcx1v-Qae3S_Au1xqOEM0wTf-tv5nt_r4cKdl3VodtZtlwzC78ZmHFvx
userMessage: {"msg":"","msg_type":99,"msg_meta":{}}
pushStatus: [ messageId=0:1490770198185212%83057c2c66d6cf16 ]
============ 2017-03-29 15:49:58================
============ 2017-03-29 16:05:48================
registrationKey: dyuM2qNuJgY:APA91bE3HNmDoclnEghRHoUjCTwgBC77Lqczk30g5tSXYfJ4-1D8uph7Yg2ALCr9Q-Yl0iHmqPMupsBwt7DyQcx1v-Qae3S_Au1xqOEM0wTf-tv5nt_r4cKdl3VodtZtlwzC78ZmHFvx
userMessage: {"msg":"어러랄","msg_type":"0","msg_meta":{"room":{},"binary":[],"image":[],"location":[],"user":{}}}
pushStatus: [ messageId=0:1490771148804534%83057c2c66d6cf16 ]
============ 2017-03-29 16:05:48================
============ 2017-03-29 17:41:28================
registrationKey: APA91bEG8QZNq9vREg4k_2jIHQw9q04Tm73WZmmcidWdkTIk4t8kSTVbShKY7Lv8o2WLkC23dkGODeDoGw3otUfZJC4qGj1iQaYVbyiJpvSDlvrSxgJl97cVmYXn6rkuG0nx99rB1wd3
userMessage: {"msg":"ㅓ펖","msg_type":"0","msg_meta":{"room":{},"binary":[],"image":[],"location":[],"user":{}}}
pushStatus: [ messageId=0:1490776888106816%83057c2c66d6cf16 ]
============ 2017-03-29 17:41:28================
============ 2017-03-29 19:33:16================
registrationKey: dyuM2qNuJgY:APA91bE3HNmDoclnEghRHoUjCTwgBC77Lqczk30g5tSXYfJ4-1D8uph7Yg2ALCr9Q-Yl0iHmqPMupsBwt7DyQcx1v-Qae3S_Au1xqOEM0wTf-tv5nt_r4cKdl3VodtZtlwzC78ZmHFvx
userMessage: {"msg":"로러러러러럴","msg_type":"0","msg_meta":{"room":{},"binary":[],"image":[],"location":[],"user":{}}}
pushStatus: [ messageId=0:1490783596561947%83057c2c66d6cf16 ]
============ 2017-03-29 19:33:16================
============ 2017-03-29 19:33:36================
registrationKey: dyuM2qNuJgY:APA91bE3HNmDoclnEghRHoUjCTwgBC77Lqczk30g5tSXYfJ4-1D8uph7Yg2ALCr9Q-Yl0iHmqPMupsBwt7DyQcx1v-Qae3S_Au1xqOEM0wTf-tv5nt_r4cKdl3VodtZtlwzC78ZmHFvx
userMessage: {"msg":"허ㅏㅗㅗ호ㅓ","msg_type":"0","msg_meta":{"room":{},"binary":[],"image":[],"location":[],"user":{}}}
pushStatus: [ messageId=0:1490783616362057%83057c2c66d6cf16 ]
============ 2017-03-29 19:33:36================
============ 2017-03-29 19:33:52================
registrationKey: dyuM2qNuJgY:APA91bE3HNmDoclnEghRHoUjCTwgBC77Lqczk30g5tSXYfJ4-1D8uph7Yg2ALCr9Q-Yl0iHmqPMupsBwt7DyQcx1v-Qae3S_Au1xqOEM0wTf-tv5nt_r4cKdl3VodtZtlwzC78ZmHFvx
userMessage: {"msg":"허ㅏ","msg_type":"0","msg_meta":{"room":{},"binary":[],"image":[],"location":[],"user":{}}}
pushStatus: [ messageId=0:1490783632365542%83057c2c66d6cf16 ]
============ 2017-03-29 19:33:52================
============ 2017-03-29 19:34:10================
registrationKey: dyuM2qNuJgY:APA91bE3HNmDoclnEghRHoUjCTwgBC77Lqczk30g5tSXYfJ4-1D8uph7Yg2ALCr9Q-Yl0iHmqPMupsBwt7DyQcx1v-Qae3S_Au1xqOEM0wTf-tv5nt_r4cKdl3VodtZtlwzC78ZmHFvx
userMessage: {"msg":"퓨ㅝ","msg_type":"0","msg_meta":{"room":{},"binary":[],"image":[],"location":[],"user":{}}}
pushStatus: [ messageId=0:1490783650320436%83057c2c66d6cf16 ]
============ 2017-03-29 19:34:10================
============ 2017-03-29 19:34:20================
registrationKey: dyuM2qNuJgY:APA91bE3HNmDoclnEghRHoUjCTwgBC77Lqczk30g5tSXYfJ4-1D8uph7Yg2ALCr9Q-Yl0iHmqPMupsBwt7DyQcx1v-Qae3S_Au1xqOEM0wTf-tv5nt_r4cKdl3VodtZtlwzC78ZmHFvx
userMessage: {"msg":"허ㅏㅓㅓㅏ","msg_type":"0","msg_meta":{"room":{},"binary":[],"image":[],"location":[],"user":{}}}
pushStatus: [ messageId=0:1490783660358586%83057c2c66d6cf16 ]
============ 2017-03-29 19:34:20================
============ 2017-03-29 19:34:30================
registrationKey: dyuM2qNuJgY:APA91bE3HNmDoclnEghRHoUjCTwgBC77Lqczk30g5tSXYfJ4-1D8uph7Yg2ALCr9Q-Yl0iHmqPMupsBwt7DyQcx1v-Qae3S_Au1xqOEM0wTf-tv5nt_r4cKdl3VodtZtlwzC78ZmHFvx
userMessage: {"msg":"소ㅓㅓ","msg_type":"0","msg_meta":{"room":{},"binary":[],"image":[],"location":[],"user":{}}}
pushStatus: [ messageId=0:1490783670494255%83057c2c66d6cf16 ]
============ 2017-03-29 19:34:30================
============ 2017-03-29 19:34:38================
registrationKey: dyuM2qNuJgY:APA91bE3HNmDoclnEghRHoUjCTwgBC77Lqczk30g5tSXYfJ4-1D8uph7Yg2ALCr9Q-Yl0iHmqPMupsBwt7DyQcx1v-Qae3S_Au1xqOEM0wTf-tv5nt_r4cKdl3VodtZtlwzC78ZmHFvx
userMessage: {"msg":"화ㅓ","msg_type":"0","msg_meta":{"room":{},"binary":[],"image":[],"location":[],"user":{}}}
pushStatus: [ messageId=0:1490783678461825%83057c2c66d6cf16 ]
============ 2017-03-29 19:34:38================
============ 2017-03-29 19:34:42================
registrationKey: dyuM2qNuJgY:APA91bE3HNmDoclnEghRHoUjCTwgBC77Lqczk30g5tSXYfJ4-1D8uph7Yg2ALCr9Q-Yl0iHmqPMupsBwt7DyQcx1v-Qae3S_Au1xqOEM0wTf-tv5nt_r4cKdl3VodtZtlwzC78ZmHFvx
userMessage: {"msg":"ㅗㅘㅓㅏ","msg_type":"0","msg_meta":{"room":{},"binary":[],"image":[],"location":[],"user":{}}}
pushStatus: [ messageId=0:1490783682239380%83057c2c66d6cf16 ]
============ 2017-03-29 19:34:42================
============ 2017-03-29 19:34:44================
registrationKey: dyuM2qNuJgY:APA91bE3HNmDoclnEghRHoUjCTwgBC77Lqczk30g5tSXYfJ4-1D8uph7Yg2ALCr9Q-Yl0iHmqPMupsBwt7DyQcx1v-Qae3S_Au1xqOEM0wTf-tv5nt_r4cKdl3VodtZtlwzC78ZmHFvx
userMessage: {"msg":"ㅗㅗㅕ","msg_type":"0","msg_meta":{"room":{},"binary":[],"image":[],"location":[],"user":{}}}
pushStatus: [ messageId=0:1490783684225884%83057c2c66d6cf16 ]
============ 2017-03-29 19:34:44================
============ 2017-03-29 19:35:06================
registrationKey: dyuM2qNuJgY:APA91bE3HNmDoclnEghRHoUjCTwgBC77Lqczk30g5tSXYfJ4-1D8uph7Yg2ALCr9Q-Yl0iHmqPMupsBwt7DyQcx1v-Qae3S_Au1xqOEM0wTf-tv5nt_r4cKdl3VodtZtlwzC78ZmHFvx
userMessage: {"msg":"ㅅㄹ호ㅗ","msg_type":"0","msg_meta":{"room":{},"binary":[],"image":[],"location":[],"user":{}}}
pushStatus: [ messageId=0:1490783706460164%83057c2c66d6cf16 ]
============ 2017-03-29 19:35:06================
============ 2017-03-29 19:35:18================
registrationKey: dyuM2qNuJgY:APA91bE3HNmDoclnEghRHoUjCTwgBC77Lqczk30g5tSXYfJ4-1D8uph7Yg2ALCr9Q-Yl0iHmqPMupsBwt7DyQcx1v-Qae3S_Au1xqOEM0wTf-tv5nt_r4cKdl3VodtZtlwzC78ZmHFvx
userMessage: {"msg":"ㅜ터알","msg_type":"0","msg_meta":{"room":{},"binary":[],"image":[],"location":[],"user":{}}}
pushStatus: [ messageId=0:1490783718361418%83057c2c66d6cf16 ]
============ 2017-03-29 19:35:18================
============ 2017-03-29 19:37:16================
registrationKey: dyuM2qNuJgY:APA91bE3HNmDoclnEghRHoUjCTwgBC77Lqczk30g5tSXYfJ4-1D8uph7Yg2ALCr9Q-Yl0iHmqPMupsBwt7DyQcx1v-Qae3S_Au1xqOEM0wTf-tv5nt_r4cKdl3VodtZtlwzC78ZmHFvx
userMessage: {"msg":"로ㅗㅗㄹㄹ로ㅗ","msg_type":"0","msg_meta":{"room":{},"binary":[],"image":[],"location":[],"user":{}}}
pushStatus: [ messageId=0:1490783836449550%83057c2c66d6cf16 ]
============ 2017-03-29 19:37:16================
============ 2017-03-29 19:37:22================
registrationKey: dyuM2qNuJgY:APA91bE3HNmDoclnEghRHoUjCTwgBC77Lqczk30g5tSXYfJ4-1D8uph7Yg2ALCr9Q-Yl0iHmqPMupsBwt7DyQcx1v-Qae3S_Au1xqOEM0wTf-tv5nt_r4cKdl3VodtZtlwzC78ZmHFvx
userMessage: {"msg":"롸ㅏ","msg_type":"0","msg_meta":{"room":{},"binary":[],"image":[],"location":[],"user":{}}}
pushStatus: [ messageId=0:1490783842482653%83057c2c66d6cf16 ]
============ 2017-03-29 19:37:22================
============ 2017-03-29 19:37:30================
registrationKey: dyuM2qNuJgY:APA91bE3HNmDoclnEghRHoUjCTwgBC77Lqczk30g5tSXYfJ4-1D8uph7Yg2ALCr9Q-Yl0iHmqPMupsBwt7DyQcx1v-Qae3S_Au1xqOEM0wTf-tv5nt_r4cKdl3VodtZtlwzC78ZmHFvx
userMessage: {"msg":"호ㅓㅏㅏㅏ","msg_type":"0","msg_meta":{"room":{},"binary":[],"image":[],"location":[],"user":{}}}
pushStatus: [ messageId=0:1490783850393732%83057c2c66d6cf16 ]
============ 2017-03-29 19:37:30================
============ 2017-03-29 19:37:34================
registrationKey: dyuM2qNuJgY:APA91bE3HNmDoclnEghRHoUjCTwgBC77Lqczk30g5tSXYfJ4-1D8uph7Yg2ALCr9Q-Yl0iHmqPMupsBwt7DyQcx1v-Qae3S_Au1xqOEM0wTf-tv5nt_r4cKdl3VodtZtlwzC78ZmHFvx
userMessage: {"msg":"호ㅓㅑㅏ","msg_type":"0","msg_meta":{"room":{},"binary":[],"image":[],"location":[],"user":{}}}
pushStatus: [ messageId=0:1490783854289959%83057c2c66d6cf16 ]
============ 2017-03-29 19:37:34================
============ 2017-03-29 19:38:06================
registrationKey: dyuM2qNuJgY:APA91bE3HNmDoclnEghRHoUjCTwgBC77Lqczk30g5tSXYfJ4-1D8uph7Yg2ALCr9Q-Yl0iHmqPMupsBwt7DyQcx1v-Qae3S_Au1xqOEM0wTf-tv5nt_r4cKdl3VodtZtlwzC78ZmHFvx
userMessage: {"msg":"호ㅕㅓ","msg_type":"0","msg_meta":{"room":{},"binary":[],"image":[],"location":[],"user":{}}}
pushStatus: [ messageId=0:1490783886460843%83057c2c66d6cf16 ]
============ 2017-03-29 19:38:06================
============ 2017-03-29 19:38:12================
registrationKey: dyuM2qNuJgY:APA91bE3HNmDoclnEghRHoUjCTwgBC77Lqczk30g5tSXYfJ4-1D8uph7Yg2ALCr9Q-Yl0iHmqPMupsBwt7DyQcx1v-Qae3S_Au1xqOEM0wTf-tv5nt_r4cKdl3VodtZtlwzC78ZmHFvx
userMessage: {"msg":"화","msg_type":"0","msg_meta":{"room":{},"binary":[],"image":[],"location":[],"user":{}}}
pushStatus: [ messageId=0:1490783892397164%83057c2c66d6cf16 ]
============ 2017-03-29 19:38:12================
============ 2017-03-29 19:38:26================
registrationKey: dyuM2qNuJgY:APA91bE3HNmDoclnEghRHoUjCTwgBC77Lqczk30g5tSXYfJ4-1D8uph7Yg2ALCr9Q-Yl0iHmqPMupsBwt7DyQcx1v-Qae3S_Au1xqOEM0wTf-tv5nt_r4cKdl3VodtZtlwzC78ZmHFvx
userMessage: {"msg":"ㅇ호","msg_type":"0","msg_meta":{"room":{},"binary":[],"image":[],"location":[],"user":{}}}
pushStatus: [ messageId=0:1490783906441397%83057c2c66d6cf16 ]
============ 2017-03-29 19:38:26================
============ 2017-03-29 19:40:54================
registrationKey: dyuM2qNuJgY:APA91bE3HNmDoclnEghRHoUjCTwgBC77Lqczk30g5tSXYfJ4-1D8uph7Yg2ALCr9Q-Yl0iHmqPMupsBwt7DyQcx1v-Qae3S_Au1xqOEM0wTf-tv5nt_r4cKdl3VodtZtlwzC78ZmHFvx
userMessage: {"msg":"어라ㅏㄹ","msg_type":"0","msg_meta":{"room":{},"binary":[],"image":[],"location":[],"user":{}}}
pushStatus: [ messageId=0:1490784054504295%83057c2c66d6cf16 ]
============ 2017-03-29 19:40:54================
============ 2017-03-29 19:40:58================
registrationKey: dyuM2qNuJgY:APA91bE3HNmDoclnEghRHoUjCTwgBC77Lqczk30g5tSXYfJ4-1D8uph7Yg2ALCr9Q-Yl0iHmqPMupsBwt7DyQcx1v-Qae3S_Au1xqOEM0wTf-tv5nt_r4cKdl3VodtZtlwzC78ZmHFvx
userMessage: {"msg":"Ffgggghj","msg_type":"0","msg_meta":{"room":{},"binary":[],"image":[],"location":[],"user":{}}}
pushStatus: [ messageId=0:1490784058342166%83057c2c66d6cf16 ]
============ 2017-03-29 19:40:58================
============ 2017-03-29 19:41:22================
registrationKey: dyuM2qNuJgY:APA91bE3HNmDoclnEghRHoUjCTwgBC77Lqczk30g5tSXYfJ4-1D8uph7Yg2ALCr9Q-Yl0iHmqPMupsBwt7DyQcx1v-Qae3S_Au1xqOEM0wTf-tv5nt_r4cKdl3VodtZtlwzC78ZmHFvx
userMessage: {"msg":"F","msg_type":"0","msg_meta":{"room":{},"binary":[],"image":[],"location":[],"user":{}}}
pushStatus: [ messageId=0:1490784082494697%83057c2c66d6cf16 ]
============ 2017-03-29 19:41:22================
============ 2017-03-29 19:43:54================
registrationKey: dyuM2qNuJgY:APA91bE3HNmDoclnEghRHoUjCTwgBC77Lqczk30g5tSXYfJ4-1D8uph7Yg2ALCr9Q-Yl0iHmqPMupsBwt7DyQcx1v-Qae3S_Au1xqOEM0wTf-tv5nt_r4cKdl3VodtZtlwzC78ZmHFvx
userMessage: {"msg":"Gh","msg_type":"0","msg_meta":{"room":{},"binary":[],"image":[],"location":[],"user":{}}}
pushStatus: [ messageId=0:1490784234552951%83057c2c66d6cf16 ]
============ 2017-03-29 19:43:54================
============ 2017-03-29 19:44:10================
registrationKey: dyuM2qNuJgY:APA91bE3HNmDoclnEghRHoUjCTwgBC77Lqczk30g5tSXYfJ4-1D8uph7Yg2ALCr9Q-Yl0iHmqPMupsBwt7DyQcx1v-Qae3S_Au1xqOEM0wTf-tv5nt_r4cKdl3VodtZtlwzC78ZmHFvx
userMessage: {"msg":"Ccgh","msg_type":"0","msg_meta":{"room":{},"binary":[],"image":[],"location":[],"user":{}}}
pushStatus: [ messageId=0:1490784250495664%83057c2c66d6cf16 ]
============ 2017-03-29 19:44:10================
============ 2017-03-29 19:44:36================
registrationKey: dyuM2qNuJgY:APA91bE3HNmDoclnEghRHoUjCTwgBC77Lqczk30g5tSXYfJ4-1D8uph7Yg2ALCr9Q-Yl0iHmqPMupsBwt7DyQcx1v-Qae3S_Au1xqOEM0wTf-tv5nt_r4cKdl3VodtZtlwzC78ZmHFvx
userMessage: {"msg":"Gh","msg_type":"0","msg_meta":{"room":{},"binary":[],"image":[],"location":[],"user":{}}}
pushStatus: [ messageId=0:1490784276539687%83057c2c66d6cf16 ]
============ 2017-03-29 19:44:36================
============ 2017-03-29 19:45:58================
registrationKey: dyuM2qNuJgY:APA91bE3HNmDoclnEghRHoUjCTwgBC77Lqczk30g5tSXYfJ4-1D8uph7Yg2ALCr9Q-Yl0iHmqPMupsBwt7DyQcx1v-Qae3S_Au1xqOEM0wTf-tv5nt_r4cKdl3VodtZtlwzC78ZmHFvx
userMessage: {"msg":"Vbjj","msg_type":"0","msg_meta":{"room":{},"binary":[],"image":[],"location":[],"user":{}}}
pushStatus: [ messageId=0:1490784358553666%83057c2c66d6cf16 ]
============ 2017-03-29 19:45:58================
============ 2017-03-29 19:46:04================
registrationKey: dyuM2qNuJgY:APA91bE3HNmDoclnEghRHoUjCTwgBC77Lqczk30g5tSXYfJ4-1D8uph7Yg2ALCr9Q-Yl0iHmqPMupsBwt7DyQcx1v-Qae3S_Au1xqOEM0wTf-tv5nt_r4cKdl3VodtZtlwzC78ZmHFvx
userMessage: {"msg":"Vhnj","msg_type":"0","msg_meta":{"room":{},"binary":[],"image":[],"location":[],"user":{}}}
pushStatus: [ messageId=0:1490784364616602%83057c2c66d6cf16 ]
============ 2017-03-29 19:46:04================
============ 2017-03-29 19:46:11================
registrationKey: dyuM2qNuJgY:APA91bE3HNmDoclnEghRHoUjCTwgBC77Lqczk30g5tSXYfJ4-1D8uph7Yg2ALCr9Q-Yl0iHmqPMupsBwt7DyQcx1v-Qae3S_Au1xqOEM0wTf-tv5nt_r4cKdl3VodtZtlwzC78ZmHFvx
userMessage: {"msg":"Bbhjjj","msg_type":"0","msg_meta":{"room":{},"binary":[],"image":[],"location":[],"user":{}}}
pushStatus: [ messageId=0:1490784371013791%83057c2c66d6cf16 ]
============ 2017-03-29 19:46:11================
============ 2017-03-29 19:47:06================
registrationKey: dyuM2qNuJgY:APA91bE3HNmDoclnEghRHoUjCTwgBC77Lqczk30g5tSXYfJ4-1D8uph7Yg2ALCr9Q-Yl0iHmqPMupsBwt7DyQcx1v-Qae3S_Au1xqOEM0wTf-tv5nt_r4cKdl3VodtZtlwzC78ZmHFvx
userMessage: {"msg":"Ggjhffg","msg_type":"0","msg_meta":{"room":{},"binary":[],"image":[],"location":[],"user":{}}}
pushStatus: [ messageId=0:1490784426617011%83057c2c66d6cf16 ]
============ 2017-03-29 19:47:06================
============ 2017-03-29 19:47:12================
registrationKey: dyuM2qNuJgY:APA91bE3HNmDoclnEghRHoUjCTwgBC77Lqczk30g5tSXYfJ4-1D8uph7Yg2ALCr9Q-Yl0iHmqPMupsBwt7DyQcx1v-Qae3S_Au1xqOEM0wTf-tv5nt_r4cKdl3VodtZtlwzC78ZmHFvx
userMessage: {"msg":"Afgi","msg_type":"0","msg_meta":{"room":{},"binary":[],"image":[],"location":[],"user":{}}}
pushStatus: [ messageId=0:1490784432916707%83057c2c66d6cf16 ]
============ 2017-03-29 19:47:12================
============ 2017-03-29 19:49:05================
registrationKey: dyuM2qNuJgY:APA91bE3HNmDoclnEghRHoUjCTwgBC77Lqczk30g5tSXYfJ4-1D8uph7Yg2ALCr9Q-Yl0iHmqPMupsBwt7DyQcx1v-Qae3S_Au1xqOEM0wTf-tv5nt_r4cKdl3VodtZtlwzC78ZmHFvx
userMessage: {"msg":"f","msg_type":0,"msg_meta":{"image":[],"binary":[],"location":[],"room":{"title":"","member":[],"extra":{}},"user":{"name":"","remote_path":"","extra":{}}}}
pushStatus: [ messageId=0:1490784545263015%83057c2c66d6cf16 ]
============ 2017-03-29 19:49:05================
============ 2017-03-29 19:49:54================
registrationKey: dyuM2qNuJgY:APA91bE3HNmDoclnEghRHoUjCTwgBC77Lqczk30g5tSXYfJ4-1D8uph7Yg2ALCr9Q-Yl0iHmqPMupsBwt7DyQcx1v-Qae3S_Au1xqOEM0wTf-tv5nt_r4cKdl3VodtZtlwzC78ZmHFvx
userMessage: {"msg":"Gui","msg_type":"0","msg_meta":{"room":{},"binary":[],"image":[],"location":[],"user":{}}}
pushStatus: [ messageId=0:1490784595032302%83057c2c66d6cf16 ]
============ 2017-03-29 19:49:54================
============ 2017-03-29 19:50:06================
registrationKey: dyuM2qNuJgY:APA91bE3HNmDoclnEghRHoUjCTwgBC77Lqczk30g5tSXYfJ4-1D8uph7Yg2ALCr9Q-Yl0iHmqPMupsBwt7DyQcx1v-Qae3S_Au1xqOEM0wTf-tv5nt_r4cKdl3VodtZtlwzC78ZmHFvx
userMessage: {"msg":"CugggdfgkkG","msg_type":"0","msg_meta":{"room":{},"binary":[],"image":[],"location":[],"user":{}}}
pushStatus: [ messageId=0:1490784606980586%83057c2c66d6cf16 ]
============ 2017-03-29 19:50:06================
============ 2017-03-29 19:50:14================
registrationKey: dyuM2qNuJgY:APA91bE3HNmDoclnEghRHoUjCTwgBC77Lqczk30g5tSXYfJ4-1D8uph7Yg2ALCr9Q-Yl0iHmqPMupsBwt7DyQcx1v-Qae3S_Au1xqOEM0wTf-tv5nt_r4cKdl3VodtZtlwzC78ZmHFvx
userMessage: {"msg":"Ghhjji","msg_type":"0","msg_meta":{"room":{},"binary":[],"image":[],"location":[],"user":{}}}
pushStatus: [ messageId=0:1490784614988360%83057c2c66d6cf16 ]
============ 2017-03-29 19:50:14================
============ 2017-03-29 19:54:11================
registrationKey: dyuM2qNuJgY:APA91bE3HNmDoclnEghRHoUjCTwgBC77Lqczk30g5tSXYfJ4-1D8uph7Yg2ALCr9Q-Yl0iHmqPMupsBwt7DyQcx1v-Qae3S_Au1xqOEM0wTf-tv5nt_r4cKdl3VodtZtlwzC78ZmHFvx
userMessage: {"msg":"Chuugggh","msg_type":"0","msg_meta":{"room":{},"binary":[],"image":[],"location":[],"user":{}}}
pushStatus: [ messageId=0:1490784851151784%83057c2c66d6cf16 ]
============ 2017-03-29 19:54:11================
============ 2017-03-29 19:54:20================
registrationKey: dyuM2qNuJgY:APA91bE3HNmDoclnEghRHoUjCTwgBC77Lqczk30g5tSXYfJ4-1D8uph7Yg2ALCr9Q-Yl0iHmqPMupsBwt7DyQcx1v-Qae3S_Au1xqOEM0wTf-tv5nt_r4cKdl3VodtZtlwzC78ZmHFvx
userMessage: {"msg":"Hiki","msg_type":"0","msg_meta":{"room":{},"binary":[],"image":[],"location":[],"user":{}}}
pushStatus: [ messageId=0:1490784861088172%83057c2c66d6cf16 ]
============ 2017-03-29 19:54:20================
============ 2017-03-29 19:54:32================
registrationKey: dyuM2qNuJgY:APA91bE3HNmDoclnEghRHoUjCTwgBC77Lqczk30g5tSXYfJ4-1D8uph7Yg2ALCr9Q-Yl0iHmqPMupsBwt7DyQcx1v-Qae3S_Au1xqOEM0wTf-tv5nt_r4cKdl3VodtZtlwzC78ZmHFvx
userMessage: {"msg":"Guhh","msg_type":"0","msg_meta":{"room":{},"binary":[],"image":[],"location":[],"user":{}}}
pushStatus: [ messageId=0:1490784873071111%83057c2c66d6cf16 ]
============ 2017-03-29 19:54:32================
============ 2017-03-29 19:54:46================
registrationKey: dyuM2qNuJgY:APA91bE3HNmDoclnEghRHoUjCTwgBC77Lqczk30g5tSXYfJ4-1D8uph7Yg2ALCr9Q-Yl0iHmqPMupsBwt7DyQcx1v-Qae3S_Au1xqOEM0wTf-tv5nt_r4cKdl3VodtZtlwzC78ZmHFvx
userMessage: {"msg":"Vcg","msg_type":"0","msg_meta":{"room":{},"binary":[],"image":[],"location":[],"user":{}}}
pushStatus: [ messageId=0:1490784887074633%83057c2c66d6cf16 ]
============ 2017-03-29 19:54:46================
============ 2017-03-29 19:55:18================
registrationKey: dyuM2qNuJgY:APA91bE3HNmDoclnEghRHoUjCTwgBC77Lqczk30g5tSXYfJ4-1D8uph7Yg2ALCr9Q-Yl0iHmqPMupsBwt7DyQcx1v-Qae3S_Au1xqOEM0wTf-tv5nt_r4cKdl3VodtZtlwzC78ZmHFvx
userMessage: {"msg":"H","msg_type":"0","msg_meta":{"room":{},"binary":[],"image":[],"location":[],"user":{}}}
pushStatus: [ messageId=0:1490784919125379%83057c2c66d6cf16 ]
============ 2017-03-29 19:55:18================
============ 2017-03-29 19:55:33================
registrationKey: dyuM2qNuJgY:APA91bE3HNmDoclnEghRHoUjCTwgBC77Lqczk30g5tSXYfJ4-1D8uph7Yg2ALCr9Q-Yl0iHmqPMupsBwt7DyQcx1v-Qae3S_Au1xqOEM0wTf-tv5nt_r4cKdl3VodtZtlwzC78ZmHFvx
userMessage: {"msg":"Ggggho","msg_type":"0","msg_meta":{"room":{},"binary":[],"image":[],"location":[],"user":{}}}
pushStatus: [ messageId=0:1490784933126851%83057c2c66d6cf16 ]
============ 2017-03-29 19:55:33================
============ 2017-03-29 19:56:39================
registrationKey: dyuM2qNuJgY:APA91bE3HNmDoclnEghRHoUjCTwgBC77Lqczk30g5tSXYfJ4-1D8uph7Yg2ALCr9Q-Yl0iHmqPMupsBwt7DyQcx1v-Qae3S_Au1xqOEM0wTf-tv5nt_r4cKdl3VodtZtlwzC78ZmHFvx
userMessage: {"msg":"Ggghhh","msg_type":"0","msg_meta":{"room":{},"binary":[],"image":[],"location":[],"user":{}}}
pushStatus: [ messageId=0:1490784999212068%83057c2c66d6cf16 ]
============ 2017-03-29 19:56:39================
============ 2017-03-29 19:56:46================
registrationKey: dyuM2qNuJgY:APA91bE3HNmDoclnEghRHoUjCTwgBC77Lqczk30g5tSXYfJ4-1D8uph7Yg2ALCr9Q-Yl0iHmqPMupsBwt7DyQcx1v-Qae3S_Au1xqOEM0wTf-tv5nt_r4cKdl3VodtZtlwzC78ZmHFvx
userMessage: {"msg":"Ff","msg_type":"0","msg_meta":{"room":{},"binary":[],"image":[],"location":[],"user":{}}}
pushStatus: [ messageId=0:1490785007074259%83057c2c66d6cf16 ]
============ 2017-03-29 19:56:46================
============ 2017-03-29 19:58:27================
registrationKey: dyuM2qNuJgY:APA91bE3HNmDoclnEghRHoUjCTwgBC77Lqczk30g5tSXYfJ4-1D8uph7Yg2ALCr9Q-Yl0iHmqPMupsBwt7DyQcx1v-Qae3S_Au1xqOEM0wTf-tv5nt_r4cKdl3VodtZtlwzC78ZmHFvx
userMessage: {"msg":"Cgg","msg_type":"0","msg_meta":{"room":{},"binary":[],"image":[],"location":[],"user":{}}}
pushStatus: [ messageId=0:1490785107138297%83057c2c66d6cf16 ]
============ 2017-03-29 19:58:27================
============ 2017-03-29 19:58:51================
registrationKey: dyuM2qNuJgY:APA91bE3HNmDoclnEghRHoUjCTwgBC77Lqczk30g5tSXYfJ4-1D8uph7Yg2ALCr9Q-Yl0iHmqPMupsBwt7DyQcx1v-Qae3S_Au1xqOEM0wTf-tv5nt_r4cKdl3VodtZtlwzC78ZmHFvx
userMessage: {"msg":"Vcf","msg_type":"0","msg_meta":{"room":{},"binary":[],"image":[],"location":[],"user":{}}}
pushStatus: [ messageId=0:1490785131169487%83057c2c66d6cf16 ]
============ 2017-03-29 19:58:51================
============ 2017-03-29 19:59:43================
registrationKey: dyuM2qNuJgY:APA91bE3HNmDoclnEghRHoUjCTwgBC77Lqczk30g5tSXYfJ4-1D8uph7Yg2ALCr9Q-Yl0iHmqPMupsBwt7DyQcx1v-Qae3S_Au1xqOEM0wTf-tv5nt_r4cKdl3VodtZtlwzC78ZmHFvx
userMessage: {"msg":"Ffg","msg_type":"0","msg_meta":{"room":{},"binary":[],"image":[],"location":[],"user":{}}}
pushStatus: [ messageId=0:1490785183371699%83057c2c66d6cf16 ]
============ 2017-03-29 19:59:43================
============ 2017-03-29 20:02:47================
registrationKey: dyuM2qNuJgY:APA91bE3HNmDoclnEghRHoUjCTwgBC77Lqczk30g5tSXYfJ4-1D8uph7Yg2ALCr9Q-Yl0iHmqPMupsBwt7DyQcx1v-Qae3S_Au1xqOEM0wTf-tv5nt_r4cKdl3VodtZtlwzC78ZmHFvx
userMessage: {"msg":"Fhgg","msg_type":"0","msg_meta":{"room":{},"binary":[],"image":[],"location":[],"user":{}}}
pushStatus: [ messageId=0:1490785367295305%83057c2c66d6cf16 ]
============ 2017-03-29 20:02:47================
============ 2017-03-29 20:20:05================
registrationKey: dyuM2qNuJgY:APA91bE3HNmDoclnEghRHoUjCTwgBC77Lqczk30g5tSXYfJ4-1D8uph7Yg2ALCr9Q-Yl0iHmqPMupsBwt7DyQcx1v-Qae3S_Au1xqOEM0wTf-tv5nt_r4cKdl3VodtZtlwzC78ZmHFvx
userMessage: {"msg":"ㄹㄹ","msg_type":"0","msg_meta":{"room":{},"binary":[],"image":[],"location":[],"user":{}}}
pushStatus: [ messageId=0:1490786405621160%83057c2c66d6cf16 ]
============ 2017-03-29 20:20:05================
============ 2017-03-29 20:20:13================
registrationKey: dyuM2qNuJgY:APA91bE3HNmDoclnEghRHoUjCTwgBC77Lqczk30g5tSXYfJ4-1D8uph7Yg2ALCr9Q-Yl0iHmqPMupsBwt7DyQcx1v-Qae3S_Au1xqOEM0wTf-tv5nt_r4cKdl3VodtZtlwzC78ZmHFvx
userMessage: {"msg":"ㅗ","msg_type":"0","msg_meta":{"room":{},"binary":[],"image":[],"location":[],"user":{}}}
pushStatus: [ messageId=0:1490786413513345%83057c2c66d6cf16 ]
============ 2017-03-29 20:20:13================
============ 2017-03-29 20:21:31================
registrationKey: dyuM2qNuJgY:APA91bE3HNmDoclnEghRHoUjCTwgBC77Lqczk30g5tSXYfJ4-1D8uph7Yg2ALCr9Q-Yl0iHmqPMupsBwt7DyQcx1v-Qae3S_Au1xqOEM0wTf-tv5nt_r4cKdl3VodtZtlwzC78ZmHFvx
userMessage: {"msg":"이미지","msg_type":"1","msg_meta":{"room":{},"binary":[],"image":[{"height":"540.000000","extra":{},"ext":"jpg","width":"960.000000","size":"109955","remote_path":"20170329\/cc6ab1de961a42d584d694f0375a5755.jpg","local_path":"","name":"file_325153502.jpg"}],"location":[],"user":{}}}
pushStatus: [ messageId=0:1490786491534783%83057c2c66d6cf16 ]
============ 2017-03-29 20:21:31================
============ 2017-03-29 20:21:37================
registrationKey: dyuM2qNuJgY:APA91bE3HNmDoclnEghRHoUjCTwgBC77Lqczk30g5tSXYfJ4-1D8uph7Yg2ALCr9Q-Yl0iHmqPMupsBwt7DyQcx1v-Qae3S_Au1xqOEM0wTf-tv5nt_r4cKdl3VodtZtlwzC78ZmHFvx
userMessage: {"msg":"동영상","msg_type":"2","msg_meta":{"room":{},"binary":[{"time":"1","extra":{},"ext":"mov","size":"187945","remote_path":"20170329\/17383956158f46fdaa34cd92afbf3c37.mov","local_path":"","name":"file_469041880.mov"}],"image":[{"height":"1920.000000","extra":{},"ext":"jpg","width":"1080.000000","size":"428015","remote_path":"20170329\/8a5002ed5ed0427d8a9f185a22318155.jpg","local_path":"","name":"file_448379253.jpg"}],"location":[],"user":{}}}
pushStatus: [ messageId=0:1490786497549657%83057c2c66d6cf16 ]
============ 2017-03-29 20:21:37================
============ 2017-03-29 20:23:03================
registrationKey: dyuM2qNuJgY:APA91bE3HNmDoclnEghRHoUjCTwgBC77Lqczk30g5tSXYfJ4-1D8uph7Yg2ALCr9Q-Yl0iHmqPMupsBwt7DyQcx1v-Qae3S_Au1xqOEM0wTf-tv5nt_r4cKdl3VodtZtlwzC78ZmHFvx
userMessage: {"msg":"ㅇㄹㅎ","msg_type":"0","msg_meta":{"room":{},"binary":[],"image":[],"location":[],"user":{}}}
pushStatus: [ messageId=0:1490786583652299%83057c2c66d6cf16 ]
============ 2017-03-29 20:23:03================
============ 2017-03-29 20:25:13================
registrationKey: dyuM2qNuJgY:APA91bE3HNmDoclnEghRHoUjCTwgBC77Lqczk30g5tSXYfJ4-1D8uph7Yg2ALCr9Q-Yl0iHmqPMupsBwt7DyQcx1v-Qae3S_Au1xqOEM0wTf-tv5nt_r4cKdl3VodtZtlwzC78ZmHFvx
userMessage: {"msg":"이미지","msg_type":"1","msg_meta":{"room":{},"binary":[],"image":[{"height":"3024.000000","extra":{},"ext":"jpg","width":"4032.000000","size":"2116771","remote_path":"20170329\/844902c7cdd24f05aa5c0e5fafe7f59e.jpg","local_path":"","name":"file_605834361.jpg"}],"location":[],"user":{}}}
pushStatus: [ messageId=0:1490786713620009%83057c2c66d6cf16 ]
============ 2017-03-29 20:25:13================
============ 2017-03-29 20:26:31================
registrationKey: dyuM2qNuJgY:APA91bE3HNmDoclnEghRHoUjCTwgBC77Lqczk30g5tSXYfJ4-1D8uph7Yg2ALCr9Q-Yl0iHmqPMupsBwt7DyQcx1v-Qae3S_Au1xqOEM0wTf-tv5nt_r4cKdl3VodtZtlwzC78ZmHFvx
userMessage: {"msg":"요ㅕㅏ","msg_type":"0","msg_meta":{"room":{},"binary":[],"image":[],"location":[],"user":{}}}
pushStatus: [ messageId=0:1490786791593516%83057c2c66d6cf16 ]
============ 2017-03-29 20:26:31================
============ 2017-03-29 20:26:47================
registrationKey: dyuM2qNuJgY:APA91bE3HNmDoclnEghRHoUjCTwgBC77Lqczk30g5tSXYfJ4-1D8uph7Yg2ALCr9Q-Yl0iHmqPMupsBwt7DyQcx1v-Qae3S_Au1xqOEM0wTf-tv5nt_r4cKdl3VodtZtlwzC78ZmHFvx
userMessage: {"msg":"ㅎ허ㅓㅏ","msg_type":"0","msg_meta":{"room":{},"binary":[],"image":[],"location":[],"user":{}}}
pushStatus: [ messageId=0:1490786807640360%83057c2c66d6cf16 ]
============ 2017-03-29 20:26:47================
============ 2017-03-29 20:29:16================
registrationKey: dyuM2qNuJgY:APA91bE3HNmDoclnEghRHoUjCTwgBC77Lqczk30g5tSXYfJ4-1D8uph7Yg2ALCr9Q-Yl0iHmqPMupsBwt7DyQcx1v-Qae3S_Au1xqOEM0wTf-tv5nt_r4cKdl3VodtZtlwzC78ZmHFvx
userMessage: {"msg":"bdjewn","msg_type":0,"msg_meta":{"image":[],"binary":[],"location":[],"room":{"title":"","member":[],"extra":{}},"user":{"name":"","remote_path":"","extra":{}}}}
pushStatus: [ errorCode=NotRegistered ]
============ 2017-03-29 20:29:16================
============ 2017-03-29 20:30:15================
registrationKey: dyuM2qNuJgY:APA91bE3HNmDoclnEghRHoUjCTwgBC77Lqczk30g5tSXYfJ4-1D8uph7Yg2ALCr9Q-Yl0iHmqPMupsBwt7DyQcx1v-Qae3S_Au1xqOEM0wTf-tv5nt_r4cKdl3VodtZtlwzC78ZmHFvx
userMessage: {"msg":"오옹","msg_type":"0","msg_meta":{"room":{},"binary":[],"image":[],"location":[],"user":{}}}
pushStatus: [ errorCode=NotRegistered ]
============ 2017-03-29 20:30:15================
============ 2017-03-29 20:31:21================
registrationKey: dyuM2qNuJgY:APA91bE3HNmDoclnEghRHoUjCTwgBC77Lqczk30g5tSXYfJ4-1D8uph7Yg2ALCr9Q-Yl0iHmqPMupsBwt7DyQcx1v-Qae3S_Au1xqOEM0wTf-tv5nt_r4cKdl3VodtZtlwzC78ZmHFvx
userMessage: {"msg":"ub","msg_type":0,"msg_meta":{"image":[],"binary":[],"location":[],"room":{"title":"","member":[],"extra":{}},"user":{"name":"","remote_path":"","extra":{}}}}
pushStatus: [ errorCode=NotRegistered ]
============ 2017-03-29 20:31:21================
============ 2017-03-29 20:31:37================
registrationKey: dyuM2qNuJgY:APA91bE3HNmDoclnEghRHoUjCTwgBC77Lqczk30g5tSXYfJ4-1D8uph7Yg2ALCr9Q-Yl0iHmqPMupsBwt7DyQcx1v-Qae3S_Au1xqOEM0wTf-tv5nt_r4cKdl3VodtZtlwzC78ZmHFvx
userMessage: {"msg":"이미지","msg_type":1,"msg_meta":{"image":[{"width":1746,"height":2328,"name":"8b8ff5dcc19e46319bf387a9f8301ebb.jpg","local_path":"\/storage\/emulated\/0\/Android\/data\/com.appg.talk.hit\/files\/8b8ff5dcc19e46319bf387a9f8301ebb.jpg","remote_path":"20170329\/632d2c03886f439a9b20fde6d9f1514b.jpg","size":2147798,"ext":"jpg","extra":{}}],"binary":[],"location":[],"room":{"title":"","member":[],"extra":{}},"user":{"name":"","remote_path":"","extra":{}}}}
pushStatus: [ errorCode=NotRegistered ]
============ 2017-03-29 20:31:37================
============ 2017-03-29 20:32:07================
registrationKey: dyuM2qNuJgY:APA91bE3HNmDoclnEghRHoUjCTwgBC77Lqczk30g5tSXYfJ4-1D8uph7Yg2ALCr9Q-Yl0iHmqPMupsBwt7DyQcx1v-Qae3S_Au1xqOEM0wTf-tv5nt_r4cKdl3VodtZtlwzC78ZmHFvx
userMessage: {"msg":"동영상","msg_type":"2","msg_meta":{"room":{},"binary":[{"time":"1","extra":{},"ext":"mov","size":"187945","remote_path":"20170329\/b12b686f738546298bf44e28204996ca.mov","local_path":"","name":"file_643174603.mov"}],"image":[{"height":"1920.000000","extra":{},"ext":"jpg","width":"1080.000000","size":"428015","remote_path":"20170329\/b3e10a9efef4409db81d6056b2cbc321.jpg","local_path":"","name":"file_617366111.jpg"}],"location":[],"user":{}}}
pushStatus: [ errorCode=NotRegistered ]
============ 2017-03-29 20:32:07================
============ 2017-03-29 20:32:37================
registrationKey: dyuM2qNuJgY:APA91bE3HNmDoclnEghRHoUjCTwgBC77Lqczk30g5tSXYfJ4-1D8uph7Yg2ALCr9Q-Yl0iHmqPMupsBwt7DyQcx1v-Qae3S_Au1xqOEM0wTf-tv5nt_r4cKdl3VodtZtlwzC78ZmHFvx
userMessage: {"msg":"동영상","msg_type":2,"msg_meta":{"image":[{"width":384,"height":512,"name":"1490787152627.jpg","local_path":"\/storage\/emulated\/0\/DCIM\/.thumbnails\/1490787152627.jpg","remote_path":"20170329\/6a40904cd54f46058b096fd44511c109.jpg","size":38462,"ext":"jpg","extra":{}}],"binary":[{"name":"20170329_203226.mp4","local_path":"\/storage\/emulated\/0\/DCIM\/Camera\/20170329_203226.mp4","remote_path":"20170329\/abf771cf25b942d68c7dead13d52bdf8.mp4","size":2998394,"ext":"mp4","time":3,"extra":{}}],"location":[],"room":{"title":"","member":[],"extra":{}},"user":{"name":"","remote_path":"","extra":{}}}}
pushStatus: [ errorCode=NotRegistered ]
============ 2017-03-29 20:32:37================
============ 2017-03-29 20:33:35================
registrationKey: dyuM2qNuJgY:APA91bE3HNmDoclnEghRHoUjCTwgBC77Lqczk30g5tSXYfJ4-1D8uph7Yg2ALCr9Q-Yl0iHmqPMupsBwt7DyQcx1v-Qae3S_Au1xqOEM0wTf-tv5nt_r4cKdl3VodtZtlwzC78ZmHFvx
userMessage: {"msg":"vjvuvo","msg_type":0,"msg_meta":{"image":[],"binary":[],"location":[],"room":{"title":"","member":[],"extra":{}},"user":{"name":"","remote_path":"","extra":{}}}}
pushStatus: [ errorCode=NotRegistered ]
============ 2017-03-29 20:33:35================
============ 2017-03-29 20:33:37================
registrationKey: dyuM2qNuJgY:APA91bE3HNmDoclnEghRHoUjCTwgBC77Lqczk30g5tSXYfJ4-1D8uph7Yg2ALCr9Q-Yl0iHmqPMupsBwt7DyQcx1v-Qae3S_Au1xqOEM0wTf-tv5nt_r4cKdl3VodtZtlwzC78ZmHFvx
userMessage: {"msg":"bjnin","msg_type":0,"msg_meta":{"image":[],"binary":[],"location":[],"room":{"title":"","member":[],"extra":{}},"user":{"name":"","remote_path":"","extra":{}}}}
pushStatus: [ errorCode=NotRegistered ]
============ 2017-03-29 20:33:37================
============ 2017-03-29 20:33:39================
registrationKey: dyuM2qNuJgY:APA91bE3HNmDoclnEghRHoUjCTwgBC77Lqczk30g5tSXYfJ4-1D8uph7Yg2ALCr9Q-Yl0iHmqPMupsBwt7DyQcx1v-Qae3S_Au1xqOEM0wTf-tv5nt_r4cKdl3VodtZtlwzC78ZmHFvx
userMessage: {"msg":"nibib","msg_type":0,"msg_meta":{"image":[],"binary":[],"location":[],"room":{"title":"","member":[],"extra":{}},"user":{"name":"","remote_path":"","extra":{}}}}
pushStatus: [ errorCode=NotRegistered ]
============ 2017-03-29 20:33:39================
============ 2017-03-29 20:33:41================
registrationKey: dyuM2qNuJgY:APA91bE3HNmDoclnEghRHoUjCTwgBC77Lqczk30g5tSXYfJ4-1D8uph7Yg2ALCr9Q-Yl0iHmqPMupsBwt7DyQcx1v-Qae3S_Au1xqOEM0wTf-tv5nt_r4cKdl3VodtZtlwzC78ZmHFvx
userMessage: {"msg":" h uj","msg_type":0,"msg_meta":{"image":[],"binary":[],"location":[],"room":{"title":"","member":[],"extra":{}},"user":{"name":"","remote_path":"","extra":{}}}}
pushStatus: [ errorCode=NotRegistered ]
============ 2017-03-29 20:33:41================
============ 2017-03-29 20:33:43================
registrationKey: dyuM2qNuJgY:APA91bE3HNmDoclnEghRHoUjCTwgBC77Lqczk30g5tSXYfJ4-1D8uph7Yg2ALCr9Q-Yl0iHmqPMupsBwt7DyQcx1v-Qae3S_Au1xqOEM0wTf-tv5nt_r4cKdl3VodtZtlwzC78ZmHFvx
userMessage: {"msg":"vyvu","msg_type":0,"msg_meta":{"image":[],"binary":[],"location":[],"room":{"title":"","member":[],"extra":{}},"user":{"name":"","remote_path":"","extra":{}}}}
pushStatus: [ errorCode=NotRegistered ]
============ 2017-03-29 20:33:43================
============ 2017-03-29 20:33:45================
registrationKey: dyuM2qNuJgY:APA91bE3HNmDoclnEghRHoUjCTwgBC77Lqczk30g5tSXYfJ4-1D8uph7Yg2ALCr9Q-Yl0iHmqPMupsBwt7DyQcx1v-Qae3S_Au1xqOEM0wTf-tv5nt_r4cKdl3VodtZtlwzC78ZmHFvx
userMessage: {"msg":"jibi","msg_type":0,"msg_meta":{"image":[],"binary":[],"location":[],"room":{"title":"","member":[],"extra":{}},"user":{"name":"","remote_path":"","extra":{}}}}
pushStatus: [ errorCode=NotRegistered ]
============ 2017-03-29 20:33:45================
============ 2017-03-29 20:33:47================
registrationKey: dyuM2qNuJgY:APA91bE3HNmDoclnEghRHoUjCTwgBC77Lqczk30g5tSXYfJ4-1D8uph7Yg2ALCr9Q-Yl0iHmqPMupsBwt7DyQcx1v-Qae3S_Au1xqOEM0wTf-tv5nt_r4cKdl3VodtZtlwzC78ZmHFvx
userMessage: {"msg":"huhi","msg_type":0,"msg_meta":{"image":[],"binary":[],"location":[],"room":{"title":"","member":[],"extra":{}},"user":{"name":"","remote_path":"","extra":{}}}}
pushStatus: [ errorCode=NotRegistered ]
============ 2017-03-29 20:33:47================
============ 2017-03-29 20:33:51================
registrationKey: dyuM2qNuJgY:APA91bE3HNmDoclnEghRHoUjCTwgBC77Lqczk30g5tSXYfJ4-1D8uph7Yg2ALCr9Q-Yl0iHmqPMupsBwt7DyQcx1v-Qae3S_Au1xqOEM0wTf-tv5nt_r4cKdl3VodtZtlwzC78ZmHFvx
userMessage: {"msg":"buvub","msg_type":0,"msg_meta":{"image":[],"binary":[],"location":[],"room":{"title":"","member":[],"extra":{}},"user":{"name":"","remote_path":"","extra":{}}}}
pushStatus: [ errorCode=NotRegistered ]
============ 2017-03-29 20:33:51================
============ 2017-03-29 20:33:53================
registrationKey: dyuM2qNuJgY:APA91bE3HNmDoclnEghRHoUjCTwgBC77Lqczk30g5tSXYfJ4-1D8uph7Yg2ALCr9Q-Yl0iHmqPMupsBwt7DyQcx1v-Qae3S_Au1xqOEM0wTf-tv5nt_r4cKdl3VodtZtlwzC78ZmHFvx
userMessage: {"msg":"buvi","msg_type":0,"msg_meta":{"image":[],"binary":[],"location":[],"room":{"title":"","member":[],"extra":{}},"user":{"name":"","remote_path":"","extra":{}}}}
pushStatus: [ errorCode=NotRegistered ]
============ 2017-03-29 20:33:53================
============ 2017-03-29 20:33:55================
registrationKey: dyuM2qNuJgY:APA91bE3HNmDoclnEghRHoUjCTwgBC77Lqczk30g5tSXYfJ4-1D8uph7Yg2ALCr9Q-Yl0iHmqPMupsBwt7DyQcx1v-Qae3S_Au1xqOEM0wTf-tv5nt_r4cKdl3VodtZtlwzC78ZmHFvx
userMessage: {"msg":"초ㅠㅠ","msg_type":"0","msg_meta":{"room":{},"binary":[],"image":[],"location":[],"user":{}}}
pushStatus: [ errorCode=NotRegistered ]
============ 2017-03-29 20:33:55================
============ 2017-03-29 20:34:01================
registrationKey: dyuM2qNuJgY:APA91bE3HNmDoclnEghRHoUjCTwgBC77Lqczk30g5tSXYfJ4-1D8uph7Yg2ALCr9Q-Yl0iHmqPMupsBwt7DyQcx1v-Qae3S_Au1xqOEM0wTf-tv5nt_r4cKdl3VodtZtlwzC78ZmHFvx
userMessage: {"msg":"푸퍼ㅓㅎ","msg_type":"0","msg_meta":{"room":{},"binary":[],"image":[],"location":[],"user":{}}}
pushStatus: [ errorCode=NotRegistered ]
============ 2017-03-29 20:34:01================
============ 2017-03-29 20:34:07================
registrationKey: dyuM2qNuJgY:APA91bE3HNmDoclnEghRHoUjCTwgBC77Lqczk30g5tSXYfJ4-1D8uph7Yg2ALCr9Q-Yl0iHmqPMupsBwt7DyQcx1v-Qae3S_Au1xqOEM0wTf-tv5nt_r4cKdl3VodtZtlwzC78ZmHFvx
userMessage: {"msg":"머파","msg_type":"0","msg_meta":{"room":{},"binary":[],"image":[],"location":[],"user":{}}}
pushStatus: [ errorCode=NotRegistered ]
============ 2017-03-29 20:34:07================
============ 2017-03-29 20:35:50================
registrationKey: dyuM2qNuJgY:APA91bE3HNmDoclnEghRHoUjCTwgBC77Lqczk30g5tSXYfJ4-1D8uph7Yg2ALCr9Q-Yl0iHmqPMupsBwt7DyQcx1v-Qae3S_Au1xqOEM0wTf-tv5nt_r4cKdl3VodtZtlwzC78ZmHFvx
userMessage: {"msg":"뢀ㄹ","msg_type":"0","msg_meta":{"room":{},"binary":[],"image":[],"location":[],"user":{}}}
pushStatus: [ errorCode=NotRegistered ]
============ 2017-03-29 20:35:50================
============ 2017-03-29 20:36:51================
registrationKey: dyuM2qNuJgY:APA91bE3HNmDoclnEghRHoUjCTwgBC77Lqczk30g5tSXYfJ4-1D8uph7Yg2ALCr9Q-Yl0iHmqPMupsBwt7DyQcx1v-Qae3S_Au1xqOEM0wTf-tv5nt_r4cKdl3VodtZtlwzC78ZmHFvx
userMessage: {"msg":"러ㅓ엉","msg_type":0,"msg_meta":{"image":[],"binary":[],"location":[],"room":{"title":"","member":[],"extra":{}},"user":{"name":"","remote_path":"","extra":{}}}}
pushStatus: [ errorCode=NotRegistered ]
============ 2017-03-29 20:36:51================
============ 2017-03-29 20:36:55================
registrationKey: dyuM2qNuJgY:APA91bE3HNmDoclnEghRHoUjCTwgBC77Lqczk30g5tSXYfJ4-1D8uph7Yg2ALCr9Q-Yl0iHmqPMupsBwt7DyQcx1v-Qae3S_Au1xqOEM0wTf-tv5nt_r4cKdl3VodtZtlwzC78ZmHFvx
userMessage: {"msg":"아ㅏ인","msg_type":0,"msg_meta":{"image":[],"binary":[],"location":[],"room":{"title":"","member":[],"extra":{}},"user":{"name":"","remote_path":"","extra":{}}}}
pushStatus: [ errorCode=NotRegistered ]
============ 2017-03-29 20:36:55================
============ 2017-03-29 20:36:57================
registrationKey: dyuM2qNuJgY:APA91bE3HNmDoclnEghRHoUjCTwgBC77Lqczk30g5tSXYfJ4-1D8uph7Yg2ALCr9Q-Yl0iHmqPMupsBwt7DyQcx1v-Qae3S_Au1xqOEM0wTf-tv5nt_r4cKdl3VodtZtlwzC78ZmHFvx
userMessage: {"msg":"츄탙","msg_type":0,"msg_meta":{"image":[],"binary":[],"location":[],"room":{"title":"","member":[],"extra":{}},"user":{"name":"","remote_path":"","extra":{}}}}
pushStatus: [ errorCode=NotRegistered ]
============ 2017-03-29 20:36:57================
============ 2017-03-29 20:37:35================
registrationKey: dyuM2qNuJgY:APA91bE3HNmDoclnEghRHoUjCTwgBC77Lqczk30g5tSXYfJ4-1D8uph7Yg2ALCr9Q-Yl0iHmqPMupsBwt7DyQcx1v-Qae3S_Au1xqOEM0wTf-tv5nt_r4cKdl3VodtZtlwzC78ZmHFvx
userMessage: {"msg":"하탛ㅌ","msg_type":0,"msg_meta":{"image":[],"binary":[],"location":[],"room":{"title":"","member":[],"extra":{}},"user":{"name":"","remote_path":"","extra":{}}}}
pushStatus: [ errorCode=NotRegistered ]
============ 2017-03-29 20:37:35================
============ 2017-03-29 20:37:42================
registrationKey: dyuM2qNuJgY:APA91bE3HNmDoclnEghRHoUjCTwgBC77Lqczk30g5tSXYfJ4-1D8uph7Yg2ALCr9Q-Yl0iHmqPMupsBwt7DyQcx1v-Qae3S_Au1xqOEM0wTf-tv5nt_r4cKdl3VodtZtlwzC78ZmHFvx
userMessage: {"msg":"헠ㅋ","msg_type":0,"msg_meta":{"image":[],"binary":[],"location":[],"room":{"title":"","member":[],"extra":{}},"user":{"name":"","remote_path":"","extra":{}}}}
pushStatus: [ errorCode=NotRegistered ]
============ 2017-03-29 20:37:42================
============ 2017-03-29 20:37:48================
registrationKey: dyuM2qNuJgY:APA91bE3HNmDoclnEghRHoUjCTwgBC77Lqczk30g5tSXYfJ4-1D8uph7Yg2ALCr9Q-Yl0iHmqPMupsBwt7DyQcx1v-Qae3S_Au1xqOEM0wTf-tv5nt_r4cKdl3VodtZtlwzC78ZmHFvx
userMessage: {"msg":"ㅍㅊ쳐채","msg_type":0,"msg_meta":{"image":[],"binary":[],"location":[],"room":{"title":"","member":[],"extra":{}},"user":{"name":"","remote_path":"","extra":{}}}}
pushStatus: [ errorCode=NotRegistered ]
============ 2017-03-29 20:37:48================
============ 2017-03-29 20:45:36================
registrationKey: dyuM2qNuJgY:APA91bE3HNmDoclnEghRHoUjCTwgBC77Lqczk30g5tSXYfJ4-1D8uph7Yg2ALCr9Q-Yl0iHmqPMupsBwt7DyQcx1v-Qae3S_Au1xqOEM0wTf-tv5nt_r4cKdl3VodtZtlwzC78ZmHFvx
userMessage: {"msg":"위치","msg_type":5,"msg_meta":{"image":[{"width":1440,"height":1892,"name":"9d77f3199fbf4c28b0bffc81ab2cbff3.jpg","local_path":"\/storage\/emulated\/0\/Android\/data\/com.appg.talk.hit\/files\/9d77f3199fbf4c28b0bffc81ab2cbff3.jpg","remote_path":"20170329\/a055685433dc4e8792392f34164ff9e9.jpg","size":1607843,"ext":"jpg","extra":{}}],"binary":[],"location":[{"latitude":37.51333107960302,"longitude":127.02749513089657,"address":"서울특별시 강남구 논현1동 57-37","extra":{}}],"room":{"title":"","member":[],"extra":{}},"user":{"name":"","remote_path":"","extra":{}}}}
pushStatus: [ errorCode=NotRegistered ]
============ 2017-03-29 20:45:36================
============ 2017-03-29 20:46:42================
registrationKey: dyuM2qNuJgY:APA91bE3HNmDoclnEghRHoUjCTwgBC77Lqczk30g5tSXYfJ4-1D8uph7Yg2ALCr9Q-Yl0iHmqPMupsBwt7DyQcx1v-Qae3S_Au1xqOEM0wTf-tv5nt_r4cKdl3VodtZtlwzC78ZmHFvx
userMessage: {"msg":"호화","msg_type":0,"msg_meta":{"image":[],"binary":[],"location":[],"room":{"title":"","member":[],"extra":{}},"user":{"name":"","remote_path":"","extra":{}}}}
pushStatus: [ errorCode=NotRegistered ]
============ 2017-03-29 20:46:42================
============ 2017-03-29 20:49:10================
registrationKey: dyuM2qNuJgY:APA91bE3HNmDoclnEghRHoUjCTwgBC77Lqczk30g5tSXYfJ4-1D8uph7Yg2ALCr9Q-Yl0iHmqPMupsBwt7DyQcx1v-Qae3S_Au1xqOEM0wTf-tv5nt_r4cKdl3VodtZtlwzC78ZmHFvx
userMessage: {"msg":"ㅗㅗㅓ","msg_type":"0","msg_meta":{"room":{},"binary":[],"image":[],"location":[],"user":{}}}
pushStatus: [ errorCode=NotRegistered ]
============ 2017-03-29 20:49:10================
============ 2017-03-29 20:59:16================
registrationKey: dyuM2qNuJgY:APA91bE3HNmDoclnEghRHoUjCTwgBC77Lqczk30g5tSXYfJ4-1D8uph7Yg2ALCr9Q-Yl0iHmqPMupsBwt7DyQcx1v-Qae3S_Au1xqOEM0wTf-tv5nt_r4cKdl3VodtZtlwzC78ZmHFvx
userMessage: {"msg":"ㅝㅜㅑㅞㅜㅐ","msg_type":0,"msg_meta":{"image":[],"binary":[],"location":[],"room":{"title":"","member":[],"extra":{}},"user":{"name":"","remote_path":"","extra":{}}}}
pushStatus: [ errorCode=NotRegistered ]
============ 2017-03-29 20:59:16================
============ 2017-03-29 20:59:20================
registrationKey: dyuM2qNuJgY:APA91bE3HNmDoclnEghRHoUjCTwgBC77Lqczk30g5tSXYfJ4-1D8uph7Yg2ALCr9Q-Yl0iHmqPMupsBwt7DyQcx1v-Qae3S_Au1xqOEM0wTf-tv5nt_r4cKdl3VodtZtlwzC78ZmHFvx
userMessage: {"msg":"ㅍ토오오ㅓ","msg_type":"0","msg_meta":{"room":{},"binary":[],"image":[],"location":[],"user":{}}}
pushStatus: [ errorCode=NotRegistered ]
============ 2017-03-29 20:59:20================
============ 2017-03-29 20:59:24================
registrationKey: dyuM2qNuJgY:APA91bE3HNmDoclnEghRHoUjCTwgBC77Lqczk30g5tSXYfJ4-1D8uph7Yg2ALCr9Q-Yl0iHmqPMupsBwt7DyQcx1v-Qae3S_Au1xqOEM0wTf-tv5nt_r4cKdl3VodtZtlwzC78ZmHFvx
userMessage: {"msg":"열려하러파ㅠㅓ파퍼퓨ㅏㅏㅏ","msg_type":"0","msg_meta":{"room":{},"binary":[],"image":[],"location":[],"user":{}}}
pushStatus: [ errorCode=NotRegistered ]
============ 2017-03-29 20:59:24================
============ 2017-03-29 20:59:26================
registrationKey: dyuM2qNuJgY:APA91bE3HNmDoclnEghRHoUjCTwgBC77Lqczk30g5tSXYfJ4-1D8uph7Yg2ALCr9Q-Yl0iHmqPMupsBwt7DyQcx1v-Qae3S_Au1xqOEM0wTf-tv5nt_r4cKdl3VodtZtlwzC78ZmHFvx
userMessage: {"msg":"ㅗㅑㅠㅑㅠ","msg_type":0,"msg_meta":{"image":[],"binary":[],"location":[],"room":{"title":"","member":[],"extra":{}},"user":{"name":"","remote_path":"","extra":{}}}}
pushStatus: [ errorCode=NotRegistered ]
============ 2017-03-29 20:59:26================
============ 2017-03-29 20:59:44================
registrationKey: dyuM2qNuJgY:APA91bE3HNmDoclnEghRHoUjCTwgBC77Lqczk30g5tSXYfJ4-1D8uph7Yg2ALCr9Q-Yl0iHmqPMupsBwt7DyQcx1v-Qae3S_Au1xqOEM0wTf-tv5nt_r4cKdl3VodtZtlwzC78ZmHFvx
userMessage: {"msg":"ㄱㄹㄹㅎ","msg_type":0,"msg_meta":{"image":[],"binary":[],"location":[],"room":{"title":"","member":[],"extra":{}},"user":{"name":"","remote_path":"","extra":{}}}}
pushStatus: [ errorCode=NotRegistered ]
============ 2017-03-29 20:59:44================
============ 2017-03-29 20:59:54================
registrationKey: dyuM2qNuJgY:APA91bE3HNmDoclnEghRHoUjCTwgBC77Lqczk30g5tSXYfJ4-1D8uph7Yg2ALCr9Q-Yl0iHmqPMupsBwt7DyQcx1v-Qae3S_Au1xqOEM0wTf-tv5nt_r4cKdl3VodtZtlwzC78ZmHFvx
userMessage: {"msg":"ㅛㅓㅓㅗ","msg_type":0,"msg_meta":{"image":[],"binary":[],"location":[],"room":{"title":"","member":[],"extra":{}},"user":{"name":"","remote_path":"","extra":{}}}}
pushStatus: [ errorCode=NotRegistered ]
============ 2017-03-29 20:59:54================
============ 2017-03-29 21:00:08================
registrationKey: dyuM2qNuJgY:APA91bE3HNmDoclnEghRHoUjCTwgBC77Lqczk30g5tSXYfJ4-1D8uph7Yg2ALCr9Q-Yl0iHmqPMupsBwt7DyQcx1v-Qae3S_Au1xqOEM0wTf-tv5nt_r4cKdl3VodtZtlwzC78ZmHFvx
userMessage: {"msg":"ㅍ너엉","msg_type":"0","msg_meta":{"room":{},"binary":[],"image":[],"location":[],"user":{}}}
pushStatus: [ errorCode=NotRegistered ]
============ 2017-03-29 21:00:08================
============ 2017-03-29 21:03:58================
registrationKey: dyuM2qNuJgY:APA91bE3HNmDoclnEghRHoUjCTwgBC77Lqczk30g5tSXYfJ4-1D8uph7Yg2ALCr9Q-Yl0iHmqPMupsBwt7DyQcx1v-Qae3S_Au1xqOEM0wTf-tv5nt_r4cKdl3VodtZtlwzC78ZmHFvx
userMessage: {"msg":"ㅗㅕ","msg_type":0,"msg_meta":{"image":[],"binary":[],"location":[],"room":{"title":"","member":[],"extra":{}},"user":{"name":"","remote_path":"","extra":{}}}}
pushStatus: [ errorCode=NotRegistered ]
============ 2017-03-29 21:03:58================
============ 2017-03-29 21:04:00================
registrationKey: dyuM2qNuJgY:APA91bE3HNmDoclnEghRHoUjCTwgBC77Lqczk30g5tSXYfJ4-1D8uph7Yg2ALCr9Q-Yl0iHmqPMupsBwt7DyQcx1v-Qae3S_Au1xqOEM0wTf-tv5nt_r4cKdl3VodtZtlwzC78ZmHFvx
userMessage: {"msg":"ㅠㅑㅍ","msg_type":0,"msg_meta":{"image":[],"binary":[],"location":[],"room":{"title":"","member":[],"extra":{}},"user":{"name":"","remote_path":"","extra":{}}}}
pushStatus: [ errorCode=NotRegistered ]
============ 2017-03-29 21:04:00================
============ 2017-03-29 21:06:02================
registrationKey: dyuM2qNuJgY:APA91bE3HNmDoclnEghRHoUjCTwgBC77Lqczk30g5tSXYfJ4-1D8uph7Yg2ALCr9Q-Yl0iHmqPMupsBwt7DyQcx1v-Qae3S_Au1xqOEM0wTf-tv5nt_r4cKdl3VodtZtlwzC78ZmHFvx
userMessage: {"msg":"ㅑㅠㅑㅑㅠ","msg_type":0,"msg_meta":{"image":[],"binary":[],"location":[],"room":{"title":"","member":[],"extra":{}},"user":{"name":"","remote_path":"","extra":{}}}}
pushStatus: [ errorCode=NotRegistered ]
============ 2017-03-29 21:06:02================
============ 2017-03-29 21:17:08================
registrationKey: dyuM2qNuJgY:APA91bE3HNmDoclnEghRHoUjCTwgBC77Lqczk30g5tSXYfJ4-1D8uph7Yg2ALCr9Q-Yl0iHmqPMupsBwt7DyQcx1v-Qae3S_Au1xqOEM0wTf-tv5nt_r4cKdl3VodtZtlwzC78ZmHFvx
userMessage: {"msg":"이미지","msg_type":1,"msg_meta":{"image":[{"width":1746,"height":2328,"name":"ed1753d43901446b837a3aa8e825cefa.jpg","local_path":"\/storage\/emulated\/0\/Android\/data\/com.appg.talk.hit\/files\/ed1753d43901446b837a3aa8e825cefa.jpg","remote_path":"20170329\/034171295bc34e90b262c4e24ae385b9.jpg","size":1801205,"ext":"jpg","extra":{}}],"binary":[],"location":[],"room":{"title":"","member":[],"extra":{}},"user":{"name":"","remote_path":"","extra":{}}}}
pushStatus: [ errorCode=NotRegistered ]
============ 2017-03-29 21:17:08================
============ 2017-03-29 21:20:12================
registrationKey: dyuM2qNuJgY:APA91bE3HNmDoclnEghRHoUjCTwgBC77Lqczk30g5tSXYfJ4-1D8uph7Yg2ALCr9Q-Yl0iHmqPMupsBwt7DyQcx1v-Qae3S_Au1xqOEM0wTf-tv5nt_r4cKdl3VodtZtlwzC78ZmHFvx
userMessage: {"msg":"ㅍㅍ포ㅓㅏㅔ","msg_type":"0","msg_meta":{"room":{},"binary":[],"image":[],"location":[],"user":{}}}
pushStatus: [ errorCode=NotRegistered ]
============ 2017-03-29 21:20:12================
============ 2017-03-29 21:20:18================
registrationKey: dyuM2qNuJgY:APA91bE3HNmDoclnEghRHoUjCTwgBC77Lqczk30g5tSXYfJ4-1D8uph7Yg2ALCr9Q-Yl0iHmqPMupsBwt7DyQcx1v-Qae3S_Au1xqOEM0wTf-tv5nt_r4cKdl3VodtZtlwzC78ZmHFvx
userMessage: {"msg":"ㅊㅊㅊㄹ","msg_type":"0","msg_meta":{"room":{},"binary":[],"image":[],"location":[],"user":{}}}
pushStatus: [ errorCode=NotRegistered ]
============ 2017-03-29 21:20:18================
============ 2017-03-29 21:20:30================
registrationKey: dyuM2qNuJgY:APA91bE3HNmDoclnEghRHoUjCTwgBC77Lqczk30g5tSXYfJ4-1D8uph7Yg2ALCr9Q-Yl0iHmqPMupsBwt7DyQcx1v-Qae3S_Au1xqOEM0wTf-tv5nt_r4cKdl3VodtZtlwzC78ZmHFvx
userMessage: {"msg":"ㅗ어라레","msg_type":"0","msg_meta":{"room":{},"binary":[],"image":[],"location":[],"user":{}}}
pushStatus: [ errorCode=NotRegistered ]
============ 2017-03-29 21:20:30================
============ 2017-03-29 21:20:42================
registrationKey: dyuM2qNuJgY:APA91bE3HNmDoclnEghRHoUjCTwgBC77Lqczk30g5tSXYfJ4-1D8uph7Yg2ALCr9Q-Yl0iHmqPMupsBwt7DyQcx1v-Qae3S_Au1xqOEM0wTf-tv5nt_r4cKdl3VodtZtlwzC78ZmHFvx
userMessage: {"msg":"ㅇ루러라ㅏ파리채ㅐㅊㅍ","msg_type":"0","msg_meta":{"room":{},"binary":[],"image":[],"location":[],"user":{}}}
pushStatus: [ errorCode=NotRegistered ]
============ 2017-03-29 21:20:42================
============ 2017-03-29 21:20:46================
registrationKey: dyuM2qNuJgY:APA91bE3HNmDoclnEghRHoUjCTwgBC77Lqczk30g5tSXYfJ4-1D8uph7Yg2ALCr9Q-Yl0iHmqPMupsBwt7DyQcx1v-Qae3S_Au1xqOEM0wTf-tv5nt_r4cKdl3VodtZtlwzC78ZmHFvx
userMessage: {"msg":"뉴뉴","msg_type":0,"msg_meta":{"image":[],"binary":[],"location":[],"room":{"title":"","member":[],"extra":{}},"user":{"name":"","remote_path":"","extra":{}}}}
pushStatus: [ errorCode=NotRegistered ]
============ 2017-03-29 21:20:46================
============ 2017-03-29 21:20:52================
registrationKey: dyuM2qNuJgY:APA91bE3HNmDoclnEghRHoUjCTwgBC77Lqczk30g5tSXYfJ4-1D8uph7Yg2ALCr9Q-Yl0iHmqPMupsBwt7DyQcx1v-Qae3S_Au1xqOEM0wTf-tv5nt_r4cKdl3VodtZtlwzC78ZmHFvx
userMessage: {"msg":"ㄹㄹ호","msg_type":"0","msg_meta":{"room":{},"binary":[],"image":[],"location":[],"user":{}}}
pushStatus: [ errorCode=NotRegistered ]
============ 2017-03-29 21:20:52================
============ 2017-03-29 21:29:36================
registrationKey: dyuM2qNuJgY:APA91bE3HNmDoclnEghRHoUjCTwgBC77Lqczk30g5tSXYfJ4-1D8uph7Yg2ALCr9Q-Yl0iHmqPMupsBwt7DyQcx1v-Qae3S_Au1xqOEM0wTf-tv5nt_r4cKdl3VodtZtlwzC78ZmHFvx
userMessage: {"msg":"어어","msg_type":0,"msg_meta":{"image":[],"binary":[],"location":[],"room":{"title":"","member":[],"extra":{}},"user":{"name":"","remote_path":"","extra":{}}}}
pushStatus: [ errorCode=NotRegistered ]
============ 2017-03-29 21:29:36================
============ 2017-03-29 21:29:38================
registrationKey: dyuM2qNuJgY:APA91bE3HNmDoclnEghRHoUjCTwgBC77Lqczk30g5tSXYfJ4-1D8uph7Yg2ALCr9Q-Yl0iHmqPMupsBwt7DyQcx1v-Qae3S_Au1xqOEM0wTf-tv5nt_r4cKdl3VodtZtlwzC78ZmHFvx
userMessage: {"msg":"ㄹ라","msg_type":0,"msg_meta":{"image":[],"binary":[],"location":[],"room":{"title":"","member":[],"extra":{}},"user":{"name":"","remote_path":"","extra":{}}}}
pushStatus: [ errorCode=NotRegistered ]
============ 2017-03-29 21:29:38================
============ 2017-03-29 21:29:40================
registrationKey: dyuM2qNuJgY:APA91bE3HNmDoclnEghRHoUjCTwgBC77Lqczk30g5tSXYfJ4-1D8uph7Yg2ALCr9Q-Yl0iHmqPMupsBwt7DyQcx1v-Qae3S_Au1xqOEM0wTf-tv5nt_r4cKdl3VodtZtlwzC78ZmHFvx
userMessage: {"msg":"루르","msg_type":0,"msg_meta":{"image":[],"binary":[],"location":[],"room":{"title":"","member":[],"extra":{}},"user":{"name":"","remote_path":"","extra":{}}}}
pushStatus: [ errorCode=NotRegistered ]
============ 2017-03-29 21:29:40================
============ 2017-03-29 21:29:42================
registrationKey: dyuM2qNuJgY:APA91bE3HNmDoclnEghRHoUjCTwgBC77Lqczk30g5tSXYfJ4-1D8uph7Yg2ALCr9Q-Yl0iHmqPMupsBwt7DyQcx1v-Qae3S_Au1xqOEM0wTf-tv5nt_r4cKdl3VodtZtlwzC78ZmHFvx
userMessage: {"msg":"러라찿","msg_type":0,"msg_meta":{"image":[],"binary":[],"location":[],"room":{"title":"","member":[],"extra":{}},"user":{"name":"","remote_path":"","extra":{}}}}
pushStatus: [ errorCode=NotRegistered ]
============ 2017-03-29 21:29:42================
============ 2017-03-29 21:37:02================
registrationKey: dyuM2qNuJgY:APA91bE3HNmDoclnEghRHoUjCTwgBC77Lqczk30g5tSXYfJ4-1D8uph7Yg2ALCr9Q-Yl0iHmqPMupsBwt7DyQcx1v-Qae3S_Au1xqOEM0wTf-tv5nt_r4cKdl3VodtZtlwzC78ZmHFvx
userMessage: {"msg":"동영상","msg_type":2,"msg_meta":{"image":[{"width":384,"height":512,"name":"1490791018825.jpg","local_path":"\/storage\/emulated\/0\/DCIM\/.thumbnails\/1490791018825.jpg","remote_path":"20170329\/66382cff088b4904bc3c16ca2f68b394.jpg","size":32054,"ext":"jpg","extra":{}}],"binary":[{"name":"20170329_213654.mp4","local_path":"\/storage\/emulated\/0\/DCIM\/Camera\/20170329_213654.mp4","remote_path":"20170329\/8fc6f36ead5840cf8debec8207b701b7.mp4","size":2138831,"ext":"mp4","time":2,"extra":{}}],"location":[],"room":{"title":"","member":[],"extra":{}},"user":{"name":"","remote_path":"","extra":{}}}}
pushStatus: [ errorCode=NotRegistered ]
============ 2017-03-29 21:37:02================
============ 2017-03-29 21:37:19================
registrationKey: dyuM2qNuJgY:APA91bE3HNmDoclnEghRHoUjCTwgBC77Lqczk30g5tSXYfJ4-1D8uph7Yg2ALCr9Q-Yl0iHmqPMupsBwt7DyQcx1v-Qae3S_Au1xqOEM0wTf-tv5nt_r4cKdl3VodtZtlwzC78ZmHFvx
userMessage: {"msg":"ㅜ러랄","msg_type":"0","msg_meta":{"room":{},"binary":[],"image":[],"location":[],"user":{}}}
pushStatus: [ errorCode=NotRegistered ]
============ 2017-03-29 21:37:19================
============ 2017-03-29 21:37:20================
registrationKey: dyuM2qNuJgY:APA91bE3HNmDoclnEghRHoUjCTwgBC77Lqczk30g5tSXYfJ4-1D8uph7Yg2ALCr9Q-Yl0iHmqPMupsBwt7DyQcx1v-Qae3S_Au1xqOEM0wTf-tv5nt_r4cKdl3VodtZtlwzC78ZmHFvx
userMessage: {"msg":"처ㅏㄹㅇ","msg_type":"0","msg_meta":{"room":{},"binary":[],"image":[],"location":[],"user":{}}}
pushStatus: [ errorCode=NotRegistered ]
============ 2017-03-29 21:37:20================
============ 2017-03-29 21:39:07================
registrationKey: dyuM2qNuJgY:APA91bE3HNmDoclnEghRHoUjCTwgBC77Lqczk30g5tSXYfJ4-1D8uph7Yg2ALCr9Q-Yl0iHmqPMupsBwt7DyQcx1v-Qae3S_Au1xqOEM0wTf-tv5nt_r4cKdl3VodtZtlwzC78ZmHFvx
userMessage: {"msg":"ㅘㅠ","msg_type":0,"msg_meta":{"image":[],"binary":[],"location":[],"room":{"title":"","member":[],"extra":{}},"user":{"name":"","remote_path":"","extra":{}}}}
pushStatus: [ errorCode=NotRegistered ]
============ 2017-03-29 21:39:07================
============ 2017-03-29 21:39:09================
registrationKey: dyuM2qNuJgY:APA91bE3HNmDoclnEghRHoUjCTwgBC77Lqczk30g5tSXYfJ4-1D8uph7Yg2ALCr9Q-Yl0iHmqPMupsBwt7DyQcx1v-Qae3S_Au1xqOEM0wTf-tv5nt_r4cKdl3VodtZtlwzC78ZmHFvx
userMessage: {"msg":"ㅗㅕㅍ","msg_type":0,"msg_meta":{"image":[],"binary":[],"location":[],"room":{"title":"","member":[],"extra":{}},"user":{"name":"","remote_path":"","extra":{}}}}
pushStatus: [ errorCode=NotRegistered ]
============ 2017-03-29 21:39:09================
============ 2017-03-29 21:39:10================
registrationKey: dyuM2qNuJgY:APA91bE3HNmDoclnEghRHoUjCTwgBC77Lqczk30g5tSXYfJ4-1D8uph7Yg2ALCr9Q-Yl0iHmqPMupsBwt7DyQcx1v-Qae3S_Au1xqOEM0wTf-tv5nt_r4cKdl3VodtZtlwzC78ZmHFvx
userMessage: {"msg":"포퍄","msg_type":0,"msg_meta":{"image":[],"binary":[],"location":[],"room":{"title":"","member":[],"extra":{}},"user":{"name":"","remote_path":"","extra":{}}}}
pushStatus: [ errorCode=NotRegistered ]
============ 2017-03-29 21:39:10================
============ 2017-03-29 21:39:51================
registrationKey: dyuM2qNuJgY:APA91bE3HNmDoclnEghRHoUjCTwgBC77Lqczk30g5tSXYfJ4-1D8uph7Yg2ALCr9Q-Yl0iHmqPMupsBwt7DyQcx1v-Qae3S_Au1xqOEM0wTf-tv5nt_r4cKdl3VodtZtlwzC78ZmHFvx
userMessage: {"msg":"위치","msg_type":"5","msg_meta":{"room":{},"binary":[],"image":[{"height":"1857.000000","extra":{},"ext":"jpg","width":"1242.000000","size":"340824","remote_path":"20170329\/17f7fdcf6daa4c149956b4a39d6d2f20.jpg","local_path":"","name":"file_929547821.jpg"}],"location":[{"latitude":"37.500137","longitude":"127.030815","extra":{},"address":"서울특별시 강남구 역삼1동 강남대로94길 "}],"user":{}}}
pushStatus: [ errorCode=NotRegistered ]
============ 2017-03-29 21:39:51================
============ 2017-03-29 21:40:05================
registrationKey: dyuM2qNuJgY:APA91bE3HNmDoclnEghRHoUjCTwgBC77Lqczk30g5tSXYfJ4-1D8uph7Yg2ALCr9Q-Yl0iHmqPMupsBwt7DyQcx1v-Qae3S_Au1xqOEM0wTf-tv5nt_r4cKdl3VodtZtlwzC78ZmHFvx
userMessage: {"msg":"이미지","msg_type":"1","msg_meta":{"room":{},"binary":[],"image":[{"height":"540.000000","extra":{},"ext":"jpg","width":"960.000000","size":"109955","remote_path":"20170329\/c300f5f5bb5f4860b09e367366446030.jpg","local_path":"","name":"file_309865902.jpg"}],"location":[],"user":{}}}
pushStatus: [ errorCode=NotRegistered ]
============ 2017-03-29 21:40:05================
============ 2017-03-29 21:40:36================
registrationKey: dyuM2qNuJgY:APA91bE3HNmDoclnEghRHoUjCTwgBC77Lqczk30g5tSXYfJ4-1D8uph7Yg2ALCr9Q-Yl0iHmqPMupsBwt7DyQcx1v-Qae3S_Au1xqOEM0wTf-tv5nt_r4cKdl3VodtZtlwzC78ZmHFvx
userMessage: {"msg":"ㅓㅐㅠㅐ","msg_type":0,"msg_meta":{"image":[],"binary":[],"location":[],"room":{"title":"","member":[],"extra":{}},"user":{"name":"","remote_path":"","extra":{}}}}
pushStatus: [ errorCode=NotRegistered ]
============ 2017-03-29 21:40:36================
============ 2017-03-29 21:40:48================
registrationKey: dyuM2qNuJgY:APA91bE3HNmDoclnEghRHoUjCTwgBC77Lqczk30g5tSXYfJ4-1D8uph7Yg2ALCr9Q-Yl0iHmqPMupsBwt7DyQcx1v-Qae3S_Au1xqOEM0wTf-tv5nt_r4cKdl3VodtZtlwzC78ZmHFvx
userMessage: {"msg":"이미지","msg_type":1,"msg_meta":{"image":[{"width":1746,"height":2328,"name":"5059c093d03e4a468818d484ab05998c.jpg","local_path":"\/storage\/emulated\/0\/Android\/data\/com.appg.talk.hit\/files\/5059c093d03e4a468818d484ab05998c.jpg","remote_path":"20170329\/f5250ff6388a4a78af67bee97914238e.jpg","size":1754477,"ext":"jpg","extra":{}}],"binary":[],"location":[],"room":{"title":"","member":[],"extra":{}},"user":{"name":"","remote_path":"","extra":{}}}}
pushStatus: [ errorCode=NotRegistered ]
============ 2017-03-29 21:40:48================
============ 2017-03-29 21:40:55================
registrationKey: dyuM2qNuJgY:APA91bE3HNmDoclnEghRHoUjCTwgBC77Lqczk30g5tSXYfJ4-1D8uph7Yg2ALCr9Q-Yl0iHmqPMupsBwt7DyQcx1v-Qae3S_Au1xqOEM0wTf-tv5nt_r4cKdl3VodtZtlwzC78ZmHFvx
userMessage: {"msg":"쵸렿","msg_type":0,"msg_meta":{"image":[],"binary":[],"location":[],"room":{"title":"","member":[],"extra":{}},"user":{"name":"","remote_path":"","extra":{}}}}
pushStatus: [ errorCode=NotRegistered ]
============ 2017-03-29 21:40:55================
============ 2017-03-29 21:41:06================
registrationKey: dyuM2qNuJgY:APA91bE3HNmDoclnEghRHoUjCTwgBC77Lqczk30g5tSXYfJ4-1D8uph7Yg2ALCr9Q-Yl0iHmqPMupsBwt7DyQcx1v-Qae3S_Au1xqOEM0wTf-tv5nt_r4cKdl3VodtZtlwzC78ZmHFvx
userMessage: {"msg":"이미지","msg_type":1,"msg_meta":{"image":[{"width":1746,"height":2328,"name":"b549d2ad795442398e38ee2c3153e822.jpg","local_path":"\/storage\/emulated\/0\/Android\/data\/com.appg.talk.hit\/files\/b549d2ad795442398e38ee2c3153e822.jpg","remote_path":"20170329\/4594bab8ff85411d84150b3f38ee75cd.jpg","size":2066937,"ext":"jpg","extra":{}}],"binary":[],"location":[],"room":{"title":"","member":[],"extra":{}},"user":{"name":"","remote_path":"","extra":{}}}}
pushStatus: [ errorCode=NotRegistered ]
============ 2017-03-29 21:41:06================
============ 2017-03-29 21:41:27================
registrationKey: dyuM2qNuJgY:APA91bE3HNmDoclnEghRHoUjCTwgBC77Lqczk30g5tSXYfJ4-1D8uph7Yg2ALCr9Q-Yl0iHmqPMupsBwt7DyQcx1v-Qae3S_Au1xqOEM0wTf-tv5nt_r4cKdl3VodtZtlwzC78ZmHFvx
userMessage: {"msg":"동영상","msg_type":2,"msg_meta":{"image":[{"width":384,"height":512,"name":"1490791283071.jpg","local_path":"\/storage\/emulated\/0\/DCIM\/.thumbnails\/1490791283071.jpg","remote_path":"20170329\/fffe6c4b96ba4f01873dba58ab56260c.jpg","size":24832,"ext":"jpg","extra":{}}],"binary":[{"name":"20170329_214117.mp4","local_path":"\/storage\/emulated\/0\/DCIM\/Camera\/20170329_214117.mp4","remote_path":"20170329\/b781472e1e98439db2015e7a21cc75e9.mp4","size":3186639,"ext":"mp4","time":3,"extra":{}}],"location":[],"room":{"title":"","member":[],"extra":{}},"user":{"name":"","remote_path":"","extra":{}}}}
pushStatus: [ errorCode=NotRegistered ]
============ 2017-03-29 21:41:27================
============ 2017-03-29 21:41:59================
registrationKey: dyuM2qNuJgY:APA91bE3HNmDoclnEghRHoUjCTwgBC77Lqczk30g5tSXYfJ4-1D8uph7Yg2ALCr9Q-Yl0iHmqPMupsBwt7DyQcx1v-Qae3S_Au1xqOEM0wTf-tv5nt_r4cKdl3VodtZtlwzC78ZmHFvx
userMessage: {"msg":"동영상","msg_type":"2","msg_meta":{"room":{},"binary":[{"time":"1","extra":{},"ext":"mov","size":"187945","remote_path":"20170329\/8b496b34a93641faa0fa31f588680817.mov","local_path":"","name":"file_53223520.mov"}],"image":[{"height":"1920.000000","extra":{},"ext":"jpg","width":"1080.000000","size":"428015","remote_path":"20170329\/95042906dcd843ceb0e8c2823cfc76b8.jpg","local_path":"","name":"file_30936357.jpg"}],"location":[],"user":{}}}
pushStatus: [ errorCode=NotRegistered ]
============ 2017-03-29 21:41:59================
============ 2017-03-29 21:42:06================
registrationKey: dyuM2qNuJgY:APA91bE3HNmDoclnEghRHoUjCTwgBC77Lqczk30g5tSXYfJ4-1D8uph7Yg2ALCr9Q-Yl0iHmqPMupsBwt7DyQcx1v-Qae3S_Au1xqOEM0wTf-tv5nt_r4cKdl3VodtZtlwzC78ZmHFvx
userMessage: {"msg":"위치","msg_type":"5","msg_meta":{"room":{},"binary":[],"image":[{"height":"1857.000000","extra":{},"ext":"jpg","width":"1242.000000","size":"310061","remote_path":"20170329\/3edf4c3f634146c19a9be525eacb49f6.jpg","local_path":"","name":"file_204470550.jpg"}],"location":[{"latitude":"37.513210","longitude":"127.027603","extra":{},"address":"서울특별시 강남구 논현동 57-38 "}],"user":{}}}
pushStatus: [ errorCode=NotRegistered ]
============ 2017-03-29 21:42:06================
============ 2017-03-29 21:43:00================
registrationKey: dyuM2qNuJgY:APA91bE3HNmDoclnEghRHoUjCTwgBC77Lqczk30g5tSXYfJ4-1D8uph7Yg2ALCr9Q-Yl0iHmqPMupsBwt7DyQcx1v-Qae3S_Au1xqOEM0wTf-tv5nt_r4cKdl3VodtZtlwzC78ZmHFvx
userMessage: {"msg":"위치","msg_type":"5","msg_meta":{"room":{},"binary":[],"image":[{"height":"1857.000000","extra":{},"ext":"jpg","width":"1242.000000","size":"342641","remote_path":"20170329\/9060927446204a69b66b8df0a6830933.jpg","local_path":"","name":"file_458449823.jpg"}],"location":[{"latitude":"37.507275","longitude":"127.026901","extra":{},"address":"서울특별시 강남구 강남대로118길 46 "}],"user":{}}}
pushStatus: [ errorCode=NotRegistered ]
============ 2017-03-29 21:43:00================
============ 2017-03-29 21:47:23================
registrationKey: dyuM2qNuJgY:APA91bE3HNmDoclnEghRHoUjCTwgBC77Lqczk30g5tSXYfJ4-1D8uph7Yg2ALCr9Q-Yl0iHmqPMupsBwt7DyQcx1v-Qae3S_Au1xqOEM0wTf-tv5nt_r4cKdl3VodtZtlwzC78ZmHFvx
userMessage: {"msg":"이미지","msg_type":"1","msg_meta":{"room":{},"binary":[],"image":[{"height":"540.000000","extra":{},"ext":"jpg","width":"960.000000","size":"118516","remote_path":"20170329\/3abd72a87ea74d3baa05fc2ea3ea5381.jpg","local_path":"","name":"file_315289567.jpg"}],"location":[],"user":{}}}
pushStatus: [ errorCode=NotRegistered ]
============ 2017-03-29 21:47:23================
============ 2017-03-29 21:47:45================
registrationKey: dyuM2qNuJgY:APA91bE3HNmDoclnEghRHoUjCTwgBC77Lqczk30g5tSXYfJ4-1D8uph7Yg2ALCr9Q-Yl0iHmqPMupsBwt7DyQcx1v-Qae3S_Au1xqOEM0wTf-tv5nt_r4cKdl3VodtZtlwzC78ZmHFvx
userMessage: {"msg":"이미지","msg_type":"1","msg_meta":{"room":{},"binary":[],"image":[{"height":"3024.000000","extra":{},"ext":"jpg","width":"4032.000000","size":"2631184","remote_path":"20170329\/72d9c6ec89734005984083986beebebb.jpg","local_path":"","name":"file_749154425.jpg"}],"location":[],"user":{}}}
pushStatus: [ errorCode=NotRegistered ]
============ 2017-03-29 21:47:45================
============ 2017-03-29 21:47:53================
registrationKey: dyuM2qNuJgY:APA91bE3HNmDoclnEghRHoUjCTwgBC77Lqczk30g5tSXYfJ4-1D8uph7Yg2ALCr9Q-Yl0iHmqPMupsBwt7DyQcx1v-Qae3S_Au1xqOEM0wTf-tv5nt_r4cKdl3VodtZtlwzC78ZmHFvx
userMessage: {"msg":"츄ㅗㅎㅎ","msg_type":0,"msg_meta":{"image":[],"binary":[],"location":[],"room":{"title":"","member":[],"extra":{}},"user":{"name":"","remote_path":"","extra":{}}}}
pushStatus: [ errorCode=NotRegistered ]
============ 2017-03-29 21:47:53================
============ 2017-03-29 21:48:03================
registrationKey: dyuM2qNuJgY:APA91bE3HNmDoclnEghRHoUjCTwgBC77Lqczk30g5tSXYfJ4-1D8uph7Yg2ALCr9Q-Yl0iHmqPMupsBwt7DyQcx1v-Qae3S_Au1xqOEM0wTf-tv5nt_r4cKdl3VodtZtlwzC78ZmHFvx
userMessage: {"msg":"\u001eic_angel\u001e\u001eic_fear\u001e\u001eic_wink\u001e\u001eic_laugh\u001e","msg_type":"0","msg_meta":{"room":{},"binary":[],"image":[],"location":[],"user":{}}}
pushStatus: [ errorCode=NotRegistered ]
============ 2017-03-29 21:48:03================
============ 2017-03-29 21:48:11================
registrationKey: dyuM2qNuJgY:APA91bE3HNmDoclnEghRHoUjCTwgBC77Lqczk30g5tSXYfJ4-1D8uph7Yg2ALCr9Q-Yl0iHmqPMupsBwt7DyQcx1v-Qae3S_Au1xqOEM0wTf-tv5nt_r4cKdl3VodtZtlwzC78ZmHFvx
userMessage: {"msg":"위치","msg_type":"5","msg_meta":{"room":{},"binary":[],"image":[{"height":"1857.000000","extra":{},"ext":"jpg","width":"1242.000000","size":"338907","remote_path":"20170329\/aa4db85dd173417e85842e6496b2fb46.jpg","local_path":"","name":"file_477058229.jpg"}],"location":[{"latitude":"37.508137","longitude":"127.028877","extra":{},"address":"서울특별시 강남구 논현동 172-21 "}],"user":{}}}
pushStatus: [ errorCode=NotRegistered ]
============ 2017-03-29 21:48:11================
============ 2017-03-29 21:50:23================
registrationKey: dyuM2qNuJgY:APA91bE3HNmDoclnEghRHoUjCTwgBC77Lqczk30g5tSXYfJ4-1D8uph7Yg2ALCr9Q-Yl0iHmqPMupsBwt7DyQcx1v-Qae3S_Au1xqOEM0wTf-tv5nt_r4cKdl3VodtZtlwzC78ZmHFvx
userMessage: {"msg":"Dhnd","msg_type":"0","msg_meta":{"room":{},"binary":[],"image":[],"location":[],"user":{}}}
pushStatus: [ errorCode=NotRegistered ]
============ 2017-03-29 21:50:23================
============ 2017-03-29 21:50:24================
registrationKey: dyuM2qNuJgY:APA91bE3HNmDoclnEghRHoUjCTwgBC77Lqczk30g5tSXYfJ4-1D8uph7Yg2ALCr9Q-Yl0iHmqPMupsBwt7DyQcx1v-Qae3S_Au1xqOEM0wTf-tv5nt_r4cKdl3VodtZtlwzC78ZmHFvx
userMessage: {"msg":"Ehjs","msg_type":"0","msg_meta":{"room":{},"binary":[],"image":[],"location":[],"user":{}}}
pushStatus: [ errorCode=NotRegistered ]
============ 2017-03-29 21:50:24================
============ 2017-03-29 21:50:27================
registrationKey: dyuM2qNuJgY:APA91bE3HNmDoclnEghRHoUjCTwgBC77Lqczk30g5tSXYfJ4-1D8uph7Yg2ALCr9Q-Yl0iHmqPMupsBwt7DyQcx1v-Qae3S_Au1xqOEM0wTf-tv5nt_r4cKdl3VodtZtlwzC78ZmHFvx
userMessage: {"msg":"Ndnd","msg_type":"0","msg_meta":{"room":{},"binary":[],"image":[],"location":[],"user":{}}}
pushStatus: [ errorCode=NotRegistered ]
============ 2017-03-29 21:50:27================
============ 2017-03-29 21:51:33================
registrationKey: dyuM2qNuJgY:APA91bE3HNmDoclnEghRHoUjCTwgBC77Lqczk30g5tSXYfJ4-1D8uph7Yg2ALCr9Q-Yl0iHmqPMupsBwt7DyQcx1v-Qae3S_Au1xqOEM0wTf-tv5nt_r4cKdl3VodtZtlwzC78ZmHFvx
userMessage: {"msg":"ㅓ어라하핗","msg_type":"0","msg_meta":{"room":{},"binary":[],"image":[],"location":[],"user":{}}}
pushStatus: [ errorCode=NotRegistered ]
============ 2017-03-29 21:51:33================
============ 2017-03-29 21:52:01================
registrationKey: dyuM2qNuJgY:APA91bE3HNmDoclnEghRHoUjCTwgBC77Lqczk30g5tSXYfJ4-1D8uph7Yg2ALCr9Q-Yl0iHmqPMupsBwt7DyQcx1v-Qae3S_Au1xqOEM0wTf-tv5nt_r4cKdl3VodtZtlwzC78ZmHFvx
userMessage: {"msg":"Cxmdk","msg_type":"0","msg_meta":{"room":{},"binary":[],"image":[],"location":[],"user":{}}}
pushStatus: [ errorCode=NotRegistered ]
============ 2017-03-29 21:52:01================
============ 2017-03-29 21:52:02================
registrationKey: dyuM2qNuJgY:APA91bE3HNmDoclnEghRHoUjCTwgBC77Lqczk30g5tSXYfJ4-1D8uph7Yg2ALCr9Q-Yl0iHmqPMupsBwt7DyQcx1v-Qae3S_Au1xqOEM0wTf-tv5nt_r4cKdl3VodtZtlwzC78ZmHFvx
userMessage: {"msg":"Nfndd","msg_type":"0","msg_meta":{"room":{},"binary":[],"image":[],"location":[],"user":{}}}
pushStatus: [ errorCode=NotRegistered ]
============ 2017-03-29 21:52:02================
============ 2017-03-29 21:52:09================
registrationKey: dyuM2qNuJgY:APA91bE3HNmDoclnEghRHoUjCTwgBC77Lqczk30g5tSXYfJ4-1D8uph7Yg2ALCr9Q-Yl0iHmqPMupsBwt7DyQcx1v-Qae3S_Au1xqOEM0wTf-tv5nt_r4cKdl3VodtZtlwzC78ZmHFvx
userMessage: {"msg":"이미지","msg_type":"1","msg_meta":{"room":{},"binary":[],"image":[{"height":"2208.000000","extra":{},"ext":"jpg","width":"1242.000000","size":"211087","remote_path":"20170329\/ad6f1f5e017c476eb2c739356ec3e6b0.jpg","local_path":"","name":"file_682219054.jpg"}],"location":[],"user":{}}}
pushStatus: [ errorCode=NotRegistered ]
============ 2017-03-29 21:52:09================
============ 2017-03-29 21:52:27================
registrationKey: dyuM2qNuJgY:APA91bE3HNmDoclnEghRHoUjCTwgBC77Lqczk30g5tSXYfJ4-1D8uph7Yg2ALCr9Q-Yl0iHmqPMupsBwt7DyQcx1v-Qae3S_Au1xqOEM0wTf-tv5nt_r4cKdl3VodtZtlwzC78ZmHFvx
userMessage: {"msg":"위치","msg_type":"5","msg_meta":{"room":{},"binary":[],"image":[{"height":"1857.000000","extra":{},"ext":"jpg","width":"1242.000000","size":"74559","remote_path":"20170329\/3710f06c1b2e4e4ca82412e6f8f8ba8c.jpg","local_path":"","name":"file_122013106.jpg"}],"location":[{"latitude":"0.000000","longitude":"0.000000","extra":{},"address":""}],"user":{}}}
pushStatus: [ errorCode=NotRegistered ]
============ 2017-03-29 21:52:27================
============ 2017-03-29 21:52:43================
registrationKey: dyuM2qNuJgY:APA91bE3HNmDoclnEghRHoUjCTwgBC77Lqczk30g5tSXYfJ4-1D8uph7Yg2ALCr9Q-Yl0iHmqPMupsBwt7DyQcx1v-Qae3S_Au1xqOEM0wTf-tv5nt_r4cKdl3VodtZtlwzC78ZmHFvx
userMessage: {"msg":"Ghj","msg_type":"0","msg_meta":{"room":{},"binary":[],"image":[],"location":[],"user":{}}}
pushStatus: [ errorCode=NotRegistered ]
============ 2017-03-29 21:52:43================
============ 2017-03-29 21:52:53================
registrationKey: dyuM2qNuJgY:APA91bE3HNmDoclnEghRHoUjCTwgBC77Lqczk30g5tSXYfJ4-1D8uph7Yg2ALCr9Q-Yl0iHmqPMupsBwt7DyQcx1v-Qae3S_Au1xqOEM0wTf-tv5nt_r4cKdl3VodtZtlwzC78ZmHFvx
userMessage: {"msg":"Thk","msg_type":"0","msg_meta":{"room":{},"binary":[],"image":[],"location":[],"user":{}}}
pushStatus: [ errorCode=NotRegistered ]
============ 2017-03-29 21:52:53================
============ 2017-03-29 21:52:56================
registrationKey: dyuM2qNuJgY:APA91bE3HNmDoclnEghRHoUjCTwgBC77Lqczk30g5tSXYfJ4-1D8uph7Yg2ALCr9Q-Yl0iHmqPMupsBwt7DyQcx1v-Qae3S_Au1xqOEM0wTf-tv5nt_r4cKdl3VodtZtlwzC78ZmHFvx
userMessage: {"msg":"쳐ㅏㄹㄹ","msg_type":"0","msg_meta":{"room":{},"binary":[],"image":[],"location":[],"user":{}}}
pushStatus: [ errorCode=NotRegistered ]
============ 2017-03-29 21:52:56================
============ 2017-03-29 21:53:09================
registrationKey: dyuM2qNuJgY:APA91bE3HNmDoclnEghRHoUjCTwgBC77Lqczk30g5tSXYfJ4-1D8uph7Yg2ALCr9Q-Yl0iHmqPMupsBwt7DyQcx1v-Qae3S_Au1xqOEM0wTf-tv5nt_r4cKdl3VodtZtlwzC78ZmHFvx
userMessage: {"msg":"Ghu","msg_type":"0","msg_meta":{"room":{},"binary":[],"image":[],"location":[],"user":{}}}
pushStatus: [ errorCode=NotRegistered ]
============ 2017-03-29 21:53:09================
============ 2017-03-29 21:53:11================
registrationKey: dyuM2qNuJgY:APA91bE3HNmDoclnEghRHoUjCTwgBC77Lqczk30g5tSXYfJ4-1D8uph7Yg2ALCr9Q-Yl0iHmqPMupsBwt7DyQcx1v-Qae3S_Au1xqOEM0wTf-tv5nt_r4cKdl3VodtZtlwzC78ZmHFvx
userMessage: {"msg":"Fgh","msg_type":"0","msg_meta":{"room":{},"binary":[],"image":[],"location":[],"user":{}}}
pushStatus: [ errorCode=NotRegistered ]
============ 2017-03-29 21:53:11================
============ 2017-03-29 21:53:12================
registrationKey: dyuM2qNuJgY:APA91bE3HNmDoclnEghRHoUjCTwgBC77Lqczk30g5tSXYfJ4-1D8uph7Yg2ALCr9Q-Yl0iHmqPMupsBwt7DyQcx1v-Qae3S_Au1xqOEM0wTf-tv5nt_r4cKdl3VodtZtlwzC78ZmHFvx
userMessage: {"msg":"ㅑ랼ㄹ","msg_type":"0","msg_meta":{"room":{},"binary":[],"image":[],"location":[],"user":{}}}
pushStatus: [ errorCode=NotRegistered ]
============ 2017-03-29 21:53:12================
============ 2017-03-29 21:53:41================
registrationKey: dyuM2qNuJgY:APA91bE3HNmDoclnEghRHoUjCTwgBC77Lqczk30g5tSXYfJ4-1D8uph7Yg2ALCr9Q-Yl0iHmqPMupsBwt7DyQcx1v-Qae3S_Au1xqOEM0wTf-tv5nt_r4cKdl3VodtZtlwzC78ZmHFvx
userMessage: {"msg":"ㄴ로","msg_type":0,"msg_meta":{"image":[],"binary":[],"location":[],"room":{"title":"","member":[],"extra":{}},"user":{"name":"","remote_path":"","extra":{}}}}
pushStatus: [ errorCode=NotRegistered ]
============ 2017-03-29 21:53:41================
============ 2017-03-29 21:53:47================
registrationKey: dyuM2qNuJgY:APA91bE3HNmDoclnEghRHoUjCTwgBC77Lqczk30g5tSXYfJ4-1D8uph7Yg2ALCr9Q-Yl0iHmqPMupsBwt7DyQcx1v-Qae3S_Au1xqOEM0wTf-tv5nt_r4cKdl3VodtZtlwzC78ZmHFvx
userMessage: {"msg":"ㄷ셔ㅑ","msg_type":0,"msg_meta":{"image":[],"binary":[],"location":[],"room":{"title":"","member":[],"extra":{}},"user":{"name":"","remote_path":"","extra":{}}}}
pushStatus: [ errorCode=NotRegistered ]
============ 2017-03-29 21:53:47================
============ 2017-03-29 21:53:53================
registrationKey: dyuM2qNuJgY:APA91bE3HNmDoclnEghRHoUjCTwgBC77Lqczk30g5tSXYfJ4-1D8uph7Yg2ALCr9Q-Yl0iHmqPMupsBwt7DyQcx1v-Qae3S_Au1xqOEM0wTf-tv5nt_r4cKdl3VodtZtlwzC78ZmHFvx
userMessage: {"msg":"ㅛㅏㅣ","msg_type":0,"msg_meta":{"image":[],"binary":[],"location":[],"room":{"title":"","member":[],"extra":{}},"user":{"name":"","remote_path":"","extra":{}}}}
pushStatus: [ errorCode=NotRegistered ]
============ 2017-03-29 21:53:53================
============ 2017-03-29 21:53:59================
registrationKey: dyuM2qNuJgY:APA91bE3HNmDoclnEghRHoUjCTwgBC77Lqczk30g5tSXYfJ4-1D8uph7Yg2ALCr9Q-Yl0iHmqPMupsBwt7DyQcx1v-Qae3S_Au1xqOEM0wTf-tv5nt_r4cKdl3VodtZtlwzC78ZmHFvx
userMessage: {"msg":"ㅓ럴ㄹ","msg_type":"0","msg_meta":{"room":{},"binary":[],"image":[],"location":[],"user":{}}}
pushStatus: [ errorCode=NotRegistered ]
============ 2017-03-29 21:53:59================
============ 2017-03-29 21:55:15================
registrationKey: dyuM2qNuJgY:APA91bE3HNmDoclnEghRHoUjCTwgBC77Lqczk30g5tSXYfJ4-1D8uph7Yg2ALCr9Q-Yl0iHmqPMupsBwt7DyQcx1v-Qae3S_Au1xqOEM0wTf-tv5nt_r4cKdl3VodtZtlwzC78ZmHFvx
userMessage: {"msg":"ㅓ랄ㄹ","msg_type":"0","msg_meta":{"room":{},"binary":[],"image":[],"location":[],"user":{}}}
pushStatus: [ errorCode=NotRegistered ]
============ 2017-03-29 21:55:15================
============ 2017-03-29 21:55:17================
registrationKey: dyuM2qNuJgY:APA91bE3HNmDoclnEghRHoUjCTwgBC77Lqczk30g5tSXYfJ4-1D8uph7Yg2ALCr9Q-Yl0iHmqPMupsBwt7DyQcx1v-Qae3S_Au1xqOEM0wTf-tv5nt_r4cKdl3VodtZtlwzC78ZmHFvx
userMessage: {"msg":"하라핳","msg_type":"0","msg_meta":{"room":{},"binary":[],"image":[],"location":[],"user":{}}}
pushStatus: [ errorCode=NotRegistered ]
============ 2017-03-29 21:55:17================
============ 2017-03-29 21:55:19================
registrationKey: dyuM2qNuJgY:APA91bE3HNmDoclnEghRHoUjCTwgBC77Lqczk30g5tSXYfJ4-1D8uph7Yg2ALCr9Q-Yl0iHmqPMupsBwt7DyQcx1v-Qae3S_Au1xqOEM0wTf-tv5nt_r4cKdl3VodtZtlwzC78ZmHFvx
userMessage: {"msg":"하힣","msg_type":"0","msg_meta":{"room":{},"binary":[],"image":[],"location":[],"user":{}}}
pushStatus: [ errorCode=NotRegistered ]
============ 2017-03-29 21:55:19================
============ 2017-03-29 21:55:21================
registrationKey: dyuM2qNuJgY:APA91bE3HNmDoclnEghRHoUjCTwgBC77Lqczk30g5tSXYfJ4-1D8uph7Yg2ALCr9Q-Yl0iHmqPMupsBwt7DyQcx1v-Qae3S_Au1xqOEM0wTf-tv5nt_r4cKdl3VodtZtlwzC78ZmHFvx
userMessage: {"msg":"ㅡㅎ","msg_type":"0","msg_meta":{"room":{},"binary":[],"image":[],"location":[],"user":{}}}
pushStatus: [ errorCode=NotRegistered ]
============ 2017-03-29 21:55:21================
============ 2017-03-29 21:55:23================
registrationKey: dyuM2qNuJgY:APA91bE3HNmDoclnEghRHoUjCTwgBC77Lqczk30g5tSXYfJ4-1D8uph7Yg2ALCr9Q-Yl0iHmqPMupsBwt7DyQcx1v-Qae3S_Au1xqOEM0wTf-tv5nt_r4cKdl3VodtZtlwzC78ZmHFvx
userMessage: {"msg":"할","msg_type":"0","msg_meta":{"room":{},"binary":[],"image":[],"location":[],"user":{}}}
pushStatus: [ errorCode=NotRegistered ]
============ 2017-03-29 21:55:23================
============ 2017-03-29 21:55:25================
registrationKey: dyuM2qNuJgY:APA91bE3HNmDoclnEghRHoUjCTwgBC77Lqczk30g5tSXYfJ4-1D8uph7Yg2ALCr9Q-Yl0iHmqPMupsBwt7DyQcx1v-Qae3S_Au1xqOEM0wTf-tv5nt_r4cKdl3VodtZtlwzC78ZmHFvx
userMessage: {"msg":"할","msg_type":"0","msg_meta":{"room":{},"binary":[],"image":[],"location":[],"user":{}}}
pushStatus: [ errorCode=NotRegistered ]
============ 2017-03-29 21:55:25================
============ 2017-03-29 21:55:27================
registrationKey: dyuM2qNuJgY:APA91bE3HNmDoclnEghRHoUjCTwgBC77Lqczk30g5tSXYfJ4-1D8uph7Yg2ALCr9Q-Yl0iHmqPMupsBwt7DyQcx1v-Qae3S_Au1xqOEM0wTf-tv5nt_r4cKdl3VodtZtlwzC78ZmHFvx
userMessage: {"msg":"할","msg_type":"0","msg_meta":{"room":{},"binary":[],"image":[],"location":[],"user":{}}}
pushStatus: [ errorCode=NotRegistered ]
============ 2017-03-29 21:55:27================
============ 2017-03-29 21:55:29================
registrationKey: APA91bHO17XI09sNE5AMVYV_3yDeud82FS64LcsFnItV3QyFwII_YIByIUeMgydWfsMk8kutonvIicMCY7BHhsT1UN6Pl1GN0KHB91b_1KFnZalojGVAuZvRCrB9CNRHX6CESSH75DQh
userMessage: {"msg":"할랠","msg_type":"0","msg_meta":{"room":{},"binary":[],"image":[],"location":[],"user":{}}}
pushStatus: [ messageId=0:1490792129583931%83057c2c66d6cf16 canonicalRegistrationId=APA91bGWNtJ9cowf1vtTowegAHyEhUGnjJvuMQzVFE0fRLohuFg9WSZiN8sEkUlBwloyOsHk_BjBdHPBa0sWSlStoTLl1Nmi2RID5HZ--TITSCJwJpv5mQzPgGZmqV094_GPiY-JuLQS ]
============ 2017-03-29 21:55:29================
============ 2017-03-29 21:55:31================
registrationKey: dyuM2qNuJgY:APA91bE3HNmDoclnEghRHoUjCTwgBC77Lqczk30g5tSXYfJ4-1D8uph7Yg2ALCr9Q-Yl0iHmqPMupsBwt7DyQcx1v-Qae3S_Au1xqOEM0wTf-tv5nt_r4cKdl3VodtZtlwzC78ZmHFvx
userMessage: {"msg":"할","msg_type":"0","msg_meta":{"room":{},"binary":[],"image":[],"location":[],"user":{}}}
pushStatus: [ errorCode=NotRegistered ]
============ 2017-03-29 21:55:31================