
============ 2017-03-20 09:02:17================
registrationKey: APA91bEkyW-h8lOmYqJBE2Yf65_wkRS8Etp7DMfUfKUO1hkwSFYTlOLfAvSzzNg-pdu821KKXXLBDj5oVdXVW56D2lufH1tLDVbtUCEP89KKQMnRpJIbGm_Me9HHeJeis6g4MqO0hQP4
userMessage: {"msg":"위치","msg_type":"5","msg_meta":{"room":{},"binary":[],"image":[{"height":"1857.000000","extra":{},"ext":"jpg","width":"1242.000000","size":"331682","remote_path":"20170320\/c027a8ec2c9f48d990a1099cf6348fb7.jpg","local_path":"","name":"file_301810720.jpg"}],"location":[{"latitude":"37.508022","longitude":"127.029869","extra":{},"address":"서울특별시 강남구 논현로115길 40 "}],"user":{}}}
pushStatus: [ messageId=0:1489968139326841%83057c2c66d6cf16 ]
============ 2017-03-20 09:02:17================
============ 2017-03-20 17:19:41================
registrationKey: APA91bEkyW-h8lOmYqJBE2Yf65_wkRS8Etp7DMfUfKUO1hkwSFYTlOLfAvSzzNg-pdu821KKXXLBDj5oVdXVW56D2lufH1tLDVbtUCEP89KKQMnRpJIbGm_Me9HHeJeis6g4MqO0hQP4
userMessage: {"msg":"왜라내 ㅋㅋㅋㅋㅋㅋㅋ","msg_type":"0","msg_meta":{"room":{},"binary":[],"location":[],"image":[],"user":{}}}
pushStatus: [ messageId=0:1489997982066086%83057c2c66d6cf16 ]
============ 2017-03-20 17:19:41================
============ 2017-03-20 17:19:49================
registrationKey: APA91bEkyW-h8lOmYqJBE2Yf65_wkRS8Etp7DMfUfKUO1hkwSFYTlOLfAvSzzNg-pdu821KKXXLBDj5oVdXVW56D2lufH1tLDVbtUCEP89KKQMnRpJIbGm_Me9HHeJeis6g4MqO0hQP4
userMessage: {"msg":"\u001eic_earth\u001e\u001eic_seashell\u001e\u001eic_ufo\u001e\u001eic_ufo\u001e","msg_type":"0","msg_meta":{"room":{},"binary":[],"location":[],"image":[],"user":{}}}
pushStatus: [ messageId=0:1489997989951979%83057c2c66d6cf16 ]
============ 2017-03-20 17:19:49================
============ 2017-03-20 17:20:06================
registrationKey: APA91bEkyW-h8lOmYqJBE2Yf65_wkRS8Etp7DMfUfKUO1hkwSFYTlOLfAvSzzNg-pdu821KKXXLBDj5oVdXVW56D2lufH1tLDVbtUCEP89KKQMnRpJIbGm_Me9HHeJeis6g4MqO0hQP4
userMessage: {"msg":"naver.com","msg_type":"0","msg_meta":{"room":{},"binary":[],"location":[],"image":[],"user":{}}}
pushStatus: [ messageId=0:1489998006267688%83057c2c66d6cf16 ]
============ 2017-03-20 17:20:06================
============ 2017-03-20 17:54:30================
registrationKey: APA91bEkyW-h8lOmYqJBE2Yf65_wkRS8Etp7DMfUfKUO1hkwSFYTlOLfAvSzzNg-pdu821KKXXLBDj5oVdXVW56D2lufH1tLDVbtUCEP89KKQMnRpJIbGm_Me9HHeJeis6g4MqO0hQP4
userMessage: {"msg":"뱌갸어래ㅣㅇㅂㅇㅂㅇㅂㅇㅂㅇㅂㅇㄱㅂㄱㅂㄱㅂㄱㅂㄱㅂㄱㅂㄱㅂㄱㅂㄱㅂㄲㅈㅂ","msg_type":"0","msg_meta":{"room":{},"binary":[],"image":[],"location":[],"user":{}}}
pushStatus: [ messageId=0:1490000070931012%83057c2c66d6cf16 ]
============ 2017-03-20 17:54:30================
============ 2017-03-20 17:54:38================
registrationKey: APA91bEkyW-h8lOmYqJBE2Yf65_wkRS8Etp7DMfUfKUO1hkwSFYTlOLfAvSzzNg-pdu821KKXXLBDj5oVdXVW56D2lufH1tLDVbtUCEP89KKQMnRpJIbGm_Me9HHeJeis6g4MqO0hQP4
userMessage: {"msg":"뱌갸어래ㅣㅇㅂㅇㅂㅇㅂㅇㅂㅇㅂㅇㄱㅂㄱㅂㄱㅂㄱㅂㄱㅂㄱㅂㄱㅂㄱㅂㄱㅂㄲㅈㅂㅕㅗㅗ","msg_type":"0","msg_meta":{"room":{},"binary":[],"image":[],"location":[],"user":{}}}
pushStatus: [ messageId=0:1490000078405345%83057c2c66d6cf16 ]
============ 2017-03-20 17:54:38================
============ 2017-03-20 17:55:00================
registrationKey: APA91bEkyW-h8lOmYqJBE2Yf65_wkRS8Etp7DMfUfKUO1hkwSFYTlOLfAvSzzNg-pdu821KKXXLBDj5oVdXVW56D2lufH1tLDVbtUCEP89KKQMnRpJIbGm_Me9HHeJeis6g4MqO0hQP4
userMessage: {"msg":"뱌갸어래ㅣㅇㅂㅇㅂㅇㅂㅇㅂㅇㅂㅇㄱㅂㄱㅂㄱㅂㄱㅂㄱㅂㄱㅂㄱㅂㄱㅂㄱㅂㄲㅈㅂ\u001eic_limpid\u001e\u001eic_limpid\u001e\u001eic_limpid\u001e\u001eic_limpid\u001e\u001eic_limpid\u001e","msg_type":"0","msg_meta":{"room":{},"binary":[],"image":[],"location":[],"user":{}}}
pushStatus: [ messageId=0:1490000100751090%83057c2c66d6cf16 ]
============ 2017-03-20 17:55:00================
============ 2017-03-20 17:55:19================
registrationKey: APA91bEkyW-h8lOmYqJBE2Yf65_wkRS8Etp7DMfUfKUO1hkwSFYTlOLfAvSzzNg-pdu821KKXXLBDj5oVdXVW56D2lufH1tLDVbtUCEP89KKQMnRpJIbGm_Me9HHeJeis6g4MqO0hQP4
userMessage: {"msg":"\u001eic_smile\u001e","msg_type":"0","msg_meta":{"room":{},"binary":[],"image":[],"location":[],"user":{}}}
pushStatus: [ messageId=0:1490000119396151%83057c2c66d6cf16 ]
============ 2017-03-20 17:55:19================
============ 2017-03-20 17:55:28================
registrationKey: APA91bEkyW-h8lOmYqJBE2Yf65_wkRS8Etp7DMfUfKUO1hkwSFYTlOLfAvSzzNg-pdu821KKXXLBDj5oVdXVW56D2lufH1tLDVbtUCEP89KKQMnRpJIbGm_Me9HHeJeis6g4MqO0hQP4
userMessage: {"msg":"ㅁㅁㅁㅁ","msg_type":"0","msg_meta":{"room":{},"binary":[],"image":[],"location":[],"user":{}}}
pushStatus: [ messageId=0:1490000128421227%83057c2c66d6cf16 ]
============ 2017-03-20 17:55:28================