
============ 2017-03-31 14:23:12================
registrationKey: APA91bEPf_kOqvKm87D_en-vhwzsu9O3yFiHvbM5YfHR2HW3N8JyVAXVCuzZRFMu9KbaAgWPsoMyeXCbk1tUJ8hZbdpgn_YDtau12aa-HnhZoiJvEuc85E9VYsvDKJrwBaepus1-mZhX
userMessage: 출결알림
pushStatus: [ messageId=0:1490937794693048%83057c2c66d6cf16 ]
============ 2017-03-31 14:23:12================
============ 2017-03-31 14:23:12================
registrationKey: APA91bGvPyfHClUxZpAG5ZC4yfrtxooTDecWVLTNo9PCCD4yiosPOrrXrt8TVqqTWX2IQZY4e_Lo98fmCWRGF-phVi_6pYbibZpxkX-nI0A9i1KUnrMJbsErKI0xER3qVchwhBviyrvD
userMessage: 출결알림
pushStatus: [ messageId=0:1490937795188942%83057c2c66d6cf16 ]
============ 2017-03-31 14:23:12================
============ 2017-03-31 14:23:51================
registrationKey: APA91bG1DyJesGvsbD4mqRyPVj2MBuH2qHmEHHM8Zgbn6EM43j7cV-xclUkKaKac0f-ToBEgbmFkvaTOVZadHOVMP-OtG-OnST46jRlQYLh75AEwMVrz33csxXTvIKK9zANQ3Qk7QWFz
userMessage: 사이버보안 진단의 날
pushStatus: [ messageId=0:1490937834201661%83057c2c66d6cf16 ]
============ 2017-03-31 14:23:51================
============ 2017-03-31 14:23:51================
registrationKey: APA91bGogcxKULgpavYuQT9vVrEmj9r8j9wC7pUDf0k14Yk9MQljmqZF1WmKKWQep-eTXV2yPGsW0A8b62FuXYWi3ZP94okpSxfAjbd3_hIhyVtC_eY1yUbA_Nf-7ReZxf3LXu-Bjvq5
userMessage: 사이버보안 진단의 날
pushStatus: [ messageId=0:1490937834203188%83057c2c66d6cf16 canonicalRegistrationId=APA91bGNKm0-OyhfeiUM8LhsYR996q7tNzhgBUz_Mg0Nh97PXlLFzb3q9dxCvip4NsXiNQdI3CiK0Mw2w4Fh612Gb88YE--fE2zxMDcjd7EI8afqA14a4zDWqMshz9iU-yZ2fd20p9Kw ]
============ 2017-03-31 14:23:51================
============ 2017-03-31 14:23:51================
registrationKey: dyuM2qNuJgY:APA91bE3HNmDoclnEghRHoUjCTwgBC77Lqczk30g5tSXYfJ4-1D8uph7Yg2ALCr9Q-Yl0iHmqPMupsBwt7DyQcx1v-Qae3S_Au1xqOEM0wTf-tv5nt_r4cKdl3VodtZtlwzC78ZmHFvx
userMessage: 사이버보안 진단의 날
pushStatus: [ errorCode=NotRegistered ]
============ 2017-03-31 14:23:51================
============ 2017-03-31 14:23:51================
registrationKey: APA91bGogcxKULgpavYuQT9vVrEmj9r8j9wC7pUDf0k14Yk9MQljmqZF1WmKKWQep-eTXV2yPGsW0A8b62FuXYWi3ZP94okpSxfAjbd3_hIhyVtC_eY1yUbA_Nf-7ReZxf3LXu-Bjvq5
userMessage: 사이버보안 진단의 날
pushStatus: [ messageId=0:1490937834206962%83057c2c66d6cf16 canonicalRegistrationId=APA91bGNKm0-OyhfeiUM8LhsYR996q7tNzhgBUz_Mg0Nh97PXlLFzb3q9dxCvip4NsXiNQdI3CiK0Mw2w4Fh612Gb88YE--fE2zxMDcjd7EI8afqA14a4zDWqMshz9iU-yZ2fd20p9Kw ]
============ 2017-03-31 14:23:51================
============ 2017-03-31 14:23:51================
registrationKey: APA91bFwbuN8CnbG_hT2qK7XQoAji7TVPk-C_SwvkWng3Q-n4Tc71kMrOKVoWHg7Eh1AOIf2IJsvVH_x_yodcOx5nLDOXZ4WqYSTucIQUjgCIsq24rT-Fjon4_o9Y147sxK-Byf8Xaoy
userMessage: 사이버보안 진단의 날
pushStatus: [ messageId=0:1490937834206550%83057c2c66d6cf16 ]
============ 2017-03-31 14:23:51================
============ 2017-03-31 14:23:51================
registrationKey: APA91bEPf_kOqvKm87D_en-vhwzsu9O3yFiHvbM5YfHR2HW3N8JyVAXVCuzZRFMu9KbaAgWPsoMyeXCbk1tUJ8hZbdpgn_YDtau12aa-HnhZoiJvEuc85E9VYsvDKJrwBaepus1-mZhX
userMessage: 사이버보안 진단의 날
pushStatus: [ messageId=0:1490937834207280%83057c2c66d6cf16 ]
============ 2017-03-31 14:23:51================
============ 2017-03-31 14:23:51================
registrationKey: APA91bGNKm0-OyhfeiUM8LhsYR996q7tNzhgBUz_Mg0Nh97PXlLFzb3q9dxCvip4NsXiNQdI3CiK0Mw2w4Fh612Gb88YE--fE2zxMDcjd7EI8afqA14a4zDWqMshz9iU-yZ2fd20p9Kw
userMessage: 사이버보안 진단의 날
pushStatus: [ messageId=0:1490937834217804%83057c2c66d6cf16 ]
============ 2017-03-31 14:23:51================
============ 2017-03-31 14:23:51================
registrationKey: APA91bEU5-8Y-B9EhbcxumxBqidtJoSSKtl9FsTIjKwY_gky55j1u0Q6tb5eeNIwc1WSOmICBjUlgoS8_HIV7uZKZc2CVrJ5D0kqzVPKy7b1JPkwnqp4Fj-5CLlWayky2FJgK5BNMU2P
userMessage: 사이버보안 진단의 날
pushStatus: [ messageId=0:1490937834215651%83057c2c66d6cf16 canonicalRegistrationId=APA91bFwbuN8CnbG_hT2qK7XQoAji7TVPk-C_SwvkWng3Q-n4Tc71kMrOKVoWHg7Eh1AOIf2IJsvVH_x_yodcOx5nLDOXZ4WqYSTucIQUjgCIsq24rT-Fjon4_o9Y147sxK-Byf8Xaoy ]
============ 2017-03-31 14:23:51================
============ 2017-03-31 14:23:51================
registrationKey: dyuM2qNuJgY:APA91bE3HNmDoclnEghRHoUjCTwgBC77Lqczk30g5tSXYfJ4-1D8uph7Yg2ALCr9Q-Yl0iHmqPMupsBwt7DyQcx1v-Qae3S_Au1xqOEM0wTf-tv5nt_r4cKdl3VodtZtlwzC78ZmHFvx
userMessage: 사이버보안 진단의 날
pushStatus: [ errorCode=NotRegistered ]
============ 2017-03-31 14:23:51================
============ 2017-03-31 14:23:51================
registrationKey: APA91bGNRWaNW8KvEZfRoabmT484rCECHDxnGnlemQ5p514rCTM5V_0uaYLJb1x9MsuO7wSvUjDprinnsvXc5BKOyKhPYtDconhXWB_RSw1pOzYBTv6fgvdfDy69wRkliKXm2NvierTu
userMessage: 사이버보안 진단의 날
pushStatus: [ messageId=0:1490937834218897%83057c2c66d6cf16 ]
============ 2017-03-31 14:23:51================
============ 2017-03-31 14:23:51================
registrationKey: APA91bFlBWlnKxZcpRI7itb27fkycOt7-i-uN2P8eVxGCDqMZDTELGY_eurJYMAJUo67R93N1MSGkPdB9_lMH7D1wxA-jhsYsGohoESr38KjKAGXUC1PIYuSekP0B77sNRsDm6ghYjAL
userMessage: 사이버보안 진단의 날
pushStatus: [ messageId=0:1490937834222579%83057c2c66d6cf16 ]
============ 2017-03-31 14:23:51================
============ 2017-03-31 14:23:51================
registrationKey: APA91bGvPyfHClUxZpAG5ZC4yfrtxooTDecWVLTNo9PCCD4yiosPOrrXrt8TVqqTWX2IQZY4e_Lo98fmCWRGF-phVi_6pYbibZpxkX-nI0A9i1KUnrMJbsErKI0xER3qVchwhBviyrvD
userMessage: 사이버보안 진단의 날
pushStatus: [ messageId=0:1490937834219538%83057c2c66d6cf16 ]
============ 2017-03-31 14:23:51================
============ 2017-03-31 14:23:51================
registrationKey: APA91bG5vZscmZFom0vjU90J-xmhgW-vrzYAxSu8KoPpZgcsQlm7OMNLpOIMsOva8PtdVW9H5VQ-mb2KIOAOiSvziOy4jzjue6-JrPYN5_Udj-hw3-11VcrEQv3YhXOOa2j3cQQzUir1
userMessage: 사이버보안 진단의 날
pushStatus: [ errorCode=NotRegistered ]
============ 2017-03-31 14:23:51================
============ 2017-03-31 14:23:51================
registrationKey: APA91bFS3JubQg5rPFwiJpouAC8KP0C7QfBLTV9qY6sVe9IU4qoQhJddEeMJxYynzu8pfH3QKd8kmpQMXLe8ypPFBTH0ghgMg9JKl9l_vCRZgfqwmQzuHOs0NbXhPdf6z3TgamkM7tHy
userMessage: 사이버보안 진단의 날
pushStatus: [ errorCode=NotRegistered ]
============ 2017-03-31 14:23:51================
============ 2017-03-31 14:23:51================
registrationKey: dyuM2qNuJgY:APA91bE3HNmDoclnEghRHoUjCTwgBC77Lqczk30g5tSXYfJ4-1D8uph7Yg2ALCr9Q-Yl0iHmqPMupsBwt7DyQcx1v-Qae3S_Au1xqOEM0wTf-tv5nt_r4cKdl3VodtZtlwzC78ZmHFvx
userMessage: 사이버보안 진단의 날
pushStatus: [ errorCode=NotRegistered ]
============ 2017-03-31 14:23:51================
============ 2017-03-31 14:23:51================
registrationKey: APA91bEpSn6mlUOB-J2_fMSQtk5f2Qj2QyAT65ItZiqE0bAKCaXkoKDKNnsMaFnb_xq_5bOuAo002eguWinHHjEzTDiyt5DffTltgtt-i8IeitRaCu9Hqaft05nbNjD2gIeHVY7FO5B4
userMessage: 사이버보안 진단의 날
pushStatus: [ errorCode=NotRegistered ]
============ 2017-03-31 14:23:51================
============ 2017-03-31 14:23:51================
registrationKey: APA91bGJI_VxcJ6FMzaFY4d4CBw9TOxAzYWYnmMEN_kwJ11yy56IS6FGIifFG5b4p3wW_GmKWbCdYbKFB3fK1I9EV9JYmgs3-Hhly46uTGkxje_ke4YLo1STb16GRBS4dIfXuJShc1Y4
userMessage: 사이버보안 진단의 날
pushStatus: [ errorCode=NotRegistered ]
============ 2017-03-31 14:23:51================
============ 2017-03-31 14:23:51================
registrationKey: dyuM2qNuJgY:APA91bE3HNmDoclnEghRHoUjCTwgBC77Lqczk30g5tSXYfJ4-1D8uph7Yg2ALCr9Q-Yl0iHmqPMupsBwt7DyQcx1v-Qae3S_Au1xqOEM0wTf-tv5nt_r4cKdl3VodtZtlwzC78ZmHFvx
userMessage: 사이버보안 진단의 날
pushStatus: [ errorCode=NotRegistered ]
============ 2017-03-31 14:23:51================
============ 2017-03-31 14:23:51================
registrationKey: APA91bGogcxKULgpavYuQT9vVrEmj9r8j9wC7pUDf0k14Yk9MQljmqZF1WmKKWQep-eTXV2yPGsW0A8b62FuXYWi3ZP94okpSxfAjbd3_hIhyVtC_eY1yUbA_Nf-7ReZxf3LXu-Bjvq5
userMessage: 사이버보안 진단의 날
pushStatus: [ messageId=0:1490937834226436%83057c2c66d6cf16 canonicalRegistrationId=APA91bGNKm0-OyhfeiUM8LhsYR996q7tNzhgBUz_Mg0Nh97PXlLFzb3q9dxCvip4NsXiNQdI3CiK0Mw2w4Fh612Gb88YE--fE2zxMDcjd7EI8afqA14a4zDWqMshz9iU-yZ2fd20p9Kw ]
============ 2017-03-31 14:23:51================
============ 2017-03-31 14:23:51================
registrationKey: APA91bFzVZ08njDJ43RDb_vKesIGqOOat3PzgMXMkQPK5-034bTrSnyIGrMxs0AZ90cjgg1nRM0kHmZYOkUtpDwygenId6ABloGLh5zob08x3xMOD5XfwZR2GwOeomLuNnTQG0m4llVg
userMessage: 사이버보안 진단의 날
pushStatus: [ messageId=0:1490937834229951%83057c2c66d6cf16 ]
============ 2017-03-31 14:23:51================
============ 2017-03-31 14:23:51================
registrationKey: APA91bEG8QZNq9vREg4k_2jIHQw9q04Tm73WZmmcidWdkTIk4t8kSTVbShKY7Lv8o2WLkC23dkGODeDoGw3otUfZJC4qGj1iQaYVbyiJpvSDlvrSxgJl97cVmYXn6rkuG0nx99rB1wd3
userMessage: 사이버보안 진단의 날
pushStatus: [ messageId=0:1490937834224555%83057c2c66d6cf16 ]
============ 2017-03-31 14:23:51================
============ 2017-03-31 14:23:51================
registrationKey: APA91bFCM-CgdWMBIIxy5Y-0YXiDshYJ2oXwh22kTRwkrK2WOPoLsjRPuEkTKWbgrQMHRlyyu0QVK3oyYWmg3H1ISdyeFyukLrJ1K_BBCZUYmJtt1waPJRX2tbykJ90Uq1jf2JBCJF0Z
userMessage: 사이버보안 진단의 날
pushStatus: [ messageId=0:1490937834235395%83057c2c66d6cf16 ]
============ 2017-03-31 14:23:51================
============ 2017-03-31 14:23:51================
registrationKey: APA91bGogcxKULgpavYuQT9vVrEmj9r8j9wC7pUDf0k14Yk9MQljmqZF1WmKKWQep-eTXV2yPGsW0A8b62FuXYWi3ZP94okpSxfAjbd3_hIhyVtC_eY1yUbA_Nf-7ReZxf3LXu-Bjvq5
userMessage: 사이버보안 진단의 날
pushStatus: [ messageId=0:1490937834233511%83057c2c66d6cf16 canonicalRegistrationId=APA91bGNKm0-OyhfeiUM8LhsYR996q7tNzhgBUz_Mg0Nh97PXlLFzb3q9dxCvip4NsXiNQdI3CiK0Mw2w4Fh612Gb88YE--fE2zxMDcjd7EI8afqA14a4zDWqMshz9iU-yZ2fd20p9Kw ]
============ 2017-03-31 14:23:51================
============ 2017-03-31 14:23:51================
registrationKey: APA91bENHTfsYkMjsXuC6h1AahHdpUam8cN-OIHmSaCiZ_w9XGjCeTcqLaL7B_IZ70zyRXrSZpPlhzROagVOW5n1ezi_sEBP2MGVIZkr3AZjlzmaaU8XcDnIDzZjC_yEiceO5izhSplr
userMessage: 사이버보안 진단의 날
pushStatus: [ messageId=0:1490937834228995%83057c2c66d6cf16 ]
============ 2017-03-31 14:23:51================
============ 2017-03-31 14:23:51================
registrationKey: APA91bHIKCukoAzr_HyZiIaE8CkJOmuxBSlYK4tK7a0ZCS6AVcNeLKOusv9278dRlxu7F7esmmx4Ir0uyBpYGRhKfMGDrjlEBHClnp7QV5-0GLQ_PWTnymGtOeRlb_cAva3VnQn4RtFN
userMessage: 사이버보안 진단의 날
pushStatus: [ messageId=0:1490937834221806%83057c2c66d6cf16 ]
============ 2017-03-31 14:23:51================
============ 2017-03-31 14:23:51================
registrationKey: APA91bEG8QZNq9vREg4k_2jIHQw9q04Tm73WZmmcidWdkTIk4t8kSTVbShKY7Lv8o2WLkC23dkGODeDoGw3otUfZJC4qGj1iQaYVbyiJpvSDlvrSxgJl97cVmYXn6rkuG0nx99rB1wd3
userMessage: 사이버보안 진단의 날
pushStatus: [ messageId=0:1490937834228077%83057c2c66d6cf16 ]
============ 2017-03-31 14:23:51================