
Quartz has started to run - 2017-03-06 01:59:59
Quartz has done normally - 2017-03-06 02:17:26
Quartz has started to run - 2017-03-06 02:30:00
Quartz has done normally - 2017-03-06 02:47:13
Quartz has started to run - 2017-03-06 03:44:12
Quartz has done normally - 2017-03-06 04:06:06
Quartz has started to run - 2017-03-06 04:30:00
Quartz has done normally - 2017-03-06 04:52:40
Quartz has started to run - 2017-03-06 05:30:00
An error Occured - 2017-03-06 06:31:35 
 StackTrace >> 
org.springframework.dao.DataAccessResourceFailureException: 
### Error updating database.  Cause: com.mysql.jdbc.exceptions.jdbc4.CommunicationsException: Communications link failure

The last packet successfully received from the server was 2,611,583 milliseconds ago.  The last packet sent successfully to the server was 2,611,583 milliseconds ago.
### The error may involve defaultParameterMap
### The error occurred while setting parameters
### SQL: INSERT INTO tblChatMember(device_f, room_f, regDate) SELECT ?, ?, NOW()    FROM DUAL WHERE NOT EXISTS(SELECT * FROM tblChatMember WHERE device_f = ? AND room_f = ?) LIMIT 1
### Cause: com.mysql.jdbc.exceptions.jdbc4.CommunicationsException: Communications link failure

The last packet successfully received from the server was 2,611,583 milliseconds ago.  The last packet sent successfully to the server was 2,611,583 milliseconds ago.
; SQL []; Communications link failure

The last packet successfully received from the server was 2,611,583 milliseconds ago.  The last packet sent successfully to the server was 2,611,583 milliseconds ago.; nested exception is com.mysql.jdbc.exceptions.jdbc4.CommunicationsException: Communications link failure

The last packet successfully received from the server was 2,611,583 milliseconds ago.  The last packet sent successfully to the server was 2,611,583 milliseconds ago.
Quartz has started to run - 2017-03-06 06:31:37
Quartz has done normally - 2017-03-06 06:50:36
Quartz has started to run - 2017-03-06 07:30:00
An error Occured - 2017-03-06 08:29:34 
 StackTrace >> 
org.springframework.dao.DataAccessResourceFailureException: 
### Error querying database.  Cause: com.mysql.jdbc.exceptions.jdbc4.CommunicationsException: Communications link failure

The last packet successfully received from the server was 3,453,804 milliseconds ago.  The last packet sent successfully to the server was 3,453,804 milliseconds ago.
### The error may exist in file [C:\Users\a\workspace\.metadata\.plugins\org.eclipse.wst.server.core\tmp2\wtpwebapps\djTalk\WEB-INF\classes\com\appg\djTalk\mybatis\core\query\CommMapper.xml]
### The error may involve defaultParameterMap
### The error occurred while setting parameters
### SQL: SELECT device_f, room_f FROM tblChatMember WHERE room_f = ?
### Cause: com.mysql.jdbc.exceptions.jdbc4.CommunicationsException: Communications link failure

The last packet successfully received from the server was 3,453,804 milliseconds ago.  The last packet sent successfully to the server was 3,453,804 milliseconds ago.
; SQL []; Communications link failure

The last packet successfully received from the server was 3,453,804 milliseconds ago.  The last packet sent successfully to the server was 3,453,804 milliseconds ago.; nested exception is com.mysql.jdbc.exceptions.jdbc4.CommunicationsException: Communications link failure

The last packet successfully received from the server was 3,453,804 milliseconds ago.  The last packet sent successfully to the server was 3,453,804 milliseconds ago.
Quartz has started to run - 2017-03-06 08:30:00
Quartz has done normally - 2017-03-06 08:48:55
Quartz has started to run - 2017-03-06 09:23:00
Quartz has done normally - 2017-03-06 09:23:00
Quartz has started to run - 2017-03-06 09:24:00
Quartz has done normally - 2017-03-06 09:24:00
Quartz has started to run - 2017-03-06 09:25:00
Quartz has done normally - 2017-03-06 09:25:00
Quartz has started to run - 2017-03-06 09:26:00
Quartz has done normally - 2017-03-06 09:26:00
Quartz has started to run - 2017-03-06 09:27:00
Quartz has done normally - 2017-03-06 09:27:00
Quartz has started to run - 2017-03-06 09:28:00
Quartz has done normally - 2017-03-06 09:28:00
Quartz has started to run - 2017-03-06 09:29:00
Quartz has done normally - 2017-03-06 09:29:00
Quartz has started to run - 2017-03-06 09:30:00
Quartz has done normally - 2017-03-06 09:30:00
Quartz has started to run - 2017-03-06 09:31:00
Quartz has done normally - 2017-03-06 09:31:00
Quartz has started to run - 2017-03-06 09:32:00
Quartz has done normally - 2017-03-06 09:32:00
Quartz has started to run - 2017-03-06 09:33:00
Quartz has done normally - 2017-03-06 09:33:00
Quartz has started to run - 2017-03-06 09:34:00
Quartz has done normally - 2017-03-06 09:34:00
Quartz has started to run - 2017-03-06 09:35:00
Quartz has done normally - 2017-03-06 09:35:00
Quartz has started to run - 2017-03-06 09:36:00
Quartz has done normally - 2017-03-06 09:36:00
Quartz has started to run - 2017-03-06 09:37:02
Quartz has done normally - 2017-03-06 09:37:03
Quartz has started to run - 2017-03-06 09:38:00
Quartz has done normally - 2017-03-06 09:38:00
Quartz has started to run - 2017-03-06 09:39:00
Quartz has done normally - 2017-03-06 09:39:00
Quartz has started to run - 2017-03-06 09:40:00
Quartz has done normally - 2017-03-06 09:40:00
Quartz has started to run - 2017-03-06 09:41:00
Quartz has done normally - 2017-03-06 09:41:00
Quartz has started to run - 2017-03-06 09:42:00
Quartz has done normally - 2017-03-06 09:42:00
Quartz has started to run - 2017-03-06 09:43:00
Quartz has done normally - 2017-03-06 09:43:00
Quartz has started to run - 2017-03-06 09:44:00
Quartz has done normally - 2017-03-06 09:44:00
Quartz has started to run - 2017-03-06 09:45:00
Quartz has done normally - 2017-03-06 09:45:00
Quartz has started to run - 2017-03-06 09:46:00
Quartz has done normally - 2017-03-06 09:46:00
Quartz has started to run - 2017-03-06 09:47:00
Quartz has done normally - 2017-03-06 09:47:00
Quartz has started to run - 2017-03-06 09:48:00
Quartz has done normally - 2017-03-06 09:48:00
Quartz has started to run - 2017-03-06 09:49:00
Quartz has done normally - 2017-03-06 09:49:00
Quartz has started to run - 2017-03-06 09:50:00
Quartz has done normally - 2017-03-06 09:50:00
Quartz has started to run - 2017-03-06 09:51:00
Quartz has done normally - 2017-03-06 09:51:00
Quartz has started to run - 2017-03-06 09:52:00
Quartz has done normally - 2017-03-06 09:52:00
Quartz has started to run - 2017-03-06 09:53:00
Quartz has done normally - 2017-03-06 09:53:00
Quartz has started to run - 2017-03-06 09:54:00
Quartz has done normally - 2017-03-06 09:54:00
Quartz has started to run - 2017-03-06 09:55:00
Quartz has done normally - 2017-03-06 09:55:00
Quartz has started to run - 2017-03-06 09:56:00
Quartz has done normally - 2017-03-06 09:56:00
Quartz has started to run - 2017-03-06 09:57:03
Quartz has done normally - 2017-03-06 09:57:03
Quartz has started to run - 2017-03-06 09:58:00
Quartz has done normally - 2017-03-06 09:58:00
Quartz has started to run - 2017-03-06 09:59:00
Quartz has done normally - 2017-03-06 09:59:00
Quartz has started to run - 2017-03-06 10:00:00
Quartz has done normally - 2017-03-06 10:00:00
Quartz has started to run - 2017-03-06 10:01:00
Quartz has done normally - 2017-03-06 10:01:00
Quartz has started to run - 2017-03-06 10:02:00
Quartz has done normally - 2017-03-06 10:02:00
Quartz has started to run - 2017-03-06 10:03:00
Quartz has done normally - 2017-03-06 10:03:00
Quartz has started to run - 2017-03-06 10:04:00
Quartz has done normally - 2017-03-06 10:04:00
Quartz has started to run - 2017-03-06 10:05:00
Quartz has done normally - 2017-03-06 10:05:00
Quartz has started to run - 2017-03-06 10:06:00
Quartz has done normally - 2017-03-06 10:06:00
Quartz has started to run - 2017-03-06 10:07:00
Quartz has done normally - 2017-03-06 10:07:00
Quartz has started to run - 2017-03-06 10:08:00
Quartz has done normally - 2017-03-06 10:08:00
Quartz has started to run - 2017-03-06 10:09:00
Quartz has done normally - 2017-03-06 10:09:00
Quartz has started to run - 2017-03-06 10:11:00
Quartz has done normally - 2017-03-06 10:11:00
Quartz has started to run - 2017-03-06 10:12:00
Quartz has done normally - 2017-03-06 10:12:00
Quartz has started to run - 2017-03-06 10:13:00
Quartz has done normally - 2017-03-06 10:13:00
Quartz has started to run - 2017-03-06 10:14:00
Quartz has done normally - 2017-03-06 10:14:00
Quartz has started to run - 2017-03-06 10:15:00
Quartz has done normally - 2017-03-06 10:15:00
Quartz has started to run - 2017-03-06 10:16:00
Quartz has done normally - 2017-03-06 10:16:00
Quartz has started to run - 2017-03-06 10:17:00
Quartz has done normally - 2017-03-06 10:17:00
Quartz has started to run - 2017-03-06 10:18:00
Quartz has done normally - 2017-03-06 10:18:00
Quartz has started to run - 2017-03-06 10:19:00
Quartz has done normally - 2017-03-06 10:19:00
Quartz has started to run - 2017-03-06 10:20:00
Quartz has done normally - 2017-03-06 10:20:00
Quartz has started to run - 2017-03-06 10:21:00
Quartz has done normally - 2017-03-06 10:21:00
Quartz has started to run - 2017-03-06 10:22:00
Quartz has done normally - 2017-03-06 10:22:00
Quartz has started to run - 2017-03-06 10:23:00
Quartz has done normally - 2017-03-06 10:23:00
Quartz has started to run - 2017-03-06 10:24:00
Quartz has done normally - 2017-03-06 10:24:00
Quartz has started to run - 2017-03-06 10:25:00
Quartz has done normally - 2017-03-06 10:25:00
Quartz has started to run - 2017-03-06 10:26:00
Quartz has done normally - 2017-03-06 10:26:00
Quartz has started to run - 2017-03-06 10:27:00
Quartz has done normally - 2017-03-06 10:27:00
Quartz has started to run - 2017-03-06 10:28:00
Quartz has done normally - 2017-03-06 10:28:00
Quartz has started to run - 2017-03-06 10:29:00
Quartz has done normally - 2017-03-06 10:29:00
Quartz has started to run - 2017-03-06 10:30:00
Quartz has done normally - 2017-03-06 10:30:00
Quartz has started to run - 2017-03-06 10:31:00
Quartz has done normally - 2017-03-06 10:31:00
Quartz has started to run - 2017-03-06 10:32:00
Quartz has done normally - 2017-03-06 10:32:00
Quartz has started to run - 2017-03-06 10:33:00
Quartz has done normally - 2017-03-06 10:33:00
Quartz has started to run - 2017-03-06 10:34:00
Quartz has done normally - 2017-03-06 10:34:00
Quartz has started to run - 2017-03-06 10:35:00
Quartz has done normally - 2017-03-06 10:35:00
Quartz has started to run - 2017-03-06 10:36:00
Quartz has done normally - 2017-03-06 10:36:00
Quartz has started to run - 2017-03-06 10:37:00
Quartz has done normally - 2017-03-06 10:37:00
Quartz has started to run - 2017-03-06 10:38:00
Quartz has done normally - 2017-03-06 10:38:00
Quartz has started to run - 2017-03-06 10:39:00
Quartz has done normally - 2017-03-06 10:39:00
Quartz has started to run - 2017-03-06 10:40:00
Quartz has done normally - 2017-03-06 10:40:00
Quartz has started to run - 2017-03-06 10:41:00
Quartz has done normally - 2017-03-06 10:41:00
Quartz has started to run - 2017-03-06 10:42:00
Quartz has done normally - 2017-03-06 10:42:00
Quartz has started to run - 2017-03-06 10:43:00
Quartz has done normally - 2017-03-06 10:43:00
Quartz has started to run - 2017-03-06 10:44:00
Quartz has done normally - 2017-03-06 10:44:00
Quartz has started to run - 2017-03-06 10:45:00
Quartz has done normally - 2017-03-06 10:45:00
Quartz has started to run - 2017-03-06 10:46:00
Quartz has done normally - 2017-03-06 10:46:00
Quartz has started to run - 2017-03-06 10:47:00
Quartz has done normally - 2017-03-06 10:47:00
Quartz has started to run - 2017-03-06 10:48:00
Quartz has done normally - 2017-03-06 10:48:00
Quartz has started to run - 2017-03-06 10:49:00
Quartz has done normally - 2017-03-06 10:49:00
Quartz has started to run - 2017-03-06 10:50:00
Quartz has done normally - 2017-03-06 10:50:00
Quartz has started to run - 2017-03-06 10:51:00
Quartz has done normally - 2017-03-06 10:51:00
Quartz has started to run - 2017-03-06 10:52:00
Quartz has done normally - 2017-03-06 10:52:00
Quartz has started to run - 2017-03-06 10:53:00
Quartz has done normally - 2017-03-06 10:53:00
Quartz has started to run - 2017-03-06 10:54:00
Quartz has done normally - 2017-03-06 10:54:00
Quartz has started to run - 2017-03-06 10:55:00
Quartz has done normally - 2017-03-06 10:55:00
Quartz has started to run - 2017-03-06 10:56:00
Quartz has done normally - 2017-03-06 10:56:00
Quartz has started to run - 2017-03-06 10:57:00
Quartz has done normally - 2017-03-06 10:57:00
Quartz has started to run - 2017-03-06 10:58:00
Quartz has done normally - 2017-03-06 10:58:00
Quartz has started to run - 2017-03-06 10:59:00
Quartz has done normally - 2017-03-06 10:59:00
Quartz has started to run - 2017-03-06 11:00:00
Quartz has done normally - 2017-03-06 11:00:00
Quartz has started to run - 2017-03-06 11:01:00
Quartz has done normally - 2017-03-06 11:01:00
Quartz has started to run - 2017-03-06 11:02:00
Quartz has done normally - 2017-03-06 11:02:00
Quartz has started to run - 2017-03-06 11:03:00
Quartz has done normally - 2017-03-06 11:03:00
Quartz has started to run - 2017-03-06 11:04:00
Quartz has done normally - 2017-03-06 11:04:00
Quartz has started to run - 2017-03-06 11:05:00
Quartz has done normally - 2017-03-06 11:05:00
Quartz has started to run - 2017-03-06 11:06:00
Quartz has done normally - 2017-03-06 11:06:00
Quartz has started to run - 2017-03-06 11:07:00
Quartz has done normally - 2017-03-06 11:07:00
Quartz has started to run - 2017-03-06 11:08:00
Quartz has done normally - 2017-03-06 11:08:00
Quartz has started to run - 2017-03-06 11:09:00
Quartz has done normally - 2017-03-06 11:09:00
Quartz has started to run - 2017-03-06 11:10:00
Quartz has done normally - 2017-03-06 11:10:00
Quartz has started to run - 2017-03-06 11:11:00
Quartz has done normally - 2017-03-06 11:11:00
Quartz has started to run - 2017-03-06 11:12:00
Quartz has done normally - 2017-03-06 11:12:00
Quartz has started to run - 2017-03-06 11:13:00
Quartz has done normally - 2017-03-06 11:13:00
Quartz has started to run - 2017-03-06 11:14:00
Quartz has done normally - 2017-03-06 11:14:00
Quartz has started to run - 2017-03-06 11:15:00
Quartz has done normally - 2017-03-06 11:15:00
Quartz has started to run - 2017-03-06 11:16:00
Quartz has done normally - 2017-03-06 11:16:00
Quartz has started to run - 2017-03-06 11:17:00
Quartz has done normally - 2017-03-06 11:17:00
Quartz has started to run - 2017-03-06 11:18:00
Quartz has done normally - 2017-03-06 11:18:00
Quartz has started to run - 2017-03-06 11:19:00
Quartz has done normally - 2017-03-06 11:19:00
Quartz has started to run - 2017-03-06 11:20:00
Quartz has done normally - 2017-03-06 11:20:00
Quartz has started to run - 2017-03-06 11:21:00
Quartz has done normally - 2017-03-06 11:21:00
Quartz has started to run - 2017-03-06 11:22:00
Quartz has done normally - 2017-03-06 11:22:00
Quartz has started to run - 2017-03-06 11:23:00
Quartz has done normally - 2017-03-06 11:23:00
Quartz has started to run - 2017-03-06 11:25:00
Quartz has done normally - 2017-03-06 11:25:00
Quartz has started to run - 2017-03-06 11:26:00
Quartz has done normally - 2017-03-06 11:26:00
Quartz has started to run - 2017-03-06 11:27:00
Quartz has done normally - 2017-03-06 11:27:00
Quartz has started to run - 2017-03-06 11:28:00
Quartz has done normally - 2017-03-06 11:28:00
Quartz has started to run - 2017-03-06 11:29:00
Quartz has done normally - 2017-03-06 11:29:00
Quartz has started to run - 2017-03-06 11:30:00
Quartz has done normally - 2017-03-06 11:30:00
Quartz has started to run - 2017-03-06 11:31:00
Quartz has done normally - 2017-03-06 11:31:00
Quartz has started to run - 2017-03-06 11:32:00
Quartz has done normally - 2017-03-06 11:32:00
Quartz has started to run - 2017-03-06 11:33:00
Quartz has done normally - 2017-03-06 11:33:00
Quartz has started to run - 2017-03-06 11:34:00
Quartz has done normally - 2017-03-06 11:34:00
Quartz has started to run - 2017-03-06 11:35:00
Quartz has done normally - 2017-03-06 11:35:00
Quartz has started to run - 2017-03-06 11:36:00
Quartz has done normally - 2017-03-06 11:36:00
Quartz has started to run - 2017-03-06 11:37:00
Quartz has done normally - 2017-03-06 11:37:00
Quartz has started to run - 2017-03-06 11:38:00
Quartz has done normally - 2017-03-06 11:38:00
Quartz has started to run - 2017-03-06 11:39:00
Quartz has done normally - 2017-03-06 11:39:00
Quartz has started to run - 2017-03-06 11:40:00
Quartz has done normally - 2017-03-06 11:40:00
Quartz has started to run - 2017-03-06 11:41:00
Quartz has done normally - 2017-03-06 11:41:00
Quartz has started to run - 2017-03-06 11:42:00
Quartz has done normally - 2017-03-06 11:42:00
Quartz has started to run - 2017-03-06 11:43:00
Quartz has done normally - 2017-03-06 11:43:00
Quartz has started to run - 2017-03-06 11:44:00
Quartz has done normally - 2017-03-06 11:44:00
Quartz has started to run - 2017-03-06 11:45:00
Quartz has done normally - 2017-03-06 11:45:00
Quartz has started to run - 2017-03-06 11:46:00
Quartz has done normally - 2017-03-06 11:46:00
Quartz has started to run - 2017-03-06 11:47:00
Quartz has done normally - 2017-03-06 11:47:00
Quartz has started to run - 2017-03-06 11:48:00
Quartz has done normally - 2017-03-06 11:48:00
Quartz has started to run - 2017-03-06 11:49:00
Quartz has done normally - 2017-03-06 11:49:00
Quartz has started to run - 2017-03-06 11:50:00
Quartz has done normally - 2017-03-06 11:50:00
Quartz has started to run - 2017-03-06 11:51:00
Quartz has done normally - 2017-03-06 11:51:00
Quartz has started to run - 2017-03-06 11:52:00
Quartz has done normally - 2017-03-06 11:52:00
Quartz has started to run - 2017-03-06 11:53:00
Quartz has done normally - 2017-03-06 11:53:00
Quartz has started to run - 2017-03-06 11:54:00
Quartz has done normally - 2017-03-06 11:54:00
Quartz has started to run - 2017-03-06 11:55:00
Quartz has done normally - 2017-03-06 11:55:00
Quartz has started to run - 2017-03-06 11:56:00
Quartz has done normally - 2017-03-06 11:56:00
Quartz has started to run - 2017-03-06 11:57:00
Quartz has done normally - 2017-03-06 11:57:00
Quartz has started to run - 2017-03-06 11:58:00
Quartz has done normally - 2017-03-06 11:58:00
Quartz has started to run - 2017-03-06 11:59:00
Quartz has done normally - 2017-03-06 11:59:00
Quartz has started to run - 2017-03-06 12:00:00
Quartz has done normally - 2017-03-06 12:00:00
Quartz has started to run - 2017-03-06 12:01:00
Quartz has done normally - 2017-03-06 12:01:00
Quartz has started to run - 2017-03-06 12:02:00
Quartz has done normally - 2017-03-06 12:02:00
Quartz has started to run - 2017-03-06 12:03:00
Quartz has done normally - 2017-03-06 12:03:00
Quartz has started to run - 2017-03-06 12:04:00
Quartz has done normally - 2017-03-06 12:04:00
Quartz has started to run - 2017-03-06 12:05:00
Quartz has done normally - 2017-03-06 12:05:00
Quartz has started to run - 2017-03-06 12:06:00
Quartz has done normally - 2017-03-06 12:06:00
Quartz has started to run - 2017-03-06 12:07:00
Quartz has done normally - 2017-03-06 12:07:00
Quartz has started to run - 2017-03-06 12:08:00
Quartz has done normally - 2017-03-06 12:08:00
Quartz has started to run - 2017-03-06 12:09:00
Quartz has done normally - 2017-03-06 12:09:00
Quartz has started to run - 2017-03-06 12:10:00
Quartz has done normally - 2017-03-06 12:10:00
Quartz has started to run - 2017-03-06 12:11:00
Quartz has done normally - 2017-03-06 12:11:00
Quartz has started to run - 2017-03-06 12:12:00
Quartz has done normally - 2017-03-06 12:12:00
Quartz has started to run - 2017-03-06 12:13:00
Quartz has done normally - 2017-03-06 12:13:00
Quartz has started to run - 2017-03-06 12:14:00
Quartz has done normally - 2017-03-06 12:14:00
Quartz has started to run - 2017-03-06 12:15:00
Quartz has done normally - 2017-03-06 12:15:00
Quartz has started to run - 2017-03-06 12:16:00
Quartz has done normally - 2017-03-06 12:16:00
Quartz has started to run - 2017-03-06 12:17:00
Quartz has done normally - 2017-03-06 12:17:00
Quartz has started to run - 2017-03-06 12:18:00
Quartz has done normally - 2017-03-06 12:18:00
Quartz has started to run - 2017-03-06 12:19:00
Quartz has done normally - 2017-03-06 12:19:00
Quartz has started to run - 2017-03-06 12:20:00
Quartz has done normally - 2017-03-06 12:20:00
Quartz has started to run - 2017-03-06 12:21:00
Quartz has done normally - 2017-03-06 12:21:00
Quartz has started to run - 2017-03-06 12:22:00
Quartz has done normally - 2017-03-06 12:22:00
Quartz has started to run - 2017-03-06 12:23:00
Quartz has done normally - 2017-03-06 12:23:00
Quartz has started to run - 2017-03-06 12:24:00
Quartz has done normally - 2017-03-06 12:24:00
Quartz has started to run - 2017-03-06 12:25:00
Quartz has done normally - 2017-03-06 12:25:00
Quartz has started to run - 2017-03-06 12:26:00
Quartz has done normally - 2017-03-06 12:26:00
Quartz has started to run - 2017-03-06 12:27:00
Quartz has done normally - 2017-03-06 12:27:00
Quartz has started to run - 2017-03-06 12:28:00
Quartz has done normally - 2017-03-06 12:28:00
Quartz has started to run - 2017-03-06 12:29:00
Quartz has done normally - 2017-03-06 12:29:00
Quartz has started to run - 2017-03-06 12:30:00
Quartz has done normally - 2017-03-06 12:30:00
Quartz has started to run - 2017-03-06 12:31:00
Quartz has done normally - 2017-03-06 12:31:00
Quartz has started to run - 2017-03-06 12:32:00
Quartz has done normally - 2017-03-06 12:32:00
Quartz has started to run - 2017-03-06 12:33:00
Quartz has done normally - 2017-03-06 12:33:00
Quartz has started to run - 2017-03-06 12:34:00
Quartz has done normally - 2017-03-06 12:34:00
Quartz has started to run - 2017-03-06 12:35:00
Quartz has done normally - 2017-03-06 12:35:00
Quartz has started to run - 2017-03-06 12:36:00
Quartz has done normally - 2017-03-06 12:36:00
Quartz has started to run - 2017-03-06 12:37:00
Quartz has done normally - 2017-03-06 12:37:00
Quartz has started to run - 2017-03-06 12:38:00
Quartz has done normally - 2017-03-06 12:38:00
Quartz has started to run - 2017-03-06 12:39:00
Quartz has done normally - 2017-03-06 12:39:00
Quartz has started to run - 2017-03-06 12:40:00
Quartz has done normally - 2017-03-06 12:40:00
Quartz has started to run - 2017-03-06 12:41:00
Quartz has done normally - 2017-03-06 12:41:00
Quartz has started to run - 2017-03-06 12:42:00
Quartz has done normally - 2017-03-06 12:42:00
Quartz has started to run - 2017-03-06 12:43:00
Quartz has done normally - 2017-03-06 12:43:00
Quartz has started to run - 2017-03-06 12:44:00
Quartz has done normally - 2017-03-06 12:44:00
Quartz has started to run - 2017-03-06 12:45:00
Quartz has done normally - 2017-03-06 12:45:00
Quartz has started to run - 2017-03-06 12:46:00
Quartz has done normally - 2017-03-06 12:46:00
Quartz has started to run - 2017-03-06 12:47:00
Quartz has done normally - 2017-03-06 12:47:00
Quartz has started to run - 2017-03-06 12:48:00
Quartz has done normally - 2017-03-06 12:48:00
Quartz has started to run - 2017-03-06 12:49:00
Quartz has done normally - 2017-03-06 12:49:00
Quartz has started to run - 2017-03-06 12:50:00
Quartz has done normally - 2017-03-06 12:50:00
Quartz has started to run - 2017-03-06 12:51:00
Quartz has done normally - 2017-03-06 12:51:00
Quartz has started to run - 2017-03-06 12:52:00
Quartz has done normally - 2017-03-06 12:52:00
Quartz has started to run - 2017-03-06 12:53:00
Quartz has done normally - 2017-03-06 12:53:00
Quartz has started to run - 2017-03-06 12:54:00
Quartz has done normally - 2017-03-06 12:54:00
Quartz has started to run - 2017-03-06 12:55:00
Quartz has done normally - 2017-03-06 12:55:00
Quartz has started to run - 2017-03-06 12:56:00
Quartz has done normally - 2017-03-06 12:56:00
Quartz has started to run - 2017-03-06 12:57:00
Quartz has done normally - 2017-03-06 12:57:00
Quartz has started to run - 2017-03-06 12:58:00
Quartz has done normally - 2017-03-06 12:58:00
Quartz has started to run - 2017-03-06 12:59:00
Quartz has done normally - 2017-03-06 12:59:00
Quartz has started to run - 2017-03-06 13:00:00
Quartz has done normally - 2017-03-06 13:00:00
Quartz has started to run - 2017-03-06 13:01:00
Quartz has done normally - 2017-03-06 13:01:00
Quartz has started to run - 2017-03-06 13:02:00
Quartz has done normally - 2017-03-06 13:02:00
Quartz has started to run - 2017-03-06 13:03:00
Quartz has done normally - 2017-03-06 13:03:00
Quartz has started to run - 2017-03-06 13:04:00
Quartz has done normally - 2017-03-06 13:04:00
Quartz has started to run - 2017-03-06 13:05:00
Quartz has done normally - 2017-03-06 13:05:00
Quartz has started to run - 2017-03-06 13:06:00
Quartz has done normally - 2017-03-06 13:06:00
Quartz has started to run - 2017-03-06 13:07:00
Quartz has done normally - 2017-03-06 13:07:00
Quartz has started to run - 2017-03-06 13:08:00
Quartz has done normally - 2017-03-06 13:08:00
Quartz has started to run - 2017-03-06 13:09:00
Quartz has done normally - 2017-03-06 13:09:00
Quartz has started to run - 2017-03-06 13:10:00
Quartz has done normally - 2017-03-06 13:10:00
Quartz has started to run - 2017-03-06 13:11:00
Quartz has done normally - 2017-03-06 13:11:00
Quartz has started to run - 2017-03-06 13:12:00
Quartz has done normally - 2017-03-06 13:12:00
Quartz has started to run - 2017-03-06 13:13:00
Quartz has done normally - 2017-03-06 13:13:00
Quartz has started to run - 2017-03-06 13:14:00
Quartz has done normally - 2017-03-06 13:14:00
Quartz has started to run - 2017-03-06 13:15:00
Quartz has done normally - 2017-03-06 13:15:00
Quartz has started to run - 2017-03-06 13:16:00
Quartz has done normally - 2017-03-06 13:16:00
Quartz has started to run - 2017-03-06 13:17:00
Quartz has done normally - 2017-03-06 13:17:00
Quartz has started to run - 2017-03-06 13:18:00
Quartz has done normally - 2017-03-06 13:18:00
Quartz has started to run - 2017-03-06 13:19:00
Quartz has done normally - 2017-03-06 13:19:00
Quartz has started to run - 2017-03-06 13:20:00
Quartz has done normally - 2017-03-06 13:20:00
Quartz has started to run - 2017-03-06 13:21:00
Quartz has done normally - 2017-03-06 13:21:00
Quartz has started to run - 2017-03-06 13:22:00
Quartz has done normally - 2017-03-06 13:22:00
Quartz has started to run - 2017-03-06 13:23:00
Quartz has done normally - 2017-03-06 13:23:00
Quartz has started to run - 2017-03-06 13:24:00
Quartz has done normally - 2017-03-06 13:24:00
Quartz has started to run - 2017-03-06 13:25:00
Quartz has done normally - 2017-03-06 13:25:00
Quartz has started to run - 2017-03-06 13:26:00
Quartz has done normally - 2017-03-06 13:26:00
Quartz has started to run - 2017-03-06 13:27:00
Quartz has done normally - 2017-03-06 13:27:00
Quartz has started to run - 2017-03-06 13:28:00
Quartz has done normally - 2017-03-06 13:28:00
Quartz has started to run - 2017-03-06 13:29:00
Quartz has done normally - 2017-03-06 13:29:00
Quartz has started to run - 2017-03-06 13:30:00
Quartz has done normally - 2017-03-06 13:30:00
Quartz has started to run - 2017-03-06 13:31:00
Quartz has done normally - 2017-03-06 13:31:00
Quartz has started to run - 2017-03-06 13:32:00
Quartz has done normally - 2017-03-06 13:32:00
Quartz has started to run - 2017-03-06 13:34:00
Quartz has done normally - 2017-03-06 13:34:00
Quartz has started to run - 2017-03-06 13:35:00
Quartz has done normally - 2017-03-06 13:35:00
Quartz has started to run - 2017-03-06 13:36:00
Quartz has done normally - 2017-03-06 13:36:00
Quartz has started to run - 2017-03-06 13:37:00
Quartz has done normally - 2017-03-06 13:37:00
Quartz has started to run - 2017-03-06 13:38:00
Quartz has done normally - 2017-03-06 13:38:00
Quartz has started to run - 2017-03-06 13:39:00
Quartz has done normally - 2017-03-06 13:39:00
Quartz has started to run - 2017-03-06 13:40:00
Quartz has done normally - 2017-03-06 13:40:00
Quartz has started to run - 2017-03-06 13:41:00
Quartz has done normally - 2017-03-06 13:41:00
Quartz has started to run - 2017-03-06 13:42:00
Quartz has done normally - 2017-03-06 13:42:00
Quartz has started to run - 2017-03-06 13:43:00
Quartz has done normally - 2017-03-06 13:43:00
Quartz has started to run - 2017-03-06 13:44:00
Quartz has done normally - 2017-03-06 13:44:00
Quartz has started to run - 2017-03-06 13:45:00
Quartz has done normally - 2017-03-06 13:45:00
Quartz has started to run - 2017-03-06 13:46:00
Quartz has done normally - 2017-03-06 13:46:00
Quartz has started to run - 2017-03-06 13:47:00
Quartz has done normally - 2017-03-06 13:47:00
Quartz has started to run - 2017-03-06 13:48:00
Quartz has done normally - 2017-03-06 13:48:00
Quartz has started to run - 2017-03-06 13:49:00
Quartz has done normally - 2017-03-06 13:49:00
Quartz has started to run - 2017-03-06 13:50:00
Quartz has done normally - 2017-03-06 13:50:00
Quartz has started to run - 2017-03-06 13:51:00
Quartz has done normally - 2017-03-06 13:51:00
Quartz has started to run - 2017-03-06 13:52:00
Quartz has done normally - 2017-03-06 13:52:00
Quartz has started to run - 2017-03-06 13:53:00
Quartz has done normally - 2017-03-06 13:53:00
Quartz has started to run - 2017-03-06 13:54:00
Quartz has done normally - 2017-03-06 13:54:00
Quartz has started to run - 2017-03-06 13:55:00
Quartz has done normally - 2017-03-06 13:55:00
Quartz has started to run - 2017-03-06 13:56:00
Quartz has done normally - 2017-03-06 13:56:00
Quartz has started to run - 2017-03-06 13:57:00
Quartz has done normally - 2017-03-06 13:57:00
Quartz has started to run - 2017-03-06 13:58:00
Quartz has done normally - 2017-03-06 13:58:00
Quartz has started to run - 2017-03-06 13:59:00
Quartz has done normally - 2017-03-06 13:59:00
Quartz has started to run - 2017-03-06 14:00:00
Quartz has done normally - 2017-03-06 14:00:00
Quartz has started to run - 2017-03-06 14:01:00
Quartz has done normally - 2017-03-06 14:01:00
Quartz has started to run - 2017-03-06 14:02:00
Quartz has done normally - 2017-03-06 14:02:00
Quartz has started to run - 2017-03-06 14:03:00
Quartz has done normally - 2017-03-06 14:03:00
Quartz has started to run - 2017-03-06 14:04:00
Quartz has done normally - 2017-03-06 14:04:00
Quartz has started to run - 2017-03-06 14:05:00
Quartz has done normally - 2017-03-06 14:05:00
Quartz has started to run - 2017-03-06 14:06:00
Quartz has done normally - 2017-03-06 14:06:00
Quartz has started to run - 2017-03-06 14:07:00
Quartz has done normally - 2017-03-06 14:07:00
Quartz has started to run - 2017-03-06 14:08:00
Quartz has done normally - 2017-03-06 14:08:00
Quartz has started to run - 2017-03-06 14:09:00
Quartz has done normally - 2017-03-06 14:09:00
Quartz has started to run - 2017-03-06 14:10:00
Quartz has done normally - 2017-03-06 14:10:00
Quartz has started to run - 2017-03-06 14:11:00
Quartz has done normally - 2017-03-06 14:11:00
Quartz has started to run - 2017-03-06 14:12:00
Quartz has done normally - 2017-03-06 14:12:00
Quartz has started to run - 2017-03-06 14:13:00
Quartz has done normally - 2017-03-06 14:13:00
Quartz has started to run - 2017-03-06 14:14:00
Quartz has done normally - 2017-03-06 14:14:00
Quartz has started to run - 2017-03-06 14:15:00
Quartz has done normally - 2017-03-06 14:15:00
Quartz has started to run - 2017-03-06 14:16:00
Quartz has done normally - 2017-03-06 14:16:00
Quartz has started to run - 2017-03-06 14:17:00
Quartz has done normally - 2017-03-06 14:17:00
Quartz has started to run - 2017-03-06 14:18:00
Quartz has done normally - 2017-03-06 14:18:00
Quartz has started to run - 2017-03-06 14:19:00
Quartz has done normally - 2017-03-06 14:19:00
Quartz has started to run - 2017-03-06 14:20:00
Quartz has done normally - 2017-03-06 14:20:00
Quartz has started to run - 2017-03-06 14:21:00
Quartz has done normally - 2017-03-06 14:21:00
Quartz has started to run - 2017-03-06 14:22:00
Quartz has done normally - 2017-03-06 14:22:00
Quartz has started to run - 2017-03-06 14:23:00
Quartz has done normally - 2017-03-06 14:23:00
Quartz has started to run - 2017-03-06 14:24:00
Quartz has done normally - 2017-03-06 14:24:00
Quartz has started to run - 2017-03-06 14:25:00
Quartz has done normally - 2017-03-06 14:25:00
Quartz has started to run - 2017-03-06 14:26:00
Quartz has done normally - 2017-03-06 14:26:00
Quartz has started to run - 2017-03-06 14:27:00
Quartz has done normally - 2017-03-06 14:27:00
Quartz has started to run - 2017-03-06 14:28:00
Quartz has done normally - 2017-03-06 14:28:00
Quartz has started to run - 2017-03-06 14:29:00
Quartz has done normally - 2017-03-06 14:29:00
Quartz has started to run - 2017-03-06 14:30:00
Quartz has done normally - 2017-03-06 14:30:00
Quartz has started to run - 2017-03-06 14:31:00
Quartz has done normally - 2017-03-06 14:31:00
Quartz has started to run - 2017-03-06 14:32:00
Quartz has done normally - 2017-03-06 14:32:00
Quartz has started to run - 2017-03-06 14:33:00
Quartz has done normally - 2017-03-06 14:33:00
Quartz has started to run - 2017-03-06 14:34:00
Quartz has done normally - 2017-03-06 14:34:00
Quartz has started to run - 2017-03-06 14:35:00
Quartz has done normally - 2017-03-06 14:35:00
Quartz has started to run - 2017-03-06 14:36:00
Quartz has done normally - 2017-03-06 14:36:00
Quartz has started to run - 2017-03-06 14:37:00
Quartz has done normally - 2017-03-06 14:37:00
Quartz has started to run - 2017-03-06 14:38:00
Quartz has done normally - 2017-03-06 14:38:00
Quartz has started to run - 2017-03-06 14:39:00
Quartz has done normally - 2017-03-06 14:39:00
Quartz has started to run - 2017-03-06 14:40:00
Quartz has done normally - 2017-03-06 14:40:00
Quartz has started to run - 2017-03-06 14:41:00
Quartz has done normally - 2017-03-06 14:41:00
Quartz has started to run - 2017-03-06 14:42:00
Quartz has done normally - 2017-03-06 14:42:00
Quartz has started to run - 2017-03-06 14:43:00
Quartz has done normally - 2017-03-06 14:43:00
Quartz has started to run - 2017-03-06 14:44:00
Quartz has done normally - 2017-03-06 14:44:00
Quartz has started to run - 2017-03-06 14:45:00
Quartz has done normally - 2017-03-06 14:45:00
Quartz has started to run - 2017-03-06 14:46:00
Quartz has done normally - 2017-03-06 14:46:00
Quartz has started to run - 2017-03-06 14:47:00
Quartz has done normally - 2017-03-06 14:47:00
Quartz has started to run - 2017-03-06 14:48:00
Quartz has done normally - 2017-03-06 14:48:00
Quartz has started to run - 2017-03-06 14:49:00
Quartz has done normally - 2017-03-06 14:49:00
Quartz has started to run - 2017-03-06 14:50:00
Quartz has done normally - 2017-03-06 14:50:00
Quartz has started to run - 2017-03-06 14:51:00
Quartz has done normally - 2017-03-06 14:51:00
Quartz has started to run - 2017-03-06 14:52:00
Quartz has done normally - 2017-03-06 14:52:00
Quartz has started to run - 2017-03-06 14:53:00
Quartz has done normally - 2017-03-06 14:53:00
Quartz has started to run - 2017-03-06 14:54:00
Quartz has done normally - 2017-03-06 14:54:00
Quartz has started to run - 2017-03-06 14:55:00
Quartz has done normally - 2017-03-06 14:55:00
Quartz has started to run - 2017-03-06 14:56:00
Quartz has done normally - 2017-03-06 14:56:00
Quartz has started to run - 2017-03-06 14:57:00
Quartz has done normally - 2017-03-06 14:57:00
Quartz has started to run - 2017-03-06 14:58:00
Quartz has done normally - 2017-03-06 14:58:00
Quartz has started to run - 2017-03-06 14:59:00
Quartz has done normally - 2017-03-06 14:59:00
Quartz has started to run - 2017-03-06 15:00:00
Quartz has done normally - 2017-03-06 15:00:00
Quartz has started to run - 2017-03-06 15:01:00
Quartz has done normally - 2017-03-06 15:01:00
Quartz has started to run - 2017-03-06 15:02:00
Quartz has done normally - 2017-03-06 15:02:00
Quartz has started to run - 2017-03-06 15:03:00
Quartz has done normally - 2017-03-06 15:03:00
Quartz has started to run - 2017-03-06 15:04:00
Quartz has done normally - 2017-03-06 15:04:00
Quartz has started to run - 2017-03-06 15:05:00
Quartz has done normally - 2017-03-06 15:05:00
Quartz has started to run - 2017-03-06 15:06:00
Quartz has done normally - 2017-03-06 15:06:00
Quartz has started to run - 2017-03-06 15:07:00
Quartz has done normally - 2017-03-06 15:07:00
Quartz has started to run - 2017-03-06 15:08:00
Quartz has done normally - 2017-03-06 15:08:00
Quartz has started to run - 2017-03-06 15:09:00
Quartz has done normally - 2017-03-06 15:09:00
Quartz has started to run - 2017-03-06 15:10:00
Quartz has done normally - 2017-03-06 15:10:00
Quartz has started to run - 2017-03-06 15:11:00
Quartz has done normally - 2017-03-06 15:11:00
Quartz has started to run - 2017-03-06 15:12:00
Quartz has done normally - 2017-03-06 15:12:00
Quartz has started to run - 2017-03-06 15:13:00
Quartz has done normally - 2017-03-06 15:13:00
Quartz has started to run - 2017-03-06 15:14:00
Quartz has done normally - 2017-03-06 15:14:00
Quartz has started to run - 2017-03-06 15:15:00
Quartz has done normally - 2017-03-06 15:15:00
Quartz has started to run - 2017-03-06 15:16:00
Quartz has done normally - 2017-03-06 15:16:00
Quartz has started to run - 2017-03-06 15:17:00
Quartz has done normally - 2017-03-06 15:17:00
Quartz has started to run - 2017-03-06 15:18:00
Quartz has done normally - 2017-03-06 15:18:00
Quartz has started to run - 2017-03-06 15:19:00
Quartz has done normally - 2017-03-06 15:19:00
Quartz has started to run - 2017-03-06 15:20:00
Quartz has done normally - 2017-03-06 15:20:00
Quartz has started to run - 2017-03-06 15:21:00
Quartz has done normally - 2017-03-06 15:21:00
Quartz has started to run - 2017-03-06 15:22:00
Quartz has done normally - 2017-03-06 15:22:00
Quartz has started to run - 2017-03-06 15:23:00
Quartz has done normally - 2017-03-06 15:23:00
Quartz has started to run - 2017-03-06 15:24:00
Quartz has done normally - 2017-03-06 15:24:00
Quartz has started to run - 2017-03-06 15:25:00
Quartz has done normally - 2017-03-06 15:25:00
Quartz has started to run - 2017-03-06 15:26:00
Quartz has done normally - 2017-03-06 15:26:00
Quartz has started to run - 2017-03-06 15:27:00
Quartz has done normally - 2017-03-06 15:27:00
Quartz has started to run - 2017-03-06 15:28:00
Quartz has done normally - 2017-03-06 15:28:00
Quartz has started to run - 2017-03-06 15:29:00
Quartz has done normally - 2017-03-06 15:29:00
Quartz has started to run - 2017-03-06 15:30:00
Quartz has done normally - 2017-03-06 15:30:00
Quartz has started to run - 2017-03-06 15:31:00
Quartz has done normally - 2017-03-06 15:31:00
Quartz has started to run - 2017-03-06 15:32:00
Quartz has done normally - 2017-03-06 15:32:00
Quartz has started to run - 2017-03-06 15:33:00
Quartz has done normally - 2017-03-06 15:33:00
Quartz has started to run - 2017-03-06 15:34:00
Quartz has done normally - 2017-03-06 15:34:00
Quartz has started to run - 2017-03-06 15:35:00
Quartz has done normally - 2017-03-06 15:35:00
Quartz has started to run - 2017-03-06 15:36:00
Quartz has done normally - 2017-03-06 15:36:00
Quartz has started to run - 2017-03-06 15:37:00
Quartz has done normally - 2017-03-06 15:37:00
Quartz has started to run - 2017-03-06 15:38:00
Quartz has done normally - 2017-03-06 15:38:00
Quartz has started to run - 2017-03-06 15:39:00
Quartz has done normally - 2017-03-06 15:39:00
Quartz has started to run - 2017-03-06 15:40:00
Quartz has done normally - 2017-03-06 15:40:00
Quartz has started to run - 2017-03-06 15:41:00
Quartz has done normally - 2017-03-06 15:41:00
Quartz has started to run - 2017-03-06 15:42:00
Quartz has done normally - 2017-03-06 15:42:00
Quartz has started to run - 2017-03-06 15:43:00
Quartz has done normally - 2017-03-06 15:43:00
Quartz has started to run - 2017-03-06 15:44:00
Quartz has done normally - 2017-03-06 15:44:00
Quartz has started to run - 2017-03-06 15:45:00
Quartz has done normally - 2017-03-06 15:45:00
Quartz has started to run - 2017-03-06 15:46:00
Quartz has done normally - 2017-03-06 15:46:00
Quartz has started to run - 2017-03-06 15:47:00
Quartz has done normally - 2017-03-06 15:47:00
Quartz has started to run - 2017-03-06 15:48:00
Quartz has done normally - 2017-03-06 15:48:00
Quartz has started to run - 2017-03-06 15:49:00
Quartz has done normally - 2017-03-06 15:49:00
Quartz has started to run - 2017-03-06 15:50:00
Quartz has done normally - 2017-03-06 15:50:00
Quartz has started to run - 2017-03-06 15:51:00
Quartz has done normally - 2017-03-06 15:51:00
Quartz has started to run - 2017-03-06 15:52:00
Quartz has done normally - 2017-03-06 15:52:00
Quartz has started to run - 2017-03-06 15:53:00
Quartz has done normally - 2017-03-06 15:53:00
Quartz has started to run - 2017-03-06 15:54:00
Quartz has done normally - 2017-03-06 15:54:00
Quartz has started to run - 2017-03-06 15:55:00
Quartz has done normally - 2017-03-06 15:55:00
Quartz has started to run - 2017-03-06 15:56:00
Quartz has done normally - 2017-03-06 15:56:00
Quartz has started to run - 2017-03-06 15:57:00
Quartz has done normally - 2017-03-06 15:57:00
Quartz has started to run - 2017-03-06 15:58:00
Quartz has done normally - 2017-03-06 15:58:00
Quartz has started to run - 2017-03-06 15:59:00
Quartz has done normally - 2017-03-06 15:59:00
Quartz has started to run - 2017-03-06 16:00:00
Quartz has done normally - 2017-03-06 16:00:00
Quartz has started to run - 2017-03-06 16:01:00
Quartz has done normally - 2017-03-06 16:01:00
Quartz has started to run - 2017-03-06 16:02:00
Quartz has done normally - 2017-03-06 16:02:00
Quartz has started to run - 2017-03-06 16:03:00
Quartz has done normally - 2017-03-06 16:03:00
Quartz has started to run - 2017-03-06 16:04:00
Quartz has done normally - 2017-03-06 16:04:00
Quartz has started to run - 2017-03-06 16:05:00
Quartz has done normally - 2017-03-06 16:05:00
Quartz has started to run - 2017-03-06 16:06:00
Quartz has done normally - 2017-03-06 16:06:00
Quartz has started to run - 2017-03-06 16:07:00
Quartz has done normally - 2017-03-06 16:07:00
Quartz has started to run - 2017-03-06 16:08:00
Quartz has done normally - 2017-03-06 16:08:00
Quartz has started to run - 2017-03-06 16:09:00
Quartz has done normally - 2017-03-06 16:09:00
Quartz has started to run - 2017-03-06 16:10:00
Quartz has done normally - 2017-03-06 16:10:00
Quartz has started to run - 2017-03-06 16:11:00
Quartz has done normally - 2017-03-06 16:11:00
Quartz has started to run - 2017-03-06 16:12:00
Quartz has done normally - 2017-03-06 16:12:00
Quartz has started to run - 2017-03-06 16:13:00
Quartz has done normally - 2017-03-06 16:13:00
Quartz has started to run - 2017-03-06 16:14:00
Quartz has done normally - 2017-03-06 16:14:00
Quartz has started to run - 2017-03-06 16:15:00
Quartz has done normally - 2017-03-06 16:15:00
Quartz has started to run - 2017-03-06 16:16:00
Quartz has done normally - 2017-03-06 16:16:00
Quartz has started to run - 2017-03-06 16:17:00
Quartz has done normally - 2017-03-06 16:17:00
Quartz has started to run - 2017-03-06 16:18:00
Quartz has done normally - 2017-03-06 16:18:00
Quartz has started to run - 2017-03-06 16:19:00
Quartz has done normally - 2017-03-06 16:19:00
Quartz has started to run - 2017-03-06 16:20:00
Quartz has done normally - 2017-03-06 16:20:00
Quartz has started to run - 2017-03-06 16:21:00
Quartz has done normally - 2017-03-06 16:21:00
Quartz has started to run - 2017-03-06 16:22:00
Quartz has done normally - 2017-03-06 16:22:00
Quartz has started to run - 2017-03-06 16:23:00
Quartz has done normally - 2017-03-06 16:23:00
Quartz has started to run - 2017-03-06 16:24:00
Quartz has done normally - 2017-03-06 16:24:00
Quartz has started to run - 2017-03-06 16:26:00
Quartz has done normally - 2017-03-06 16:26:00
Quartz has started to run - 2017-03-06 16:27:00
Quartz has done normally - 2017-03-06 16:27:00
Quartz has started to run - 2017-03-06 16:28:01
Quartz has done normally - 2017-03-06 16:28:01
Quartz has started to run - 2017-03-06 16:29:00
Quartz has done normally - 2017-03-06 16:29:00
Quartz has started to run - 2017-03-06 16:30:00
Quartz has done normally - 2017-03-06 16:30:00
Quartz has started to run - 2017-03-06 16:31:00
Quartz has done normally - 2017-03-06 16:31:00
Quartz has started to run - 2017-03-06 16:32:01
Quartz has done normally - 2017-03-06 16:32:01
Quartz has started to run - 2017-03-06 16:33:00
Quartz has done normally - 2017-03-06 16:33:00
Quartz has started to run - 2017-03-06 16:34:00
Quartz has done normally - 2017-03-06 16:34:00
Quartz has started to run - 2017-03-06 16:35:00
Quartz has done normally - 2017-03-06 16:35:00
Quartz has started to run - 2017-03-06 16:36:00
Quartz has done normally - 2017-03-06 16:36:00
Quartz has started to run - 2017-03-06 16:37:00
Quartz has done normally - 2017-03-06 16:37:00
Quartz has started to run - 2017-03-06 16:38:00
Quartz has done normally - 2017-03-06 16:38:00
Quartz has started to run - 2017-03-06 16:39:00
Quartz has done normally - 2017-03-06 16:39:00
Quartz has started to run - 2017-03-06 16:40:00
Quartz has done normally - 2017-03-06 16:40:00
Quartz has started to run - 2017-03-06 16:41:00
Quartz has done normally - 2017-03-06 16:41:00
Quartz has started to run - 2017-03-06 16:42:00
An error Occured - 2017-03-06 16:44:58 
 StackTrace >> 
org.mybatis.spring.MyBatisSystemException: nested exception is org.apache.ibatis.exceptions.PersistenceException: 
### Error querying database.  Cause: org.springframework.jdbc.CannotGetJdbcConnectionException: Could not get JDBC Connection; nested exception is java.sql.SQLException: Data source is closed
### The error may exist in file [C:\Users\a\workspace\.metadata\.plugins\org.eclipse.wst.server.core\tmp2\wtpwebapps\djTalk\WEB-INF\classes\com\appg\djTalk\mybatis\core\query\CommMapper.xml]
### The error may involve com.appg.djTalk.mybatis.core.mapper.CommMapper.getChatMemberPair
### The error occurred while executing a query
### Cause: org.springframework.jdbc.CannotGetJdbcConnectionException: Could not get JDBC Connection; nested exception is java.sql.SQLException: Data source is closed
Quartz has started to run - 2017-03-06 16:46:00
Quartz has done normally - 2017-03-06 17:06:06
Quartz has started to run - 2017-03-06 17:46:00
Quartz has done normally - 2017-03-06 18:08:21
Quartz has started to run - 2017-03-06 18:46:00
Quartz has done normally - 2017-03-06 19:05:32
Quartz has started to run - 2017-03-06 19:46:00
Quartz has done normally - 2017-03-06 20:07:26
Quartz has started to run - 2017-03-06 20:46:00
Quartz has done normally - 2017-03-06 21:20:32
Quartz has started to run - 2017-03-06 21:46:00
Quartz has done normally - 2017-03-06 22:20:41
Quartz has started to run - 2017-03-06 22:46:00
An error Occured - 2017-03-06 23:05:12 
 StackTrace >> 
java.lang.NullPointerException
Quartz has started to run - 2017-03-06 23:46:00
An error Occured - 2017-03-06 23:50:55 
 StackTrace >> 
java.lang.NullPointerException