
Quartz has started to run[Cyber] - 2017-03-27 09:28:30
Quartz has done normally[Cyber] - 2017-03-27 09:28:30
Quartz has started to run[Birth] - 2017-03-27 09:29:10
Quartz has done normally[Birth] - 2017-03-27 09:29:10
Quartz has started to run[Attendance] - 2017-03-27 09:29:20
Quartz has done normally[Attendance] - 2017-03-27 09:29:20
Quartz has started to run[Cyber] - 2017-03-27 09:29:30
Quartz has done normally[Cyber] - 2017-03-27 09:29:30
Quartz has started to run[Birth] - 2017-03-27 09:30:10
Quartz has done normally[Birth] - 2017-03-27 09:30:10
Quartz has started to run[Attendance] - 2017-03-27 09:30:20
Quartz has done normally[Attendance] - 2017-03-27 09:30:20
Quartz has started to run[Cyber] - 2017-03-27 09:30:30
Quartz has done normally[Cyber] - 2017-03-27 09:30:30
Quartz has started to run[Birth] - 2017-03-27 09:31:10
Quartz has done normally[Birth] - 2017-03-27 09:31:10
Quartz has started to run[Attendance] - 2017-03-27 09:31:20
Quartz has done normally[Attendance] - 2017-03-27 09:31:20
Quartz has started to run[Cyber] - 2017-03-27 09:31:30
Quartz has done normally[Cyber] - 2017-03-27 09:31:30
Quartz has started to run[Birth] - 2017-03-27 09:32:10
Quartz has done normally[Birth] - 2017-03-27 09:32:10
Quartz has started to run[Attendance] - 2017-03-27 09:32:20
Quartz has done normally[Attendance] - 2017-03-27 09:32:20
Quartz has started to run[Cyber] - 2017-03-27 09:32:30
Quartz has done normally[Cyber] - 2017-03-27 09:32:30
Quartz has started to run[Birth] - 2017-03-27 09:33:10
Quartz has done normally[Birth] - 2017-03-27 09:33:10
Quartz has started to run[Attendance] - 2017-03-27 09:33:20
Quartz has done normally[Attendance] - 2017-03-27 09:33:20
Quartz has started to run[Cyber] - 2017-03-27 09:33:30
Quartz has done normally[Cyber] - 2017-03-27 09:33:30
Quartz has started to run[Birth] - 2017-03-27 09:34:10
Quartz has done normally[Birth] - 2017-03-27 09:34:10
Quartz has started to run[Attendance] - 2017-03-27 09:34:20
Quartz has done normally[Attendance] - 2017-03-27 09:34:20
Quartz has started to run[Cyber] - 2017-03-27 09:34:30
Quartz has done normally[Cyber] - 2017-03-27 09:34:30
Quartz has started to run[Birth] - 2017-03-27 09:35:10
Quartz has done normally[Birth] - 2017-03-27 09:35:10
Quartz has started to run[Attendance] - 2017-03-27 09:35:20
Quartz has done normally[Attendance] - 2017-03-27 09:35:20
Quartz has started to run[Cyber] - 2017-03-27 09:35:30
Quartz has done normally[Cyber] - 2017-03-27 09:35:30
Quartz has started to run[Birth] - 2017-03-27 09:36:10
Quartz has done normally[Birth] - 2017-03-27 09:36:10
Quartz has started to run[Attendance] - 2017-03-27 09:36:20
Quartz has done normally[Attendance] - 2017-03-27 09:36:20
Quartz has started to run[Cyber] - 2017-03-27 09:36:30
Quartz has done normally[Cyber] - 2017-03-27 09:36:30
Quartz has started to run[Birth] - 2017-03-27 09:37:10
Quartz has done normally[Birth] - 2017-03-27 09:37:10
Quartz has started to run[Attendance] - 2017-03-27 09:37:20
Quartz has done normally[Attendance] - 2017-03-27 09:37:20
Quartz has started to run[Cyber] - 2017-03-27 09:37:30
Quartz has done normally[Cyber] - 2017-03-27 09:37:30
Quartz has started to run[Birth] - 2017-03-27 09:38:10
Quartz has done normally[Birth] - 2017-03-27 09:38:10
Quartz has started to run[Attendance] - 2017-03-27 09:38:20
Quartz has done normally[Attendance] - 2017-03-27 09:38:20
Quartz has started to run[Cyber] - 2017-03-27 09:38:30
Quartz has done normally[Cyber] - 2017-03-27 09:38:30
Quartz has started to run[Birth] - 2017-03-27 09:39:10
Quartz has done normally[Birth] - 2017-03-27 09:39:10
Quartz has started to run[Attendance] - 2017-03-27 09:39:20
Quartz has done normally[Attendance] - 2017-03-27 09:39:20
Quartz has started to run[Cyber] - 2017-03-27 09:39:30
Quartz has done normally[Cyber] - 2017-03-27 09:39:30
Quartz has started to run[Birth] - 2017-03-27 09:40:10
Quartz has done normally[Birth] - 2017-03-27 09:40:10
Quartz has started to run[Attendance] - 2017-03-27 09:40:20
Quartz has done normally[Attendance] - 2017-03-27 09:40:20
Quartz has started to run[Cyber] - 2017-03-27 09:40:30
Quartz has done normally[Cyber] - 2017-03-27 09:40:30
Quartz has started to run[Birth] - 2017-03-27 09:41:10
Quartz has done normally[Birth] - 2017-03-27 09:41:10
Quartz has started to run[Attendance] - 2017-03-27 09:41:20
Quartz has done normally[Attendance] - 2017-03-27 09:41:20
Quartz has started to run[Cyber] - 2017-03-27 09:41:30
Quartz has done normally[Cyber] - 2017-03-27 09:41:30
Quartz has started to run[Birth] - 2017-03-27 09:42:10
Quartz has done normally[Birth] - 2017-03-27 09:42:10
Quartz has started to run[Attendance] - 2017-03-27 09:42:20
Quartz has done normally[Attendance] - 2017-03-27 09:42:20
Quartz has started to run[Cyber] - 2017-03-27 09:42:30
Quartz has done normally[Cyber] - 2017-03-27 09:42:30
Quartz has started to run[Birth] - 2017-03-27 09:43:10
Quartz has done normally[Birth] - 2017-03-27 09:43:10
Quartz has started to run[Attendance] - 2017-03-27 09:43:20
Quartz has done normally[Attendance] - 2017-03-27 09:43:20
Quartz has started to run[Cyber] - 2017-03-27 09:43:30
Quartz has done normally[Cyber] - 2017-03-27 09:43:30
Quartz has started to run[Birth] - 2017-03-27 09:44:10
Quartz has done normally[Birth] - 2017-03-27 09:44:10
Quartz has started to run[Attendance] - 2017-03-27 09:44:20
Quartz has done normally[Attendance] - 2017-03-27 09:44:20
Quartz has started to run[Cyber] - 2017-03-27 09:44:30
Quartz has done normally[Cyber] - 2017-03-27 09:44:30
Quartz has started to run[Birth] - 2017-03-27 09:45:10
Quartz has done normally[Birth] - 2017-03-27 09:45:10
Quartz has started to run[Attendance] - 2017-03-27 09:45:20
Quartz has done normally[Attendance] - 2017-03-27 09:45:20
Quartz has started to run[Cyber] - 2017-03-27 09:45:30
Quartz has done normally[Cyber] - 2017-03-27 09:45:30
Quartz has started to run[Birth] - 2017-03-27 09:46:10
Quartz has done normally[Birth] - 2017-03-27 09:46:10
Quartz has started to run[Attendance] - 2017-03-27 09:46:20
Quartz has done normally[Attendance] - 2017-03-27 09:46:20
Quartz has started to run[Cyber] - 2017-03-27 09:46:30
Quartz has done normally[Cyber] - 2017-03-27 09:46:30
Quartz has started to run[Birth] - 2017-03-27 09:47:10
Quartz has done normally[Birth] - 2017-03-27 09:47:10
Quartz has started to run[Attendance] - 2017-03-27 09:47:20
Quartz has done normally[Attendance] - 2017-03-27 09:47:20
Quartz has started to run[Cyber] - 2017-03-27 09:47:30
Quartz has done normally[Cyber] - 2017-03-27 09:47:30
Quartz has started to run[Birth] - 2017-03-27 09:48:10
Quartz has done normally[Birth] - 2017-03-27 09:48:10
Quartz has started to run[Attendance] - 2017-03-27 09:48:20
Quartz has done normally[Attendance] - 2017-03-27 09:48:20
Quartz has started to run[Cyber] - 2017-03-27 09:48:30
Quartz has done normally[Cyber] - 2017-03-27 09:48:30
Quartz has started to run[Birth] - 2017-03-27 09:49:10
Quartz has done normally[Birth] - 2017-03-27 09:49:10
Quartz has started to run[Attendance] - 2017-03-27 09:49:20
Quartz has done normally[Attendance] - 2017-03-27 09:49:20
Quartz has started to run[Cyber] - 2017-03-27 09:49:30
Quartz has done normally[Cyber] - 2017-03-27 09:49:30
Quartz has started to run[Birth] - 2017-03-27 09:50:10
Quartz has done normally[Birth] - 2017-03-27 09:50:10
Quartz has started to run[Attendance] - 2017-03-27 09:50:20
Quartz has done normally[Attendance] - 2017-03-27 09:50:20
Quartz has started to run[Cyber] - 2017-03-27 09:50:30
Quartz has done normally[Cyber] - 2017-03-27 09:50:30
Quartz has started to run[Birth] - 2017-03-27 09:51:10
Quartz has done normally[Birth] - 2017-03-27 09:51:10
Quartz has started to run[Cyber] - 2017-03-27 09:51:30
Quartz has done normally[Cyber] - 2017-03-27 09:51:30
Quartz has started to run[Birth] - 2017-03-27 09:52:10
Quartz has done normally[Birth] - 2017-03-27 09:52:10
Quartz has started to run[Attendance] - 2017-03-27 09:52:20
Quartz has done normally[Attendance] - 2017-03-27 09:52:20
Quartz has started to run[Cyber] - 2017-03-27 09:52:30
Quartz has done normally[Cyber] - 2017-03-27 09:52:30
Quartz has started to run[Birth] - 2017-03-27 09:53:10
Quartz has done normally[Birth] - 2017-03-27 09:53:10
Quartz has started to run[Attendance] - 2017-03-27 09:53:20
Quartz has done normally[Attendance] - 2017-03-27 09:53:20
Quartz has started to run[Cyber] - 2017-03-27 09:53:30
Quartz has done normally[Cyber] - 2017-03-27 09:53:30
Quartz has started to run[Birth] - 2017-03-27 09:54:10
Quartz has done normally[Birth] - 2017-03-27 09:54:10
Quartz has started to run[Attendance] - 2017-03-27 09:54:20
Quartz has done normally[Attendance] - 2017-03-27 09:54:20
Quartz has started to run[Cyber] - 2017-03-27 09:54:30
Quartz has done normally[Cyber] - 2017-03-27 09:54:30
Quartz has started to run[Birth] - 2017-03-27 09:55:10
Quartz has done normally[Birth] - 2017-03-27 09:55:10
Quartz has started to run[Attendance] - 2017-03-27 09:55:20
Quartz has done normally[Attendance] - 2017-03-27 09:55:20
Quartz has started to run[Cyber] - 2017-03-27 09:55:30
Quartz has done normally[Cyber] - 2017-03-27 09:55:30
Quartz has started to run[Birth] - 2017-03-27 09:56:10
Quartz has done normally[Birth] - 2017-03-27 09:56:10
Quartz has started to run[Attendance] - 2017-03-27 09:56:20
Quartz has done normally[Attendance] - 2017-03-27 09:56:20
Quartz has started to run[Cyber] - 2017-03-27 09:56:30
Quartz has done normally[Cyber] - 2017-03-27 09:56:30
Quartz has started to run[Birth] - 2017-03-27 09:57:10
Quartz has done normally[Birth] - 2017-03-27 09:57:10
Quartz has started to run[Attendance] - 2017-03-27 09:57:20
Quartz has done normally[Attendance] - 2017-03-27 09:57:20
Quartz has started to run[Cyber] - 2017-03-27 09:57:30
Quartz has done normally[Cyber] - 2017-03-27 09:57:30
Quartz has started to run[Birth] - 2017-03-27 09:58:10
Quartz has done normally[Birth] - 2017-03-27 09:58:10
Quartz has started to run[Attendance] - 2017-03-27 09:58:20
Quartz has done normally[Attendance] - 2017-03-27 09:58:20
Quartz has started to run[Cyber] - 2017-03-27 09:58:30
Quartz has done normally[Cyber] - 2017-03-27 09:58:30
Quartz has started to run[Birth] - 2017-03-27 09:59:10
Quartz has done normally[Birth] - 2017-03-27 09:59:10
Quartz has started to run[Attendance] - 2017-03-27 09:59:20
Quartz has done normally[Attendance] - 2017-03-27 09:59:20
Quartz has started to run[Cyber] - 2017-03-27 09:59:30
Quartz has done normally[Cyber] - 2017-03-27 09:59:30
Quartz has started to run[Birth] - 2017-03-27 10:00:10
Quartz has done normally[Birth] - 2017-03-27 10:00:10
Quartz has started to run[Attendance] - 2017-03-27 10:00:20
Quartz has done normally[Attendance] - 2017-03-27 10:00:20
Quartz has started to run[Cyber] - 2017-03-27 10:00:30
Quartz has done normally[Cyber] - 2017-03-27 10:00:30
Quartz has started to run[Birth] - 2017-03-27 10:01:14
Quartz has done normally[Birth] - 2017-03-27 10:01:14
Quartz has started to run[Attendance] - 2017-03-27 10:01:20
Quartz has done normally[Attendance] - 2017-03-27 10:01:20
Quartz has started to run[Cyber] - 2017-03-27 10:01:30
Quartz has done normally[Cyber] - 2017-03-27 10:01:30
Quartz has started to run[Birth] - 2017-03-27 10:02:10
Quartz has done normally[Birth] - 2017-03-27 10:02:10
Quartz has started to run[Attendance] - 2017-03-27 10:02:20
Quartz has done normally[Attendance] - 2017-03-27 10:02:20
Quartz has started to run[Cyber] - 2017-03-27 10:02:30
Quartz has done normally[Cyber] - 2017-03-27 10:02:30
Quartz has started to run[Birth] - 2017-03-27 10:03:10
Quartz has done normally[Birth] - 2017-03-27 10:03:10
Quartz has started to run[Attendance] - 2017-03-27 10:03:20
Quartz has done normally[Attendance] - 2017-03-27 10:03:20
Quartz has started to run[Cyber] - 2017-03-27 10:03:30
Quartz has done normally[Cyber] - 2017-03-27 10:03:30
Quartz has started to run[Birth] - 2017-03-27 10:04:10
Quartz has done normally[Birth] - 2017-03-27 10:04:10
Quartz has started to run[Attendance] - 2017-03-27 10:04:20
Quartz has done normally[Attendance] - 2017-03-27 10:04:20
Quartz has started to run[Cyber] - 2017-03-27 10:04:30
Quartz has done normally[Cyber] - 2017-03-27 10:04:30
Quartz has started to run[Birth] - 2017-03-27 10:05:10
Quartz has done normally[Birth] - 2017-03-27 10:05:10
Quartz has started to run[Attendance] - 2017-03-27 10:05:20
Quartz has done normally[Attendance] - 2017-03-27 10:05:20
Quartz has started to run[Cyber] - 2017-03-27 10:05:34
Quartz has done normally[Cyber] - 2017-03-27 10:05:34
Quartz has started to run[Birth] - 2017-03-27 10:06:10
Quartz has done normally[Birth] - 2017-03-27 10:06:10
Quartz has started to run[Attendance] - 2017-03-27 10:06:20
Quartz has done normally[Attendance] - 2017-03-27 10:06:20
Quartz has started to run[Cyber] - 2017-03-27 10:06:30
Quartz has done normally[Cyber] - 2017-03-27 10:06:30
Quartz has started to run[Birth] - 2017-03-27 10:07:10
Quartz has done normally[Birth] - 2017-03-27 10:07:10
Quartz has started to run[Attendance] - 2017-03-27 10:07:20
Quartz has done normally[Attendance] - 2017-03-27 10:07:20
Quartz has started to run[Cyber] - 2017-03-27 10:07:30
Quartz has done normally[Cyber] - 2017-03-27 10:07:30
Quartz has started to run[Birth] - 2017-03-27 10:08:10
Quartz has done normally[Birth] - 2017-03-27 10:08:10
Quartz has started to run[Attendance] - 2017-03-27 10:08:20
Quartz has done normally[Attendance] - 2017-03-27 10:08:20
Quartz has started to run[Cyber] - 2017-03-27 10:08:30
Quartz has done normally[Cyber] - 2017-03-27 10:08:30
Quartz has started to run[Birth] - 2017-03-27 10:09:10
Quartz has done normally[Birth] - 2017-03-27 10:09:10
Quartz has started to run[Attendance] - 2017-03-27 10:09:20
Quartz has done normally[Attendance] - 2017-03-27 10:09:20
Quartz has started to run[Cyber] - 2017-03-27 10:09:30
Quartz has done normally[Cyber] - 2017-03-27 10:09:30
Quartz has started to run[Birth] - 2017-03-27 10:10:10
Quartz has done normally[Birth] - 2017-03-27 10:10:10
Quartz has started to run[Attendance] - 2017-03-27 10:10:20
Quartz has done normally[Attendance] - 2017-03-27 10:10:20
Quartz has started to run[Cyber] - 2017-03-27 10:10:30
Quartz has done normally[Cyber] - 2017-03-27 10:10:30
Quartz has started to run[Birth] - 2017-03-27 10:11:10
Quartz has done normally[Birth] - 2017-03-27 10:11:10
Quartz has started to run[Attendance] - 2017-03-27 10:11:20
Quartz has done normally[Attendance] - 2017-03-27 10:11:20
Quartz has started to run[Cyber] - 2017-03-27 10:11:30
Quartz has done normally[Cyber] - 2017-03-27 10:11:30
Quartz has started to run[Birth] - 2017-03-27 10:12:10
Quartz has done normally[Birth] - 2017-03-27 10:12:10
Quartz has started to run[Attendance] - 2017-03-27 10:12:20
Quartz has done normally[Attendance] - 2017-03-27 10:12:20
Quartz has started to run[Cyber] - 2017-03-27 10:12:30
Quartz has done normally[Cyber] - 2017-03-27 10:12:30
Quartz has started to run[Birth] - 2017-03-27 10:13:10
Quartz has done normally[Birth] - 2017-03-27 10:13:10
Quartz has started to run[Attendance] - 2017-03-27 10:13:20
Quartz has done normally[Attendance] - 2017-03-27 10:13:20
Quartz has started to run[Cyber] - 2017-03-27 10:13:30
Quartz has done normally[Cyber] - 2017-03-27 10:13:30
Quartz has started to run[Birth] - 2017-03-27 10:14:10
Quartz has done normally[Birth] - 2017-03-27 10:14:10
Quartz has started to run[Attendance] - 2017-03-27 10:14:20
Quartz has done normally[Attendance] - 2017-03-27 10:14:20
Quartz has started to run[Cyber] - 2017-03-27 10:14:30
Quartz has done normally[Cyber] - 2017-03-27 10:14:30
Quartz has started to run[Birth] - 2017-03-27 10:15:10
Quartz has done normally[Birth] - 2017-03-27 10:15:10
Quartz has started to run[Attendance] - 2017-03-27 10:15:20
Quartz has done normally[Attendance] - 2017-03-27 10:15:20
Quartz has started to run[Cyber] - 2017-03-27 10:15:30
Quartz has done normally[Cyber] - 2017-03-27 10:15:30
Quartz has started to run[Birth] - 2017-03-27 10:16:10
Quartz has done normally[Birth] - 2017-03-27 10:16:10
Quartz has started to run[Attendance] - 2017-03-27 10:16:20
Quartz has done normally[Attendance] - 2017-03-27 10:16:20
Quartz has started to run[Cyber] - 2017-03-27 10:16:30
Quartz has done normally[Cyber] - 2017-03-27 10:16:30
Quartz has started to run[Birth] - 2017-03-27 10:17:10
Quartz has done normally[Birth] - 2017-03-27 10:17:10
Quartz has started to run[Attendance] - 2017-03-27 10:17:20
Quartz has done normally[Attendance] - 2017-03-27 10:17:20
Quartz has started to run[Cyber] - 2017-03-27 10:17:30
Quartz has done normally[Cyber] - 2017-03-27 10:17:30
Quartz has started to run[Birth] - 2017-03-27 10:18:10
Quartz has done normally[Birth] - 2017-03-27 10:18:10
Quartz has started to run[Attendance] - 2017-03-27 10:18:20
Quartz has done normally[Attendance] - 2017-03-27 10:18:20
Quartz has started to run[Cyber] - 2017-03-27 10:18:30
Quartz has done normally[Cyber] - 2017-03-27 10:18:30
Quartz has started to run[Birth] - 2017-03-27 10:19:10
Quartz has done normally[Birth] - 2017-03-27 10:19:10
Quartz has started to run[Attendance] - 2017-03-27 10:19:20
Quartz has done normally[Attendance] - 2017-03-27 10:19:20
Quartz has started to run[Cyber] - 2017-03-27 10:19:30
Quartz has done normally[Cyber] - 2017-03-27 10:19:30
Quartz has started to run[Birth] - 2017-03-27 10:20:10
Quartz has done normally[Birth] - 2017-03-27 10:20:10
Quartz has started to run[Attendance] - 2017-03-27 10:20:20
Quartz has done normally[Attendance] - 2017-03-27 10:20:20
Quartz has started to run[Cyber] - 2017-03-27 10:20:30
Quartz has done normally[Cyber] - 2017-03-27 10:20:30
Quartz has started to run[Birth] - 2017-03-27 10:21:10
Quartz has done normally[Birth] - 2017-03-27 10:21:10
Quartz has started to run[Attendance] - 2017-03-27 10:21:20
Quartz has done normally[Attendance] - 2017-03-27 10:21:20
Quartz has started to run[Cyber] - 2017-03-27 10:21:30
Quartz has done normally[Cyber] - 2017-03-27 10:21:30
Quartz has started to run[Birth] - 2017-03-27 10:22:10
Quartz has done normally[Birth] - 2017-03-27 10:22:10
Quartz has started to run[Attendance] - 2017-03-27 10:22:20
Quartz has done normally[Attendance] - 2017-03-27 10:22:20
Quartz has started to run[Cyber] - 2017-03-27 10:22:30
Quartz has done normally[Cyber] - 2017-03-27 10:22:30
Quartz has started to run[Birth] - 2017-03-27 10:23:10
Quartz has done normally[Birth] - 2017-03-27 10:23:10
Quartz has started to run[Attendance] - 2017-03-27 10:23:20
Quartz has done normally[Attendance] - 2017-03-27 10:23:20
Quartz has started to run[Cyber] - 2017-03-27 10:23:30
Quartz has done normally[Cyber] - 2017-03-27 10:23:30
Quartz has started to run[Birth] - 2017-03-27 10:24:10
Quartz has done normally[Birth] - 2017-03-27 10:24:10
Quartz has started to run[Attendance] - 2017-03-27 10:24:24
Quartz has done normally[Attendance] - 2017-03-27 10:24:24
Quartz has started to run[Cyber] - 2017-03-27 10:24:30
Quartz has done normally[Cyber] - 2017-03-27 10:24:30
Quartz has started to run[Birth] - 2017-03-27 10:25:10
Quartz has done normally[Birth] - 2017-03-27 10:25:10
Quartz has started to run[Attendance] - 2017-03-27 10:25:20
Quartz has done normally[Attendance] - 2017-03-27 10:25:20
Quartz has started to run[Cyber] - 2017-03-27 10:25:30
Quartz has done normally[Cyber] - 2017-03-27 10:25:30
Quartz has started to run[Birth] - 2017-03-27 10:26:10
Quartz has done normally[Birth] - 2017-03-27 10:26:10
Quartz has started to run[Attendance] - 2017-03-27 10:26:20
Quartz has done normally[Attendance] - 2017-03-27 10:26:20
Quartz has started to run[Cyber] - 2017-03-27 10:26:30
Quartz has done normally[Cyber] - 2017-03-27 10:26:30
Quartz has started to run[Birth] - 2017-03-27 10:27:10
Quartz has done normally[Birth] - 2017-03-27 10:27:10
Quartz has started to run[Attendance] - 2017-03-27 10:27:22
Quartz has done normally[Attendance] - 2017-03-27 10:27:22
Quartz has started to run[Cyber] - 2017-03-27 10:27:30
Quartz has done normally[Cyber] - 2017-03-27 10:27:31
Quartz has started to run[Birth] - 2017-03-27 10:28:10
Quartz has done normally[Birth] - 2017-03-27 10:28:10
Quartz has started to run[Attendance] - 2017-03-27 10:28:20
Quartz has done normally[Attendance] - 2017-03-27 10:28:20
Quartz has started to run[Cyber] - 2017-03-27 10:28:30
Quartz has done normally[Cyber] - 2017-03-27 10:28:30
Quartz has started to run[Birth] - 2017-03-27 10:29:10
Quartz has done normally[Birth] - 2017-03-27 10:29:10
Quartz has started to run[Attendance] - 2017-03-27 10:29:20
Quartz has done normally[Attendance] - 2017-03-27 10:29:20
Quartz has started to run[Cyber] - 2017-03-27 10:29:30
Quartz has done normally[Cyber] - 2017-03-27 10:29:30
Quartz has started to run[Birth] - 2017-03-27 10:30:10
Quartz has done normally[Birth] - 2017-03-27 10:30:10
Quartz has started to run[Attendance] - 2017-03-27 10:30:20
Quartz has done normally[Attendance] - 2017-03-27 10:30:20
Quartz has started to run[Cyber] - 2017-03-27 10:30:30
Quartz has done normally[Cyber] - 2017-03-27 10:30:30
Quartz has started to run[Birth] - 2017-03-27 10:31:10
Quartz has done normally[Birth] - 2017-03-27 10:31:10
Quartz has started to run[Attendance] - 2017-03-27 10:31:20
Quartz has done normally[Attendance] - 2017-03-27 10:31:20
Quartz has started to run[Cyber] - 2017-03-27 10:31:30
Quartz has done normally[Cyber] - 2017-03-27 10:31:30
Quartz has started to run[Birth] - 2017-03-27 10:32:10
Quartz has done normally[Birth] - 2017-03-27 10:32:10
Quartz has started to run[Attendance] - 2017-03-27 10:32:20
Quartz has done normally[Attendance] - 2017-03-27 10:32:20
Quartz has started to run[Cyber] - 2017-03-27 10:32:30
Quartz has done normally[Cyber] - 2017-03-27 10:32:30
Quartz has started to run[Birth] - 2017-03-27 10:33:10
Quartz has done normally[Birth] - 2017-03-27 10:33:10
Quartz has started to run[Attendance] - 2017-03-27 10:33:20
Quartz has done normally[Attendance] - 2017-03-27 10:33:20
Quartz has started to run[Cyber] - 2017-03-27 10:33:30
Quartz has done normally[Cyber] - 2017-03-27 10:33:30
Quartz has started to run[Birth] - 2017-03-27 10:34:10
Quartz has done normally[Birth] - 2017-03-27 10:34:10
Quartz has started to run[Attendance] - 2017-03-27 10:34:20
Quartz has done normally[Attendance] - 2017-03-27 10:34:20
Quartz has started to run[Cyber] - 2017-03-27 10:34:30
Quartz has done normally[Cyber] - 2017-03-27 10:34:30
Quartz has started to run[Birth] - 2017-03-27 10:35:10
Quartz has done normally[Birth] - 2017-03-27 10:35:10
Quartz has started to run[Attendance] - 2017-03-27 10:35:20
Quartz has done normally[Attendance] - 2017-03-27 10:35:20
Quartz has started to run[Cyber] - 2017-03-27 10:35:30
Quartz has done normally[Cyber] - 2017-03-27 10:35:30
Quartz has started to run[Birth] - 2017-03-27 10:36:10
Quartz has done normally[Birth] - 2017-03-27 10:36:10
Quartz has started to run[Attendance] - 2017-03-27 10:36:20
Quartz has done normally[Attendance] - 2017-03-27 10:36:20
Quartz has started to run[Cyber] - 2017-03-27 10:36:30
Quartz has done normally[Cyber] - 2017-03-27 10:36:30
Quartz has started to run[Birth] - 2017-03-27 10:37:10
Quartz has done normally[Birth] - 2017-03-27 10:37:10
Quartz has started to run[Attendance] - 2017-03-27 10:37:20
Quartz has done normally[Attendance] - 2017-03-27 10:37:20
Quartz has started to run[Cyber] - 2017-03-27 10:37:30
Quartz has done normally[Cyber] - 2017-03-27 10:37:30
Quartz has started to run[Birth] - 2017-03-27 10:38:10
Quartz has done normally[Birth] - 2017-03-27 10:38:10
Quartz has started to run[Attendance] - 2017-03-27 10:38:20
Quartz has done normally[Attendance] - 2017-03-27 10:38:20
Quartz has started to run[Cyber] - 2017-03-27 10:38:30
An error Occured[Cyber] - 2017-03-27 10:38:30 
 StackTrace >> 
org.springframework.jdbc.UncategorizedSQLException: 
### Error updating database.  Cause: java.sql.SQLException: Incorrect string value: '\xEF\xBD\xA2\xEC\x82\xAC...' for column 'message' at row 1
### The error may involve com.appg.djTalk.mybatis.core.mapper.CommMapper.insertPublic-Inline
### The error occurred while setting parameters
### SQL: INSERT INTO tblPublic(`type`, `title`, `message`, filterType, filter_f, class_f, mType, regDate)    VALUES(   1, ?, ?, ?, ?, ?, ?, NOW()   )
### Cause: java.sql.SQLException: Incorrect string value: '\xEF\xBD\xA2\xEC\x82\xAC...' for column 'message' at row 1
; uncategorized SQLException for SQL []; SQL state [HY000]; error code [1366]; Incorrect string value: '\xEF\xBD\xA2\xEC\x82\xAC...' for column 'message' at row 1; nested exception is java.sql.SQLException: Incorrect string value: '\xEF\xBD\xA2\xEC\x82\xAC...' for column 'message' at row 1
Quartz has started to run[Birth] - 2017-03-27 10:39:10
Quartz has done normally[Birth] - 2017-03-27 10:39:10
Quartz has started to run[Attendance] - 2017-03-27 10:39:20
Quartz has done normally[Attendance] - 2017-03-27 10:39:20
Quartz has started to run[Cyber] - 2017-03-27 10:39:30
An error Occured[Cyber] - 2017-03-27 10:39:30 
 StackTrace >> 
org.springframework.jdbc.UncategorizedSQLException: 
### Error updating database.  Cause: java.sql.SQLException: Incorrect string value: '\xEF\xBD\xA2\xEC\x82\xAC...' for column 'message' at row 1
### The error may involve com.appg.djTalk.mybatis.core.mapper.CommMapper.insertPublic-Inline
### The error occurred while setting parameters
### SQL: INSERT INTO tblPublic(`type`, `title`, `message`, filterType, filter_f, class_f, mType, regDate)    VALUES(   1, ?, ?, ?, ?, ?, ?, NOW()   )
### Cause: java.sql.SQLException: Incorrect string value: '\xEF\xBD\xA2\xEC\x82\xAC...' for column 'message' at row 1
; uncategorized SQLException for SQL []; SQL state [HY000]; error code [1366]; Incorrect string value: '\xEF\xBD\xA2\xEC\x82\xAC...' for column 'message' at row 1; nested exception is java.sql.SQLException: Incorrect string value: '\xEF\xBD\xA2\xEC\x82\xAC...' for column 'message' at row 1
Quartz has started to run[Birth] - 2017-03-27 10:40:10
Quartz has done normally[Birth] - 2017-03-27 10:40:10
Quartz has started to run[Attendance] - 2017-03-27 10:40:20
Quartz has done normally[Attendance] - 2017-03-27 10:40:20
Quartz has started to run[Cyber] - 2017-03-27 10:40:30
An error Occured[Cyber] - 2017-03-27 10:40:30 
 StackTrace >> 
org.springframework.jdbc.UncategorizedSQLException: 
### Error updating database.  Cause: java.sql.SQLException: Incorrect string value: '\xEF\xBD\xA2\xEC\x82\xAC...' for column 'message' at row 1
### The error may involve com.appg.djTalk.mybatis.core.mapper.CommMapper.insertPublic-Inline
### The error occurred while setting parameters
### SQL: INSERT INTO tblPublic(`type`, `title`, `message`, filterType, filter_f, class_f, mType, regDate)    VALUES(   1, ?, ?, ?, ?, ?, ?, NOW()   )
### Cause: java.sql.SQLException: Incorrect string value: '\xEF\xBD\xA2\xEC\x82\xAC...' for column 'message' at row 1
; uncategorized SQLException for SQL []; SQL state [HY000]; error code [1366]; Incorrect string value: '\xEF\xBD\xA2\xEC\x82\xAC...' for column 'message' at row 1; nested exception is java.sql.SQLException: Incorrect string value: '\xEF\xBD\xA2\xEC\x82\xAC...' for column 'message' at row 1
Quartz has started to run[Birth] - 2017-03-27 10:41:10
Quartz has done normally[Birth] - 2017-03-27 10:41:10
Quartz has started to run[Attendance] - 2017-03-27 10:41:20
Quartz has done normally[Attendance] - 2017-03-27 10:41:20
Quartz has started to run[Cyber] - 2017-03-27 10:41:30
An error Occured[Cyber] - 2017-03-27 10:41:30 
 StackTrace >> 
org.springframework.jdbc.UncategorizedSQLException: 
### Error updating database.  Cause: java.sql.SQLException: Incorrect string value: '\xEF\xBD\xA2\xEC\x82\xAC...' for column 'message' at row 1
### The error may involve com.appg.djTalk.mybatis.core.mapper.CommMapper.insertPublic-Inline
### The error occurred while setting parameters
### SQL: INSERT INTO tblPublic(`type`, `title`, `message`, filterType, filter_f, class_f, mType, regDate)    VALUES(   1, ?, ?, ?, ?, ?, ?, NOW()   )
### Cause: java.sql.SQLException: Incorrect string value: '\xEF\xBD\xA2\xEC\x82\xAC...' for column 'message' at row 1
; uncategorized SQLException for SQL []; SQL state [HY000]; error code [1366]; Incorrect string value: '\xEF\xBD\xA2\xEC\x82\xAC...' for column 'message' at row 1; nested exception is java.sql.SQLException: Incorrect string value: '\xEF\xBD\xA2\xEC\x82\xAC...' for column 'message' at row 1
Quartz has started to run[Birth] - 2017-03-27 10:42:10
Quartz has done normally[Birth] - 2017-03-27 10:42:10
Quartz has started to run[Attendance] - 2017-03-27 10:42:20
Quartz has done normally[Attendance] - 2017-03-27 10:42:20
Quartz has started to run[Cyber] - 2017-03-27 10:42:30
An error Occured[Cyber] - 2017-03-27 10:42:30 
 StackTrace >> 
org.springframework.jdbc.UncategorizedSQLException: 
### Error updating database.  Cause: java.sql.SQLException: Incorrect string value: '\xEF\xBD\xA2\xEC\x82\xAC...' for column 'message' at row 1
### The error may involve com.appg.djTalk.mybatis.core.mapper.CommMapper.insertPublic-Inline
### The error occurred while setting parameters
### SQL: INSERT INTO tblPublic(`type`, `title`, `message`, filterType, filter_f, class_f, mType, regDate)    VALUES(   1, ?, ?, ?, ?, ?, ?, NOW()   )
### Cause: java.sql.SQLException: Incorrect string value: '\xEF\xBD\xA2\xEC\x82\xAC...' for column 'message' at row 1
; uncategorized SQLException for SQL []; SQL state [HY000]; error code [1366]; Incorrect string value: '\xEF\xBD\xA2\xEC\x82\xAC...' for column 'message' at row 1; nested exception is java.sql.SQLException: Incorrect string value: '\xEF\xBD\xA2\xEC\x82\xAC...' for column 'message' at row 1
Quartz has started to run[Birth] - 2017-03-27 10:43:10
Quartz has done normally[Birth] - 2017-03-27 10:43:10
Quartz has started to run[Attendance] - 2017-03-27 10:43:20
Quartz has done normally[Attendance] - 2017-03-27 10:43:20
Quartz has started to run[Cyber] - 2017-03-27 10:43:30
An error Occured[Cyber] - 2017-03-27 10:43:30 
 StackTrace >> 
org.springframework.jdbc.UncategorizedSQLException: 
### Error updating database.  Cause: java.sql.SQLException: Incorrect string value: '\xEF\xBD\xA2\xEC\x82\xAC...' for column 'message' at row 1
### The error may involve com.appg.djTalk.mybatis.core.mapper.CommMapper.insertPublic-Inline
### The error occurred while setting parameters
### SQL: INSERT INTO tblPublic(`type`, `title`, `message`, filterType, filter_f, class_f, mType, regDate)    VALUES(   1, ?, ?, ?, ?, ?, ?, NOW()   )
### Cause: java.sql.SQLException: Incorrect string value: '\xEF\xBD\xA2\xEC\x82\xAC...' for column 'message' at row 1
; uncategorized SQLException for SQL []; SQL state [HY000]; error code [1366]; Incorrect string value: '\xEF\xBD\xA2\xEC\x82\xAC...' for column 'message' at row 1; nested exception is java.sql.SQLException: Incorrect string value: '\xEF\xBD\xA2\xEC\x82\xAC...' for column 'message' at row 1
Quartz has started to run[Birth] - 2017-03-27 10:44:10
Quartz has done normally[Birth] - 2017-03-27 10:44:10
Quartz has started to run[Attendance] - 2017-03-27 10:44:20
Quartz has done normally[Attendance] - 2017-03-27 10:44:20
Quartz has started to run[Cyber] - 2017-03-27 10:44:30
An error Occured[Cyber] - 2017-03-27 10:44:30 
 StackTrace >> 
org.springframework.jdbc.UncategorizedSQLException: 
### Error updating database.  Cause: java.sql.SQLException: Incorrect string value: '\xEF\xBD\xA2\xEC\x82\xAC...' for column 'message' at row 1
### The error may involve com.appg.djTalk.mybatis.core.mapper.CommMapper.insertPublic-Inline
### The error occurred while setting parameters
### SQL: INSERT INTO tblPublic(`type`, `title`, `message`, filterType, filter_f, class_f, mType, regDate)    VALUES(   1, ?, ?, ?, ?, ?, ?, NOW()   )
### Cause: java.sql.SQLException: Incorrect string value: '\xEF\xBD\xA2\xEC\x82\xAC...' for column 'message' at row 1
; uncategorized SQLException for SQL []; SQL state [HY000]; error code [1366]; Incorrect string value: '\xEF\xBD\xA2\xEC\x82\xAC...' for column 'message' at row 1; nested exception is java.sql.SQLException: Incorrect string value: '\xEF\xBD\xA2\xEC\x82\xAC...' for column 'message' at row 1
Quartz has started to run[Birth] - 2017-03-27 10:45:10
Quartz has done normally[Birth] - 2017-03-27 10:45:10
Quartz has started to run[Attendance] - 2017-03-27 10:45:20
Quartz has done normally[Attendance] - 2017-03-27 10:45:20
Quartz has started to run[Cyber] - 2017-03-27 10:45:30
An error Occured[Cyber] - 2017-03-27 10:45:30 
 StackTrace >> 
org.springframework.jdbc.UncategorizedSQLException: 
### Error updating database.  Cause: java.sql.SQLException: Incorrect string value: '\xEF\xBD\xA2\xEC\x82\xAC...' for column 'message' at row 1
### The error may involve com.appg.djTalk.mybatis.core.mapper.CommMapper.insertPublic-Inline
### The error occurred while setting parameters
### SQL: INSERT INTO tblPublic(`type`, `title`, `message`, filterType, filter_f, class_f, mType, regDate)    VALUES(   1, ?, ?, ?, ?, ?, ?, NOW()   )
### Cause: java.sql.SQLException: Incorrect string value: '\xEF\xBD\xA2\xEC\x82\xAC...' for column 'message' at row 1
; uncategorized SQLException for SQL []; SQL state [HY000]; error code [1366]; Incorrect string value: '\xEF\xBD\xA2\xEC\x82\xAC...' for column 'message' at row 1; nested exception is java.sql.SQLException: Incorrect string value: '\xEF\xBD\xA2\xEC\x82\xAC...' for column 'message' at row 1
Quartz has started to run[Birth] - 2017-03-27 10:46:10
Quartz has done normally[Birth] - 2017-03-27 10:46:10
Quartz has started to run[Attendance] - 2017-03-27 10:46:20
Quartz has done normally[Attendance] - 2017-03-27 10:46:20
Quartz has started to run[Cyber] - 2017-03-27 10:46:30
An error Occured[Cyber] - 2017-03-27 10:46:30 
 StackTrace >> 
org.springframework.jdbc.UncategorizedSQLException: 
### Error updating database.  Cause: java.sql.SQLException: Incorrect string value: '\xEF\xBD\xA2\xEC\x82\xAC...' for column 'message' at row 1
### The error may involve com.appg.djTalk.mybatis.core.mapper.CommMapper.insertPublic-Inline
### The error occurred while setting parameters
### SQL: INSERT INTO tblPublic(`type`, `title`, `message`, filterType, filter_f, class_f, mType, regDate)    VALUES(   1, ?, ?, ?, ?, ?, ?, NOW()   )
### Cause: java.sql.SQLException: Incorrect string value: '\xEF\xBD\xA2\xEC\x82\xAC...' for column 'message' at row 1
; uncategorized SQLException for SQL []; SQL state [HY000]; error code [1366]; Incorrect string value: '\xEF\xBD\xA2\xEC\x82\xAC...' for column 'message' at row 1; nested exception is java.sql.SQLException: Incorrect string value: '\xEF\xBD\xA2\xEC\x82\xAC...' for column 'message' at row 1
Quartz has started to run[Birth] - 2017-03-27 10:47:10
Quartz has done normally[Birth] - 2017-03-27 10:47:10
Quartz has started to run[Attendance] - 2017-03-27 10:47:20
Quartz has done normally[Attendance] - 2017-03-27 10:47:20
Quartz has started to run[Cyber] - 2017-03-27 10:47:30
An error Occured[Cyber] - 2017-03-27 10:47:30 
 StackTrace >> 
org.springframework.jdbc.UncategorizedSQLException: 
### Error updating database.  Cause: java.sql.SQLException: Incorrect string value: '\xEF\xBD\xA2\xEC\x82\xAC...' for column 'message' at row 1
### The error may involve com.appg.djTalk.mybatis.core.mapper.CommMapper.insertPublic-Inline
### The error occurred while setting parameters
### SQL: INSERT INTO tblPublic(`type`, `title`, `message`, filterType, filter_f, class_f, mType, regDate)    VALUES(   1, ?, ?, ?, ?, ?, ?, NOW()   )
### Cause: java.sql.SQLException: Incorrect string value: '\xEF\xBD\xA2\xEC\x82\xAC...' for column 'message' at row 1
; uncategorized SQLException for SQL []; SQL state [HY000]; error code [1366]; Incorrect string value: '\xEF\xBD\xA2\xEC\x82\xAC...' for column 'message' at row 1; nested exception is java.sql.SQLException: Incorrect string value: '\xEF\xBD\xA2\xEC\x82\xAC...' for column 'message' at row 1
Quartz has started to run[Birth] - 2017-03-27 10:56:10
Quartz has done normally[Birth] - 2017-03-27 10:56:10
Quartz has started to run[Attendance] - 2017-03-27 10:56:20
Quartz has done normally[Attendance] - 2017-03-27 10:56:20
Quartz has started to run[Cyber] - 2017-03-27 10:56:30
Quartz has started to run[Birth] - 2017-03-27 10:59:10
Quartz has done normally[Birth] - 2017-03-27 10:59:10
Quartz has started to run[Attendance] - 2017-03-27 10:59:20
Quartz has done normally[Attendance] - 2017-03-27 10:59:20
Quartz has started to run[Cyber] - 2017-03-27 10:59:30
Quartz has done normally[Cyber] - 2017-03-27 10:59:30
Quartz has started to run[Birth] - 2017-03-27 11:00:10
Quartz has done normally[Birth] - 2017-03-27 11:00:10
Quartz has started to run[Attendance] - 2017-03-27 11:00:20
Quartz has done normally[Attendance] - 2017-03-27 11:00:20
Quartz has started to run[Cyber] - 2017-03-27 11:00:30
Quartz has done normally[Cyber] - 2017-03-27 11:00:30
Quartz has started to run[Birth] - 2017-03-27 11:01:10
Quartz has done normally[Birth] - 2017-03-27 11:01:10
Quartz has started to run[Attendance] - 2017-03-27 11:01:20
Quartz has done normally[Attendance] - 2017-03-27 11:01:20
Quartz has started to run[Cyber] - 2017-03-27 11:01:30
Quartz has done normally[Cyber] - 2017-03-27 11:01:30
Quartz has started to run[Birth] - 2017-03-27 11:02:10
Quartz has done normally[Birth] - 2017-03-27 11:02:10
Quartz has started to run[Attendance] - 2017-03-27 11:02:20
Quartz has done normally[Attendance] - 2017-03-27 11:02:20
Quartz has started to run[Cyber] - 2017-03-27 11:02:30
Quartz has done normally[Cyber] - 2017-03-27 11:02:30
Quartz has started to run[Birth] - 2017-03-27 11:03:10
Quartz has done normally[Birth] - 2017-03-27 11:03:10
Quartz has started to run[Attendance] - 2017-03-27 11:03:20
Quartz has done normally[Attendance] - 2017-03-27 11:03:20
Quartz has started to run[Cyber] - 2017-03-27 11:03:30
Quartz has done normally[Cyber] - 2017-03-27 11:03:30
Quartz has started to run[Birth] - 2017-03-27 11:04:10
Quartz has done normally[Birth] - 2017-03-27 11:04:10
Quartz has started to run[Attendance] - 2017-03-27 11:04:20
Quartz has done normally[Attendance] - 2017-03-27 11:04:20
Quartz has started to run[Cyber] - 2017-03-27 11:04:30
Quartz has done normally[Cyber] - 2017-03-27 11:04:30
Quartz has started to run[Birth] - 2017-03-27 11:05:10
Quartz has done normally[Birth] - 2017-03-27 11:05:10
Quartz has started to run[Attendance] - 2017-03-27 11:05:20
Quartz has done normally[Attendance] - 2017-03-27 11:05:20
Quartz has started to run[Cyber] - 2017-03-27 11:05:30
Quartz has done normally[Cyber] - 2017-03-27 11:05:30
Quartz has started to run[Birth] - 2017-03-27 11:06:10
Quartz has done normally[Birth] - 2017-03-27 11:06:10
Quartz has started to run[Attendance] - 2017-03-27 11:06:20
Quartz has done normally[Attendance] - 2017-03-27 11:06:20
Quartz has started to run[Cyber] - 2017-03-27 11:06:30
Quartz has done normally[Cyber] - 2017-03-27 11:06:30
Quartz has started to run[Birth] - 2017-03-27 11:07:10
Quartz has done normally[Birth] - 2017-03-27 11:07:10
Quartz has started to run[Attendance] - 2017-03-27 11:07:20
Quartz has done normally[Attendance] - 2017-03-27 11:07:20
Quartz has started to run[Cyber] - 2017-03-27 11:07:30
Quartz has done normally[Cyber] - 2017-03-27 11:07:30
Quartz has started to run[Birth] - 2017-03-27 11:08:10
Quartz has done normally[Birth] - 2017-03-27 11:08:10
Quartz has started to run[Attendance] - 2017-03-27 11:08:20
Quartz has done normally[Attendance] - 2017-03-27 11:08:20
Quartz has started to run[Cyber] - 2017-03-27 11:08:30
Quartz has done normally[Cyber] - 2017-03-27 11:08:30
Quartz has started to run[Birth] - 2017-03-27 11:09:10
Quartz has done normally[Birth] - 2017-03-27 11:09:10
Quartz has started to run[Attendance] - 2017-03-27 11:09:20
Quartz has done normally[Attendance] - 2017-03-27 11:09:20
Quartz has started to run[Cyber] - 2017-03-27 11:09:30
Quartz has done normally[Cyber] - 2017-03-27 11:09:30
Quartz has started to run[Birth] - 2017-03-27 11:10:10
Quartz has done normally[Birth] - 2017-03-27 11:10:10
Quartz has started to run[Attendance] - 2017-03-27 11:10:20
Quartz has done normally[Attendance] - 2017-03-27 11:10:20
Quartz has started to run[Cyber] - 2017-03-27 11:10:30
Quartz has done normally[Cyber] - 2017-03-27 11:10:30
Quartz has started to run[Birth] - 2017-03-27 11:11:10
Quartz has done normally[Birth] - 2017-03-27 11:11:10
Quartz has started to run[Attendance] - 2017-03-27 11:11:20
Quartz has done normally[Attendance] - 2017-03-27 11:11:20
Quartz has started to run[Cyber] - 2017-03-27 11:11:30
Quartz has done normally[Cyber] - 2017-03-27 11:11:30
Quartz has started to run[Birth] - 2017-03-27 11:12:10
Quartz has done normally[Birth] - 2017-03-27 11:12:10
Quartz has started to run[Attendance] - 2017-03-27 11:12:20
Quartz has done normally[Attendance] - 2017-03-27 11:12:20
Quartz has started to run[Cyber] - 2017-03-27 11:12:30
Quartz has done normally[Cyber] - 2017-03-27 11:12:30
Quartz has started to run[Birth] - 2017-03-27 11:13:10
Quartz has done normally[Birth] - 2017-03-27 11:13:10
Quartz has started to run[Attendance] - 2017-03-27 11:13:20
Quartz has done normally[Attendance] - 2017-03-27 11:13:20
Quartz has started to run[Cyber] - 2017-03-27 11:13:30
Quartz has done normally[Cyber] - 2017-03-27 11:13:30
Quartz has started to run[Birth] - 2017-03-27 11:14:10
Quartz has done normally[Birth] - 2017-03-27 11:14:10
Quartz has started to run[Attendance] - 2017-03-27 11:14:20
Quartz has done normally[Attendance] - 2017-03-27 11:14:20
Quartz has started to run[Cyber] - 2017-03-27 11:14:30
Quartz has done normally[Cyber] - 2017-03-27 11:14:30
Quartz has started to run[Birth] - 2017-03-27 11:15:10
Quartz has done normally[Birth] - 2017-03-27 11:15:10
Quartz has started to run[Attendance] - 2017-03-27 11:15:20
Quartz has done normally[Attendance] - 2017-03-27 11:15:20
Quartz has started to run[Cyber] - 2017-03-27 11:15:30
Quartz has done normally[Cyber] - 2017-03-27 11:15:30
Quartz has started to run[Birth] - 2017-03-27 11:16:10
Quartz has done normally[Birth] - 2017-03-27 11:16:10
Quartz has started to run[Attendance] - 2017-03-27 11:16:20
Quartz has done normally[Attendance] - 2017-03-27 11:16:20
Quartz has started to run[Cyber] - 2017-03-27 11:16:30
Quartz has done normally[Cyber] - 2017-03-27 11:16:30
Quartz has started to run[Birth] - 2017-03-27 11:17:10
Quartz has done normally[Birth] - 2017-03-27 11:17:10
Quartz has started to run[Attendance] - 2017-03-27 11:17:20
Quartz has done normally[Attendance] - 2017-03-27 11:17:20
Quartz has started to run[Cyber] - 2017-03-27 11:17:30
Quartz has done normally[Cyber] - 2017-03-27 11:17:30
Quartz has started to run[Birth] - 2017-03-27 11:18:10
Quartz has done normally[Birth] - 2017-03-27 11:18:10
Quartz has started to run[Attendance] - 2017-03-27 11:18:20
Quartz has done normally[Attendance] - 2017-03-27 11:18:20
Quartz has started to run[Cyber] - 2017-03-27 11:18:30
Quartz has done normally[Cyber] - 2017-03-27 11:18:30
Quartz has started to run[Birth] - 2017-03-27 11:19:10
Quartz has done normally[Birth] - 2017-03-27 11:19:10
Quartz has started to run[Attendance] - 2017-03-27 11:19:20
Quartz has done normally[Attendance] - 2017-03-27 11:19:20
Quartz has started to run[Cyber] - 2017-03-27 11:19:30
Quartz has done normally[Cyber] - 2017-03-27 11:19:30
Quartz has started to run[Birth] - 2017-03-27 11:20:10
Quartz has done normally[Birth] - 2017-03-27 11:20:10
Quartz has started to run[Attendance] - 2017-03-27 11:20:20
Quartz has done normally[Attendance] - 2017-03-27 11:20:20
Quartz has started to run[Cyber] - 2017-03-27 11:20:30
Quartz has done normally[Cyber] - 2017-03-27 11:20:30
Quartz has started to run[Birth] - 2017-03-27 11:21:10
Quartz has done normally[Birth] - 2017-03-27 11:21:10
Quartz has started to run[Attendance] - 2017-03-27 11:21:20
Quartz has done normally[Attendance] - 2017-03-27 11:21:20
Quartz has started to run[Birth] - 2017-03-27 11:22:10
Quartz has done normally[Birth] - 2017-03-27 11:22:10
Quartz has started to run[Attendance] - 2017-03-27 11:22:20
Quartz has done normally[Attendance] - 2017-03-27 11:22:20
Quartz has started to run[Cyber] - 2017-03-27 11:22:30
Quartz has done normally[Cyber] - 2017-03-27 11:22:30
Quartz has started to run[Birth] - 2017-03-27 11:23:10
Quartz has done normally[Birth] - 2017-03-27 11:23:10
Quartz has started to run[Attendance] - 2017-03-27 11:23:20
Quartz has done normally[Attendance] - 2017-03-27 11:23:20
Quartz has started to run[Cyber] - 2017-03-27 11:23:30
Quartz has done normally[Cyber] - 2017-03-27 11:23:30
Quartz has started to run[Birth] - 2017-03-27 11:24:10
Quartz has done normally[Birth] - 2017-03-27 11:24:10
Quartz has started to run[Attendance] - 2017-03-27 11:24:20
Quartz has done normally[Attendance] - 2017-03-27 11:24:20
Quartz has started to run[Cyber] - 2017-03-27 11:24:30
Quartz has done normally[Cyber] - 2017-03-27 11:24:30
Quartz has started to run[Birth] - 2017-03-27 11:25:10
Quartz has done normally[Birth] - 2017-03-27 11:25:10
Quartz has started to run[Attendance] - 2017-03-27 11:25:20
Quartz has done normally[Attendance] - 2017-03-27 11:25:20
Quartz has started to run[Cyber] - 2017-03-27 11:25:30
Quartz has done normally[Cyber] - 2017-03-27 11:25:30
Quartz has started to run[Birth] - 2017-03-27 11:26:10
Quartz has done normally[Birth] - 2017-03-27 11:26:10
Quartz has started to run[Attendance] - 2017-03-27 11:26:20
Quartz has done normally[Attendance] - 2017-03-27 11:26:20
Quartz has started to run[Birth] - 2017-03-27 11:27:10
Quartz has done normally[Birth] - 2017-03-27 11:27:10
Quartz has started to run[Attendance] - 2017-03-27 11:27:20
Quartz has done normally[Attendance] - 2017-03-27 11:27:20
Quartz has started to run[Cyber] - 2017-03-27 11:27:30
Quartz has done normally[Cyber] - 2017-03-27 11:27:30
Quartz has started to run[Birth] - 2017-03-27 11:28:10
Quartz has done normally[Birth] - 2017-03-27 11:28:10
Quartz has started to run[Attendance] - 2017-03-27 11:28:20
Quartz has done normally[Attendance] - 2017-03-27 11:28:20
Quartz has started to run[Cyber] - 2017-03-27 11:28:30
Quartz has done normally[Cyber] - 2017-03-27 11:28:30
Quartz has started to run[Birth] - 2017-03-27 11:29:10
Quartz has done normally[Birth] - 2017-03-27 11:29:10
Quartz has started to run[Attendance] - 2017-03-27 11:29:20
Quartz has done normally[Attendance] - 2017-03-27 11:29:20
Quartz has started to run[Cyber] - 2017-03-27 11:29:30
Quartz has done normally[Cyber] - 2017-03-27 11:29:30
Quartz has started to run[Birth] - 2017-03-27 11:30:10
Quartz has done normally[Birth] - 2017-03-27 11:30:10
Quartz has started to run[Attendance] - 2017-03-27 11:30:20
Quartz has done normally[Attendance] - 2017-03-27 11:30:20
Quartz has started to run[Cyber] - 2017-03-27 11:30:30
Quartz has done normally[Cyber] - 2017-03-27 11:30:30
Quartz has started to run[Birth] - 2017-03-27 11:31:10
Quartz has done normally[Birth] - 2017-03-27 11:31:10
Quartz has started to run[Attendance] - 2017-03-27 11:31:20
Quartz has done normally[Attendance] - 2017-03-27 11:31:20
Quartz has started to run[Cyber] - 2017-03-27 11:31:30
Quartz has done normally[Cyber] - 2017-03-27 11:31:30
Quartz has started to run[Birth] - 2017-03-27 11:32:10
Quartz has done normally[Birth] - 2017-03-27 11:32:10
Quartz has started to run[Attendance] - 2017-03-27 11:32:20
Quartz has done normally[Attendance] - 2017-03-27 11:32:20
Quartz has started to run[Cyber] - 2017-03-27 11:32:30
Quartz has done normally[Cyber] - 2017-03-27 11:32:30
Quartz has started to run[Birth] - 2017-03-27 11:33:14
Quartz has done normally[Birth] - 2017-03-27 11:33:15
Quartz has started to run[Attendance] - 2017-03-27 11:33:20
Quartz has done normally[Attendance] - 2017-03-27 11:33:20
Quartz has started to run[Cyber] - 2017-03-27 11:33:30
Quartz has done normally[Cyber] - 2017-03-27 11:33:30
Quartz has started to run[Birth] - 2017-03-27 11:34:10
Quartz has done normally[Birth] - 2017-03-27 11:34:10
Quartz has started to run[Attendance] - 2017-03-27 11:34:20
Quartz has done normally[Attendance] - 2017-03-27 11:34:20
Quartz has started to run[Cyber] - 2017-03-27 11:34:31
Quartz has done normally[Cyber] - 2017-03-27 11:34:31
Quartz has started to run[Birth] - 2017-03-27 11:35:10
Quartz has done normally[Birth] - 2017-03-27 11:35:10
Quartz has started to run[Attendance] - 2017-03-27 11:35:20
Quartz has done normally[Attendance] - 2017-03-27 11:35:20
Quartz has started to run[Cyber] - 2017-03-27 11:35:30
Quartz has done normally[Cyber] - 2017-03-27 11:35:30
Quartz has started to run[Birth] - 2017-03-27 11:36:10
Quartz has done normally[Birth] - 2017-03-27 11:36:10
Quartz has started to run[Attendance] - 2017-03-27 11:36:20
Quartz has done normally[Attendance] - 2017-03-27 11:36:20
Quartz has started to run[Cyber] - 2017-03-27 11:36:30
Quartz has done normally[Cyber] - 2017-03-27 11:36:30
Quartz has started to run[Birth] - 2017-03-27 11:37:10
Quartz has done normally[Birth] - 2017-03-27 11:37:10
Quartz has started to run[Attendance] - 2017-03-27 11:37:20
Quartz has started to run[Cyber] - 2017-03-27 11:37:30
Quartz has done normally[Cyber] - 2017-03-27 11:37:30
Quartz has started to run[Birth] - 2017-03-27 11:38:10
Quartz has done normally[Birth] - 2017-03-27 11:38:10
Quartz has started to run[Attendance] - 2017-03-27 11:38:20
Quartz has done normally[Attendance] - 2017-03-27 11:38:20
Quartz has started to run[Cyber] - 2017-03-27 11:38:30
Quartz has done normally[Cyber] - 2017-03-27 11:38:30
Quartz has started to run[Birth] - 2017-03-27 11:39:10
Quartz has done normally[Birth] - 2017-03-27 11:39:10
Quartz has started to run[Attendance] - 2017-03-27 11:39:20
Quartz has done normally[Attendance] - 2017-03-27 11:39:20
Quartz has started to run[Cyber] - 2017-03-27 11:39:30
Quartz has done normally[Cyber] - 2017-03-27 11:39:30
Quartz has started to run[Birth] - 2017-03-27 11:40:10
Quartz has done normally[Birth] - 2017-03-27 11:40:10
Quartz has started to run[Attendance] - 2017-03-27 11:40:20
Quartz has done normally[Attendance] - 2017-03-27 11:40:20
Quartz has started to run[Cyber] - 2017-03-27 11:40:30
Quartz has done normally[Cyber] - 2017-03-27 11:40:30
Quartz has started to run[Birth] - 2017-03-27 11:41:10
Quartz has done normally[Birth] - 2017-03-27 11:41:10
Quartz has started to run[Attendance] - 2017-03-27 11:41:20
Quartz has done normally[Attendance] - 2017-03-27 11:41:20
Quartz has started to run[Cyber] - 2017-03-27 11:41:30
Quartz has done normally[Cyber] - 2017-03-27 11:41:30
Quartz has started to run[Birth] - 2017-03-27 11:42:10
Quartz has done normally[Birth] - 2017-03-27 11:42:10
Quartz has started to run[Attendance] - 2017-03-27 11:42:20
Quartz has done normally[Attendance] - 2017-03-27 11:42:20
Quartz has started to run[Cyber] - 2017-03-27 11:42:30
Quartz has done normally[Cyber] - 2017-03-27 11:42:30
Quartz has started to run[Birth] - 2017-03-27 11:43:10
Quartz has done normally[Birth] - 2017-03-27 11:43:10
Quartz has started to run[Attendance] - 2017-03-27 11:43:20
Quartz has done normally[Attendance] - 2017-03-27 11:43:20
Quartz has started to run[Cyber] - 2017-03-27 11:43:30
Quartz has done normally[Cyber] - 2017-03-27 11:43:30
Quartz has started to run[Birth] - 2017-03-27 11:44:10
Quartz has done normally[Birth] - 2017-03-27 11:44:10
Quartz has started to run[Attendance] - 2017-03-27 11:44:20
Quartz has done normally[Attendance] - 2017-03-27 11:44:20
Quartz has started to run[Cyber] - 2017-03-27 11:44:30
Quartz has done normally[Cyber] - 2017-03-27 11:44:30
Quartz has started to run[Birth] - 2017-03-27 11:45:10
Quartz has done normally[Birth] - 2017-03-27 11:45:10
Quartz has started to run[Attendance] - 2017-03-27 11:45:20
Quartz has done normally[Attendance] - 2017-03-27 11:45:20
Quartz has started to run[Cyber] - 2017-03-27 11:45:30
Quartz has done normally[Cyber] - 2017-03-27 11:45:30
Quartz has started to run[Birth] - 2017-03-27 11:46:10
Quartz has done normally[Birth] - 2017-03-27 11:46:10
Quartz has started to run[Attendance] - 2017-03-27 11:46:20
Quartz has done normally[Attendance] - 2017-03-27 11:46:20
Quartz has started to run[Cyber] - 2017-03-27 11:46:30
Quartz has done normally[Cyber] - 2017-03-27 11:46:30
Quartz has started to run[Birth] - 2017-03-27 11:47:10
Quartz has done normally[Birth] - 2017-03-27 11:47:10
Quartz has started to run[Attendance] - 2017-03-27 11:47:20
Quartz has done normally[Attendance] - 2017-03-27 11:47:20
Quartz has started to run[Cyber] - 2017-03-27 11:47:30
Quartz has done normally[Cyber] - 2017-03-27 11:47:30
Quartz has started to run[Attendance] - 2017-03-27 11:48:20
Quartz has done normally[Attendance] - 2017-03-27 11:48:20
Quartz has started to run[Cyber] - 2017-03-27 11:48:30
Quartz has done normally[Cyber] - 2017-03-27 11:48:30
Quartz has started to run[Birth] - 2017-03-27 11:49:10
Quartz has done normally[Birth] - 2017-03-27 11:49:10
Quartz has started to run[Attendance] - 2017-03-27 11:49:20
Quartz has done normally[Attendance] - 2017-03-27 11:49:20
Quartz has started to run[Cyber] - 2017-03-27 11:49:30
Quartz has done normally[Cyber] - 2017-03-27 11:49:30
Quartz has started to run[Birth] - 2017-03-27 11:50:10
Quartz has done normally[Birth] - 2017-03-27 11:50:10
Quartz has started to run[Attendance] - 2017-03-27 11:50:20
Quartz has done normally[Attendance] - 2017-03-27 11:50:20
Quartz has started to run[Cyber] - 2017-03-27 11:50:30
Quartz has done normally[Cyber] - 2017-03-27 11:50:30
Quartz has started to run[Birth] - 2017-03-27 11:51:10
Quartz has done normally[Birth] - 2017-03-27 11:51:10
Quartz has started to run[Attendance] - 2017-03-27 11:51:20
Quartz has done normally[Attendance] - 2017-03-27 11:51:20
Quartz has started to run[Cyber] - 2017-03-27 11:51:30
Quartz has done normally[Cyber] - 2017-03-27 11:51:30
Quartz has started to run[Birth] - 2017-03-27 11:52:10
Quartz has done normally[Birth] - 2017-03-27 11:52:10
Quartz has started to run[Attendance] - 2017-03-27 11:52:20
Quartz has done normally[Attendance] - 2017-03-27 11:52:20
Quartz has started to run[Cyber] - 2017-03-27 11:52:30
Quartz has done normally[Cyber] - 2017-03-27 11:52:30
Quartz has started to run[Birth] - 2017-03-27 11:53:10
Quartz has done normally[Birth] - 2017-03-27 11:53:10
Quartz has started to run[Attendance] - 2017-03-27 11:53:20
Quartz has done normally[Attendance] - 2017-03-27 11:53:20
Quartz has started to run[Cyber] - 2017-03-27 11:53:30
Quartz has done normally[Cyber] - 2017-03-27 11:53:30
Quartz has started to run[Birth] - 2017-03-27 11:54:10
Quartz has done normally[Birth] - 2017-03-27 11:54:10
Quartz has started to run[Attendance] - 2017-03-27 11:54:20
Quartz has done normally[Attendance] - 2017-03-27 11:54:20
Quartz has started to run[Cyber] - 2017-03-27 11:54:30
Quartz has done normally[Cyber] - 2017-03-27 11:54:30
Quartz has started to run[Birth] - 2017-03-27 11:55:10
Quartz has done normally[Birth] - 2017-03-27 11:55:10
Quartz has started to run[Attendance] - 2017-03-27 11:55:20
Quartz has done normally[Attendance] - 2017-03-27 11:55:20
Quartz has started to run[Cyber] - 2017-03-27 11:55:30
Quartz has done normally[Cyber] - 2017-03-27 11:55:30
Quartz has started to run[Birth] - 2017-03-27 11:56:10
Quartz has done normally[Birth] - 2017-03-27 11:56:10
Quartz has started to run[Attendance] - 2017-03-27 11:56:20
Quartz has done normally[Attendance] - 2017-03-27 11:56:20
Quartz has started to run[Cyber] - 2017-03-27 11:56:30
Quartz has done normally[Cyber] - 2017-03-27 11:56:30
Quartz has started to run[Birth] - 2017-03-27 11:57:10
Quartz has done normally[Birth] - 2017-03-27 11:57:10
Quartz has started to run[Attendance] - 2017-03-27 11:57:20
Quartz has started to run[Cyber] - 2017-03-27 11:57:30
Quartz has done normally[Cyber] - 2017-03-27 11:57:30
Quartz has started to run[Birth] - 2017-03-27 11:58:10
Quartz has done normally[Birth] - 2017-03-27 11:58:10
Quartz has started to run[Birth] - 2017-03-27 12:10:00
Quartz has done normally[Birth] - 2017-03-27 12:10:00
Quartz has started to run[Attendance] - 2017-03-27 12:20:00
Quartz has done normally[Attendance] - 2017-03-27 12:20:01
Quartz has started to run[Cyber] - 2017-03-27 12:30:00
Quartz has done normally[Cyber] - 2017-03-27 12:30:00
Quartz has started to run[Sync] - 2017-03-27 12:32:00
Quartz has done normally[Sync] - 2017-03-27 12:32:00
Quartz has started to run[Sync] - 2017-03-27 12:33:00
Quartz has done normally[Sync] - 2017-03-27 12:34:05
Quartz has started to run[Birth] - 2017-03-27 13:10:00
Quartz has done normally[Birth] - 2017-03-27 13:10:00
Quartz has started to run[Cyber] - 2017-03-27 13:25:20
Quartz has done normally[Cyber] - 2017-03-27 13:25:20
Quartz has started to run[Birth] - 2017-03-27 13:26:00
Quartz has done normally[Birth] - 2017-03-27 13:26:00
Quartz has started to run[Attendance] - 2017-03-27 13:26:10
Quartz has done normally[Attendance] - 2017-03-27 13:26:11
Quartz has started to run[Cyber] - 2017-03-27 13:26:20
Quartz has done normally[Cyber] - 2017-03-27 13:26:20
Quartz has started to run[Cyber] - 2017-03-27 13:30:00
Quartz has done normally[Cyber] - 2017-03-27 13:30:00
Quartz has started to run[Birth] - 2017-03-27 13:47:10
Quartz has done normally[Birth] - 2017-03-27 13:47:10
Quartz has started to run[Attendance] - 2017-03-27 13:47:20
Quartz has done normally[Attendance] - 2017-03-27 13:47:21
Quartz has started to run[Cyber] - 2017-03-27 13:47:30
Quartz has done normally[Cyber] - 2017-03-27 13:47:30
Quartz has started to run[Sync] - 2017-03-27 13:53:00
Quartz has started to run[Sync] - 2017-03-27 13:54:00
Quartz has done normally[Sync] - 2017-03-27 13:54:14
Quartz has started to run[Birth] - 2017-03-27 14:10:00
Quartz has done normally[Birth] - 2017-03-27 14:10:00
Quartz has started to run[Birth] - 2017-03-27 14:19:00
Quartz has done normally[Birth] - 2017-03-27 14:19:00
Quartz has started to run[Cyber] - 2017-03-27 14:19:10
Quartz has done normally[Cyber] - 2017-03-27 14:19:10
Quartz has started to run[Birth] - 2017-03-27 14:20:00
Quartz has started to run[Attendance] - 2017-03-27 14:20:00
Quartz has done normally[Birth] - 2017-03-27 14:20:00
Quartz has done normally[Attendance] - 2017-03-27 14:20:02
Quartz has started to run[Cyber] - 2017-03-27 14:20:10
Quartz has done normally[Cyber] - 2017-03-27 14:20:10
Quartz has started to run[Birth] - 2017-03-27 14:21:00
Quartz has done normally[Birth] - 2017-03-27 14:21:00
Quartz has started to run[Cyber] - 2017-03-27 14:21:10
Quartz has done normally[Cyber] - 2017-03-27 14:21:10
Quartz has started to run[Birth] - 2017-03-27 14:22:00
Quartz has done normally[Birth] - 2017-03-27 14:22:01
Quartz has started to run[Cyber] - 2017-03-27 14:22:10
Quartz has done normally[Cyber] - 2017-03-27 14:22:10
Quartz has started to run[Attendance] - 2017-03-27 14:23:10
Quartz has done normally[Attendance] - 2017-03-27 14:23:12
Quartz has started to run[Birth] - 2017-03-27 14:23:30
Quartz has done normally[Birth] - 2017-03-27 14:23:30
Quartz has started to run[Cyber] - 2017-03-27 14:23:50
Quartz has done normally[Cyber] - 2017-03-27 14:23:50
Quartz has started to run[Sync] - 2017-03-27 14:25:00
Quartz has done normally[Sync] - 2017-03-27 14:25:00
Quartz has started to run[Sync] - 2017-03-27 14:28:01
Quartz has done normally[Sync] - 2017-03-27 15:02:07
Quartz has started to run[Attendance] - 2017-03-27 15:39:13
Quartz has done normally[Attendance] - 2017-03-27 15:39:16
Quartz has started to run[Birth] - 2017-03-27 15:39:30
Quartz has done normally[Birth] - 2017-03-27 15:39:30
Quartz has started to run[Cyber] - 2017-03-27 15:39:50
Quartz has done normally[Cyber] - 2017-03-27 15:39:50
Quartz has started to run[Attendance] - 2017-03-27 15:40:10
Quartz has done normally[Attendance] - 2017-03-27 15:40:12
Quartz has started to run[Birth] - 2017-03-27 15:40:30
Quartz has done normally[Birth] - 2017-03-27 15:40:30
Quartz has started to run[Cyber] - 2017-03-27 15:40:50
Quartz has done normally[Cyber] - 2017-03-27 15:40:51
Quartz has started to run[Attendance] - 2017-03-27 15:41:10
Quartz has done normally[Attendance] - 2017-03-27 15:41:12
Quartz has started to run[Birth] - 2017-03-27 15:41:30
Quartz has done normally[Birth] - 2017-03-27 15:41:30
Quartz has started to run[Cyber] - 2017-03-27 15:41:50
Quartz has done normally[Cyber] - 2017-03-27 15:41:50
Quartz has started to run[Attendance] - 2017-03-27 15:42:10
Quartz has done normally[Attendance] - 2017-03-27 15:42:12
Quartz has started to run[Birth] - 2017-03-27 15:42:30
Quartz has done normally[Birth] - 2017-03-27 15:42:30
Quartz has started to run[Cyber] - 2017-03-27 15:42:50
Quartz has done normally[Cyber] - 2017-03-27 15:42:59
Quartz has started to run[Attendance] - 2017-03-27 15:43:10
Quartz has done normally[Attendance] - 2017-03-27 15:43:12
Quartz has started to run[Birth] - 2017-03-27 15:43:30
Quartz has done normally[Birth] - 2017-03-27 15:43:30
Quartz has started to run[Cyber] - 2017-03-27 15:43:50
Quartz has done normally[Cyber] - 2017-03-27 15:43:50
Quartz has started to run[Attendance] - 2017-03-27 15:44:10
Quartz has done normally[Attendance] - 2017-03-27 15:44:12
Quartz has started to run[Birth] - 2017-03-27 15:44:30
Quartz has done normally[Birth] - 2017-03-27 15:44:30
Quartz has started to run[Cyber] - 2017-03-27 15:44:50
Quartz has done normally[Cyber] - 2017-03-27 15:44:51
Quartz has started to run[Attendance] - 2017-03-27 15:45:10
Quartz has done normally[Attendance] - 2017-03-27 15:45:12
Quartz has started to run[Birth] - 2017-03-27 15:45:30
Quartz has done normally[Birth] - 2017-03-27 15:45:30
Quartz has started to run[Cyber] - 2017-03-27 15:45:50
Quartz has done normally[Cyber] - 2017-03-27 15:45:50
Quartz has started to run[Attendance] - 2017-03-27 15:46:10
Quartz has done normally[Attendance] - 2017-03-27 15:46:12
Quartz has started to run[Birth] - 2017-03-27 15:46:30
Quartz has done normally[Birth] - 2017-03-27 15:46:30
Quartz has started to run[Cyber] - 2017-03-27 15:46:50
Quartz has done normally[Cyber] - 2017-03-27 15:46:50
Quartz has started to run[Attendance] - 2017-03-27 15:47:10
Quartz has done normally[Attendance] - 2017-03-27 15:47:12
Quartz has started to run[Birth] - 2017-03-27 15:47:30
Quartz has done normally[Birth] - 2017-03-27 15:47:30
Quartz has started to run[Cyber] - 2017-03-27 15:47:50
Quartz has done normally[Cyber] - 2017-03-27 15:47:50
Quartz has started to run[Attendance] - 2017-03-27 15:48:10
Quartz has done normally[Attendance] - 2017-03-27 15:48:12
Quartz has started to run[Birth] - 2017-03-27 15:48:30
Quartz has done normally[Birth] - 2017-03-27 15:48:30
Quartz has started to run[Cyber] - 2017-03-27 15:48:50
Quartz has done normally[Cyber] - 2017-03-27 15:48:51
Quartz has started to run[Attendance] - 2017-03-27 15:49:10
Quartz has done normally[Attendance] - 2017-03-27 15:49:12
Quartz has started to run[Birth] - 2017-03-27 15:49:30
Quartz has done normally[Birth] - 2017-03-27 15:49:30