
Quartz has started to run - 2017-02-27 08:49:49
Quartz has done normally - 2017-02-27 08:49:50
Quartz has started to run - 2017-02-27 08:50:00
Quartz has done normally - 2017-02-27 08:50:00
Quartz has started to run - 2017-02-27 08:51:00
Quartz has done normally - 2017-02-27 08:51:00
Quartz has started to run - 2017-02-27 08:52:00
Quartz has done normally - 2017-02-27 08:52:00
Quartz has started to run - 2017-02-27 08:53:00
Quartz has done normally - 2017-02-27 08:53:00
Quartz has started to run - 2017-02-27 08:54:00
Quartz has done normally - 2017-02-27 08:54:00
Quartz has started to run - 2017-02-27 08:55:00
Quartz has done normally - 2017-02-27 08:55:00
Quartz has started to run - 2017-02-27 08:56:00
Quartz has done normally - 2017-02-27 08:56:00
Quartz has started to run - 2017-02-27 08:57:00
Quartz has done normally - 2017-02-27 08:57:00
Quartz has started to run - 2017-02-27 08:58:00
Quartz has done normally - 2017-02-27 08:58:00
Quartz has started to run - 2017-02-27 08:59:00
Quartz has done normally - 2017-02-27 08:59:00
Quartz has started to run - 2017-02-27 09:00:00
Quartz has done normally - 2017-02-27 09:00:00
Quartz has started to run - 2017-02-27 09:01:00
Quartz has done normally - 2017-02-27 09:01:00
Quartz has started to run - 2017-02-27 09:02:00
Quartz has done normally - 2017-02-27 09:02:00
Quartz has started to run - 2017-02-27 09:03:00
Quartz has done normally - 2017-02-27 09:03:00
Quartz has started to run - 2017-02-27 09:04:00
Quartz has done normally - 2017-02-27 09:04:00
Quartz has started to run - 2017-02-27 09:05:00
Quartz has done normally - 2017-02-27 09:05:00
Quartz has started to run - 2017-02-27 09:06:00
Quartz has done normally - 2017-02-27 09:06:00
Quartz has started to run - 2017-02-27 09:07:00
Quartz has done normally - 2017-02-27 09:07:00
Quartz has started to run - 2017-02-27 09:08:00
Quartz has done normally - 2017-02-27 09:08:00
Quartz has started to run - 2017-02-27 09:09:00
Quartz has done normally - 2017-02-27 09:09:00
Quartz has started to run - 2017-02-27 09:10:00
Quartz has done normally - 2017-02-27 09:10:00
Quartz has started to run - 2017-02-27 09:11:00
Quartz has done normally - 2017-02-27 09:11:00
Quartz has started to run - 2017-02-27 09:12:00
Quartz has done normally - 2017-02-27 09:12:00
Quartz has started to run - 2017-02-27 09:13:00
Quartz has done normally - 2017-02-27 09:13:00
Quartz has started to run - 2017-02-27 09:14:00
Quartz has done normally - 2017-02-27 09:14:00
Quartz has started to run - 2017-02-27 09:15:00
Quartz has done normally - 2017-02-27 09:15:00
Quartz has started to run - 2017-02-27 09:16:00
Quartz has done normally - 2017-02-27 09:16:00
Quartz has started to run - 2017-02-27 09:25:00
Quartz has done normally - 2017-02-27 09:25:00
Quartz has started to run - 2017-02-27 09:26:00
Quartz has done normally - 2017-02-27 09:26:00
Quartz has started to run - 2017-02-27 09:27:00
Quartz has done normally - 2017-02-27 09:27:00
Quartz has started to run - 2017-02-27 09:28:00
Quartz has done normally - 2017-02-27 09:28:00
Quartz has started to run - 2017-02-27 09:29:00
Quartz has done normally - 2017-02-27 09:29:00
Quartz has started to run - 2017-02-27 09:30:00
Quartz has done normally - 2017-02-27 09:30:00
Quartz has started to run - 2017-02-27 09:31:00
Quartz has done normally - 2017-02-27 09:31:00
Quartz has started to run - 2017-02-27 09:32:00
Quartz has done normally - 2017-02-27 09:32:00
Quartz has started to run - 2017-02-27 09:33:00
Quartz has done normally - 2017-02-27 09:33:00
Quartz has started to run - 2017-02-27 09:34:00
Quartz has done normally - 2017-02-27 09:34:00
Quartz has started to run - 2017-02-27 09:35:00
Quartz has done normally - 2017-02-27 09:35:00
Quartz has started to run - 2017-02-27 09:36:00
Quartz has done normally - 2017-02-27 09:36:00
Quartz has started to run - 2017-02-27 09:44:00
Quartz has done normally - 2017-02-27 09:44:00
Quartz has started to run - 2017-02-27 09:45:00
Quartz has done normally - 2017-02-27 09:45:00
Quartz has started to run - 2017-02-27 09:46:00
Quartz has done normally - 2017-02-27 09:46:00
Quartz has started to run - 2017-02-27 09:47:00
Quartz has done normally - 2017-02-27 09:47:00
Quartz has started to run - 2017-02-27 09:48:00
Quartz has done normally - 2017-02-27 09:48:00
Quartz has started to run - 2017-02-27 09:49:02
Quartz has done normally - 2017-02-27 09:49:03
Quartz has started to run - 2017-02-27 09:50:00
Quartz has done normally - 2017-02-27 09:50:00
Quartz has started to run - 2017-02-27 09:51:00
Quartz has done normally - 2017-02-27 09:51:00
Quartz has started to run - 2017-02-27 09:52:00
Quartz has done normally - 2017-02-27 09:52:00
Quartz has started to run - 2017-02-27 09:53:00
Quartz has done normally - 2017-02-27 09:53:00
Quartz has started to run - 2017-02-27 09:54:00
Quartz has done normally - 2017-02-27 09:54:00
Quartz has started to run - 2017-02-27 09:55:01
Quartz has done normally - 2017-02-27 09:55:01
Quartz has started to run - 2017-02-27 09:56:00
Quartz has done normally - 2017-02-27 09:56:00
Quartz has started to run - 2017-02-27 09:57:00
Quartz has done normally - 2017-02-27 09:57:00
Quartz has started to run - 2017-02-27 09:58:00
Quartz has done normally - 2017-02-27 09:58:00
Quartz has started to run - 2017-02-27 09:59:00
Quartz has done normally - 2017-02-27 09:59:00
Quartz has started to run - 2017-02-27 10:00:00
Quartz has done normally - 2017-02-27 10:00:00
Quartz has started to run - 2017-02-27 10:01:00
Quartz has done normally - 2017-02-27 10:01:00
Quartz has started to run - 2017-02-27 10:02:00
Quartz has done normally - 2017-02-27 10:02:00
Quartz has started to run - 2017-02-27 10:03:00
Quartz has done normally - 2017-02-27 10:03:00
Quartz has started to run - 2017-02-27 10:04:00
Quartz has done normally - 2017-02-27 10:04:00
Quartz has started to run - 2017-02-27 10:05:00
Quartz has done normally - 2017-02-27 10:05:00
Quartz has started to run - 2017-02-27 10:06:00
Quartz has done normally - 2017-02-27 10:06:00
Quartz has started to run - 2017-02-27 10:07:01
Quartz has done normally - 2017-02-27 10:07:01
Quartz has started to run - 2017-02-27 10:08:00
Quartz has done normally - 2017-02-27 10:08:00
Quartz has started to run - 2017-02-27 10:09:00
Quartz has done normally - 2017-02-27 10:09:00
Quartz has started to run - 2017-02-27 10:10:01
Quartz has done normally - 2017-02-27 10:10:01
Quartz has started to run - 2017-02-27 10:11:01
Quartz has done normally - 2017-02-27 10:11:01
Quartz has started to run - 2017-02-27 10:12:01
Quartz has done normally - 2017-02-27 10:12:01
Quartz has started to run - 2017-02-27 10:13:00
Quartz has done normally - 2017-02-27 10:13:00
Quartz has started to run - 2017-02-27 10:14:00
Quartz has done normally - 2017-02-27 10:14:00
Quartz has started to run - 2017-02-27 10:15:00
Quartz has done normally - 2017-02-27 10:15:00
Quartz has started to run - 2017-02-27 10:16:00
Quartz has done normally - 2017-02-27 10:16:00
Quartz has started to run - 2017-02-27 10:17:00
Quartz has done normally - 2017-02-27 10:17:00
Quartz has started to run - 2017-02-27 10:18:00
Quartz has done normally - 2017-02-27 10:18:00
Quartz has started to run - 2017-02-27 10:19:00
Quartz has done normally - 2017-02-27 10:19:00
Quartz has started to run - 2017-02-27 10:20:02
Quartz has done normally - 2017-02-27 10:20:02
Quartz has started to run - 2017-02-27 10:21:00
Quartz has done normally - 2017-02-27 10:21:00
Quartz has started to run - 2017-02-27 10:22:00
Quartz has done normally - 2017-02-27 10:22:00
Quartz has started to run - 2017-02-27 10:23:00
Quartz has done normally - 2017-02-27 10:23:00
Quartz has started to run - 2017-02-27 10:24:00
Quartz has done normally - 2017-02-27 10:24:00
Quartz has started to run - 2017-02-27 10:25:00
Quartz has done normally - 2017-02-27 10:25:00
Quartz has started to run - 2017-02-27 10:26:00
Quartz has done normally - 2017-02-27 10:26:00
Quartz has started to run - 2017-02-27 10:27:00
Quartz has done normally - 2017-02-27 10:27:00
Quartz has started to run - 2017-02-27 10:28:00
Quartz has done normally - 2017-02-27 10:28:00
Quartz has started to run - 2017-02-27 10:29:00
Quartz has done normally - 2017-02-27 10:29:00
Quartz has started to run - 2017-02-27 10:30:00
Quartz has done normally - 2017-02-27 10:30:00
Quartz has started to run - 2017-02-27 10:31:00
Quartz has done normally - 2017-02-27 10:31:00
Quartz has started to run - 2017-02-27 10:32:00
Quartz has done normally - 2017-02-27 10:32:00
Quartz has started to run - 2017-02-27 10:33:00
Quartz has done normally - 2017-02-27 10:33:00
Quartz has started to run - 2017-02-27 10:34:00
Quartz has done normally - 2017-02-27 10:34:00
Quartz has started to run - 2017-02-27 10:35:00
Quartz has done normally - 2017-02-27 10:35:00
Quartz has started to run - 2017-02-27 10:36:00
Quartz has done normally - 2017-02-27 10:36:00
Quartz has started to run - 2017-02-27 10:37:00
Quartz has done normally - 2017-02-27 10:37:00
Quartz has started to run - 2017-02-27 10:38:00
Quartz has done normally - 2017-02-27 10:38:00
Quartz has started to run - 2017-02-27 10:39:00
Quartz has done normally - 2017-02-27 10:39:00
Quartz has started to run - 2017-02-27 10:40:00
Quartz has done normally - 2017-02-27 10:40:00
Quartz has started to run - 2017-02-27 10:41:00
Quartz has done normally - 2017-02-27 10:41:00
Quartz has started to run - 2017-02-27 10:42:00
Quartz has done normally - 2017-02-27 10:42:00
Quartz has started to run - 2017-02-27 10:43:00
Quartz has done normally - 2017-02-27 10:43:00
Quartz has started to run - 2017-02-27 10:44:00
Quartz has done normally - 2017-02-27 10:44:00
Quartz has started to run - 2017-02-27 10:45:00
Quartz has done normally - 2017-02-27 10:45:00
Quartz has started to run - 2017-02-27 10:46:00
Quartz has done normally - 2017-02-27 10:46:00
Quartz has started to run - 2017-02-27 10:48:00
Quartz has done normally - 2017-02-27 10:48:00
Quartz has started to run - 2017-02-27 10:49:00
Quartz has done normally - 2017-02-27 10:49:00
Quartz has started to run - 2017-02-27 10:50:00
Quartz has done normally - 2017-02-27 10:50:00
Quartz has started to run - 2017-02-27 10:51:01
Quartz has done normally - 2017-02-27 10:51:01
Quartz has started to run - 2017-02-27 10:52:00
Quartz has done normally - 2017-02-27 10:52:00
Quartz has started to run - 2017-02-27 10:53:00
Quartz has done normally - 2017-02-27 10:53:00
Quartz has started to run - 2017-02-27 10:56:00
Quartz has done normally - 2017-02-27 10:56:00
Quartz has started to run - 2017-02-27 10:57:00
Quartz has done normally - 2017-02-27 10:57:00
Quartz has started to run - 2017-02-27 10:58:00
Quartz has done normally - 2017-02-27 10:58:00
Quartz has started to run - 2017-02-27 10:59:00
Quartz has done normally - 2017-02-27 10:59:00
Quartz has started to run - 2017-02-27 11:00:00
Quartz has done normally - 2017-02-27 11:00:00
Quartz has started to run - 2017-02-27 11:02:00
An error Occured - 2017-02-27 11:02:00 
 StackTrace >> 
java.lang.NullPointerException
Quartz has started to run - 2017-02-27 11:03:00
An error Occured - 2017-02-27 11:03:00 
 StackTrace >> 
java.lang.NullPointerException
Quartz has started to run - 2017-02-27 11:04:00
An error Occured - 2017-02-27 11:04:00 
 StackTrace >> 
java.lang.NullPointerException
Quartz has started to run - 2017-02-27 11:05:00
An error Occured - 2017-02-27 11:05:00 
 StackTrace >> 
java.lang.NullPointerException
Quartz has started to run - 2017-02-27 11:06:00
An error Occured - 2017-02-27 11:06:00 
 StackTrace >> 
java.lang.NullPointerException
Quartz has started to run - 2017-02-27 11:07:00
An error Occured - 2017-02-27 11:07:00 
 StackTrace >> 
java.lang.NullPointerException
Quartz has started to run - 2017-02-27 11:08:00
An error Occured - 2017-02-27 11:08:00 
 StackTrace >> 
java.lang.NullPointerException
Quartz has started to run - 2017-02-27 11:09:00
An error Occured - 2017-02-27 11:09:00 
 StackTrace >> 
java.lang.NullPointerException
Quartz has started to run - 2017-02-27 11:10:00
Quartz has done normally - 2017-02-27 11:10:01
Quartz has started to run - 2017-02-27 11:11:00
Quartz has done normally - 2017-02-27 11:11:00
Quartz has started to run - 2017-02-27 11:12:00
Quartz has done normally - 2017-02-27 11:12:00
Quartz has started to run - 2017-02-27 11:13:00
Quartz has done normally - 2017-02-27 11:13:00
Quartz has started to run - 2017-02-27 11:14:00
Quartz has done normally - 2017-02-27 11:14:00
Quartz has started to run - 2017-02-27 11:15:00
Quartz has done normally - 2017-02-27 11:15:00
Quartz has started to run - 2017-02-27 11:16:01
Quartz has done normally - 2017-02-27 11:16:02
Quartz has started to run - 2017-02-27 11:17:00
Quartz has done normally - 2017-02-27 11:17:00
Quartz has started to run - 2017-02-27 11:18:00
Quartz has done normally - 2017-02-27 11:18:00
Quartz has started to run - 2017-02-27 11:20:00
Quartz has done normally - 2017-02-27 11:20:00
Quartz has started to run - 2017-02-27 11:21:00
Quartz has done normally - 2017-02-27 11:21:00
Quartz has started to run - 2017-02-27 11:22:00
Quartz has done normally - 2017-02-27 11:22:00
Quartz has started to run - 2017-02-27 11:23:00
Quartz has done normally - 2017-02-27 11:23:00
Quartz has started to run - 2017-02-27 11:24:00
Quartz has done normally - 2017-02-27 11:24:00
Quartz has started to run - 2017-02-27 11:25:00
Quartz has done normally - 2017-02-27 11:25:00
Quartz has started to run - 2017-02-27 11:26:00
Quartz has done normally - 2017-02-27 11:26:00
Quartz has started to run - 2017-02-27 11:27:00
Quartz has done normally - 2017-02-27 11:27:00
Quartz has started to run - 2017-02-27 11:28:00
Quartz has done normally - 2017-02-27 11:28:00
Quartz has started to run - 2017-02-27 11:29:00
Quartz has done normally - 2017-02-27 11:29:03
Quartz has started to run - 2017-02-27 11:30:00
Quartz has done normally - 2017-02-27 11:30:00
Quartz has started to run - 2017-02-27 11:31:01
Quartz has done normally - 2017-02-27 11:31:02
Quartz has started to run - 2017-02-27 11:32:01
Quartz has done normally - 2017-02-27 11:32:02
Quartz has started to run - 2017-02-27 11:33:00
Quartz has done normally - 2017-02-27 11:33:00
Quartz has started to run - 2017-02-27 11:34:00
Quartz has done normally - 2017-02-27 11:34:00
Quartz has started to run - 2017-02-27 11:35:00
Quartz has done normally - 2017-02-27 11:35:00
Quartz has started to run - 2017-02-27 11:36:00
Quartz has done normally - 2017-02-27 11:36:00
Quartz has started to run - 2017-02-27 11:37:00
Quartz has done normally - 2017-02-27 11:37:00
Quartz has started to run - 2017-02-27 11:38:00
Quartz has done normally - 2017-02-27 11:38:00
Quartz has started to run - 2017-02-27 11:39:00
Quartz has done normally - 2017-02-27 11:39:00
Quartz has started to run - 2017-02-27 11:40:00
Quartz has done normally - 2017-02-27 11:40:00
Quartz has started to run - 2017-02-27 11:41:00
Quartz has done normally - 2017-02-27 11:41:00
Quartz has started to run - 2017-02-27 11:42:00
Quartz has done normally - 2017-02-27 11:42:00
Quartz has started to run - 2017-02-27 11:43:00
Quartz has done normally - 2017-02-27 11:43:00
Quartz has started to run - 2017-02-27 11:44:00
Quartz has done normally - 2017-02-27 11:44:00
Quartz has started to run - 2017-02-27 11:45:00
Quartz has done normally - 2017-02-27 11:45:00
Quartz has started to run - 2017-02-27 11:46:00
Quartz has done normally - 2017-02-27 11:46:00
Quartz has started to run - 2017-02-27 11:47:00
Quartz has done normally - 2017-02-27 11:47:00
Quartz has started to run - 2017-02-27 11:48:00
Quartz has done normally - 2017-02-27 11:48:00
Quartz has started to run - 2017-02-27 11:49:00
Quartz has done normally - 2017-02-27 11:49:01
Quartz has started to run - 2017-02-27 11:50:00
Quartz has done normally - 2017-02-27 11:50:00
Quartz has started to run - 2017-02-27 11:51:00
Quartz has done normally - 2017-02-27 11:51:00
Quartz has started to run - 2017-02-27 11:52:00
Quartz has done normally - 2017-02-27 11:52:00
Quartz has started to run - 2017-02-27 11:53:00
Quartz has done normally - 2017-02-27 11:53:00
Quartz has started to run - 2017-02-27 11:54:00
Quartz has done normally - 2017-02-27 11:54:00
Quartz has started to run - 2017-02-27 11:55:00
Quartz has done normally - 2017-02-27 11:55:00
Quartz has started to run - 2017-02-27 11:56:00
Quartz has done normally - 2017-02-27 11:56:00
Quartz has started to run - 2017-02-27 11:57:00
Quartz has done normally - 2017-02-27 11:57:00
Quartz has started to run - 2017-02-27 11:58:00
Quartz has done normally - 2017-02-27 11:58:00
Quartz has started to run - 2017-02-27 11:59:00
Quartz has done normally - 2017-02-27 11:59:00
Quartz has started to run - 2017-02-27 12:00:00
Quartz has done normally - 2017-02-27 12:00:00
Quartz has started to run - 2017-02-27 12:01:00
Quartz has done normally - 2017-02-27 12:01:00
Quartz has started to run - 2017-02-27 12:02:00
Quartz has done normally - 2017-02-27 12:02:00
Quartz has started to run - 2017-02-27 12:03:00
Quartz has done normally - 2017-02-27 12:03:00
Quartz has started to run - 2017-02-27 12:04:00
Quartz has done normally - 2017-02-27 12:04:00
Quartz has started to run - 2017-02-27 12:05:00
Quartz has done normally - 2017-02-27 12:05:00
Quartz has started to run - 2017-02-27 12:06:00
Quartz has done normally - 2017-02-27 12:06:00
Quartz has started to run - 2017-02-27 12:07:00
Quartz has done normally - 2017-02-27 12:07:00
Quartz has started to run - 2017-02-27 12:08:00
Quartz has done normally - 2017-02-27 12:08:00
Quartz has started to run - 2017-02-27 12:09:00
Quartz has done normally - 2017-02-27 12:09:00
Quartz has started to run - 2017-02-27 12:10:00
Quartz has done normally - 2017-02-27 12:10:00
Quartz has started to run - 2017-02-27 12:11:00
Quartz has done normally - 2017-02-27 12:11:00
Quartz has started to run - 2017-02-27 12:12:00
Quartz has done normally - 2017-02-27 12:12:00
Quartz has started to run - 2017-02-27 12:13:00
Quartz has done normally - 2017-02-27 12:13:00
Quartz has started to run - 2017-02-27 12:14:00
Quartz has done normally - 2017-02-27 12:14:00
Quartz has started to run - 2017-02-27 12:15:00
Quartz has done normally - 2017-02-27 12:15:00
Quartz has started to run - 2017-02-27 12:16:00
Quartz has done normally - 2017-02-27 12:16:00
Quartz has started to run - 2017-02-27 12:17:00
Quartz has done normally - 2017-02-27 12:17:00
Quartz has started to run - 2017-02-27 12:18:00
Quartz has done normally - 2017-02-27 12:18:00
Quartz has started to run - 2017-02-27 12:19:00
Quartz has done normally - 2017-02-27 12:19:00
Quartz has started to run - 2017-02-27 12:20:00
Quartz has done normally - 2017-02-27 12:20:00
Quartz has started to run - 2017-02-27 12:21:00
Quartz has done normally - 2017-02-27 12:21:00
Quartz has started to run - 2017-02-27 12:22:00
Quartz has done normally - 2017-02-27 12:22:00
Quartz has started to run - 2017-02-27 12:23:00
Quartz has done normally - 2017-02-27 12:23:00
Quartz has started to run - 2017-02-27 12:24:00
Quartz has done normally - 2017-02-27 12:24:00
Quartz has started to run - 2017-02-27 12:25:00
Quartz has done normally - 2017-02-27 12:25:00
Quartz has started to run - 2017-02-27 12:26:00
Quartz has done normally - 2017-02-27 12:26:00
Quartz has started to run - 2017-02-27 12:27:00
Quartz has done normally - 2017-02-27 12:27:00
Quartz has started to run - 2017-02-27 12:28:00
Quartz has done normally - 2017-02-27 12:28:00
Quartz has started to run - 2017-02-27 12:29:00
Quartz has done normally - 2017-02-27 12:29:00
Quartz has started to run - 2017-02-27 12:30:00
Quartz has done normally - 2017-02-27 12:30:00
Quartz has started to run - 2017-02-27 12:31:00
Quartz has done normally - 2017-02-27 12:31:00
Quartz has started to run - 2017-02-27 12:32:00
Quartz has done normally - 2017-02-27 12:32:00
Quartz has started to run - 2017-02-27 12:33:00
Quartz has done normally - 2017-02-27 12:33:00
Quartz has started to run - 2017-02-27 12:34:00
Quartz has done normally - 2017-02-27 12:34:00
Quartz has started to run - 2017-02-27 12:35:00
Quartz has done normally - 2017-02-27 12:35:00
Quartz has started to run - 2017-02-27 12:36:00
Quartz has done normally - 2017-02-27 12:36:00
Quartz has started to run - 2017-02-27 12:37:00
Quartz has done normally - 2017-02-27 12:37:00
Quartz has started to run - 2017-02-27 12:38:00
Quartz has done normally - 2017-02-27 12:38:00
Quartz has started to run - 2017-02-27 12:39:00
Quartz has done normally - 2017-02-27 12:39:00
Quartz has started to run - 2017-02-27 12:40:00
Quartz has done normally - 2017-02-27 12:40:00
Quartz has started to run - 2017-02-27 12:41:00
Quartz has done normally - 2017-02-27 12:41:00
Quartz has started to run - 2017-02-27 12:42:00
Quartz has done normally - 2017-02-27 12:42:00
Quartz has started to run - 2017-02-27 12:43:00
Quartz has started to run - 2017-02-27 12:44:00
Quartz has done normally - 2017-02-27 12:44:01
Quartz has started to run - 2017-02-27 12:45:00
Quartz has done normally - 2017-02-27 12:45:00
Quartz has started to run - 2017-02-27 12:46:00
Quartz has done normally - 2017-02-27 12:46:00
Quartz has started to run - 2017-02-27 12:47:00
Quartz has done normally - 2017-02-27 12:47:00
Quartz has started to run - 2017-02-27 12:48:00
Quartz has done normally - 2017-02-27 12:48:00
Quartz has started to run - 2017-02-27 12:49:00
Quartz has done normally - 2017-02-27 12:49:00
Quartz has started to run - 2017-02-27 12:50:00
Quartz has done normally - 2017-02-27 12:50:01
Quartz has started to run - 2017-02-27 12:51:00
Quartz has done normally - 2017-02-27 12:51:01
Quartz has started to run - 2017-02-27 12:52:00
Quartz has done normally - 2017-02-27 12:52:00
Quartz has started to run - 2017-02-27 12:53:00
Quartz has done normally - 2017-02-27 12:53:00
Quartz has started to run - 2017-02-27 12:54:00
Quartz has done normally - 2017-02-27 12:54:00
Quartz has started to run - 2017-02-27 12:55:00
Quartz has done normally - 2017-02-27 12:55:00
Quartz has started to run - 2017-02-27 12:56:00
Quartz has done normally - 2017-02-27 12:56:00
Quartz has started to run - 2017-02-27 12:57:00
Quartz has done normally - 2017-02-27 12:57:00
Quartz has started to run - 2017-02-27 12:58:00
Quartz has done normally - 2017-02-27 12:58:00
Quartz has started to run - 2017-02-27 12:59:00
Quartz has done normally - 2017-02-27 12:59:00
Quartz has started to run - 2017-02-27 13:00:00
Quartz has done normally - 2017-02-27 13:00:01
Quartz has started to run - 2017-02-27 13:01:00
Quartz has done normally - 2017-02-27 13:01:00
Quartz has started to run - 2017-02-27 13:02:00
Quartz has done normally - 2017-02-27 13:02:00
Quartz has started to run - 2017-02-27 13:03:00
Quartz has done normally - 2017-02-27 13:03:00
Quartz has started to run - 2017-02-27 13:04:00
Quartz has done normally - 2017-02-27 13:04:00
Quartz has started to run - 2017-02-27 13:05:00
Quartz has done normally - 2017-02-27 13:05:00
Quartz has started to run - 2017-02-27 13:06:00
Quartz has done normally - 2017-02-27 13:06:00
Quartz has started to run - 2017-02-27 13:07:00
Quartz has done normally - 2017-02-27 13:07:00
Quartz has started to run - 2017-02-27 13:08:00
Quartz has done normally - 2017-02-27 13:08:00
Quartz has started to run - 2017-02-27 13:09:00
Quartz has done normally - 2017-02-27 13:09:00
Quartz has started to run - 2017-02-27 13:10:00
Quartz has done normally - 2017-02-27 13:10:00
Quartz has started to run - 2017-02-27 13:11:00
Quartz has done normally - 2017-02-27 13:11:00
Quartz has started to run - 2017-02-27 13:12:00
Quartz has done normally - 2017-02-27 13:12:00
Quartz has started to run - 2017-02-27 13:13:00
Quartz has done normally - 2017-02-27 13:13:01
Quartz has started to run - 2017-02-27 13:14:00
Quartz has done normally - 2017-02-27 13:14:02
Quartz has started to run - 2017-02-27 13:15:00
Quartz has done normally - 2017-02-27 13:15:01
Quartz has started to run - 2017-02-27 13:16:00
Quartz has done normally - 2017-02-27 13:16:01
Quartz has started to run - 2017-02-27 13:17:00
Quartz has done normally - 2017-02-27 13:17:01
Quartz has started to run - 2017-02-27 13:18:00
Quartz has done normally - 2017-02-27 13:18:01
Quartz has started to run - 2017-02-27 13:19:00
Quartz has done normally - 2017-02-27 13:19:01
Quartz has started to run - 2017-02-27 13:20:00
Quartz has done normally - 2017-02-27 13:20:01
Quartz has started to run - 2017-02-27 13:21:00
Quartz has done normally - 2017-02-27 13:21:01
Quartz has started to run - 2017-02-27 13:22:00
Quartz has done normally - 2017-02-27 13:22:01
Quartz has started to run - 2017-02-27 13:23:00
Quartz has done normally - 2017-02-27 13:23:01
Quartz has started to run - 2017-02-27 13:24:00
Quartz has done normally - 2017-02-27 13:24:01
Quartz has started to run - 2017-02-27 13:25:00
Quartz has done normally - 2017-02-27 13:25:01
Quartz has started to run - 2017-02-27 13:26:00
Quartz has done normally - 2017-02-27 13:26:01
Quartz has started to run - 2017-02-27 13:27:00
Quartz has done normally - 2017-02-27 13:27:01
Quartz has started to run - 2017-02-27 13:28:00
Quartz has done normally - 2017-02-27 13:28:01
Quartz has started to run - 2017-02-27 13:29:00
Quartz has done normally - 2017-02-27 13:29:01
Quartz has started to run - 2017-02-27 13:30:00
Quartz has done normally - 2017-02-27 13:30:01
Quartz has started to run - 2017-02-27 13:31:00
Quartz has done normally - 2017-02-27 13:31:02
Quartz has started to run - 2017-02-27 13:32:00
Quartz has done normally - 2017-02-27 13:32:01
Quartz has started to run - 2017-02-27 13:33:00
Quartz has done normally - 2017-02-27 13:33:01
Quartz has started to run - 2017-02-27 13:34:00
Quartz has done normally - 2017-02-27 13:34:01
Quartz has started to run - 2017-02-27 13:35:00
Quartz has done normally - 2017-02-27 13:35:01
Quartz has started to run - 2017-02-27 13:36:00
Quartz has done normally - 2017-02-27 13:36:01
Quartz has started to run - 2017-02-27 13:37:00
Quartz has done normally - 2017-02-27 13:37:02
Quartz has started to run - 2017-02-27 13:38:00
Quartz has done normally - 2017-02-27 13:38:02
Quartz has started to run - 2017-02-27 13:39:00
Quartz has done normally - 2017-02-27 13:39:02
Quartz has started to run - 2017-02-27 13:40:00
Quartz has done normally - 2017-02-27 13:40:02
Quartz has started to run - 2017-02-27 13:45:01
Quartz has done normally - 2017-02-27 13:45:02
Quartz has started to run - 2017-02-27 13:46:00
Quartz has done normally - 2017-02-27 13:46:00
Quartz has started to run - 2017-02-27 13:47:00
Quartz has done normally - 2017-02-27 13:47:00
Quartz has started to run - 2017-02-27 13:48:00
Quartz has done normally - 2017-02-27 13:48:00
Quartz has started to run - 2017-02-27 13:49:00
Quartz has done normally - 2017-02-27 13:49:00
Quartz has started to run - 2017-02-27 13:50:00
Quartz has done normally - 2017-02-27 13:50:01
Quartz has started to run - 2017-02-27 13:51:00
Quartz has done normally - 2017-02-27 13:51:02
Quartz has started to run - 2017-02-27 13:52:00
Quartz has done normally - 2017-02-27 13:52:02
Quartz has started to run - 2017-02-27 13:53:00
Quartz has done normally - 2017-02-27 13:53:02
Quartz has started to run - 2017-02-27 13:54:00
An error Occured - 2017-02-27 13:54:01 
 StackTrace >> 
org.springframework.dao.DuplicateKeyException: 
### Error updating database.  Cause: com.mysql.jdbc.exceptions.jdbc4.MySQLIntegrityConstraintViolationException: Duplicate entry '5-22' for key 'PRIMARY'
### The error may involve defaultParameterMap
### The error occurred while setting parameters
### SQL: INSERT INTO tblChatMember(device_f, room_f, regDate) VALUES(?, ?, NOW());
### Cause: com.mysql.jdbc.exceptions.jdbc4.MySQLIntegrityConstraintViolationException: Duplicate entry '5-22' for key 'PRIMARY'
; SQL []; Duplicate entry '5-22' for key 'PRIMARY'; nested exception is com.mysql.jdbc.exceptions.jdbc4.MySQLIntegrityConstraintViolationException: Duplicate entry '5-22' for key 'PRIMARY'
Quartz has started to run - 2017-02-27 13:55:00
An error Occured - 2017-02-27 13:55:00 
 StackTrace >> 
org.springframework.dao.DuplicateKeyException: 
### Error updating database.  Cause: com.mysql.jdbc.exceptions.jdbc4.MySQLIntegrityConstraintViolationException: Duplicate entry '5-22' for key 'PRIMARY'
### The error may involve defaultParameterMap
### The error occurred while setting parameters
### SQL: INSERT INTO tblChatMember(device_f, room_f, regDate) VALUES(?, ?, NOW());
### Cause: com.mysql.jdbc.exceptions.jdbc4.MySQLIntegrityConstraintViolationException: Duplicate entry '5-22' for key 'PRIMARY'
; SQL []; Duplicate entry '5-22' for key 'PRIMARY'; nested exception is com.mysql.jdbc.exceptions.jdbc4.MySQLIntegrityConstraintViolationException: Duplicate entry '5-22' for key 'PRIMARY'
Quartz has started to run - 2017-02-27 13:56:00
An error Occured - 2017-02-27 13:56:00 
 StackTrace >> 
org.springframework.dao.DuplicateKeyException: 
### Error updating database.  Cause: com.mysql.jdbc.exceptions.jdbc4.MySQLIntegrityConstraintViolationException: Duplicate entry '5-22' for key 'PRIMARY'
### The error may involve defaultParameterMap
### The error occurred while setting parameters
### SQL: INSERT INTO tblChatMember(device_f, room_f, regDate) VALUES(?, ?, NOW());
### Cause: com.mysql.jdbc.exceptions.jdbc4.MySQLIntegrityConstraintViolationException: Duplicate entry '5-22' for key 'PRIMARY'
; SQL []; Duplicate entry '5-22' for key 'PRIMARY'; nested exception is com.mysql.jdbc.exceptions.jdbc4.MySQLIntegrityConstraintViolationException: Duplicate entry '5-22' for key 'PRIMARY'
Quartz has started to run - 2017-02-27 13:57:00
An error Occured - 2017-02-27 13:57:00 
 StackTrace >> 
org.springframework.dao.DuplicateKeyException: 
### Error updating database.  Cause: com.mysql.jdbc.exceptions.jdbc4.MySQLIntegrityConstraintViolationException: Duplicate entry '5-22' for key 'PRIMARY'
### The error may involve defaultParameterMap
### The error occurred while setting parameters
### SQL: INSERT INTO tblChatMember(device_f, room_f, regDate) VALUES(?, ?, NOW());
### Cause: com.mysql.jdbc.exceptions.jdbc4.MySQLIntegrityConstraintViolationException: Duplicate entry '5-22' for key 'PRIMARY'
; SQL []; Duplicate entry '5-22' for key 'PRIMARY'; nested exception is com.mysql.jdbc.exceptions.jdbc4.MySQLIntegrityConstraintViolationException: Duplicate entry '5-22' for key 'PRIMARY'
Quartz has started to run - 2017-02-27 13:58:00
An error Occured - 2017-02-27 13:58:00 
 StackTrace >> 
org.springframework.dao.DuplicateKeyException: 
### Error updating database.  Cause: com.mysql.jdbc.exceptions.jdbc4.MySQLIntegrityConstraintViolationException: Duplicate entry '5-22' for key 'PRIMARY'
### The error may involve defaultParameterMap
### The error occurred while setting parameters
### SQL: INSERT INTO tblChatMember(device_f, room_f, regDate) VALUES(?, ?, NOW());
### Cause: com.mysql.jdbc.exceptions.jdbc4.MySQLIntegrityConstraintViolationException: Duplicate entry '5-22' for key 'PRIMARY'
; SQL []; Duplicate entry '5-22' for key 'PRIMARY'; nested exception is com.mysql.jdbc.exceptions.jdbc4.MySQLIntegrityConstraintViolationException: Duplicate entry '5-22' for key 'PRIMARY'
Quartz has started to run - 2017-02-27 13:59:00
An error Occured - 2017-02-27 13:59:00 
 StackTrace >> 
org.springframework.dao.DuplicateKeyException: 
### Error updating database.  Cause: com.mysql.jdbc.exceptions.jdbc4.MySQLIntegrityConstraintViolationException: Duplicate entry '5-22' for key 'PRIMARY'
### The error may involve defaultParameterMap
### The error occurred while setting parameters
### SQL: INSERT INTO tblChatMember(device_f, room_f, regDate) VALUES(?, ?, NOW());
### Cause: com.mysql.jdbc.exceptions.jdbc4.MySQLIntegrityConstraintViolationException: Duplicate entry '5-22' for key 'PRIMARY'
; SQL []; Duplicate entry '5-22' for key 'PRIMARY'; nested exception is com.mysql.jdbc.exceptions.jdbc4.MySQLIntegrityConstraintViolationException: Duplicate entry '5-22' for key 'PRIMARY'
Quartz has started to run - 2017-02-27 14:00:00
Quartz has done normally - 2017-02-27 14:00:08
Quartz has started to run - 2017-02-27 14:01:00
Quartz has done normally - 2017-02-27 14:01:08
Quartz has started to run - 2017-02-27 14:02:00
Quartz has done normally - 2017-02-27 14:02:08
Quartz has started to run - 2017-02-27 14:03:00
Quartz has done normally - 2017-02-27 14:03:07
Quartz has started to run - 2017-02-27 14:04:00
Quartz has done normally - 2017-02-27 14:04:07
Quartz has started to run - 2017-02-27 14:05:00
Quartz has done normally - 2017-02-27 14:05:09
Quartz has started to run - 2017-02-27 14:06:00
Quartz has done normally - 2017-02-27 14:06:08
Quartz has started to run - 2017-02-27 14:07:00
Quartz has done normally - 2017-02-27 14:07:13
Quartz has started to run - 2017-02-27 14:08:00
Quartz has done normally - 2017-02-27 14:08:18
Quartz has started to run - 2017-02-27 14:09:00
Quartz has done normally - 2017-02-27 14:09:14
Quartz has started to run - 2017-02-27 14:10:00
Quartz has done normally - 2017-02-27 14:10:29
Quartz has started to run - 2017-02-27 14:11:00
Quartz has done normally - 2017-02-27 14:11:07
Quartz has started to run - 2017-02-27 14:12:00
Quartz has done normally - 2017-02-27 14:12:07
Quartz has started to run - 2017-02-27 14:13:00
Quartz has done normally - 2017-02-27 14:13:07
Quartz has started to run - 2017-02-27 14:14:00
Quartz has done normally - 2017-02-27 14:14:07
Quartz has started to run - 2017-02-27 14:15:00
Quartz has done normally - 2017-02-27 14:15:06
Quartz has started to run - 2017-02-27 14:16:00
Quartz has done normally - 2017-02-27 14:16:07
Quartz has started to run - 2017-02-27 14:17:00
Quartz has started to run - 2017-02-27 14:18:00
Quartz has done normally - 2017-02-27 14:18:08
Quartz has started to run - 2017-02-27 14:19:00
Quartz has done normally - 2017-02-27 14:19:07
Quartz has started to run - 2017-02-27 14:20:00
Quartz has done normally - 2017-02-27 14:20:07
Quartz has started to run - 2017-02-27 14:21:00
Quartz has done normally - 2017-02-27 14:21:08
Quartz has started to run - 2017-02-27 14:22:00
Quartz has done normally - 2017-02-27 14:22:07
Quartz has started to run - 2017-02-27 14:23:00
Quartz has done normally - 2017-02-27 14:23:07
Quartz has started to run - 2017-02-27 14:24:00
Quartz has done normally - 2017-02-27 14:24:08
Quartz has started to run - 2017-02-27 14:25:00
Quartz has done normally - 2017-02-27 14:25:07
Quartz has started to run - 2017-02-27 14:26:00
Quartz has done normally - 2017-02-27 14:26:07
Quartz has started to run - 2017-02-27 14:27:00
Quartz has done normally - 2017-02-27 14:27:07
Quartz has started to run - 2017-02-27 14:28:00
Quartz has done normally - 2017-02-27 14:28:07
Quartz has started to run - 2017-02-27 14:29:00
Quartz has done normally - 2017-02-27 14:29:07
Quartz has started to run - 2017-02-27 14:32:00
Quartz has done normally - 2017-02-27 14:32:00
Quartz has started to run - 2017-02-27 14:33:00
Quartz has done normally - 2017-02-27 14:33:00
Quartz has started to run - 2017-02-27 14:34:00
Quartz has done normally - 2017-02-27 14:34:00
Quartz has started to run - 2017-02-27 14:35:00
Quartz has done normally - 2017-02-27 14:35:00
Quartz has started to run - 2017-02-27 14:36:00
Quartz has done normally - 2017-02-27 14:36:00
Quartz has started to run - 2017-02-27 14:37:00
Quartz has done normally - 2017-02-27 14:37:00
Quartz has started to run - 2017-02-27 14:38:00
Quartz has done normally - 2017-02-27 14:38:00
Quartz has started to run - 2017-02-27 14:39:00
Quartz has done normally - 2017-02-27 14:39:00
Quartz has started to run - 2017-02-27 14:40:00
Quartz has done normally - 2017-02-27 14:40:00
Quartz has started to run - 2017-02-27 14:41:00
Quartz has done normally - 2017-02-27 14:41:00
Quartz has started to run - 2017-02-27 14:42:00
Quartz has done normally - 2017-02-27 14:42:00
Quartz has started to run - 2017-02-27 14:43:00
Quartz has done normally - 2017-02-27 14:43:00
Quartz has started to run - 2017-02-27 14:44:00
Quartz has done normally - 2017-02-27 14:44:00
Quartz has started to run - 2017-02-27 14:45:00
Quartz has done normally - 2017-02-27 14:45:00
Quartz has started to run - 2017-02-27 14:46:00
Quartz has done normally - 2017-02-27 14:46:00
Quartz has started to run - 2017-02-27 14:47:00
Quartz has done normally - 2017-02-27 14:47:00
Quartz has started to run - 2017-02-27 14:48:00
Quartz has done normally - 2017-02-27 14:48:00
Quartz has started to run - 2017-02-27 14:49:00
Quartz has done normally - 2017-02-27 14:49:00
Quartz has started to run - 2017-02-27 14:50:00
Quartz has done normally - 2017-02-27 14:50:00
Quartz has started to run - 2017-02-27 14:51:00
Quartz has done normally - 2017-02-27 14:51:00
Quartz has started to run - 2017-02-27 14:52:00
Quartz has done normally - 2017-02-27 14:52:00
Quartz has started to run - 2017-02-27 14:53:00
Quartz has done normally - 2017-02-27 14:53:00
Quartz has started to run - 2017-02-27 14:54:00
Quartz has done normally - 2017-02-27 14:54:00
Quartz has started to run - 2017-02-27 14:55:00
Quartz has done normally - 2017-02-27 14:55:00
Quartz has started to run - 2017-02-27 14:56:00
Quartz has done normally - 2017-02-27 14:56:00
Quartz has started to run - 2017-02-27 14:57:00
Quartz has done normally - 2017-02-27 14:57:00
Quartz has started to run - 2017-02-27 14:58:00
Quartz has done normally - 2017-02-27 14:58:00
Quartz has started to run - 2017-02-27 14:59:00
Quartz has done normally - 2017-02-27 14:59:00
Quartz has started to run - 2017-02-27 15:00:00
Quartz has done normally - 2017-02-27 15:00:00
Quartz has started to run - 2017-02-27 15:01:00
Quartz has done normally - 2017-02-27 15:01:00
Quartz has started to run - 2017-02-27 15:02:00
Quartz has done normally - 2017-02-27 15:02:00
Quartz has started to run - 2017-02-27 15:03:00
Quartz has done normally - 2017-02-27 15:03:00
Quartz has started to run - 2017-02-27 15:04:00
Quartz has done normally - 2017-02-27 15:04:00
Quartz has started to run - 2017-02-27 15:05:00
Quartz has done normally - 2017-02-27 15:05:00
Quartz has started to run - 2017-02-27 15:06:00
Quartz has done normally - 2017-02-27 15:06:00
Quartz has started to run - 2017-02-27 15:07:00
Quartz has done normally - 2017-02-27 15:07:00
Quartz has started to run - 2017-02-27 15:08:00
Quartz has done normally - 2017-02-27 15:08:00
Quartz has started to run - 2017-02-27 15:09:00
Quartz has done normally - 2017-02-27 15:09:00
Quartz has started to run - 2017-02-27 15:10:00
Quartz has done normally - 2017-02-27 15:10:00
Quartz has started to run - 2017-02-27 15:11:00
Quartz has done normally - 2017-02-27 15:11:00
Quartz has started to run - 2017-02-27 15:12:00
Quartz has done normally - 2017-02-27 15:12:00
Quartz has started to run - 2017-02-27 15:13:00
Quartz has done normally - 2017-02-27 15:13:00
Quartz has started to run - 2017-02-27 15:14:00
Quartz has done normally - 2017-02-27 15:14:00
Quartz has started to run - 2017-02-27 15:15:00
Quartz has done normally - 2017-02-27 15:15:04
Quartz has started to run - 2017-02-27 15:16:00
Quartz has done normally - 2017-02-27 15:16:03
Quartz has started to run - 2017-02-27 15:17:00
Quartz has done normally - 2017-02-27 15:17:03
Quartz has started to run - 2017-02-27 15:18:00
Quartz has done normally - 2017-02-27 15:18:04
Quartz has started to run - 2017-02-27 15:19:00
Quartz has done normally - 2017-02-27 15:19:03
Quartz has started to run - 2017-02-27 15:20:00
Quartz has done normally - 2017-02-27 15:20:05
Quartz has started to run - 2017-02-27 15:21:00
Quartz has done normally - 2017-02-27 15:21:05
Quartz has started to run - 2017-02-27 15:22:00
Quartz has done normally - 2017-02-27 15:22:05
Quartz has started to run - 2017-02-27 15:23:00
Quartz has done normally - 2017-02-27 15:23:00
Quartz has started to run - 2017-02-27 15:24:00
Quartz has done normally - 2017-02-27 15:24:06
Quartz has started to run - 2017-02-27 15:25:01
Quartz has done normally - 2017-02-27 15:25:01
Quartz has started to run - 2017-02-27 15:26:00
Quartz has done normally - 2017-02-27 15:26:00
Quartz has started to run - 2017-02-27 15:28:00
Quartz has done normally - 2017-02-27 15:28:06
Quartz has started to run - 2017-02-27 15:29:00
Quartz has done normally - 2017-02-27 15:29:05
Quartz has started to run - 2017-02-27 15:30:00
Quartz has done normally - 2017-02-27 15:30:06
Quartz has started to run - 2017-02-27 15:31:00
Quartz has done normally - 2017-02-27 15:31:06
Quartz has started to run - 2017-02-27 15:32:00
Quartz has done normally - 2017-02-27 15:32:05
Quartz has started to run - 2017-02-27 15:33:00
Quartz has done normally - 2017-02-27 15:33:05
Quartz has started to run - 2017-02-27 15:34:00
Quartz has done normally - 2017-02-27 15:34:05
Quartz has started to run - 2017-02-27 15:35:00
Quartz has done normally - 2017-02-27 15:35:05
Quartz has started to run - 2017-02-27 15:36:00
Quartz has done normally - 2017-02-27 15:36:06
Quartz has started to run - 2017-02-27 15:37:00
Quartz has done normally - 2017-02-27 15:37:05
Quartz has started to run - 2017-02-27 15:38:00
Quartz has started to run - 2017-02-27 15:39:00
Quartz has started to run - 2017-02-27 15:40:00
Quartz has done normally - 2017-02-27 15:40:07
Quartz has started to run - 2017-02-27 15:41:00
Quartz has done normally - 2017-02-27 15:41:06
Quartz has started to run - 2017-02-27 15:42:00
Quartz has done normally - 2017-02-27 15:42:06
Quartz has started to run - 2017-02-27 15:43:00
Quartz has done normally - 2017-02-27 15:43:06
Quartz has started to run - 2017-02-27 15:44:00
Quartz has done normally - 2017-02-27 15:44:05
Quartz has started to run - 2017-02-27 15:45:00
Quartz has done normally - 2017-02-27 15:45:06
Quartz has started to run - 2017-02-27 15:46:00
Quartz has done normally - 2017-02-27 15:46:06
Quartz has started to run - 2017-02-27 15:47:00
Quartz has done normally - 2017-02-27 15:47:06
Quartz has started to run - 2017-02-27 15:48:00
Quartz has started to run - 2017-02-27 15:49:00
Quartz has done normally - 2017-02-27 15:49:08
Quartz has started to run - 2017-02-27 15:50:00
Quartz has done normally - 2017-02-27 15:50:07
Quartz has started to run - 2017-02-27 15:51:00
Quartz has done normally - 2017-02-27 15:51:08
Quartz has started to run - 2017-02-27 15:52:00
Quartz has done normally - 2017-02-27 15:52:07
Quartz has started to run - 2017-02-27 15:53:00
Quartz has done normally - 2017-02-27 15:53:07
Quartz has started to run - 2017-02-27 15:54:00
Quartz has done normally - 2017-02-27 15:54:07
Quartz has started to run - 2017-02-27 15:55:00
Quartz has done normally - 2017-02-27 15:55:08
Quartz has started to run - 2017-02-27 15:57:00
Quartz has done normally - 2017-02-27 15:57:10
Quartz has started to run - 2017-02-27 15:58:00
Quartz has done normally - 2017-02-27 15:58:08
Quartz has started to run - 2017-02-27 15:59:00
Quartz has started to run - 2017-02-27 16:00:00
Quartz has done normally - 2017-02-27 16:00:10
Quartz has started to run - 2017-02-27 16:01:00
Quartz has done normally - 2017-02-27 16:01:09
Quartz has started to run - 2017-02-27 16:02:00
Quartz has done normally - 2017-02-27 16:02:11
Quartz has started to run - 2017-02-27 16:03:00
Quartz has started to run - 2017-02-27 16:04:00
Quartz has done normally - 2017-02-27 16:04:14
Quartz has started to run - 2017-02-27 16:05:00
Quartz has done normally - 2017-02-27 16:05:08
Quartz has started to run - 2017-02-27 16:06:00
Quartz has done normally - 2017-02-27 16:06:08
Quartz has started to run - 2017-02-27 16:07:00
Quartz has done normally - 2017-02-27 16:07:17
Quartz has started to run - 2017-02-27 16:09:00
Quartz has done normally - 2017-02-27 16:09:13
Quartz has started to run - 2017-02-27 16:10:00
Quartz has done normally - 2017-02-27 16:10:12
Quartz has started to run - 2017-02-27 16:11:00
Quartz has done normally - 2017-02-27 16:11:12
Quartz has started to run - 2017-02-27 16:12:00
Quartz has done normally - 2017-02-27 16:12:12
Quartz has started to run - 2017-02-27 16:13:00
Quartz has done normally - 2017-02-27 16:13:12
Quartz has started to run - 2017-02-27 16:14:00
Quartz has done normally - 2017-02-27 16:14:11
Quartz has started to run - 2017-02-27 16:15:00
Quartz has done normally - 2017-02-27 16:15:10
Quartz has started to run - 2017-02-27 16:16:00
Quartz has done normally - 2017-02-27 16:16:11
Quartz has started to run - 2017-02-27 16:17:00
Quartz has done normally - 2017-02-27 16:17:11
Quartz has started to run - 2017-02-27 16:18:00
Quartz has done normally - 2017-02-27 16:18:10
Quartz has started to run - 2017-02-27 16:19:00
Quartz has done normally - 2017-02-27 16:19:12
Quartz has started to run - 2017-02-27 16:20:00
Quartz has done normally - 2017-02-27 16:20:11
Quartz has started to run - 2017-02-27 16:21:00
Quartz has done normally - 2017-02-27 16:21:11
Quartz has started to run - 2017-02-27 16:22:00
Quartz has done normally - 2017-02-27 16:22:12
Quartz has started to run - 2017-02-27 16:23:00
Quartz has done normally - 2017-02-27 16:23:12
Quartz has started to run - 2017-02-27 16:24:00
Quartz has done normally - 2017-02-27 16:24:12
Quartz has started to run - 2017-02-27 16:25:00
Quartz has done normally - 2017-02-27 16:25:12
Quartz has started to run - 2017-02-27 16:26:00
Quartz has done normally - 2017-02-27 16:26:12
Quartz has started to run - 2017-02-27 16:27:00
Quartz has done normally - 2017-02-27 16:27:12
Quartz has started to run - 2017-02-27 16:28:00
Quartz has done normally - 2017-02-27 16:28:12
Quartz has started to run - 2017-02-27 16:29:00
Quartz has done normally - 2017-02-27 16:29:12
Quartz has started to run - 2017-02-27 16:30:00
Quartz has done normally - 2017-02-27 16:30:12
Quartz has started to run - 2017-02-27 16:31:00
Quartz has done normally - 2017-02-27 16:31:12
Quartz has started to run - 2017-02-27 16:32:00
Quartz has done normally - 2017-02-27 16:32:12
Quartz has started to run - 2017-02-27 16:33:00
Quartz has done normally - 2017-02-27 16:33:12
Quartz has started to run - 2017-02-27 16:34:00
Quartz has done normally - 2017-02-27 16:34:12
Quartz has started to run - 2017-02-27 16:35:00
Quartz has done normally - 2017-02-27 16:35:12
Quartz has started to run - 2017-02-27 16:36:00
Quartz has done normally - 2017-02-27 16:36:11
Quartz has started to run - 2017-02-27 16:37:00
Quartz has done normally - 2017-02-27 16:37:11
Quartz has started to run - 2017-02-27 16:38:00
Quartz has done normally - 2017-02-27 16:38:11
Quartz has started to run - 2017-02-27 16:39:00
Quartz has done normally - 2017-02-27 16:39:12
Quartz has started to run - 2017-02-27 16:40:00
Quartz has done normally - 2017-02-27 16:40:11
Quartz has started to run - 2017-02-27 16:41:00
Quartz has done normally - 2017-02-27 16:41:12
Quartz has started to run - 2017-02-27 16:42:00
Quartz has done normally - 2017-02-27 16:42:11
Quartz has started to run - 2017-02-27 16:43:00
Quartz has done normally - 2017-02-27 16:43:11
Quartz has started to run - 2017-02-27 16:44:00
Quartz has done normally - 2017-02-27 16:44:12
Quartz has started to run - 2017-02-27 16:45:00
Quartz has done normally - 2017-02-27 16:45:12
Quartz has started to run - 2017-02-27 16:46:00
Quartz has done normally - 2017-02-27 16:46:12
Quartz has started to run - 2017-02-27 16:47:00
Quartz has done normally - 2017-02-27 16:47:11
Quartz has started to run - 2017-02-27 16:48:00
Quartz has done normally - 2017-02-27 16:48:11
Quartz has started to run - 2017-02-27 16:49:00
Quartz has done normally - 2017-02-27 16:49:12
Quartz has started to run - 2017-02-27 16:50:00
Quartz has done normally - 2017-02-27 16:50:19
Quartz has started to run - 2017-02-27 16:51:00
Quartz has done normally - 2017-02-27 16:51:11
Quartz has started to run - 2017-02-27 16:52:00
Quartz has done normally - 2017-02-27 16:52:12
Quartz has started to run - 2017-02-27 16:53:00
Quartz has done normally - 2017-02-27 16:53:12
Quartz has started to run - 2017-02-27 16:54:00
Quartz has done normally - 2017-02-27 16:54:12
Quartz has started to run - 2017-02-27 16:55:00
Quartz has done normally - 2017-02-27 16:55:12
Quartz has started to run - 2017-02-27 16:56:00
Quartz has done normally - 2017-02-27 16:56:12
Quartz has started to run - 2017-02-27 16:57:00
Quartz has done normally - 2017-02-27 16:57:12
Quartz has started to run - 2017-02-27 16:58:00
Quartz has done normally - 2017-02-27 16:58:12
Quartz has started to run - 2017-02-27 16:59:00
Quartz has done normally - 2017-02-27 16:59:12
Quartz has started to run - 2017-02-27 17:00:00
Quartz has done normally - 2017-02-27 17:00:12
Quartz has started to run - 2017-02-27 17:01:00
Quartz has done normally - 2017-02-27 17:01:12
Quartz has started to run - 2017-02-27 17:02:00
Quartz has done normally - 2017-02-27 17:02:12
Quartz has started to run - 2017-02-27 17:03:00
Quartz has done normally - 2017-02-27 17:03:12
Quartz has started to run - 2017-02-27 17:04:00
Quartz has done normally - 2017-02-27 17:04:12
Quartz has started to run - 2017-02-27 17:05:00
Quartz has done normally - 2017-02-27 17:05:12
Quartz has started to run - 2017-02-27 17:06:00
Quartz has done normally - 2017-02-27 17:06:12
Quartz has started to run - 2017-02-27 17:07:00
Quartz has done normally - 2017-02-27 17:07:12
Quartz has started to run - 2017-02-27 17:08:00
Quartz has done normally - 2017-02-27 17:08:12
Quartz has started to run - 2017-02-27 17:09:00
Quartz has done normally - 2017-02-27 17:09:12
Quartz has started to run - 2017-02-27 17:10:00
Quartz has done normally - 2017-02-27 17:10:12
Quartz has started to run - 2017-02-27 17:11:00
Quartz has done normally - 2017-02-27 17:11:13
Quartz has started to run - 2017-02-27 17:12:00
Quartz has done normally - 2017-02-27 17:12:14
Quartz has started to run - 2017-02-27 17:13:00
Quartz has done normally - 2017-02-27 17:13:13
Quartz has started to run - 2017-02-27 17:14:00
Quartz has done normally - 2017-02-27 17:14:13
Quartz has started to run - 2017-02-27 17:15:00
Quartz has done normally - 2017-02-27 17:15:12
Quartz has started to run - 2017-02-27 17:16:00
Quartz has done normally - 2017-02-27 17:16:13
Quartz has started to run - 2017-02-27 17:17:00
Quartz has done normally - 2017-02-27 17:17:13
Quartz has started to run - 2017-02-27 17:18:00
Quartz has done normally - 2017-02-27 17:18:13
Quartz has started to run - 2017-02-27 17:19:00
Quartz has done normally - 2017-02-27 17:19:12
Quartz has started to run - 2017-02-27 17:20:00
Quartz has done normally - 2017-02-27 17:20:13
Quartz has started to run - 2017-02-27 17:21:00
Quartz has done normally - 2017-02-27 17:21:12
Quartz has started to run - 2017-02-27 17:22:00
Quartz has done normally - 2017-02-27 17:22:13
Quartz has started to run - 2017-02-27 17:23:00
Quartz has done normally - 2017-02-27 17:23:13
Quartz has started to run - 2017-02-27 17:24:00
Quartz has done normally - 2017-02-27 17:24:13
Quartz has started to run - 2017-02-27 17:25:00
Quartz has done normally - 2017-02-27 17:25:13
Quartz has started to run - 2017-02-27 17:26:00
Quartz has done normally - 2017-02-27 17:26:14
Quartz has started to run - 2017-02-27 17:27:00
Quartz has done normally - 2017-02-27 17:27:13
Quartz has started to run - 2017-02-27 17:28:00
Quartz has done normally - 2017-02-27 17:28:27
Quartz has started to run - 2017-02-27 17:29:00
Quartz has started to run - 2017-02-27 17:30:00
Quartz has done normally - 2017-02-27 17:30:02
Quartz has started to run - 2017-02-27 17:32:00
Quartz has done normally - 2017-02-27 17:32:23
Quartz has started to run - 2017-02-27 17:33:00
Quartz has done normally - 2017-02-27 17:33:19
Quartz has started to run - 2017-02-27 17:34:00
Quartz has done normally - 2017-02-27 17:34:19
Quartz has started to run - 2017-02-27 17:35:00
Quartz has done normally - 2017-02-27 17:35:15
Quartz has started to run - 2017-02-27 17:36:00
Quartz has done normally - 2017-02-27 17:36:15
Quartz has started to run - 2017-02-27 17:37:00
Quartz has done normally - 2017-02-27 17:37:14
Quartz has started to run - 2017-02-27 17:38:00
Quartz has done normally - 2017-02-27 17:38:14
Quartz has started to run - 2017-02-27 17:39:00
Quartz has done normally - 2017-02-27 17:39:15
Quartz has started to run - 2017-02-27 17:40:00
Quartz has done normally - 2017-02-27 17:40:14
Quartz has started to run - 2017-02-27 17:41:00
Quartz has done normally - 2017-02-27 17:41:19
Quartz has started to run - 2017-02-27 17:42:00
Quartz has done normally - 2017-02-27 17:42:16
Quartz has started to run - 2017-02-27 17:43:00
Quartz has started to run - 2017-02-27 17:44:00
Quartz has done normally - 2017-02-27 17:44:16
Quartz has started to run - 2017-02-27 17:45:00
Quartz has done normally - 2017-02-27 17:45:15
Quartz has started to run - 2017-02-27 17:46:00
Quartz has done normally - 2017-02-27 17:46:16
Quartz has started to run - 2017-02-27 17:47:00
Quartz has done normally - 2017-02-27 17:47:15
Quartz has started to run - 2017-02-27 17:48:00
Quartz has done normally - 2017-02-27 17:48:16
Quartz has started to run - 2017-02-27 17:49:00
Quartz has done normally - 2017-02-27 17:49:16
Quartz has started to run - 2017-02-27 17:50:00
Quartz has done normally - 2017-02-27 17:50:15
Quartz has started to run - 2017-02-27 17:51:00
Quartz has done normally - 2017-02-27 17:51:15
Quartz has started to run - 2017-02-27 17:52:00
Quartz has started to run - 2017-02-27 17:53:00
Quartz has done normally - 2017-02-27 17:53:15
Quartz has started to run - 2017-02-27 17:54:00
Quartz has done normally - 2017-02-27 17:54:13
Quartz has started to run - 2017-02-27 17:55:00
Quartz has done normally - 2017-02-27 17:55:13
Quartz has started to run - 2017-02-27 17:56:00
Quartz has done normally - 2017-02-27 17:56:14
Quartz has started to run - 2017-02-27 17:57:00
Quartz has done normally - 2017-02-27 17:57:13
Quartz has started to run - 2017-02-27 17:58:00
Quartz has done normally - 2017-02-27 17:58:13
Quartz has started to run - 2017-02-27 17:59:00
Quartz has done normally - 2017-02-27 17:59:15
Quartz has started to run - 2017-02-27 18:00:00
Quartz has done normally - 2017-02-27 18:00:13
Quartz has started to run - 2017-02-27 18:01:00
Quartz has done normally - 2017-02-27 18:01:12
Quartz has started to run - 2017-02-27 18:02:00
Quartz has done normally - 2017-02-27 18:02:14
Quartz has started to run - 2017-02-27 18:03:00
Quartz has done normally - 2017-02-27 18:03:14
Quartz has started to run - 2017-02-27 18:04:00
Quartz has done normally - 2017-02-27 18:04:14
Quartz has started to run - 2017-02-27 18:05:00
Quartz has done normally - 2017-02-27 18:05:19
Quartz has started to run - 2017-02-27 18:06:00
Quartz has done normally - 2017-02-27 18:06:14
Quartz has started to run - 2017-02-27 18:07:00
Quartz has done normally - 2017-02-27 18:07:14
Quartz has started to run - 2017-02-27 18:08:00
Quartz has done normally - 2017-02-27 18:08:14
Quartz has started to run - 2017-02-27 18:09:00
Quartz has done normally - 2017-02-27 18:09:13
Quartz has started to run - 2017-02-27 18:10:00
Quartz has done normally - 2017-02-27 18:10:13
Quartz has started to run - 2017-02-27 18:11:00
Quartz has done normally - 2017-02-27 18:11:13
Quartz has started to run - 2017-02-27 18:12:00
Quartz has done normally - 2017-02-27 18:12:14
Quartz has started to run - 2017-02-27 18:13:00
Quartz has done normally - 2017-02-27 18:13:14
Quartz has started to run - 2017-02-27 18:14:00
Quartz has done normally - 2017-02-27 18:14:15
Quartz has started to run - 2017-02-27 18:15:00
Quartz has done normally - 2017-02-27 18:15:17
Quartz has started to run - 2017-02-27 18:16:00
Quartz has done normally - 2017-02-27 18:16:16
Quartz has started to run - 2017-02-27 18:17:00
Quartz has done normally - 2017-02-27 18:17:16
Quartz has started to run - 2017-02-27 18:18:00
Quartz has done normally - 2017-02-27 18:18:15
Quartz has started to run - 2017-02-27 18:19:00
Quartz has done normally - 2017-02-27 18:19:15
Quartz has started to run - 2017-02-27 18:20:00
Quartz has done normally - 2017-02-27 18:20:15
Quartz has started to run - 2017-02-27 18:21:00
Quartz has done normally - 2017-02-27 18:21:17
Quartz has started to run - 2017-02-27 18:22:00
Quartz has done normally - 2017-02-27 18:22:16
Quartz has started to run - 2017-02-27 18:23:00
Quartz has done normally - 2017-02-27 18:23:16
Quartz has started to run - 2017-02-27 18:24:00
Quartz has done normally - 2017-02-27 18:24:15
Quartz has started to run - 2017-02-27 18:25:00
Quartz has done normally - 2017-02-27 18:25:15
Quartz has started to run - 2017-02-27 18:26:00
Quartz has done normally - 2017-02-27 18:26:15
Quartz has started to run - 2017-02-27 18:27:00
Quartz has done normally - 2017-02-27 18:27:15
Quartz has started to run - 2017-02-27 18:28:00
Quartz has done normally - 2017-02-27 18:28:15
Quartz has started to run - 2017-02-27 18:29:00
Quartz has done normally - 2017-02-27 18:29:14
Quartz has started to run - 2017-02-27 18:30:00
Quartz has done normally - 2017-02-27 18:30:15
Quartz has started to run - 2017-02-27 18:31:00
Quartz has done normally - 2017-02-27 18:31:15
Quartz has started to run - 2017-02-27 18:32:00
Quartz has done normally - 2017-02-27 18:32:14
Quartz has started to run - 2017-02-27 18:33:00
Quartz has done normally - 2017-02-27 18:33:15
Quartz has started to run - 2017-02-27 18:34:00
Quartz has done normally - 2017-02-27 18:34:15
Quartz has started to run - 2017-02-27 18:35:00
Quartz has done normally - 2017-02-27 18:35:15
Quartz has started to run - 2017-02-27 18:36:00
Quartz has done normally - 2017-02-27 18:36:16
Quartz has started to run - 2017-02-27 18:37:00
Quartz has done normally - 2017-02-27 18:37:15
Quartz has started to run - 2017-02-27 18:38:00
Quartz has done normally - 2017-02-27 18:38:15
Quartz has started to run - 2017-02-27 18:39:00
Quartz has done normally - 2017-02-27 18:39:14
Quartz has started to run - 2017-02-27 18:40:00
Quartz has done normally - 2017-02-27 18:40:14
Quartz has started to run - 2017-02-27 18:41:00
Quartz has done normally - 2017-02-27 18:41:14
Quartz has started to run - 2017-02-27 18:42:00
Quartz has done normally - 2017-02-27 18:42:14
Quartz has started to run - 2017-02-27 18:43:00
Quartz has done normally - 2017-02-27 18:43:14
Quartz has started to run - 2017-02-27 18:44:00
Quartz has done normally - 2017-02-27 18:44:14
Quartz has started to run - 2017-02-27 18:45:00
Quartz has done normally - 2017-02-27 18:45:13
Quartz has started to run - 2017-02-27 18:46:00
Quartz has done normally - 2017-02-27 18:46:14
Quartz has started to run - 2017-02-27 18:47:00
Quartz has done normally - 2017-02-27 18:47:14
Quartz has started to run - 2017-02-27 18:48:00
Quartz has done normally - 2017-02-27 18:48:14
Quartz has started to run - 2017-02-27 18:49:00
Quartz has done normally - 2017-02-27 18:49:14
Quartz has started to run - 2017-02-27 18:50:00
Quartz has done normally - 2017-02-27 18:50:13
Quartz has started to run - 2017-02-27 18:51:00
Quartz has done normally - 2017-02-27 18:51:14
Quartz has started to run - 2017-02-27 18:52:00
Quartz has done normally - 2017-02-27 18:52:14
Quartz has started to run - 2017-02-27 18:53:00
Quartz has done normally - 2017-02-27 18:53:14
Quartz has started to run - 2017-02-27 18:54:00
Quartz has done normally - 2017-02-27 18:54:14
Quartz has started to run - 2017-02-27 18:55:00
Quartz has done normally - 2017-02-27 18:55:13
Quartz has started to run - 2017-02-27 18:56:00
Quartz has done normally - 2017-02-27 18:56:13
Quartz has started to run - 2017-02-27 18:57:00
Quartz has done normally - 2017-02-27 18:57:14
Quartz has started to run - 2017-02-27 18:58:00
Quartz has done normally - 2017-02-27 18:58:16
Quartz has started to run - 2017-02-27 18:59:00
Quartz has done normally - 2017-02-27 18:59:16
Quartz has started to run - 2017-02-27 19:00:00
Quartz has done normally - 2017-02-27 19:00:15
Quartz has started to run - 2017-02-27 19:01:00
Quartz has done normally - 2017-02-27 19:01:15
Quartz has started to run - 2017-02-27 19:02:00
Quartz has done normally - 2017-02-27 19:02:16
Quartz has started to run - 2017-02-27 19:03:00
Quartz has done normally - 2017-02-27 19:03:16
Quartz has started to run - 2017-02-27 19:04:00
Quartz has done normally - 2017-02-27 19:04:16
Quartz has started to run - 2017-02-27 19:05:00
Quartz has done normally - 2017-02-27 19:05:16
Quartz has started to run - 2017-02-27 19:06:00
Quartz has done normally - 2017-02-27 19:06:16
Quartz has started to run - 2017-02-27 19:07:00
Quartz has done normally - 2017-02-27 19:07:15
Quartz has started to run - 2017-02-27 19:08:00
Quartz has done normally - 2017-02-27 19:08:14
Quartz has started to run - 2017-02-27 19:09:00
Quartz has done normally - 2017-02-27 19:09:14
Quartz has started to run - 2017-02-27 19:10:00
Quartz has done normally - 2017-02-27 19:10:14
Quartz has started to run - 2017-02-27 19:11:00
Quartz has done normally - 2017-02-27 19:11:14
Quartz has started to run - 2017-02-27 19:12:00
Quartz has done normally - 2017-02-27 19:12:14
Quartz has started to run - 2017-02-27 19:13:00
Quartz has done normally - 2017-02-27 19:13:14
Quartz has started to run - 2017-02-27 19:14:00
Quartz has done normally - 2017-02-27 19:14:15
Quartz has started to run - 2017-02-27 19:15:00
Quartz has done normally - 2017-02-27 19:15:15
Quartz has started to run - 2017-02-27 19:16:00
Quartz has done normally - 2017-02-27 19:16:16
Quartz has started to run - 2017-02-27 19:17:00
Quartz has done normally - 2017-02-27 19:17:16
Quartz has started to run - 2017-02-27 19:18:00
Quartz has done normally - 2017-02-27 19:18:15
Quartz has started to run - 2017-02-27 19:19:00
Quartz has done normally - 2017-02-27 19:19:16
Quartz has started to run - 2017-02-27 19:20:00
Quartz has done normally - 2017-02-27 19:20:15
Quartz has started to run - 2017-02-27 19:21:00
Quartz has done normally - 2017-02-27 19:21:15
Quartz has started to run - 2017-02-27 19:22:00
Quartz has done normally - 2017-02-27 19:22:16
Quartz has started to run - 2017-02-27 19:23:00
Quartz has done normally - 2017-02-27 19:23:16
Quartz has started to run - 2017-02-27 19:24:00
Quartz has done normally - 2017-02-27 19:24:16
Quartz has started to run - 2017-02-27 19:25:00
Quartz has done normally - 2017-02-27 19:25:16
Quartz has started to run - 2017-02-27 19:26:00
Quartz has done normally - 2017-02-27 19:26:16
Quartz has started to run - 2017-02-27 19:27:00
Quartz has done normally - 2017-02-27 19:27:16
Quartz has started to run - 2017-02-27 19:28:00
Quartz has done normally - 2017-02-27 19:28:16
Quartz has started to run - 2017-02-27 19:29:00
Quartz has done normally - 2017-02-27 19:29:15
Quartz has started to run - 2017-02-27 19:30:00
Quartz has done normally - 2017-02-27 19:30:15
Quartz has started to run - 2017-02-27 19:31:00
Quartz has done normally - 2017-02-27 19:31:15
Quartz has started to run - 2017-02-27 19:32:00
Quartz has done normally - 2017-02-27 19:32:15
Quartz has started to run - 2017-02-27 19:33:00
Quartz has done normally - 2017-02-27 19:33:15
Quartz has started to run - 2017-02-27 19:34:00
Quartz has done normally - 2017-02-27 19:34:15
Quartz has started to run - 2017-02-27 19:35:00
Quartz has done normally - 2017-02-27 19:35:14
Quartz has started to run - 2017-02-27 19:36:08
Quartz has done normally - 2017-02-27 19:36:24
Quartz has started to run - 2017-02-27 19:37:00
Quartz has done normally - 2017-02-27 19:37:16
Quartz has started to run - 2017-02-27 19:38:00
Quartz has done normally - 2017-02-27 19:38:15
Quartz has started to run - 2017-02-27 19:39:00
Quartz has done normally - 2017-02-27 19:39:16
Quartz has started to run - 2017-02-27 19:40:00
Quartz has done normally - 2017-02-27 19:40:16
Quartz has started to run - 2017-02-27 19:41:00
Quartz has done normally - 2017-02-27 19:41:17
Quartz has started to run - 2017-02-27 19:42:00
Quartz has done normally - 2017-02-27 19:42:17
Quartz has started to run - 2017-02-27 19:43:00
Quartz has done normally - 2017-02-27 19:43:16
Quartz has started to run - 2017-02-27 19:44:00
Quartz has done normally - 2017-02-27 19:44:15
Quartz has started to run - 2017-02-27 19:45:00
Quartz has done normally - 2017-02-27 19:45:15
Quartz has started to run - 2017-02-27 19:46:00
Quartz has done normally - 2017-02-27 19:46:15
Quartz has started to run - 2017-02-27 19:47:00
Quartz has done normally - 2017-02-27 19:47:16
Quartz has started to run - 2017-02-27 19:48:00
Quartz has done normally - 2017-02-27 19:48:16
Quartz has started to run - 2017-02-27 19:49:00
Quartz has done normally - 2017-02-27 19:49:16
Quartz has started to run - 2017-02-27 19:50:00
Quartz has done normally - 2017-02-27 19:50:15
Quartz has started to run - 2017-02-27 19:51:00
Quartz has done normally - 2017-02-27 19:51:15
Quartz has started to run - 2017-02-27 19:52:00
Quartz has done normally - 2017-02-27 19:52:16
Quartz has started to run - 2017-02-27 19:53:00
Quartz has done normally - 2017-02-27 19:53:16
Quartz has started to run - 2017-02-27 19:54:00
Quartz has done normally - 2017-02-27 19:54:16
Quartz has started to run - 2017-02-27 19:55:00
Quartz has done normally - 2017-02-27 19:55:15
Quartz has started to run - 2017-02-27 19:56:00
Quartz has done normally - 2017-02-27 19:56:17
Quartz has started to run - 2017-02-27 19:57:00
Quartz has done normally - 2017-02-27 19:57:17
Quartz has started to run - 2017-02-27 19:58:00
Quartz has done normally - 2017-02-27 19:58:17
Quartz has started to run - 2017-02-27 19:59:00
Quartz has done normally - 2017-02-27 19:59:17
Quartz has started to run - 2017-02-27 20:00:00
Quartz has done normally - 2017-02-27 20:00:16
Quartz has started to run - 2017-02-27 20:01:00
Quartz has done normally - 2017-02-27 20:01:15
Quartz has started to run - 2017-02-27 20:02:00
Quartz has done normally - 2017-02-27 20:02:16
Quartz has started to run - 2017-02-27 20:03:00
Quartz has done normally - 2017-02-27 20:03:16
Quartz has started to run - 2017-02-27 20:04:00
Quartz has done normally - 2017-02-27 20:04:15
Quartz has started to run - 2017-02-27 20:05:00
Quartz has done normally - 2017-02-27 20:05:14
Quartz has started to run - 2017-02-27 20:06:00
Quartz has done normally - 2017-02-27 20:06:14
Quartz has started to run - 2017-02-27 20:07:00
Quartz has done normally - 2017-02-27 20:07:15
Quartz has started to run - 2017-02-27 20:08:00
Quartz has done normally - 2017-02-27 20:08:15
Quartz has started to run - 2017-02-27 20:09:00
Quartz has done normally - 2017-02-27 20:09:15
Quartz has started to run - 2017-02-27 20:10:00
Quartz has done normally - 2017-02-27 20:10:16
Quartz has started to run - 2017-02-27 20:11:00
Quartz has done normally - 2017-02-27 20:11:17
Quartz has started to run - 2017-02-27 20:12:00
Quartz has done normally - 2017-02-27 20:12:18
Quartz has started to run - 2017-02-27 20:13:00
Quartz has done normally - 2017-02-27 20:13:17
Quartz has started to run - 2017-02-27 20:14:00
Quartz has done normally - 2017-02-27 20:14:16
Quartz has started to run - 2017-02-27 20:15:00
Quartz has done normally - 2017-02-27 20:15:17
Quartz has started to run - 2017-02-27 20:16:00
Quartz has done normally - 2017-02-27 20:16:17
Quartz has started to run - 2017-02-27 20:17:00
Quartz has done normally - 2017-02-27 20:17:17
Quartz has started to run - 2017-02-27 20:18:00
Quartz has done normally - 2017-02-27 20:18:17
Quartz has started to run - 2017-02-27 20:19:00
Quartz has done normally - 2017-02-27 20:19:16
Quartz has started to run - 2017-02-27 20:20:00
Quartz has done normally - 2017-02-27 20:20:16
Quartz has started to run - 2017-02-27 20:21:00
Quartz has done normally - 2017-02-27 20:21:17
Quartz has started to run - 2017-02-27 20:22:00
Quartz has done normally - 2017-02-27 20:22:17
Quartz has started to run - 2017-02-27 20:23:00
Quartz has done normally - 2017-02-27 20:23:16
Quartz has started to run - 2017-02-27 20:24:00
Quartz has done normally - 2017-02-27 20:24:16
Quartz has started to run - 2017-02-27 20:25:00
Quartz has done normally - 2017-02-27 20:25:16
Quartz has started to run - 2017-02-27 20:26:00
Quartz has done normally - 2017-02-27 20:26:16
Quartz has started to run - 2017-02-27 20:27:00
Quartz has done normally - 2017-02-27 20:27:16
Quartz has started to run - 2017-02-27 20:28:00
Quartz has done normally - 2017-02-27 20:28:16
Quartz has started to run - 2017-02-27 20:29:00
Quartz has done normally - 2017-02-27 20:29:16
Quartz has started to run - 2017-02-27 20:30:00
Quartz has done normally - 2017-02-27 20:30:16
Quartz has started to run - 2017-02-27 20:31:00
Quartz has done normally - 2017-02-27 20:31:16
Quartz has started to run - 2017-02-27 20:32:00
Quartz has done normally - 2017-02-27 20:32:17
Quartz has started to run - 2017-02-27 20:33:00
Quartz has done normally - 2017-02-27 20:33:16
Quartz has started to run - 2017-02-27 20:34:00
Quartz has done normally - 2017-02-27 20:34:17
Quartz has started to run - 2017-02-27 20:35:00
Quartz has done normally - 2017-02-27 20:35:17
Quartz has started to run - 2017-02-27 20:36:00
Quartz has done normally - 2017-02-27 20:36:17
Quartz has started to run - 2017-02-27 20:37:00
Quartz has done normally - 2017-02-27 20:37:16
Quartz has started to run - 2017-02-27 20:38:00
Quartz has done normally - 2017-02-27 20:38:17
Quartz has started to run - 2017-02-27 20:39:00
Quartz has done normally - 2017-02-27 20:39:17
Quartz has started to run - 2017-02-27 20:40:00
Quartz has done normally - 2017-02-27 20:40:17
Quartz has started to run - 2017-02-27 20:41:00
Quartz has done normally - 2017-02-27 20:41:17
Quartz has started to run - 2017-02-27 20:42:00
Quartz has done normally - 2017-02-27 20:42:17
Quartz has started to run - 2017-02-27 20:43:00
Quartz has done normally - 2017-02-27 20:43:17
Quartz has started to run - 2017-02-27 20:44:00
Quartz has done normally - 2017-02-27 20:44:17
Quartz has started to run - 2017-02-27 20:45:00
Quartz has done normally - 2017-02-27 20:45:17
Quartz has started to run - 2017-02-27 20:46:00
Quartz has done normally - 2017-02-27 20:46:17
Quartz has started to run - 2017-02-27 20:47:00
Quartz has done normally - 2017-02-27 20:47:16
Quartz has started to run - 2017-02-27 20:48:00
Quartz has done normally - 2017-02-27 20:48:16
Quartz has started to run - 2017-02-27 20:49:00
Quartz has done normally - 2017-02-27 20:49:16
Quartz has started to run - 2017-02-27 20:50:00
Quartz has done normally - 2017-02-27 20:50:17
Quartz has started to run - 2017-02-27 20:51:00
Quartz has done normally - 2017-02-27 20:51:15
Quartz has started to run - 2017-02-27 20:52:00
Quartz has done normally - 2017-02-27 20:52:16
Quartz has started to run - 2017-02-27 20:53:00
Quartz has done normally - 2017-02-27 20:53:16
Quartz has started to run - 2017-02-27 20:54:00
Quartz has done normally - 2017-02-27 20:54:15
Quartz has started to run - 2017-02-27 20:55:00
Quartz has done normally - 2017-02-27 20:55:15
Quartz has started to run - 2017-02-27 20:56:00
Quartz has done normally - 2017-02-27 20:56:15
Quartz has started to run - 2017-02-27 20:57:00
Quartz has done normally - 2017-02-27 20:57:15
Quartz has started to run - 2017-02-27 20:58:00
Quartz has done normally - 2017-02-27 20:58:16
Quartz has started to run - 2017-02-27 20:59:00
Quartz has done normally - 2017-02-27 20:59:16
Quartz has started to run - 2017-02-27 21:00:00
Quartz has done normally - 2017-02-27 21:00:16
Quartz has started to run - 2017-02-27 21:01:00
Quartz has done normally - 2017-02-27 21:01:16
Quartz has started to run - 2017-02-27 21:02:00
Quartz has done normally - 2017-02-27 21:02:17
Quartz has started to run - 2017-02-27 21:03:00
Quartz has done normally - 2017-02-27 21:03:17
Quartz has started to run - 2017-02-27 21:04:00
Quartz has done normally - 2017-02-27 21:04:15
Quartz has started to run - 2017-02-27 21:05:00
Quartz has done normally - 2017-02-27 21:05:14
Quartz has started to run - 2017-02-27 21:06:00
Quartz has done normally - 2017-02-27 21:06:15
Quartz has started to run - 2017-02-27 21:07:00
Quartz has done normally - 2017-02-27 21:07:15
Quartz has started to run - 2017-02-27 21:08:00
Quartz has done normally - 2017-02-27 21:08:15
Quartz has started to run - 2017-02-27 21:09:00
Quartz has done normally - 2017-02-27 21:09:15
Quartz has started to run - 2017-02-27 21:10:00
Quartz has done normally - 2017-02-27 21:10:15
Quartz has started to run - 2017-02-27 21:11:00
Quartz has done normally - 2017-02-27 21:11:15
Quartz has started to run - 2017-02-27 21:12:00
Quartz has done normally - 2017-02-27 21:12:16
Quartz has started to run - 2017-02-27 21:13:00
Quartz has done normally - 2017-02-27 21:13:16
Quartz has started to run - 2017-02-27 21:14:00
Quartz has done normally - 2017-02-27 21:14:18
Quartz has started to run - 2017-02-27 21:15:00
Quartz has done normally - 2017-02-27 21:15:16
Quartz has started to run - 2017-02-27 21:16:00
Quartz has done normally - 2017-02-27 21:16:17
Quartz has started to run - 2017-02-27 21:17:00
Quartz has done normally - 2017-02-27 21:17:17
Quartz has started to run - 2017-02-27 21:18:00
Quartz has done normally - 2017-02-27 21:18:17
Quartz has started to run - 2017-02-27 21:19:00
Quartz has done normally - 2017-02-27 21:19:16
Quartz has started to run - 2017-02-27 21:20:00
Quartz has done normally - 2017-02-27 21:20:16
Quartz has started to run - 2017-02-27 21:21:00
Quartz has done normally - 2017-02-27 21:21:16
Quartz has started to run - 2017-02-27 21:22:00
Quartz has done normally - 2017-02-27 21:22:17
Quartz has started to run - 2017-02-27 21:23:00
Quartz has done normally - 2017-02-27 21:23:17
Quartz has started to run - 2017-02-27 21:24:00
Quartz has done normally - 2017-02-27 21:24:16
Quartz has started to run - 2017-02-27 21:25:00
Quartz has done normally - 2017-02-27 21:25:16
Quartz has started to run - 2017-02-27 21:26:00
Quartz has done normally - 2017-02-27 21:26:16
Quartz has started to run - 2017-02-27 21:27:00
Quartz has done normally - 2017-02-27 21:27:16
Quartz has started to run - 2017-02-27 21:28:00
Quartz has done normally - 2017-02-27 21:28:16
Quartz has started to run - 2017-02-27 21:29:00
Quartz has done normally - 2017-02-27 21:29:16
Quartz has started to run - 2017-02-27 21:30:00
Quartz has done normally - 2017-02-27 21:30:15
Quartz has started to run - 2017-02-27 21:31:00
Quartz has done normally - 2017-02-27 21:31:16
Quartz has started to run - 2017-02-27 21:32:00
Quartz has done normally - 2017-02-27 21:32:16
Quartz has started to run - 2017-02-27 21:33:00
Quartz has done normally - 2017-02-27 21:33:15
Quartz has started to run - 2017-02-27 21:34:00
Quartz has done normally - 2017-02-27 21:34:17
Quartz has started to run - 2017-02-27 21:35:00
Quartz has done normally - 2017-02-27 21:35:17
Quartz has started to run - 2017-02-27 21:36:00
Quartz has done normally - 2017-02-27 21:36:17
Quartz has started to run - 2017-02-27 21:37:00
Quartz has done normally - 2017-02-27 21:37:17
Quartz has started to run - 2017-02-27 21:38:00
Quartz has done normally - 2017-02-27 21:38:17
Quartz has started to run - 2017-02-27 21:39:00
Quartz has done normally - 2017-02-27 21:39:17
Quartz has started to run - 2017-02-27 21:40:00
Quartz has done normally - 2017-02-27 21:40:17
Quartz has started to run - 2017-02-27 21:41:00
Quartz has done normally - 2017-02-27 21:41:17
Quartz has started to run - 2017-02-27 21:42:00
Quartz has done normally - 2017-02-27 21:42:17
Quartz has started to run - 2017-02-27 21:43:00
Quartz has done normally - 2017-02-27 21:43:17
Quartz has started to run - 2017-02-27 21:44:00
Quartz has done normally - 2017-02-27 21:44:16
Quartz has started to run - 2017-02-27 21:45:00
Quartz has done normally - 2017-02-27 21:45:16
Quartz has started to run - 2017-02-27 21:46:00
Quartz has done normally - 2017-02-27 21:46:16
Quartz has started to run - 2017-02-27 21:47:00
Quartz has done normally - 2017-02-27 21:47:17
Quartz has started to run - 2017-02-27 21:48:00
Quartz has done normally - 2017-02-27 21:48:17
Quartz has started to run - 2017-02-27 21:49:00
Quartz has done normally - 2017-02-27 21:49:16
Quartz has started to run - 2017-02-27 21:50:00
Quartz has done normally - 2017-02-27 21:50:16
Quartz has started to run - 2017-02-27 21:51:00
Quartz has done normally - 2017-02-27 21:51:16
Quartz has started to run - 2017-02-27 21:52:00
Quartz has done normally - 2017-02-27 21:52:17
Quartz has started to run - 2017-02-27 21:53:00
Quartz has done normally - 2017-02-27 21:53:16
Quartz has started to run - 2017-02-27 21:54:00
Quartz has done normally - 2017-02-27 21:54:15
Quartz has started to run - 2017-02-27 21:55:00
Quartz has done normally - 2017-02-27 21:55:14
Quartz has started to run - 2017-02-27 21:56:00
Quartz has done normally - 2017-02-27 21:56:15
Quartz has started to run - 2017-02-27 21:57:00
Quartz has done normally - 2017-02-27 21:57:15
Quartz has started to run - 2017-02-27 21:58:00
Quartz has done normally - 2017-02-27 21:58:14
Quartz has started to run - 2017-02-27 21:59:00
Quartz has done normally - 2017-02-27 21:59:15
Quartz has started to run - 2017-02-27 22:00:00
Quartz has done normally - 2017-02-27 22:00:14
Quartz has started to run - 2017-02-27 22:01:00
Quartz has done normally - 2017-02-27 22:01:14
Quartz has started to run - 2017-02-27 22:02:00
Quartz has done normally - 2017-02-27 22:02:15
Quartz has started to run - 2017-02-27 22:03:00
Quartz has done normally - 2017-02-27 22:03:14
Quartz has started to run - 2017-02-27 22:04:00
Quartz has done normally - 2017-02-27 22:04:14
Quartz has started to run - 2017-02-27 22:05:00
Quartz has done normally - 2017-02-27 22:05:15
Quartz has started to run - 2017-02-27 22:06:00
Quartz has done normally - 2017-02-27 22:06:14
Quartz has started to run - 2017-02-27 22:07:00
Quartz has done normally - 2017-02-27 22:07:14
Quartz has started to run - 2017-02-27 22:08:00
Quartz has done normally - 2017-02-27 22:08:16
Quartz has started to run - 2017-02-27 22:09:00
Quartz has done normally - 2017-02-27 22:09:16
Quartz has started to run - 2017-02-27 22:10:00
Quartz has done normally - 2017-02-27 22:10:17
Quartz has started to run - 2017-02-27 22:11:00
Quartz has done normally - 2017-02-27 22:11:17
Quartz has started to run - 2017-02-27 22:12:00
Quartz has done normally - 2017-02-27 22:12:17
Quartz has started to run - 2017-02-27 22:13:00
Quartz has done normally - 2017-02-27 22:13:17
Quartz has started to run - 2017-02-27 22:14:00
Quartz has done normally - 2017-02-27 22:14:14
Quartz has started to run - 2017-02-27 22:15:00
Quartz has done normally - 2017-02-27 22:15:14
Quartz has started to run - 2017-02-27 22:16:00
Quartz has done normally - 2017-02-27 22:16:14
Quartz has started to run - 2017-02-27 22:17:00
Quartz has done normally - 2017-02-27 22:17:15
Quartz has started to run - 2017-02-27 22:18:00
Quartz has done normally - 2017-02-27 22:18:14
Quartz has started to run - 2017-02-27 22:19:00
Quartz has done normally - 2017-02-27 22:19:14
Quartz has started to run - 2017-02-27 22:20:00
Quartz has done normally - 2017-02-27 22:20:14
Quartz has started to run - 2017-02-27 22:21:00
Quartz has done normally - 2017-02-27 22:21:14
Quartz has started to run - 2017-02-27 22:22:00
Quartz has done normally - 2017-02-27 22:22:15
Quartz has started to run - 2017-02-27 22:23:00
Quartz has done normally - 2017-02-27 22:23:14
Quartz has started to run - 2017-02-27 22:24:00
Quartz has done normally - 2017-02-27 22:24:15
Quartz has started to run - 2017-02-27 22:25:00
Quartz has done normally - 2017-02-27 22:25:15
Quartz has started to run - 2017-02-27 22:26:00
Quartz has done normally - 2017-02-27 22:26:14
Quartz has started to run - 2017-02-27 22:27:00
Quartz has done normally - 2017-02-27 22:27:15
Quartz has started to run - 2017-02-27 22:28:00
Quartz has done normally - 2017-02-27 22:28:15
Quartz has started to run - 2017-02-27 22:29:00
Quartz has done normally - 2017-02-27 22:29:14
Quartz has started to run - 2017-02-27 22:30:00
Quartz has done normally - 2017-02-27 22:30:14
Quartz has started to run - 2017-02-27 22:31:00
Quartz has done normally - 2017-02-27 22:31:15
Quartz has started to run - 2017-02-27 22:32:00
Quartz has done normally - 2017-02-27 22:32:15
Quartz has started to run - 2017-02-27 22:33:00
Quartz has done normally - 2017-02-27 22:33:14
Quartz has started to run - 2017-02-27 22:34:00
Quartz has done normally - 2017-02-27 22:34:15
Quartz has started to run - 2017-02-27 22:35:00
Quartz has done normally - 2017-02-27 22:35:16
Quartz has started to run - 2017-02-27 22:36:00
Quartz has done normally - 2017-02-27 22:36:16
Quartz has started to run - 2017-02-27 22:37:00
Quartz has done normally - 2017-02-27 22:37:17
Quartz has started to run - 2017-02-27 22:38:00
Quartz has done normally - 2017-02-27 22:38:16
Quartz has started to run - 2017-02-27 22:39:00
Quartz has done normally - 2017-02-27 22:39:16
Quartz has started to run - 2017-02-27 22:40:00
Quartz has done normally - 2017-02-27 22:40:15
Quartz has started to run - 2017-02-27 22:41:00
Quartz has done normally - 2017-02-27 22:41:16
Quartz has started to run - 2017-02-27 22:42:00
Quartz has done normally - 2017-02-27 22:42:16
Quartz has started to run - 2017-02-27 22:43:00
Quartz has done normally - 2017-02-27 22:43:16
Quartz has started to run - 2017-02-27 22:44:00
Quartz has done normally - 2017-02-27 22:44:14
Quartz has started to run - 2017-02-27 22:45:00
Quartz has done normally - 2017-02-27 22:45:14
Quartz has started to run - 2017-02-27 22:46:00
Quartz has done normally - 2017-02-27 22:46:14
Quartz has started to run - 2017-02-27 22:47:00
Quartz has done normally - 2017-02-27 22:47:15
Quartz has started to run - 2017-02-27 22:48:00
Quartz has done normally - 2017-02-27 22:48:15
Quartz has started to run - 2017-02-27 22:49:00
Quartz has done normally - 2017-02-27 22:49:15
Quartz has started to run - 2017-02-27 22:50:00
Quartz has done normally - 2017-02-27 22:50:15
Quartz has started to run - 2017-02-27 22:51:00
Quartz has done normally - 2017-02-27 22:51:14
Quartz has started to run - 2017-02-27 22:52:00
Quartz has done normally - 2017-02-27 22:52:15
Quartz has started to run - 2017-02-27 22:53:00
Quartz has done normally - 2017-02-27 22:53:15
Quartz has started to run - 2017-02-27 22:54:00
Quartz has done normally - 2017-02-27 22:54:17
Quartz has started to run - 2017-02-27 22:55:00
Quartz has done normally - 2017-02-27 22:55:16
Quartz has started to run - 2017-02-27 22:56:00
Quartz has done normally - 2017-02-27 22:56:17
Quartz has started to run - 2017-02-27 22:57:00
Quartz has done normally - 2017-02-27 22:57:17
Quartz has started to run - 2017-02-27 22:58:00
Quartz has done normally - 2017-02-27 22:58:17
Quartz has started to run - 2017-02-27 22:59:00
Quartz has done normally - 2017-02-27 22:59:17
Quartz has started to run - 2017-02-27 23:00:00
Quartz has done normally - 2017-02-27 23:00:17
Quartz has started to run - 2017-02-27 23:01:00
Quartz has done normally - 2017-02-27 23:01:17
Quartz has started to run - 2017-02-27 23:02:00
Quartz has done normally - 2017-02-27 23:02:16
Quartz has started to run - 2017-02-27 23:03:00
Quartz has done normally - 2017-02-27 23:03:17
Quartz has started to run - 2017-02-27 23:04:00
Quartz has done normally - 2017-02-27 23:04:17
Quartz has started to run - 2017-02-27 23:05:00
Quartz has done normally - 2017-02-27 23:05:17
Quartz has started to run - 2017-02-27 23:06:00
Quartz has done normally - 2017-02-27 23:06:17
Quartz has started to run - 2017-02-27 23:07:00
Quartz has done normally - 2017-02-27 23:07:18
Quartz has started to run - 2017-02-27 23:08:00
Quartz has done normally - 2017-02-27 23:08:16
Quartz has started to run - 2017-02-27 23:09:00
Quartz has done normally - 2017-02-27 23:09:17
Quartz has started to run - 2017-02-27 23:10:00
Quartz has done normally - 2017-02-27 23:10:17
Quartz has started to run - 2017-02-27 23:11:00
Quartz has done normally - 2017-02-27 23:11:18
Quartz has started to run - 2017-02-27 23:12:00
Quartz has done normally - 2017-02-27 23:12:17
Quartz has started to run - 2017-02-27 23:13:00
Quartz has done normally - 2017-02-27 23:13:18
Quartz has started to run - 2017-02-27 23:14:00
Quartz has done normally - 2017-02-27 23:14:15
Quartz has started to run - 2017-02-27 23:15:00
Quartz has done normally - 2017-02-27 23:15:15
Quartz has started to run - 2017-02-27 23:16:00
Quartz has done normally - 2017-02-27 23:16:15
Quartz has started to run - 2017-02-27 23:17:00
Quartz has done normally - 2017-02-27 23:17:16
Quartz has started to run - 2017-02-27 23:18:00
Quartz has done normally - 2017-02-27 23:18:16
Quartz has started to run - 2017-02-27 23:19:00
Quartz has done normally - 2017-02-27 23:19:16
Quartz has started to run - 2017-02-27 23:20:00
Quartz has done normally - 2017-02-27 23:20:16
Quartz has started to run - 2017-02-27 23:21:00
Quartz has done normally - 2017-02-27 23:21:15
Quartz has started to run - 2017-02-27 23:22:00
Quartz has done normally - 2017-02-27 23:22:17
Quartz has started to run - 2017-02-27 23:23:00
Quartz has done normally - 2017-02-27 23:23:15
Quartz has started to run - 2017-02-27 23:24:00
Quartz has done normally - 2017-02-27 23:24:17
Quartz has started to run - 2017-02-27 23:25:00
Quartz has done normally - 2017-02-27 23:25:17
Quartz has started to run - 2017-02-27 23:26:00
Quartz has done normally - 2017-02-27 23:26:16
Quartz has started to run - 2017-02-27 23:27:00
Quartz has done normally - 2017-02-27 23:27:17
Quartz has started to run - 2017-02-27 23:28:00
Quartz has done normally - 2017-02-27 23:28:16
Quartz has started to run - 2017-02-27 23:29:00
Quartz has done normally - 2017-02-27 23:29:16
Quartz has started to run - 2017-02-27 23:30:00
Quartz has done normally - 2017-02-27 23:30:16
Quartz has started to run - 2017-02-27 23:31:00
Quartz has done normally - 2017-02-27 23:31:17
Quartz has started to run - 2017-02-27 23:32:00
Quartz has done normally - 2017-02-27 23:32:17
Quartz has started to run - 2017-02-27 23:33:00
Quartz has done normally - 2017-02-27 23:33:17
Quartz has started to run - 2017-02-27 23:34:00
Quartz has done normally - 2017-02-27 23:34:15
Quartz has started to run - 2017-02-27 23:35:00
Quartz has done normally - 2017-02-27 23:35:15
Quartz has started to run - 2017-02-27 23:36:00
Quartz has done normally - 2017-02-27 23:36:15
Quartz has started to run - 2017-02-27 23:37:00
Quartz has done normally - 2017-02-27 23:37:16
Quartz has started to run - 2017-02-27 23:38:00
Quartz has done normally - 2017-02-27 23:38:15
Quartz has started to run - 2017-02-27 23:39:00
Quartz has done normally - 2017-02-27 23:39:15
Quartz has started to run - 2017-02-27 23:40:00
Quartz has done normally - 2017-02-27 23:40:15
Quartz has started to run - 2017-02-27 23:41:00
Quartz has done normally - 2017-02-27 23:41:15
Quartz has started to run - 2017-02-27 23:42:00
Quartz has done normally - 2017-02-27 23:42:15
Quartz has started to run - 2017-02-27 23:43:00
Quartz has done normally - 2017-02-27 23:43:15
Quartz has started to run - 2017-02-27 23:44:00
Quartz has done normally - 2017-02-27 23:44:17
Quartz has started to run - 2017-02-27 23:45:00