
============ 2017-04-06 11:18:43================
registrationKey: APA91bFlBWlnKxZcpRI7itb27fkycOt7-i-uN2P8eVxGCDqMZDTELGY_eurJYMAJUo67R93N1MSGkPdB9_lMH7D1wxA-jhsYsGohoESr38KjKAGXUC1PIYuSekP0B77sNRsDm6ghYjAL
userMessage: 고재현님께서 상담을 요청하셨습니다.
pushStatus: [ errorCode=NotRegistered ]
============ 2017-04-06 11:18:43================
============ 2017-04-06 11:20:34================
registrationKey: APA91bFlBWlnKxZcpRI7itb27fkycOt7-i-uN2P8eVxGCDqMZDTELGY_eurJYMAJUo67R93N1MSGkPdB9_lMH7D1wxA-jhsYsGohoESr38KjKAGXUC1PIYuSekP0B77sNRsDm6ghYjAL
userMessage: 고재현님께서 상담을 요청하셨습니다.
pushStatus: [ errorCode=NotRegistered ]
============ 2017-04-06 11:20:34================
============ 2017-04-06 11:29:13================
registrationKey: APA91bGi_nwPM9zJdK8GgzBEpdPejxkcD9x452QNE4BzS4q2d2Vu8SGLPuOlGxUYdBg6CZidyEEPdEtXCX6OgCxCajbAfsZ2BBFPm7gnohY4iPeFiRsKGZ_CsWmkA6KE0xXDTI7skcn8
userMessage: 이우주님께서 상담을 요청하셨습니다.
pushStatus: [ messageId=0:1491445753860039%83057c2c66d6cf16 ]
============ 2017-04-06 11:29:13================
============ 2017-04-06 13:00:06================
registrationKey: APA91bEG8QZNq9vREg4k_2jIHQw9q04Tm73WZmmcidWdkTIk4t8kSTVbShKY7Lv8o2WLkC23dkGODeDoGw3otUfZJC4qGj1iQaYVbyiJpvSDlvrSxgJl97cVmYXn6rkuG0nx99rB1wd3
userMessage: 오유나님께서 상담을 요청하셨습니다.
pushStatus: [ messageId=0:1491451207379995%83057c2c66d6cf16 ]
============ 2017-04-06 13:00:06================
============ 2017-04-06 13:07:07================
registrationKey: APA91bEG8QZNq9vREg4k_2jIHQw9q04Tm73WZmmcidWdkTIk4t8kSTVbShKY7Lv8o2WLkC23dkGODeDoGw3otUfZJC4qGj1iQaYVbyiJpvSDlvrSxgJl97cVmYXn6rkuG0nx99rB1wd3
userMessage: 오유나님께서 상담을 요청하셨습니다.
pushStatus: [ messageId=0:1491451628257458%83057c2c66d6cf16 ]
============ 2017-04-06 13:07:07================
============ 2017-04-06 13:07:19================
registrationKey: APA91bEG8QZNq9vREg4k_2jIHQw9q04Tm73WZmmcidWdkTIk4t8kSTVbShKY7Lv8o2WLkC23dkGODeDoGw3otUfZJC4qGj1iQaYVbyiJpvSDlvrSxgJl97cVmYXn6rkuG0nx99rB1wd3
userMessage: 오유나님께서 상담을 요청하셨습니다.
pushStatus: [ messageId=0:1491451640350864%83057c2c66d6cf16 ]
============ 2017-04-06 13:07:19================
============ 2017-04-06 13:16:00================
registrationKey: APA91bGrkjPkjhq7QHPH5O3WJJ2KZRc302Hy8SqV7qfgh9oEf_puCJEFUh8e6W70SPjauauASbXirY9Bvy0I2gW8X0dxy9Hw47OAlq18TjXCo0aDPWVyPgNemvL6wKaQwzpt-oYu5QW_
userMessage: 김대일님께서 상담을 요청하셨습니다.
pushStatus: [ messageId=0:1491452160643823%83057c2c66d6cf16 ]
============ 2017-04-06 13:16:00================
============ 2017-04-06 13:21:47================
registrationKey: APA91bEG8QZNq9vREg4k_2jIHQw9q04Tm73WZmmcidWdkTIk4t8kSTVbShKY7Lv8o2WLkC23dkGODeDoGw3otUfZJC4qGj1iQaYVbyiJpvSDlvrSxgJl97cVmYXn6rkuG0nx99rB1wd3
userMessage: 오유나님께서 상담을 요청하셨습니다.
pushStatus: [ messageId=0:1491452508335882%83057c2c66d6cf16 ]
============ 2017-04-06 13:21:47================
============ 2017-04-06 14:00:01================
registrationKey: APA91bFxz_cfvbopUfppDGuzUjuqx1GgOnWZw3S8BjH1IyyjkGX0aNoMYGqn6GL4cjU_Kc4hvMDDHW_OyqYH28HwZYsIXuK5baXYu6az8pdVPTo-HEKVbU5nni7KvG3byZ45605xpHGV
userMessage: 사이버보안 진단의 날
pushStatus: [ messageId=0:1491454802504835%83057c2c66d6cf16 ]
============ 2017-04-06 14:00:01================
============ 2017-04-06 14:00:01================
registrationKey: APA91bGAubdavbqLav6p2y-hmK5p8RMoQ4yMNhfkk_9YFdvdKMnxhhXk0S0_unEajp0Oy6y6fA7Ysvr9xR7fkoWryePJdVyoN5ol97WpLjrPcYYpjmJQdui7bA3bzG_Zto3a1LML6yCQ
userMessage: 사이버보안 진단의 날
pushStatus: [ messageId=0:1491454802505616%83057c2c66d6cf16 ]
============ 2017-04-06 14:00:01================
============ 2017-04-06 14:00:01================
registrationKey: APA91bGF1i_mIHzvzbzPK8hJgDObh--Wnt_uiAOOP7OiuUilVztA7NVNQfz0zK63CFKuGiCMDDhY0Wlak5eyRZrEg1tT4t8VtT5GsFK-kfS6Iso6bGorb5n5ccBB0tUoo4ybiXyANVcx
userMessage: 사이버보안 진단의 날
pushStatus: [ messageId=0:1491454802507023%83057c2c66d6cf16 ]
============ 2017-04-06 14:00:01================
============ 2017-04-06 14:00:01================
registrationKey: APA91bGAubdavbqLav6p2y-hmK5p8RMoQ4yMNhfkk_9YFdvdKMnxhhXk0S0_unEajp0Oy6y6fA7Ysvr9xR7fkoWryePJdVyoN5ol97WpLjrPcYYpjmJQdui7bA3bzG_Zto3a1LML6yCQ
userMessage: 사이버보안 진단의 날
pushStatus: [ messageId=0:1491454802512115%83057c2c66d6cf16 ]
============ 2017-04-06 14:00:01================
============ 2017-04-06 14:00:01================
registrationKey: APA91bGrkjPkjhq7QHPH5O3WJJ2KZRc302Hy8SqV7qfgh9oEf_puCJEFUh8e6W70SPjauauASbXirY9Bvy0I2gW8X0dxy9Hw47OAlq18TjXCo0aDPWVyPgNemvL6wKaQwzpt-oYu5QW_
userMessage: 사이버보안 진단의 날
pushStatus: [ messageId=0:1491454802506698%83057c2c66d6cf16 ]
============ 2017-04-06 14:00:01================
============ 2017-04-06 14:00:01================
registrationKey: APA91bGAubdavbqLav6p2y-hmK5p8RMoQ4yMNhfkk_9YFdvdKMnxhhXk0S0_unEajp0Oy6y6fA7Ysvr9xR7fkoWryePJdVyoN5ol97WpLjrPcYYpjmJQdui7bA3bzG_Zto3a1LML6yCQ
userMessage: 사이버보안 진단의 날
pushStatus: [ messageId=0:1491454802514493%83057c2c66d6cf16 ]
============ 2017-04-06 14:00:01================
============ 2017-04-06 14:00:01================
registrationKey: APA91bEG8QZNq9vREg4k_2jIHQw9q04Tm73WZmmcidWdkTIk4t8kSTVbShKY7Lv8o2WLkC23dkGODeDoGw3otUfZJC4qGj1iQaYVbyiJpvSDlvrSxgJl97cVmYXn6rkuG0nx99rB1wd3
userMessage: 사이버보안 진단의 날
pushStatus: [ messageId=0:1491454802511831%83057c2c66d6cf16 ]
============ 2017-04-06 14:00:01================
============ 2017-04-06 14:00:01================
registrationKey: APA91bGAubdavbqLav6p2y-hmK5p8RMoQ4yMNhfkk_9YFdvdKMnxhhXk0S0_unEajp0Oy6y6fA7Ysvr9xR7fkoWryePJdVyoN5ol97WpLjrPcYYpjmJQdui7bA3bzG_Zto3a1LML6yCQ
userMessage: 사이버보안 진단의 날
pushStatus: [ messageId=0:1491454802509984%83057c2c66d6cf16 ]
============ 2017-04-06 14:00:01================
============ 2017-04-06 14:00:01================
registrationKey: APA91bFlBWlnKxZcpRI7itb27fkycOt7-i-uN2P8eVxGCDqMZDTELGY_eurJYMAJUo67R93N1MSGkPdB9_lMH7D1wxA-jhsYsGohoESr38KjKAGXUC1PIYuSekP0B77sNRsDm6ghYjAL
userMessage: 사이버보안 진단의 날
pushStatus: [ errorCode=NotRegistered ]
============ 2017-04-06 14:00:01================
============ 2017-04-06 14:00:01================
registrationKey: APA91bGzz597EE6exKIfhLyONTwchvKkGK_E-PHnPkf54APujjYtbAMJk49dp49b5oac4DGDAycn4_dx35rfFutto-yPX5Ur4QDtTs3Jjk152YM0A2iWongZbQz7dyGJSq80GAcxpN_e
userMessage: 사이버보안 진단의 날
pushStatus: [ messageId=0:1491454802506647%83057c2c66d6cf16 ]
============ 2017-04-06 14:00:01================
============ 2017-04-06 14:00:01================
registrationKey: APA91bGAubdavbqLav6p2y-hmK5p8RMoQ4yMNhfkk_9YFdvdKMnxhhXk0S0_unEajp0Oy6y6fA7Ysvr9xR7fkoWryePJdVyoN5ol97WpLjrPcYYpjmJQdui7bA3bzG_Zto3a1LML6yCQ
userMessage: 사이버보안 진단의 날
pushStatus: [ messageId=0:1491454802523735%83057c2c66d6cf16 ]
============ 2017-04-06 14:00:01================
============ 2017-04-06 14:57:53================
registrationKey: APA91bFlBWlnKxZcpRI7itb27fkycOt7-i-uN2P8eVxGCDqMZDTELGY_eurJYMAJUo67R93N1MSGkPdB9_lMH7D1wxA-jhsYsGohoESr38KjKAGXUC1PIYuSekP0B77sNRsDm6ghYjAL
userMessage: 강태완님께서 상담을 요청하셨습니다.
pushStatus: [ errorCode=NotRegistered ]
============ 2017-04-06 14:57:53================