
Http Status : 200
body : null
Http Status : 200
body : null
Http Status : 200
body : null
Http Status : 200
body : null
Http Status : 200
body : null
Http Status : 200
body : null
Http Status : 200
body : {"rcode":1,"memuids":["test","test"],"uid":"test","rtype":"M"}
Http Status : 200
body : {"rcode":1,"memuids":["test","test"],"uid":"test","rtype":"M"}
Http Status : 200
body : {"rcode":1,"memuids":["test","test"],"uid":"test","rtype":"M"}
Http Status : 200
body : {"rcode":1,"memuids":["test","test"],"uid":"test","rtype":"M"}
Http Status : 200
body : {"rcode":1,"memuids":["test","test"],"uid":"test","rtype":"M"}
Http Status : 200
body : {"rcode":1,"memuids":["test","test"],"uid":"test","rtype":"M"}
Http Status : 200
body : {"rcode":1,"memuids":["test","test"],"uid":"test","rtype":"M"}
Http Status : 200
body : {"rcode":1,"memuids":["test","test"],"uid":"test","rtype":"M"}
Http Status : 200
body : {"rcode":1,"memuids":["test","test"],"uid":"test","rtype":"M"}
Http Status : 200
body : {"rcode":1,"memuids":["test","test"],"uid":"test","rtype":"M"}
Http Status : 200
body : {"rcode":1,"memuids":["test","test"],"uid":"test","rtype":"M"}
Http Status : 200
body : {"rcode":1,"memuids":["test","test"],"uid":"test","rtype":"M"}
Http Status : 200
body : {"rcode":1,"memuids":["test","test","==+=_SERVER_AUTO_UID_DAJEON_HIT_TALK_=+=="],"uid":"test","rtype":"M"}
Http Status : 200
body : {"rcode":1,"memuids":["test","test","==+=_SERVER_AUTO_UID_DAJEON_HIT_TALK_=+=="],"uid":"test","rtype":"M"}
Http Status : 200
body : {"rcode":1,"memuids":["test","test","==+=_SERVER_AUTO_UID_DAJEON_HIT_TALK_=+=="],"uid":"test","rtype":"M"}
Http Status : 200
body : {"rcode":1,"memuids":["test","test","==+=_SERVER_AUTO_UID_DAJEON_HIT_TALK_=+=="],"uid":"test","rtype":"M"}
Http Status : 200
body : {"rcode":1,"memuids":["test","test","==+=_SERVER_AUTO_UID_DAJEON_HIT_TALK_=+=="],"uid":"test","rtype":"M"}
Http Status : 200
body : {"rcode":1,"memuids":["test","test","==+=_SERVER_AUTO_UID_DAJEON_HIT_TALK_=+=="],"uid":"test","rtype":"M"}
Http Status : 200
body : {"rcode":1,"memuids":["test","test","==+=_SERVER_AUTO_UID_DAJEON_HIT_TALK_=+=="],"uid":"test","rtype":"M"}
Http Status : 200
body : {"rcode":1,"memuids":["test","test","==+=_SERVER_AUTO_UID_DAJEON_HIT_TALK_=+=="],"uid":"test","rtype":"M"}
Http Status : 200
body : {"rcode":1,"memuids":["test","test","==+=_SERVER_AUTO_UID_DAJEON_HIT_TALK_=+=="],"uid":"test","rtype":"M"}
Http Status : 200
body : {"rcode":1,"memuids":["test","test","==+=_SERVER_AUTO_UID_DAJEON_HIT_TALK_=+=="],"uid":"test","rtype":"M"}
Http Status : 200
body : {"rcode":1,"memuids":["test","test","==+=_SERVER_AUTO_UID_DAJEON_HIT_TALK_=+=="],"uid":"test","rtype":"M"}
Http Status : 200
body : {"rcode":1,"memuids":["test","test","==+=_SERVER_AUTO_UID_DAJEON_HIT_TALK_=+=="],"uid":"test","rtype":"M"}
Http Status : 200
body : {"rcode":1,"memuids":["test","test","==+=_SERVER_AUTO_UID_DAJEON_HIT_TALK_=+=="],"uid":"test","rtype":"M"}
Http Status : 200
body : {"rcode":1,"memuids":["test","test","==+=_SERVER_AUTO_UID_DAJEON_HIT_TALK_=+=="],"uid":"test","rtype":"M"}
Http Status : 200
body : {"rcode":1,"memuids":["test","test","==+=_SERVER_AUTO_UID_DAJEON_HIT_TALK_=+=="],"uid":"test","rtype":"M"}
Http Status : 200
body : {"rcode":1,"memuids":["test","test","==+=_SERVER_AUTO_UID_DAJEON_HIT_TALK_=+=="],"uid":"test","rtype":"M"}
Http Status : 200
body : {"rcode":1,"memuids":["test","test","==+=_SERVER_AUTO_UID_DAJEON_HIT_TALK_=+=="],"uid":"test","rtype":"M"}
Http Status : 200
body : {"rcode":1,"memuids":["test","test","==+=_SERVER_AUTO_UID_DAJEON_HIT_TALK_=+=="],"uid":"test","rtype":"M"}
Http Status : 200
body : {"rcode":1,"memuids":["test","test","==+=_SERVER_AUTO_UID_DAJEON_HIT_TALK_=+=="],"uid":"test","rtype":"M"}
Http Status : 200
body : {"rcode":1,"memuids":["test","test","==+=_SERVER_AUTO_UID_DAJEON_HIT_TALK_=+=="],"uid":"test","rtype":"M"}
Http Status : 200
body : {"rcode":1,"memuids":["test","test","==+=_SERVER_AUTO_UID_DAJEON_HIT_TALK_=+=="],"uid":"test","rtype":"M"}
Http Status : 200
body : {"rcode":1,"memuids":["test","test","==+=_SERVER_AUTO_UID_DAJEON_HIT_TALK_=+=="],"uid":"test","rtype":"M"}
Http Status : 200
body : {"rcode":1,"memuids":["test","test","==+=_SERVER_AUTO_UID_DAJEON_HIT_TALK_=+=="],"uid":"test","rtype":"M"}
Http Status : 200
body : {"rcode":1,"memuids":["tesdt","asdfada","==+=_SERVER_AUTO_UID_DAJEON_HIT_TALK_=+=="],"uid":"testa","rtype":"M"}
Http Status : 200
body : {"rcode":1,"memuids":["test","test","==+=_SERVER_AUTO_UID_DAJEON_HIT_TALK_=+=="],"uid":"test","rtype":"M"}
Http Status : 200
body : {"rcode":1,"memuids":["tesdt","asdfada"],"uid":"testa","rtype":"M"}
Http Status : 200
body : {"rcode":1,"memuids":["tesdt","asdfada"],"uid":"testa","rtype":"M"}
Http Status : 200
body : {"rcode":1,"memuids":["tesdt","asdfada"],"uid":"testa","rtype":"M"}
Http Status : 200
body : {"rcode":1,"memuids":["tesdt","asdfada"],"uid":"testa","rtype":"M"}
Http Status : 200
body : {"rcode":1,"memuids":["tesdt","asdfada"],"uid":"testa","rtype":"M"}
Http Status : 200
body : {"rcode":1,"memuids":["tesdt","asdfada"],"uid":"testa","rtype":"M"}
Http Status : 200
body : {"rcode":1,"memuids":["test","test","==+=_SERVER_AUTO_UID_DAJEON_HIT_TALK_=+=="],"uid":"test","rtype":"M"}
Http Status : 200
body : {"rcode":1,"memuids":["tesdt","asdfada","==+=_SERVER_AUTO_UID_DAJEON_HIT_TALK_=+=="],"uid":"testa","rtype":"M"}
Http Status : 200
body : {"rcode":1,"memuids":["test","test","==+=_SERVER_AUTO_UID_DAJEON_HIT_TALK_=+=="],"uid":"test","rtype":"M"}
Http Status : 200
body : {"rcode":1,"memuids":["tesdt","asdfada"],"uid":"testa","rtype":"M"}
Http Status : 200
body : {"rcode":1,"memuids":["test","test","==+=_SERVER_AUTO_UID_DAJEON_HIT_TALK_=+=="],"uid":"test","rtype":"M"}
Http Status : 200
body : {"rcode":1,"memuids":["tesdt","asdfada","==+=_SERVER_AUTO_UID_DAJEON_HIT_TALK_=+=="],"uid":"testa","rtype":"M"}
Http Status : 200
body : {"rcode":1,"memuids":["test","test","==+=_SERVER_AUTO_UID_DAJEON_HIT_TALK_=+=="],"uid":"test","rtype":"M"}
Http Status : 200
body : {"rcode":1,"memuids":["tesdt","asdfada"],"uid":"testa","rtype":"M"}
Http Status : 200
body : {"rcode":1,"memuids":["test","test","==+=_SERVER_AUTO_UID_DAJEON_HIT_TALK_=+=="],"uid":"test","rtype":"M"}
Http Status : 200
body : {"rcode":1,"memuids":["tesdt","asdfada","==+=_SERVER_AUTO_UID_DAJEON_HIT_TALK_=+=="],"uid":"testa","rtype":"M"}
Http Status : 200
body : {"rcode":1,"memuids":["test","test","==+=_SERVER_AUTO_UID_DAJEON_HIT_TALK_=+=="],"uid":"test","rtype":"M"}
Http Status : 200
body : {"rcode":1,"memuids":["tesdt","asdfada"],"uid":"testa","rtype":"M"}
Http Status : 200
body : {"rcode":1,"memuids":["test","test","==+=_SERVER_AUTO_UID_DAJEON_HIT_TALK_=+=="],"uid":"test","rtype":"M"}
Http Status : 200
body : {"rcode":1,"memuids":["tesdt","asdfada","==+=_SERVER_AUTO_UID_DAJEON_HIT_TALK_=+=="],"uid":"testa","rtype":"M"}
Http Status : 200
body : {"rcode":1,"memuids":["test","test","==+=_SERVER_AUTO_UID_DAJEON_HIT_TALK_=+=="],"uid":"test","rtype":"M"}
Http Status : 200
body : {"rcode":1,"memuids":["tesdt","asdfada"],"uid":"testa","rtype":"M"}
Http Status : 200
body : {"rcode":1,"memuids":["test","test","==+=_SERVER_AUTO_UID_DAJEON_HIT_TALK_=+=="],"uid":"test","rtype":"M"}
Http Status : 200
body : {"rcode":1,"memuids":["tesdt","asdfada","==+=_SERVER_AUTO_UID_DAJEON_HIT_TALK_=+=="],"uid":"testa","rtype":"M"}
Http Status : 200
body : {"rcode":1,"memuids":["test","test","==+=_SERVER_AUTO_UID_DAJEON_HIT_TALK_=+=="],"uid":"test","rtype":"M"}
Http Status : 200
body : {"rcode":1,"memuids":["tesdt","asdfada"],"uid":"testa","rtype":"M"}
Http Status : 200
body : {"rcode":1,"memuids":["test","test","==+=_SERVER_AUTO_UID_DAJEON_HIT_TALK_=+=="],"uid":"test","rtype":"M"}
Http Status : 200
body : {"rcode":1,"memuids":["tesdt","asdfada","==+=_SERVER_AUTO_UID_DAJEON_HIT_TALK_=+=="],"uid":"testa","rtype":"M"}
Http Status : 200
body : {"rcode":1,"memuids":["test","test","==+=_SERVER_AUTO_UID_DAJEON_HIT_TALK_=+=="],"uid":"test","rtype":"M"}
Http Status : 200
body : {"rcode":1,"memuids":["tesdt","asdfada"],"uid":"testa","rtype":"M"}
Http Status : 200
body : {"rcode":1,"memuids":["test","test","==+=_SERVER_AUTO_UID_DAJEON_HIT_TALK_=+=="],"uid":"test","rtype":"M"}
Http Status : 200
body : {"rcode":1,"memuids":["tesdt","asdfada","==+=_SERVER_AUTO_UID_DAJEON_HIT_TALK_=+=="],"uid":"testa","rtype":"M"}
Http Status : 200
body : {"rcode":1,"memuids":["test","test","==+=_SERVER_AUTO_UID_DAJEON_HIT_TALK_=+=="],"uid":"test","rtype":"M"}
Http Status : 200
body : {"rcode":1,"memuids":["tesdt","asdfada"],"uid":"testa","rtype":"M"}
Http Status : 200
body : {"rcode":1,"memuids":["test","test","==+=_SERVER_AUTO_UID_DAJEON_HIT_TALK_=+=="],"uid":"test","rtype":"M"}
Http Status : 200
body : {"rcode":1,"memuids":["tesdt","asdfada","==+=_SERVER_AUTO_UID_DAJEON_HIT_TALK_=+=="],"uid":"testa","rtype":"M"}
Http Status : 200
body : {"rcode":1,"memuids":["test","test","==+=_SERVER_AUTO_UID_DAJEON_HIT_TALK_=+=="],"uid":"test","rtype":"M"}
Http Status : 200
body : {"rcode":1,"memuids":["tesdt","asdfada"],"uid":"testa","rtype":"M"}
Http Status : 200
body : {"rcode":1,"memuids":["test","test","==+=_SERVER_AUTO_UID_DAJEON_HIT_TALK_=+=="],"uid":"test","rtype":"M"}
Http Status : 200
body : {"rcode":1,"memuids":["tesdt","asdfada","==+=_SERVER_AUTO_UID_DAJEON_HIT_TALK_=+=="],"uid":"testa","rtype":"M"}
Http Status : 200
body : {"rcode":1,"memuids":["test","test","==+=_SERVER_AUTO_UID_DAJEON_HIT_TALK_=+=="],"uid":"test","rtype":"M"}
Http Status : 200
body : {"rcode":1,"memuids":["tesdt","asdfada"],"uid":"testa","rtype":"M"}
Http Status : 200
body : {"rcode":1,"memuids":["test","test","==+=_SERVER_AUTO_UID_DAJEON_HIT_TALK_=+=="],"uid":"test","rtype":"M"}
Http Status : 200
body : {"rcode":1,"memuids":["tesdt","asdfada","==+=_SERVER_AUTO_UID_DAJEON_HIT_TALK_=+=="],"uid":"testa","rtype":"M"}
Http Status : 200
body : {"rcode":1,"memuids":["test","test","==+=_SERVER_AUTO_UID_DAJEON_HIT_TALK_=+=="],"uid":"test","rtype":"M"}