
Quartz has started to run[Sync] - 2017-04-06 00:09:00
An error Occured[Sync] - 2017-04-06 00:35:48 
 StackTrace >> 
org.springframework.dao.DataAccessResourceFailureException: 
### Error querying database.  Cause: java.sql.SQLRecoverableException: IO 오류: Socket read timed out
### The error may exist in file [C:\Users\a\workspace\.metadata\.plugins\org.eclipse.wst.server.core\tmp2\wtpwebapps\djTalk\WEB-INF\classes\com\appg\djTalk\mybatis\board\query\BoardMapper.xml]
### The error may involve defaultParameterMap
### The error occurred while setting parameters
### SQL: SELECT SEQ, CONTENTS, CAST(TARGETCODE AS CHAR(3)) AS TARGETCODE, REGDATE FROM NOTIFY_01    WHERE BBSID='guidance' AND (TARGETCODE='001' OR TARGETCODE='002') AND SEQ > ? ORDER BY SEQ
### Cause: java.sql.SQLRecoverableException: IO 오류: Socket read timed out
; SQL []; IO 오류: Socket read timed out; nested exception is java.sql.SQLRecoverableException: IO 오류: Socket read timed out
Quartz has started to run[Sync] - 2017-04-06 13:41:00
Quartz has started to run[Cyber] - 2017-04-06 14:00:00
Quartz has started to run[Attendance] - 2017-04-06 14:00:00
Quartz has started to run[Birth] - 2017-04-06 14:00:00
An error Occured[Attendance] - 2017-04-06 14:00:00 
 StackTrace >> 
org.springframework.jdbc.BadSqlGrammarException: 
### Error querying database.  Cause: com.microsoft.sqlserver.jdbc.SQLServerException: 하위 쿼리에서 값을 둘 이상 반환했습니다. 하위 쿼리 앞에 =, !=, <, <=, >, >= 등이 오거나 하위 쿼리가 하나의 식으로 사용된 경우에는 여러 값을 반환할 수 없습니다.
### The error may exist in file [C:\Users\a\workspace\.metadata\.plugins\org.eclipse.wst.server.core\tmp2\wtpwebapps\djTalk\WEB-INF\classes\com\appg\djTalk\mybatis\external\query\ExCommMapper.xml]
### The error may involve defaultParameterMap
### The error occurred while setting parameters
### SQL: SELECT    *,   (SELECT EMP_ID FROM SOV_PROF_TALK WHERE LECT_CD = ATTEND_TALK.LECT_CD) AS memberId   FROM ATTEND_TALK WHERE LECT_DT = CONVERT(VARCHAR(10), GETDATE(), 120) ORDER BY LECT_CD
### Cause: com.microsoft.sqlserver.jdbc.SQLServerException: 하위 쿼리에서 값을 둘 이상 반환했습니다. 하위 쿼리 앞에 =, !=, <, <=, >, >= 등이 오거나 하위 쿼리가 하나의 식으로 사용된 경우에는 여러 값을 반환할 수 없습니다.
; bad SQL grammar []; nested exception is com.microsoft.sqlserver.jdbc.SQLServerException: 하위 쿼리에서 값을 둘 이상 반환했습니다. 하위 쿼리 앞에 =, !=, <, <=, >, >= 등이 오거나 하위 쿼리가 하나의 식으로 사용된 경우에는 여러 값을 반환할 수 없습니다.
Quartz has done normally[Birth] - 2017-04-06 14:00:00
Quartz has done normally[Cyber] - 2017-04-06 14:00:01
Quartz has done normally[Sync] - 2017-04-06 14:17:53
Quartz has started to run[Sync] - 2017-04-06 14:28:00
Quartz has done normally[Sync] - 2017-04-06 14:46:20