
Http Status : 200
body : {"rcode":1,"memuids":["2014050003","2015050023","2012050001","2012050055","2012340040","2012400046","2013050045","2013400020","2013400022","2013400024","2016560001","2016560004","2016560005","2016560008","2016560010","2017560080","2017560082","2017560084","2017560085","2017560086","2017560087","2017560088","2017560089","2014050066","2016560011","2016560012","2016560013","2016560014","2016560015","2016560017","2016560019","2016560030","2016560031","2016560032","2016560033","2016560034","2016560036","2016560037","2016560038","2016560049","2016560050","2016560051","2016560052","2016560053","2016560054","2016560055","2016560056","2016560057","2016560069","2016560070","2016560071","2016560072","2016560074","2016560075","2016560076","2016560087","2016560088","2016560090","2016560091","2016560092","2016560093","2016560094","2016560106","2016560108","2016560109","2016560110","2016560111","2016560112","2016560114","2016560125","2016560126","2014050036","2014050038","2014050040","2014050051","2014050057","2014050078","2014400033","2014400034","2014400071","2014400078","2014050046","2014050050","2015400055","2017560001","2017560002","2017560003","2017560004","2017560005","2017560006","2017560007","2017560008","2017560009","2017560010","2017560011","2017560012","2017560013","2017560014","2017560015","2017560016","2017560017","2017560018","2017560019","2017560020","2017560021","2017560022","2017560023","2017560024","2017560025","2017560026","2017560027","2017560028","2017560029","2017560030","2017560031","2017560032","2017560033","2017560034","2017560035","2017560036","2017560037","2017560038","2017560039","2017560040","2017560041","2017560042","2017560043","2017560044","2017560046","2017560047","2017560048","2017560049","2017560050","2017560051","2016560020","2016560021","2016560022","2016560025","2016560026","2016560027","2016560029","2016560039","2016560040","2016560041","2016560042","2016560043","2016560044","2016560045","2016560047","2016560058","2016560059","2016560060","2016560061","2016560062","2016560063","2016560064","2016560065","2016560066","2016560067","2017560052","2017560053","2017560054","2017560055","2017560056","2017560057","2017560058","2017560059","2017560060","2017560061","2017560062","2017560063","2017560064","2017560065","2017560066","2017560067","2017560068","2017560069","2017560070","2017560071","2017560072","2017560073","2017560074","2017560075","2017560076","2017560077","2017560078","2017560079","2017560090","2017560091","2017560092","2017560093","2017560094","2017560095","2017560096","2017560097","2017560098","2017560099","2017560100","2017560101","2017560102","2017560103","2017560104","2017560105","2017560106","2017560107","2017560108","2017560109","2017560110","2017560111","2017560112","2017560113","2017560114","2017560115","2017560116","2017560117","2017560118","2017560119","2017560120","2017560121","2017560122","2017560123","2017560124","2017560125","2017560126","2017560127","2017560128","2017560129","2015050061","2015050075","2014400069","2016460002","2016560077","2016560079","2016560080","2016560082","2016560083","2016560084","2016560085","2016560086","2016560096","2016560097","2016560098","2016560099","2016560101","2016560115","2016560117","2016560118","2016560119","2016560120","2016560121","2016560122","2016560123","2016560124","1983036","1991005","1992004","1997041","2004125","2005068","2005070","2007010","2009056","2012019","2012045","2012207","2013015","2013107","2014150","2015124","2016068","2016084","2017043","2017086","2017088","2017089","2017090"],"uid":"==+=_SERVER_AUTO_UID_DAJEON_HIT_TALK_=+==","rtype":"M"}
Http Status : 200
body : {"rcode":1,"memuids":["1992004","1991005","1983036","2005070","2005068","2007010","2009056","2013015","2004125","2017088","2017089","2017090","2012019","2012045","2016084","2012207","1997041","2014150","2017043","2015124","2013107","2017086","2016068"],"uid":"==+=_SERVER_AUTO_UID_DAJEON_HIT_TALK_=+==","rtype":"M"}
Http Status : 200
body : {"rcode":1,"memuids":["1992004","1991005","1983036","2005070","2005068","2007010","2009056","2013015","2004125","2017088","2017089","2017090","2012019","2012045","2016084","2012207","1997041","2014150","2017043","2015124","2013107","2017086","2016068"],"uid":"==+=_SERVER_AUTO_UID_DAJEON_HIT_TALK_=+==","rtype":"M"}
Http Status : 200
body : {"rcode":1,"memuids":["1992004","1991005","1983036","2005070","2005068","2007010","2009056","2013015","2004125","2017088","2017089","2017090","2012019","2012045","2016084","2012207","1997041","2014150","2017043","2015124","2013107","2017086","2016068"],"uid":"==+=_SERVER_AUTO_UID_DAJEON_HIT_TALK_=+==","rtype":"M"}
Http Status : 200
body : {"rcode":1,"memuids":["1992004","1991005","1983036","2005070","2005068","2007010","2009056","2013015","2004125","2017088","2017089","2017090","2012019","2012045","2016084","2012207","1997041","2014150","2017043","2015124","2013107","2017086","2016068"],"uid":"==+=_SERVER_AUTO_UID_DAJEON_HIT_TALK_=+==","rtype":"M"}
Http Status : 200
body : {"rcode":1,"memuids":["1992004","1991005","1983036","2005070","2005068","2007010","2009056","2013015","2004125","2017088","2017089","2017090","2012019","2012045","2016084","2012207","1997041","2014150","2017043","2015124","2013107","2017086","2016068"],"uid":"==+=_SERVER_AUTO_UID_DAJEON_HIT_TALK_=+==","rtype":"M"}
Http Status : 200
body : {"rcode":1,"memuids":["1992004","1991005","1983036","2005070","2005068","2007010","2009056","2013015","2004125","2017088","2017089","2017090","2012019","2012045","2016084","2012207","1997041","2014150","2017043","2015124","2013107","2017086","2016068"],"uid":"==+=_SERVER_AUTO_UID_DAJEON_HIT_TALK_=+==","rtype":"M"}
Http Status : 200
body : {"rcode":1,"memuids":["1992004","1991005","1983036","2005070","2005068","2007010","2009056","2013015","2004125","2017088","2017089","2017090","2012019","2012045","2016084","2012207","1997041","2014150","2017043","2015124","2013107","2017086","2016068"],"uid":"==+=_SERVER_AUTO_UID_DAJEON_HIT_TALK_=+==","rtype":"M"}
Http Status : 200
body : {"rcode":1,"memuids":["1992004","1991005","1983036","2005070","2005068","2007010","2009056","2013015","2004125","2017088","2017089","2017090","2012019","2012045","2016084","2012207","1997041","2014150","2017043","2015124","2013107","2017086","2016068"],"uid":"==+=_SERVER_AUTO_UID_DAJEON_HIT_TALK_=+==","rtype":"M"}
Http Status : 200
body : {"rcode":1,"memuids":["1992004","1991005","1983036","2005070","2005068","2007010","2009056","2013015","2004125","2017088","2017089","2017090","2012019","2012045","2016084","2012207","1997041","2014150","2017043","2015124","2013107","2017086","2016068"],"uid":"==+=_SERVER_AUTO_UID_DAJEON_HIT_TALK_=+==","rtype":"M"}
Http Status : 200
body : {"rcode":1,"memuids":["1992004","1991005","1983036","2005070","2005068","2007010","2009056","2013015","2004125","2017088","2017089","2017090","2012019","2012045","2016084","2012207","1997041","2014150","2017043","2015124","2013107","2017086","2016068"],"uid":"==+=_SERVER_AUTO_UID_DAJEON_HIT_TALK_=+==","rtype":"M"}
Http Status : 200
body : {"rcode":1,"memuids":["1992004","1991005","1983036","2005070","2005068","2007010","2009056","2013015","2004125","2017088","2017089","2017090","2012019","2012045","2016084","2012207","1997041","2014150","2017043","2015124","2013107","2017086","2016068"],"uid":"==+=_SERVER_AUTO_UID_DAJEON_HIT_TALK_=+==","rtype":"M"}
Http Status : 200
body : {"rcode":1,"memuids":["1992004","1991005","1983036","2005070","2005068","2007010","2009056","2013015","2004125","2017088","2017089","2017090","2012019","2012045","2016084","2012207","1997041","2014150","2017043","2015124","2013107","2017086","2016068"],"uid":"==+=_SERVER_AUTO_UID_DAJEON_HIT_TALK_=+==","rtype":"M"}
Http Status : 200
body : {"rcode":1,"memuids":["1992004","1991005","1983036","2005070","2005068","2007010","2009056","2013015","2004125","2017088","2017089","2017090","2012019","2012045","2016084","2012207","1997041","2014150","2017043","2015124","2013107","2017086","2016068"],"uid":"==+=_SERVER_AUTO_UID_DAJEON_HIT_TALK_=+==","rtype":"M"}
Http Status : 200
body : {"rcode":1,"memuids":["1992004","1991005","1983036","2005070","2005068","2007010","2009056","2013015","2004125","2017088","2017089","2017090","2012019","2012045","2016084","2012207","1997041","2014150","2017043","2015124","2013107","2017086","2016068"],"uid":"==+=_SERVER_AUTO_UID_DAJEON_HIT_TALK_=+==","rtype":"M"}
Http Status : 200
body : {"rcode":1,"memuids":["1992004","1991005","1983036","2005070","2005068","2007010","2009056","2013015","2004125","2017088","2017089","2017090","2012019","2012045","2016084","2012207","1997041","2014150","2017043","2015124","2013107","2017086","2016068"],"uid":"==+=_SERVER_AUTO_UID_DAJEON_HIT_TALK_=+==","rtype":"M"}
Http Status : 200
body : {"rcode":1,"memuids":["1992004","1991005","1983036","2005070","2005068","2007010","2009056","2013015","2004125","2017088","2017089","2017090","2012019","2012045","2016084","2012207","1997041","2014150","2017043","2015124","2013107","2017086","2016068"],"uid":"==+=_SERVER_AUTO_UID_DAJEON_HIT_TALK_=+==","rtype":"M"}
Http Status : 200
body : {"rcode":1,"memuids":["1992004","1991005","1983036","2005070","2005068","2007010","2009056","2013015","2004125","2017088","2017089","2017090","2012019","2012045","2016084","2012207","1997041","2014150","2017043","2015124","2013107","2017086","2016068"],"uid":"==+=_SERVER_AUTO_UID_DAJEON_HIT_TALK_=+==","rtype":"M"}
Http Status : 200
body : {"rcode":1,"memuids":["2016460002","2017560001","2017560002","2017560003","2017560004","2017560005","2017560006","2017560007","2017560008","2017560009","2017560010","2017560011","2017560012","2017560013","2017560014","2017560015","2017560016","2017560017","2017560018","2017560019","2017560020","2017560021","2017560022","2017560023","2017560024","2017560025","2017560026","2017560027","2017560028","2017560029","2017560030","2017560031","2017560032","2017560033","2017560034","2017560035","2017560036","2017560037","2017560038","2017560039","2017560040","2017560041","2017560042","2017560043","1992004","1991005","1983036","2005070","2005068","2007010","2009056","2013015","2004125","2017088","2017089","2017090","2012019","2012045","2016084","2012207","1997041","2014150","2017043","2015124","2013107","2017086","2016068"],"uid":"==+=_SERVER_AUTO_UID_DAJEON_HIT_TALK_=+==","rtype":"M"}
Http Status : 200
body : {"rcode":1,"memuids":["1992004","1991005","1983036","2005070","2005068","2007010","2009056","2013015","2004125","2017088","2017089","2017090","2012019","2012045","2016084","2012207","1997041","2014150","2017043","2015124","2013107","2017086","2016068"],"uid":"==+=_SERVER_AUTO_UID_DAJEON_HIT_TALK_=+==","rtype":"M"}
Http Status : 200
body : {"rcode":1,"memuids":["2017560044","2017560046","2017560047","2017560048","2017560049","2017560050","2017560052","2017560053","2017560054","2017560055","2017560056","2017560057","2017560058","2017560059","2017560060","2017560061","2017560062","2017560063","2017560064","2017560065","2017560066","2017560067","2017560068","2017560069","2017560070","2017560071","2017560072","2017560073","2017560074","2017560075","2017560076","2017560077","2017560078","2017560079","2017560080","2017560082","2017560084","2017560085","2017560086","1992004","1991005","1983036","2005070","2005068","2007010","2009056","2013015","2004125","2017088","2017089","2017090","2012019","2012045","2016084","2012207","1997041","2014150","2017043","2015124","2013107","2017086","2016068"],"uid":"==+=_SERVER_AUTO_UID_DAJEON_HIT_TALK_=+==","rtype":"M"}
Http Status : 200
body : {"rcode":1,"memuids":["1992004","1991005","1983036","2005070","2005068","2007010","2009056","2013015","2004125","2017088","2017089","2017090","2012019","2012045","2016084","2012207","1997041","2014150","2017043","2015124","2013107","2017086","2016068"],"uid":"==+=_SERVER_AUTO_UID_DAJEON_HIT_TALK_=+==","rtype":"M"}
Http Status : 200
body : {"rcode":1,"memuids":["2017560087","2017560088","2017560089","2017560090","2017560091","2017560092","2017560093","2017560094","2017560095","2017560096","2017560097","2017560098","2017560099","2017560100","2017560101","2017560102","2017560103","2017560104","2017560105","2017560106","2017560107","2017560108","2017560109","2017560110","2017560111","2017560112","2017560113","2017560114","2017560115","2017560116","2017560117","2017560118","2017560119","2017560120","2017560121","2017560122","2017560123","2017560124","2017560125","2017560126","2017560127","2017560128","2017560129","1992004","1991005","1983036","2005070","2005068","2007010","2009056","2013015","2004125","2017088","2017089","2017090","2012019","2012045","2016084","2012207","1997041","2014150","2017043","2015124","2013107","2017086","2016068"],"uid":"==+=_SERVER_AUTO_UID_DAJEON_HIT_TALK_=+==","rtype":"M"}
Http Status : 200
body : {"rcode":1,"memuids":["1992004","1991005","1983036","2005070","2005068","2007010","2009056","2013015","2004125","2017088","2017089","2017090","2012019","2012045","2016084","2012207","1997041","2014150","2017043","2015124","2013107","2017086","2016068"],"uid":"==+=_SERVER_AUTO_UID_DAJEON_HIT_TALK_=+==","rtype":"M"}
Http Status : 200
body : {"rcode":1,"memuids":["1992004","1991005","1983036","2005070","2005068","2007010","2009056","2013015","2004125","2017088","2017089","2017090","2012019","2012045","2016084","2012207","1997041","2014150","2017043","2015124","2013107","2017086","2016068"],"uid":"==+=_SERVER_AUTO_UID_DAJEON_HIT_TALK_=+==","rtype":"M"}
Http Status : 200
body : {"rcode":1,"memuids":["1992004","1991005","1983036","2005070","2005068","2007010","2009056","2013015","2004125","2017088","2017089","2017090","2012019","2012045","2016084","2012207","1997041","2014150","2017043","2015124","2013107","2017086","2016068"],"uid":"==+=_SERVER_AUTO_UID_DAJEON_HIT_TALK_=+==","rtype":"M"}
Http Status : 200
body : {"rcode":1,"memuids":["2012050001","2013050045","2013400020","2013400022","2013400024","2014050038","2014050046","2014400034","2015050023","2015050061","2015050075","2016560001","2016560004","2016560005","2016560008","2016560010","2016560011","2016560012","2016560013","2016560014","2016560015","2016560017","2016560019","2016560020","2016560021","2016560022","2016560025","2016560026","2016560027","2016560029","2016560030","2016560031","2016560032","2016560033","2016560034","2016560036","2016560037","2016560038","2016560039","2016560040","2016560041","2016560042","1992004","1991005","1983036","2005070","2005068","2007010","2009056","2013015","2004125","2017088","2017089","2017090","2012019","2012045","2016084","2012207","1997041","2014150","2017043","2015124","2013107","2017086","2016068"],"uid":"==+=_SERVER_AUTO_UID_DAJEON_HIT_TALK_=+==","rtype":"M"}
Http Status : 200
body : {"rcode":1,"memuids":["1992004","1991005","1983036","2005070","2005068","2007010","2009056","2013015","2004125","2017088","2017089","2017090","2012019","2012045","2016084","2012207","1997041","2014150","2017043","2015124","2013107","2017086","2016068"],"uid":"==+=_SERVER_AUTO_UID_DAJEON_HIT_TALK_=+==","rtype":"M"}
Http Status : 200
body : {"rcode":1,"memuids":["1992004","1991005","1983036","2005070","2005068","2007010","2009056","2013015","2004125","2017088","2017089","2017090","2012019","2012045","2016084","2012207","1997041","2014150","2017043","2015124","2013107","2017086","2016068"],"uid":"==+=_SERVER_AUTO_UID_DAJEON_HIT_TALK_=+==","rtype":"M"}
Http Status : 200
body : {"rcode":1,"memuids":["2012050055","2012340040","2012400046","2014050003","2014050036","2014050040","2014050050","2014050051","2014050057","2014050066","2014050078","2015400055","2016560086","2016560087","2016560088","2016560090","2016560091","2016560092","2016560093","2016560094","2016560096","2016560097","2016560098","2016560099","2016560101","2016560106","2016560108","2016560109","2016560110","2016560111","2016560112","2016560114","2016560115","2016560117","2016560118","2016560119","2016560120","2016560121","2016560122","2016560123","2016560124","2016560125","2016560126","1992004","1991005","1983036","2005070","2005068","2007010","2009056","2013015","2004125","2017088","2017089","2017090","2012019","2012045","2016084","2012207","1997041","2014150","2017043","2015124","2013107","2017086","2016068"],"uid":"==+=_SERVER_AUTO_UID_DAJEON_HIT_TALK_=+==","rtype":"M"}
Http Status : 200
body : {"rcode":1,"memuids":["1992004","1991005","1983036","2005070","2005068","2007010","2009056","2013015","2004125","2017088","2017089","2017090","2012019","2012045","2016084","2012207","1997041","2014150","2017043","2015124","2013107","2017086","2016068"],"uid":"==+=_SERVER_AUTO_UID_DAJEON_HIT_TALK_=+==","rtype":"M"}
Http Status : 200
body : {"rcode":1,"memuids":["2014400033","2014400069","2014400071","2014400078","2016560043","2016560044","2016560045","2016560047","2016560049","2016560050","2016560051","2016560052","2016560053","2016560054","2016560055","2016560056","2016560057","2016560058","2016560059","2016560060","2016560061","2016560062","2016560063","2016560064","2016560065","2016560066","2016560067","2016560069","2016560070","2016560071","2016560072","2016560074","2016560075","2016560076","2016560077","2016560079","2016560080","2016560082","2016560083","2016560084","2016560085","2017560051","1992004","1991005","1983036","2005070","2005068","2007010","2009056","2013015","2004125","2017088","2017089","2017090","2012019","2012045","2016084","2012207","1997041","2014150","2017043","2015124","2013107","2017086","2016068"],"uid":"==+=_SERVER_AUTO_UID_DAJEON_HIT_TALK_=+==","rtype":"M"}
Http Status : 200
body : {"rcode":1,"memuids":["1992004","1991005","1983036","2005070","2005068","2007010","2009056","2013015","2004125","2017088","2017089","2017090","2012019","2012045","2016084","2012207","1997041","2014150","2017043","2015124","2013107","2017086","2016068"],"uid":"==+=_SERVER_AUTO_UID_DAJEON_HIT_TALK_=+==","rtype":"M"}
Http Status : 200
body : {"rcode":1,"memuids":["2012050032","2012050062","2013050022","2013050023","2013050026","2013050029","2013050030","2013050056","2015050001","2015050002","2015050003","2015050004","2015050005","2015050006","2015050008","2015050009","2015050012","2015050015","2015050017","2015050018","2015050020","2015050031","2015050033","2015050042","2015050043","2015050045","2015050046","2015050049","2015050050","2015050052","2015050055","2015050059","2015050067","2015050068","2015050074","2015050077","2015050079","2015050080","2015050083","2004125"],"uid":"==+=_SERVER_AUTO_UID_DAJEON_HIT_TALK_=+==","rtype":"M"}
Http Status : 200
body : {"rcode":1,"memuids":["2012050082","2013050010","2013050042","2013050048","2013050063","2013050081","2014050043","2014050058","2014050075","2015050011","2015050016","2015050019","2015050021","2015050022","2015050024","2015050025","2015050026","2015050027","2015050028","2015050029","2015050035","2015050036","2015050037","2015050039","2015050041","2015050048","2015050057","2015050058","2015050060","2015050063","2015050066","2015050069","2015050072","2004125"],"uid":"==+=_SERVER_AUTO_UID_DAJEON_HIT_TALK_=+==","rtype":"M"}
Http Status : 200
body : {"rcode":1,"memuids":["2012050032","2012050062","2013050022","2013050023","2013050026","2013050029","2013050030","2013050056","2015050001","2015050002","2015050003","2015050004","2015050005","2015050006","2015050008","2015050009","2015050012","2015050015","2015050017","2015050018","2015050031","2015050033","2015050042","2015050043","2015050045","2015050046","2015050049","2015050050","2015050052","2015050055","2015050059","2015050067","2015050074","2015050077","2015050079","2015050080","2015050083","2004125"],"uid":"==+=_SERVER_AUTO_UID_DAJEON_HIT_TALK_=+==","rtype":"M"}
Http Status : 200
body : {"rcode":1,"memuids":["2012050082","2013050010","2013050042","2013050048","2013050063","2013050081","2014050043","2014050058","2014050075","2015050011","2015050016","2015050019","2015050020","2015050021","2015050022","2015050024","2015050025","2015050026","2015050027","2015050028","2015050029","2015050035","2015050036","2015050037","2015050039","2015050041","2015050048","2015050057","2015050058","2015050060","2015050063","2015050066","2015050068","2015050069","2015050072","2004125"],"uid":"==+=_SERVER_AUTO_UID_DAJEON_HIT_TALK_=+==","rtype":"M"}
Http Status : 200
body : {"rcode":1,"memuids":["2012050055","2012340040","2012400046","2014050003","2014050036","2014050040","2014050050","2014050051","2014050057","2014050066","2014050078","2015400055","2016560086","2016560087","2016560088","2016560090","2016560091","2016560092","2016560093","2016560094","2016560096","2016560097","2016560098","2016560099","2016560101","2016560106","2016560108","2016560109","2016560110","2016560111","2016560112","2016560114","2016560115","2016560117","2016560118","2016560119","2016560120","2016560121","2016560122","2016560123","2016560124","2016560125","2016560126","2004125"],"uid":"==+=_SERVER_AUTO_UID_DAJEON_HIT_TALK_=+==","rtype":"M"}